DEHSS	NLO
Set EPA flux for Pb
Running scan for  iset = 1800, kT =[10, 30], etaq = [-2.4, 2.4], z2 = 0.1
Collins ratios: UL = 0.514746  UC = 0.237942  U = 0.415567  L = -0.0991787
 --> Integration time=1314.94s, neval=100000000
 --> kT integration time=1314.94s, neval=100000000
Running scan for  iset = 1800, kT =[10, 30], etaq = [-2.4, 2.4], z2 = 0.15
Collins ratios: UL = 0.523118  UC = 0.244209  U = 0.414299  L = -0.108819
 --> Integration time=1294.27s, neval=100000000
 --> kT integration time=1294.27s, neval=100000000
Running scan for  iset = 1800, kT =[10, 30], etaq = [-2.4, 2.4], z2 = 0.2
Collins ratios: UL = 0.546261  UC = 0.254053  U = 0.419176  L = -0.127085
 --> Integration time=1301.4s, neval=100000000
 --> kT integration time=1301.4s, neval=100000000
Running scan for  iset = 1800, kT =[10, 30], etaq = [-2.4, 2.4], z2 = 0.25
Collins ratios: UL = 0.581273  UC = 0.265838  U = 0.42932  L = -0.151954
 --> Integration time=1312s, neval=100000000
 --> kT integration time=1312s, neval=100000000
Running scan for  iset = 1800, kT =[10, 30], etaq = [-2.4, 2.4], z2 = 0.3
Collins ratios: UL = 0.621678  UC = 0.277679  U = 0.441509  L = -0.180169
 --> Integration time=1320.36s, neval=100000000
 --> kT integration time=1320.36s, neval=100000000
Running scan for  iset = 1800, kT =[10, 30], etaq = [-2.4, 2.4], z2 = 0.35
Collins ratios: UL = 0.66254  UC = 0.288772  U = 0.453256  L = -0.209284
 --> Integration time=1270.29s, neval=100000000
 --> kT integration time=1270.29s, neval=100000000
Running scan for  iset = 1800, kT =[10, 30], etaq = [-2.4, 2.4], z2 = 0.4
Collins ratios: UL = 0.701747  UC = 0.299221  U = 0.463568  L = -0.238179
 --> Integration time=1297.07s, neval=100000000
 --> kT integration time=1297.07s, neval=100000000
Running scan for  iset = 1800, kT =[10, 30], etaq = [-2.4, 2.4], z2 = 0.45
Collins ratios: UL = 0.739454  UC = 0.309193  U = 0.472679  L = -0.266775
 --> Integration time=1318.82s, neval=100000000
 --> kT integration time=1318.82s, neval=100000000
Running scan for  iset = 1800, kT =[10, 30], etaq = [-2.4, 2.4], z2 = 0.5
Collins ratios: UL = 0.776363  UC = 0.318121  U = 0.481357  L = -0.295006
 --> Integration time=1290.37s, neval=100000000
 --> kT integration time=1290.37s, neval=100000000
Running scan for  iset = 1800, kT =[10, 30], etaq = [-2.4, 2.4], z2 = 0.55
Collins ratios: UL = 0.812029  UC = 0.324599  U = 0.490138  L = -0.321891
 --> Integration time=1353.02s, neval=100000000
 --> kT integration time=1353.02s, neval=100000000
Running scan for  iset = 1800, kT =[10, 30], etaq = [-2.4, 2.4], z2 = 0.6
Collins ratios: UL = 0.844185  UC = 0.326794  U = 0.498998  L = -0.345186
 --> Integration time=1318.53s, neval=100000000
 --> kT integration time=1318.53s, neval=100000000
Running scan for  iset = 1800, kT =[10, 30], etaq = [-2.4, 2.4], z2 = 0.65
Collins ratios: UL = 0.869459  UC = 0.323667  U = 0.507288  L = -0.36217
 --> Integration time=1334.12s, neval=100000000
 --> kT integration time=1334.12s, neval=100000000
Running scan for  iset = 1800, kT =[10, 30], etaq = [-2.4, 2.4], z2 = 0.7
Collins ratios: UL = 0.884397  UC = 0.314777  U = 0.514405  L = -0.369992
 --> Integration time=1302.91s, neval=100000000
 --> kT integration time=1302.91s, neval=100000000
Running scan for  iset = 1800, kT =[10, 30], etaq = [-2.4, 2.4], z2 = 0.75
Collins ratios: UL = 0.886861  UC = 0.301097  U = 0.519848  L = -0.367013
 --> Integration time=1348.87s, neval=100000000
 --> kT integration time=1348.87s, neval=100000000
Running scan for  iset = 1800, kT =[10, 30], etaq = [-2.4, 2.4], z2 = 0.8
Collins ratios: UL = 0.877071  UC = 0.284589  U = 0.523466  L = -0.353604
 --> Integration time=1293.17s, neval=100000000
 --> kT integration time=1293.17s, neval=100000000
Running scan for  iset = 1801, kT =[10, 30], etaq = [-2.4, 2.4], z2 = 0.1
Collins ratios: UL = 0.480363  UC = 0.222048  U = 0.372063  L = -0.1083
 --> Integration time=1306.11s, neval=100000000
 --> kT integration time=1306.11s, neval=100000000
Running scan for  iset = 1801, kT =[10, 30], etaq = [-2.4, 2.4], z2 = 0.15
Collins ratios: UL = 0.491674  UC = 0.22953  U = 0.372092  L = -0.119582
 --> Integration time=1319.9s, neval=100000000
 --> kT integration time=1319.9s, neval=100000000
Running scan for  iset = 1801, kT =[10, 30], etaq = [-2.4, 2.4], z2 = 0.2
Collins ratios: UL = 0.516825  UC = 0.240363  U = 0.37764  L = -0.139185
 --> Integration time=1336.31s, neval=100000000
 --> kT integration time=1336.31s, neval=100000000
Running scan for  iset = 1801, kT =[10, 30], etaq = [-2.4, 2.4], z2 = 0.25
Collins ratios: UL = 0.552663  UC = 0.252753  U = 0.387721  L = -0.164942
 --> Integration time=1332.7s, neval=100000000
 --> kT integration time=1332.7s, neval=100000000
Running scan for  iset = 1801, kT =[10, 30], etaq = [-2.4, 2.4], z2 = 0.3
Collins ratios: UL = 0.592963  UC = 0.264854  U = 0.399409  L = -0.193554
 --> Integration time=1321.76s, neval=100000000
 --> kT integration time=1321.76s, neval=100000000
Running scan for  iset = 1801, kT =[10, 30], etaq = [-2.4, 2.4], z2 = 0.35
Collins ratios: UL = 0.63315  UC = 0.275962  U = 0.410543  L = -0.222607
 --> Integration time=1327.33s, neval=100000000
 --> kT integration time=1327.33s, neval=100000000
Running scan for  iset = 1801, kT =[10, 30], etaq = [-2.4, 2.4], z2 = 0.4
Collins ratios: UL = 0.671355  UC = 0.286262  U = 0.420317  L = -0.251038
 --> Integration time=1336.77s, neval=100000000
 --> kT integration time=1336.77s, neval=100000000
Running scan for  iset = 1801, kT =[10, 30], etaq = [-2.4, 2.4], z2 = 0.45
Collins ratios: UL = 0.70776  UC = 0.295941  U = 0.428956  L = -0.278804
 --> Integration time=1338.49s, neval=100000000
 --> kT integration time=1338.49s, neval=100000000
Running scan for  iset = 1801, kT =[10, 30], etaq = [-2.4, 2.4], z2 = 0.5
Collins ratios: UL = 0.742936  UC = 0.304424  U = 0.437064  L = -0.305872
 --> Integration time=1331.32s, neval=100000000
 --> kT integration time=1331.32s, neval=100000000
Running scan for  iset = 1801, kT =[10, 30], etaq = [-2.4, 2.4], z2 = 0.55
Collins ratios: UL = 0.776318  UC = 0.310324  U = 0.444981  L = -0.331337
 --> Integration time=1342.18s, neval=100000000
 --> kT integration time=1342.18s, neval=100000000
Running scan for  iset = 1801, kT =[10, 30], etaq = [-2.4, 2.4], z2 = 0.6
Collins ratios: UL = 0.805679  UC = 0.311888  U = 0.452558  L = -0.35312
 --> Integration time=1329.24s, neval=100000000
 --> kT integration time=1329.24s, neval=100000000
Running scan for  iset = 1801, kT =[10, 30], etaq = [-2.4, 2.4], z2 = 0.65
Collins ratios: UL = 0.827949  UC = 0.308215  U = 0.459213  L = -0.368736
 --> Integration time=1350.73s, neval=100000000
 --> kT integration time=1350.73s, neval=100000000
Running scan for  iset = 1801, kT =[10, 30], etaq = [-2.4, 2.4], z2 = 0.7
Collins ratios: UL = 0.840088  UC = 0.299006  U = 0.464462  L = -0.375626
 --> Integration time=1355.81s, neval=100000000
 --> kT integration time=1355.81s, neval=100000000
Running scan for  iset = 1801, kT =[10, 30], etaq = [-2.4, 2.4], z2 = 0.75
Collins ratios: UL = 0.840408  UC = 0.285325  U = 0.468004  L = -0.372404
 --> Integration time=1361.95s, neval=100000000
 --> kT integration time=1361.95s, neval=100000000
Running scan for  iset = 1801, kT =[10, 30], etaq = [-2.4, 2.4], z2 = 0.8
Collins ratios: UL = 0.829444  UC = 0.269135  U = 0.469879  L = -0.359565
 --> Integration time=1314.62s, neval=100000000
 --> kT integration time=1314.62s, neval=100000000
Running scan for  iset = 1802, kT =[10, 30], etaq = [-2.4, 2.4], z2 = 0.1
Collins ratios: UL = 0.459731  UC = 0.212511  U = 0.344049  L = -0.115682
 --> Integration time=1326.01s, neval=100000000
 --> kT integration time=1326.01s, neval=100000000
Running scan for  iset = 1802, kT =[10, 30], etaq = [-2.4, 2.4], z2 = 0.15
Collins ratios: UL = 0.473981  UC = 0.22127  U = 0.345225  L = -0.128756
 --> Integration time=1333.37s, neval=100000000
 --> kT integration time=1333.37s, neval=100000000
Running scan for  iset = 1802, kT =[10, 30], etaq = [-2.4, 2.4], z2 = 0.2
Collins ratios: UL = 0.500763  UC = 0.232893  U = 0.351351  L = -0.149412
 --> Integration time=1286.77s, neval=100000000
 --> kT integration time=1286.77s, neval=100000000
Running scan for  iset = 1802, kT =[10, 30], etaq = [-2.4, 2.4], z2 = 0.25
Collins ratios: UL = 0.536753  UC = 0.245477  U = 0.361353  L = -0.175399
 --> Integration time=1329.7s, neval=100000000
 --> kT integration time=1329.7s, neval=100000000
Running scan for  iset = 1802, kT =[10, 30], etaq = [-2.4, 2.4], z2 = 0.3
Collins ratios: UL = 0.576043  UC = 0.257296  U = 0.372547  L = -0.203496
 --> Integration time=1321.62s, neval=100000000
 --> kT integration time=1321.62s, neval=100000000
Running scan for  iset = 1802, kT =[10, 30], etaq = [-2.4, 2.4], z2 = 0.35
Collins ratios: UL = 0.614474  UC = 0.267822  U = 0.383041  L = -0.231433
 --> Integration time=1324.44s, neval=100000000
 --> kT integration time=1324.44s, neval=100000000
Running scan for  iset = 1802, kT =[10, 30], etaq = [-2.4, 2.4], z2 = 0.4
Collins ratios: UL = 0.650451  UC = 0.277349  U = 0.392185  L = -0.258267
 --> Integration time=1288.55s, neval=100000000
 --> kT integration time=1288.55s, neval=100000000
Running scan for  iset = 1802, kT =[10, 30], etaq = [-2.4, 2.4], z2 = 0.45
Collins ratios: UL = 0.684231  UC = 0.286103  U = 0.40021  L = -0.284021
 --> Integration time=1272.79s, neval=100000000
 --> kT integration time=1272.79s, neval=100000000
Running scan for  iset = 1802, kT =[10, 30], etaq = [-2.4, 2.4], z2 = 0.5
Collins ratios: UL = 0.71635  UC = 0.29353  U = 0.407622  L = -0.308728
 --> Integration time=1309.66s, neval=100000000
 --> kT integration time=1309.66s, neval=100000000
Running scan for  iset = 1802, kT =[10, 30], etaq = [-2.4, 2.4], z2 = 0.55
Collins ratios: UL = 0.746288  UC = 0.29832  U = 0.414654  L = -0.331634
 --> Integration time=1344.78s, neval=100000000
 --> kT integration time=1344.78s, neval=100000000
Running scan for  iset = 1802, kT =[10, 30], etaq = [-2.4, 2.4], z2 = 0.6
Collins ratios: UL = 0.772067  UC = 0.298877  U = 0.421119  L = -0.350948
 --> Integration time=1354.54s, neval=100000000
 --> kT integration time=1354.54s, neval=100000000
Running scan for  iset = 1802, kT =[10, 30], etaq = [-2.4, 2.4], z2 = 0.65
Collins ratios: UL = 0.791081  UC = 0.29449  U = 0.426523  L = -0.364558
 --> Integration time=1333.95s, neval=100000000
 --> kT integration time=1333.95s, neval=100000000
Running scan for  iset = 1802, kT =[10, 30], etaq = [-2.4, 2.4], z2 = 0.7
Collins ratios: UL = 0.80082  UC = 0.28503  U = 0.430489  L = -0.370331
 --> Integration time=1356.99s, neval=100000000
 --> kT integration time=1356.99s, neval=100000000
Running scan for  iset = 1802, kT =[10, 30], etaq = [-2.4, 2.4], z2 = 0.75
Collins ratios: UL = 0.800057  UC = 0.271626  U = 0.432854  L = -0.367202
 --> Integration time=1341.43s, neval=100000000
 --> kT integration time=1341.43s, neval=100000000
Running scan for  iset = 1802, kT =[10, 30], etaq = [-2.4, 2.4], z2 = 0.8
Collins ratios: UL = 0.789511  UC = 0.256178  U = 0.433756  L = -0.355755
 --> Integration time=1275.29s, neval=100000000
 --> kT integration time=1275.29s, neval=100000000
Running scan for  iset = 1803, kT =[10, 30], etaq = [-2.4, 2.4], z2 = 0.1
Collins ratios: UL = 0.528461  UC = 0.244282  U = 0.428234  L = -0.100227
 --> Integration time=1327.31s, neval=100000000
 --> kT integration time=1327.31s, neval=100000000
Running scan for  iset = 1803, kT =[10, 30], etaq = [-2.4, 2.4], z2 = 0.15
Collins ratios: UL = 0.536359  UC = 0.25039  U = 0.426776  L = -0.109583
 --> Integration time=1346.99s, neval=100000000
 --> kT integration time=1346.99s, neval=100000000
Running scan for  iset = 1803, kT =[10, 30], etaq = [-2.4, 2.4], z2 = 0.2
Collins ratios: UL = 0.559632  UC = 0.260272  U = 0.431686  L = -0.127946
 --> Integration time=1357.26s, neval=100000000
 --> kT integration time=1357.26s, neval=100000000
Running scan for  iset = 1803, kT =[10, 30], etaq = [-2.4, 2.4], z2 = 0.25
Collins ratios: UL = 0.595388  UC = 0.272293  U = 0.442082  L = -0.153306
 --> Integration time=1338.56s, neval=100000000
 --> kT integration time=1338.56s, neval=100000000
Running scan for  iset = 1803, kT =[10, 30], etaq = [-2.4, 2.4], z2 = 0.3
Collins ratios: UL = 0.636973  UC = 0.284511  U = 0.454642  L = -0.182331
 --> Integration time=1339.74s, neval=100000000
 --> kT integration time=1339.74s, neval=100000000
Running scan for  iset = 1803, kT =[10, 30], etaq = [-2.4, 2.4], z2 = 0.35
Collins ratios: UL = 0.679274  UC = 0.296065  U = 0.466785  L = -0.212489
 --> Integration time=1331.84s, neval=100000000
 --> kT integration time=1331.84s, neval=100000000
Running scan for  iset = 1803, kT =[10, 30], etaq = [-2.4, 2.4], z2 = 0.4
Collins ratios: UL = 0.720079  UC = 0.307038  U = 0.477472  L = -0.242607
 --> Integration time=1300.45s, neval=100000000
 --> kT integration time=1300.45s, neval=100000000
Running scan for  iset = 1803, kT =[10, 30], etaq = [-2.4, 2.4], z2 = 0.45
Collins ratios: UL = 0.75953  UC = 0.317588  U = 0.486943  L = -0.272587
 --> Integration time=1307.47s, neval=100000000
 --> kT integration time=1307.47s, neval=100000000
Running scan for  iset = 1803, kT =[10, 30], etaq = [-2.4, 2.4], z2 = 0.5
Collins ratios: UL = 0.798332  UC = 0.327123  U = 0.495988  L = -0.302344
 --> Integration time=1325.59s, neval=100000000
 --> kT integration time=1325.59s, neval=100000000
Running scan for  iset = 1803, kT =[10, 30], etaq = [-2.4, 2.4], z2 = 0.55
Collins ratios: UL = 0.835976  UC = 0.334172  U = 0.505159  L = -0.330817
 --> Integration time=1305.24s, neval=100000000
 --> kT integration time=1305.24s, neval=100000000
Running scan for  iset = 1803, kT =[10, 30], etaq = [-2.4, 2.4], z2 = 0.6
Collins ratios: UL = 0.870021  UC = 0.336796  U = 0.514418  L = -0.355603
 --> Integration time=1277.42s, neval=100000000
 --> kT integration time=1277.42s, neval=100000000
Running scan for  iset = 1803, kT =[10, 30], etaq = [-2.4, 2.4], z2 = 0.65
Collins ratios: UL = 0.896843  UC = 0.333861  U = 0.523076  L = -0.373766
 --> Integration time=1361.94s, neval=100000000
 --> kT integration time=1361.94s, neval=100000000
Running scan for  iset = 1803, kT =[10, 30], etaq = [-2.4, 2.4], z2 = 0.7
Collins ratios: UL = 0.912712  UC = 0.324855  U = 0.530495  L = -0.382217
 --> Integration time=1324.64s, neval=100000000
 --> kT integration time=1324.64s, neval=100000000
Running scan for  iset = 1803, kT =[10, 30], etaq = [-2.4, 2.4], z2 = 0.75
Collins ratios: UL = 0.915287  UC = 0.310747  U = 0.536147  L = -0.37914
 --> Integration time=1296.04s, neval=100000000
 --> kT integration time=1296.04s, neval=100000000
Running scan for  iset = 1803, kT =[10, 30], etaq = [-2.4, 2.4], z2 = 0.8
Collins ratios: UL = 0.904741  UC = 0.293567  U = 0.539873  L = -0.364867
 --> Integration time=1311.65s, neval=100000000
 --> kT integration time=1311.65s, neval=100000000
Running scan for  iset = 1804, kT =[10, 30], etaq = [-2.4, 2.4], z2 = 0.1
Collins ratios: UL = 0.541294  UC = 0.250214  U = 0.450324  L = -0.0909694
 --> Integration time=1307.38s, neval=100000000
 --> kT integration time=1307.38s, neval=100000000
Running scan for  iset = 1804, kT =[10, 30], etaq = [-2.4, 2.4], z2 = 0.15
Collins ratios: UL = 0.546037  UC = 0.254909  U = 0.447956  L = -0.0980813
 --> Integration time=1332.95s, neval=100000000
 --> kT integration time=1332.95s, neval=100000000
Running scan for  iset = 1804, kT =[10, 30], etaq = [-2.4, 2.4], z2 = 0.2
Collins ratios: UL = 0.56676  UC = 0.263587  U = 0.452306  L = -0.114454
 --> Integration time=1292.02s, neval=100000000
 --> kT integration time=1292.02s, neval=100000000
Running scan for  iset = 1804, kT =[10, 30], etaq = [-2.4, 2.4], z2 = 0.25
Collins ratios: UL = 0.60102  UC = 0.274868  U = 0.462605  L = -0.138415
 --> Integration time=1270.03s, neval=100000000
 --> kT integration time=1270.03s, neval=100000000
Running scan for  iset = 1804, kT =[10, 30], etaq = [-2.4, 2.4], z2 = 0.3
Collins ratios: UL = 0.642189  UC = 0.286841  U = 0.475388  L = -0.166801
 --> Integration time=1300.74s, neval=100000000
 --> kT integration time=1300.74s, neval=100000000
Running scan for  iset = 1804, kT =[10, 30], etaq = [-2.4, 2.4], z2 = 0.35
Collins ratios: UL = 0.684992  UC = 0.298558  U = 0.487891  L = -0.197102
 --> Integration time=1317.76s, neval=100000000
 --> kT integration time=1317.76s, neval=100000000
Running scan for  iset = 1804, kT =[10, 30], etaq = [-2.4, 2.4], z2 = 0.4
Collins ratios: UL = 0.727067  UC = 0.310018  U = 0.49896  L = -0.228106
 --> Integration time=1287.2s, neval=100000000
 --> kT integration time=1287.2s, neval=100000000
Running scan for  iset = 1804, kT =[10, 30], etaq = [-2.4, 2.4], z2 = 0.45
Collins ratios: UL = 0.768518  UC = 0.321346  U = 0.508833  L = -0.259685
 --> Integration time=1318.18s, neval=100000000
 --> kT integration time=1318.18s, neval=100000000
Running scan for  iset = 1804, kT =[10, 30], etaq = [-2.4, 2.4], z2 = 0.5
Collins ratios: UL = 0.810087  UC = 0.33194  U = 0.518385  L = -0.291703
 --> Integration time=1310.63s, neval=100000000
 --> kT integration time=1310.63s, neval=100000000
Running scan for  iset = 1804, kT =[10, 30], etaq = [-2.4, 2.4], z2 = 0.55
Collins ratios: UL = 0.851207  UC = 0.34026  U = 0.528257  L = -0.322951
 --> Integration time=1306.84s, neval=100000000
 --> kT integration time=1306.84s, neval=100000000
Running scan for  iset = 1804, kT =[10, 30], etaq = [-2.4, 2.4], z2 = 0.6
Collins ratios: UL = 0.889133  UC = 0.344195  U = 0.538443  L = -0.35069
 --> Integration time=1318.91s, neval=100000000
 --> kT integration time=1318.91s, neval=100000000
Running scan for  iset = 1804, kT =[10, 30], etaq = [-2.4, 2.4], z2 = 0.65
Collins ratios: UL = 0.919676  UC = 0.342361  U = 0.548176  L = -0.371501
 --> Integration time=1314.8s, neval=100000000
 --> kT integration time=1314.8s, neval=100000000
Running scan for  iset = 1804, kT =[10, 30], etaq = [-2.4, 2.4], z2 = 0.7
Collins ratios: UL = 0.938393  UC = 0.333995  U = 0.556709  L = -0.381684
 --> Integration time=1328.61s, neval=100000000
 --> kT integration time=1328.61s, neval=100000000
Running scan for  iset = 1804, kT =[10, 30], etaq = [-2.4, 2.4], z2 = 0.75
Collins ratios: UL = 0.942272  UC = 0.319909  U = 0.563384  L = -0.378887
 --> Integration time=1301.45s, neval=100000000
 --> kT integration time=1301.45s, neval=100000000
Running scan for  iset = 1804, kT =[10, 30], etaq = [-2.4, 2.4], z2 = 0.8
Collins ratios: UL = 0.93112  UC = 0.302127  U = 0.567947  L = -0.363173
 --> Integration time=1288.82s, neval=100000000
 --> kT integration time=1288.82s, neval=100000000
Running scan for  iset = 1805, kT =[10, 30], etaq = [-2.4, 2.4], z2 = 0.1
Collins ratios: UL = 0.547382  UC = 0.253028  U = 0.449107  L = -0.0982742
 --> Integration time=1285.1s, neval=100000000
 --> kT integration time=1285.1s, neval=100000000
Running scan for  iset = 1805, kT =[10, 30], etaq = [-2.4, 2.4], z2 = 0.15
Collins ratios: UL = 0.554217  UC = 0.258727  U = 0.447203  L = -0.107015
 --> Integration time=1344.19s, neval=100000000
 --> kT integration time=1344.19s, neval=100000000
Running scan for  iset = 1805, kT =[10, 30], etaq = [-2.4, 2.4], z2 = 0.2
Collins ratios: UL = 0.576992  UC = 0.268345  U = 0.451972  L = -0.12502
 --> Integration time=1311.12s, neval=100000000
 --> kT integration time=1311.12s, neval=100000000
Running scan for  iset = 1805, kT =[10, 30], etaq = [-2.4, 2.4], z2 = 0.25
Collins ratios: UL = 0.612904  UC = 0.280304  U = 0.462558  L = -0.150346
 --> Integration time=1308.92s, neval=100000000
 --> kT integration time=1308.92s, neval=100000000
Running scan for  iset = 1805, kT =[10, 30], etaq = [-2.4, 2.4], z2 = 0.3
Collins ratios: UL = 0.655142  UC = 0.292626  U = 0.475492  L = -0.179649
 --> Integration time=1301.93s, neval=100000000
 --> kT integration time=1301.93s, neval=100000000
Running scan for  iset = 1805, kT =[10, 30], etaq = [-2.4, 2.4], z2 = 0.35
Collins ratios: UL = 0.698401  UC = 0.304402  U = 0.488048  L = -0.210353
 --> Integration time=1302.85s, neval=100000000
 --> kT integration time=1302.85s, neval=100000000
Running scan for  iset = 1805, kT =[10, 30], etaq = [-2.4, 2.4], z2 = 0.4
Collins ratios: UL = 0.740356  UC = 0.315684  U = 0.49911  L = -0.241245
 --> Integration time=1321.78s, neval=100000000
 --> kT integration time=1321.78s, neval=100000000
Running scan for  iset = 1805, kT =[10, 30], etaq = [-2.4, 2.4], z2 = 0.45
Collins ratios: UL = 0.781137  UC = 0.326623  U = 0.508922  L = -0.272215
 --> Integration time=1285.48s, neval=100000000
 --> kT integration time=1285.48s, neval=100000000
Running scan for  iset = 1805, kT =[10, 30], etaq = [-2.4, 2.4], z2 = 0.5
Collins ratios: UL = 0.821498  UC = 0.336615  U = 0.51834  L = -0.303158
 --> Integration time=1316.67s, neval=100000000
 --> kT integration time=1316.67s, neval=100000000
Running scan for  iset = 1805, kT =[10, 30], etaq = [-2.4, 2.4], z2 = 0.55
Collins ratios: UL = 0.860932  UC = 0.344147  U = 0.52798  L = -0.332952
 --> Integration time=1304.04s, neval=100000000
 --> kT integration time=1304.04s, neval=100000000
Running scan for  iset = 1805, kT =[10, 30], etaq = [-2.4, 2.4], z2 = 0.6
Collins ratios: UL = 0.896887  UC = 0.347196  U = 0.537836  L = -0.359051
 --> Integration time=1314.05s, neval=100000000
 --> kT integration time=1314.05s, neval=100000000
Running scan for  iset = 1805, kT =[10, 30], etaq = [-2.4, 2.4], z2 = 0.65
Collins ratios: UL = 0.925507  UC = 0.344532  U = 0.54718  L = -0.378327
 --> Integration time=1313.89s, neval=100000000
 --> kT integration time=1313.89s, neval=100000000
Running scan for  iset = 1805, kT =[10, 30], etaq = [-2.4, 2.4], z2 = 0.7
Collins ratios: UL = 0.942772  UC = 0.335554  U = 0.555315  L = -0.387458
 --> Integration time=1302.7s, neval=100000000
 --> kT integration time=1302.7s, neval=100000000
Running scan for  iset = 1805, kT =[10, 30], etaq = [-2.4, 2.4], z2 = 0.75
Collins ratios: UL = 0.946079  UC = 0.321201  U = 0.561641  L = -0.384437
 --> Integration time=1345.46s, neval=100000000
 --> kT integration time=1345.46s, neval=100000000
Running scan for  iset = 1805, kT =[10, 30], etaq = [-2.4, 2.4], z2 = 0.8
Collins ratios: UL = 0.935466  UC = 0.303537  U = 0.565942  L = -0.369524
 --> Integration time=1339.05s, neval=100000000
 --> kT integration time=1339.05s, neval=100000000
Running scan for  iset = 1806, kT =[10, 30], etaq = [-2.4, 2.4], z2 = 0.1
Collins ratios: UL = 0.470759  UC = 0.217609  U = 0.366283  L = -0.104476
 --> Integration time=1352.42s, neval=100000000
 --> kT integration time=1352.42s, neval=100000000
Running scan for  iset = 1806, kT =[10, 30], etaq = [-2.4, 2.4], z2 = 0.15
Collins ratios: UL = 0.481075  UC = 0.224582  U = 0.366122  L = -0.114953
 --> Integration time=1351.28s, neval=100000000
 --> kT integration time=1351.28s, neval=100000000
Running scan for  iset = 1806, kT =[10, 30], etaq = [-2.4, 2.4], z2 = 0.2
Collins ratios: UL = 0.505263  UC = 0.234986  U = 0.371455  L = -0.133808
 --> Integration time=1348.25s, neval=100000000
 --> kT integration time=1348.25s, neval=100000000
Running scan for  iset = 1806, kT =[10, 30], etaq = [-2.4, 2.4], z2 = 0.25
Collins ratios: UL = 0.540302  UC = 0.2471  U = 0.381335  L = -0.158967
 --> Integration time=1335.56s, neval=100000000
 --> kT integration time=1335.56s, neval=100000000
Running scan for  iset = 1806, kT =[10, 30], etaq = [-2.4, 2.4], z2 = 0.3
Collins ratios: UL = 0.580053  UC = 0.259087  U = 0.392867  L = -0.187186
 --> Integration time=1294.51s, neval=100000000
 --> kT integration time=1294.51s, neval=100000000
Running scan for  iset = 1806, kT =[10, 30], etaq = [-2.4, 2.4], z2 = 0.35
Collins ratios: UL = 0.619959  UC = 0.270213  U = 0.4039  L = -0.216059
 --> Integration time=1331.25s, neval=100000000
 --> kT integration time=1331.25s, neval=100000000
Running scan for  iset = 1806, kT =[10, 30], etaq = [-2.4, 2.4], z2 = 0.4
Collins ratios: UL = 0.658129  UC = 0.280623  U = 0.413622  L = -0.244508
 --> Integration time=1308.21s, neval=100000000
 --> kT integration time=1308.21s, neval=100000000
Running scan for  iset = 1806, kT =[10, 30], etaq = [-2.4, 2.4], z2 = 0.45
Collins ratios: UL = 0.694717  UC = 0.290487  U = 0.422248  L = -0.272469
 --> Integration time=1337.96s, neval=100000000
 --> kT integration time=1337.96s, neval=100000000
Running scan for  iset = 1806, kT =[10, 30], etaq = [-2.4, 2.4], z2 = 0.5
Collins ratios: UL = 0.73026  UC = 0.29923  U = 0.430373  L = -0.299887
 --> Integration time=1352.08s, neval=100000000
 --> kT integration time=1352.08s, neval=100000000
Running scan for  iset = 1806, kT =[10, 30], etaq = [-2.4, 2.4], z2 = 0.55
Collins ratios: UL = 0.764142  UC = 0.305457  U = 0.438326  L = -0.325816
 --> Integration time=1323.84s, neval=100000000
 --> kT integration time=1323.84s, neval=100000000
Running scan for  iset = 1806, kT =[10, 30], etaq = [-2.4, 2.4], z2 = 0.6
Collins ratios: UL = 0.794048  UC = 0.307386  U = 0.445944  L = -0.348104
 --> Integration time=1295.47s, neval=100000000
 --> kT integration time=1295.47s, neval=100000000
Running scan for  iset = 1806, kT =[10, 30], etaq = [-2.4, 2.4], z2 = 0.65
Collins ratios: UL = 0.8168  UC = 0.304064  U = 0.45263  L = -0.364169
 --> Integration time=1294.67s, neval=100000000
 --> kT integration time=1294.67s, neval=100000000
Running scan for  iset = 1806, kT =[10, 30], etaq = [-2.4, 2.4], z2 = 0.7
Collins ratios: UL = 0.829222  UC = 0.295139  U = 0.457887  L = -0.371335
 --> Integration time=1273.56s, neval=100000000
 --> kT integration time=1273.56s, neval=100000000
Running scan for  iset = 1806, kT =[10, 30], etaq = [-2.4, 2.4], z2 = 0.75
Collins ratios: UL = 0.829522  UC = 0.281629  U = 0.461408  L = -0.368114
 --> Integration time=1294.34s, neval=100000000
 --> kT integration time=1294.34s, neval=100000000
Running scan for  iset = 1806, kT =[10, 30], etaq = [-2.4, 2.4], z2 = 0.8
Collins ratios: UL = 0.818187  UC = 0.265483  U = 0.463233  L = -0.354954
 --> Integration time=1333.68s, neval=100000000
 --> kT integration time=1333.68s, neval=100000000
Running scan for  iset = 1807, kT =[10, 30], etaq = [-2.4, 2.4], z2 = 0.1
Collins ratios: UL = 0.532324  UC = 0.246067  U = 0.424575  L = -0.107749
 --> Integration time=1285.55s, neval=100000000
 --> kT integration time=1285.55s, neval=100000000
Running scan for  iset = 1807, kT =[10, 30], etaq = [-2.4, 2.4], z2 = 0.15
Collins ratios: UL = 0.543061  UC = 0.253519  U = 0.423753  L = -0.119308
 --> Integration time=1297.06s, neval=100000000
 --> kT integration time=1297.06s, neval=100000000
Running scan for  iset = 1807, kT =[10, 30], etaq = [-2.4, 2.4], z2 = 0.2
Collins ratios: UL = 0.568362  UC = 0.264332  U = 0.429084  L = -0.139278
 --> Integration time=1307.03s, neval=100000000
 --> kT integration time=1307.03s, neval=100000000
Running scan for  iset = 1807, kT =[10, 30], etaq = [-2.4, 2.4], z2 = 0.25
Collins ratios: UL = 0.605019  UC = 0.276697  U = 0.439605  L = -0.165414
 --> Integration time=1254.8s, neval=100000000
 --> kT integration time=1254.8s, neval=100000000
Running scan for  iset = 1807, kT =[10, 30], etaq = [-2.4, 2.4], z2 = 0.3
Collins ratios: UL = 0.6464  UC = 0.288722  U = 0.452051  L = -0.194349
 --> Integration time=1243.31s, neval=100000000
 --> kT integration time=1243.31s, neval=100000000
Running scan for  iset = 1807, kT =[10, 30], etaq = [-2.4, 2.4], z2 = 0.35
Collins ratios: UL = 0.687571  UC = 0.299682  U = 0.463936  L = -0.223635
 --> Integration time=1217.76s, neval=100000000
 --> kT integration time=1217.76s, neval=100000000
Running scan for  iset = 1807, kT =[10, 30], etaq = [-2.4, 2.4], z2 = 0.4
Collins ratios: UL = 0.72649  UC = 0.309772  U = 0.474291  L = -0.252199
 --> Integration time=1226.05s, neval=100000000
 --> kT integration time=1226.05s, neval=100000000
Running scan for  iset = 1807, kT =[10, 30], etaq = [-2.4, 2.4], z2 = 0.45
Collins ratios: UL = 0.763379  UC = 0.319198  U = 0.483367  L = -0.280012
 --> Integration time=1214.08s, neval=100000000
 --> kT integration time=1214.08s, neval=100000000
Running scan for  iset = 1807, kT =[10, 30], etaq = [-2.4, 2.4], z2 = 0.5
Collins ratios: UL = 0.799012  UC = 0.327401  U = 0.491944  L = -0.307067
 --> Integration time=1207.07s, neval=100000000
 --> kT integration time=1207.07s, neval=100000000
Running scan for  iset = 1807, kT =[10, 30], etaq = [-2.4, 2.4], z2 = 0.55
Collins ratios: UL = 0.83307  UC = 0.33301  U = 0.500575  L = -0.332495
 --> Integration time=1207.44s, neval=100000000
 --> kT integration time=1207.44s, neval=100000000
Running scan for  iset = 1807, kT =[10, 30], etaq = [-2.4, 2.4], z2 = 0.6
Collins ratios: UL = 0.863519  UC = 0.334279  U = 0.509263  L = -0.354256
 --> Integration time=1204.36s, neval=100000000
 --> kT integration time=1204.36s, neval=100000000
Running scan for  iset = 1807, kT =[10, 30], etaq = [-2.4, 2.4], z2 = 0.65
Collins ratios: UL = 0.887301  UC = 0.330309  U = 0.517395  L = -0.369906
 --> Integration time=1212.84s, neval=100000000
 --> kT integration time=1212.84s, neval=100000000
Running scan for  iset = 1807, kT =[10, 30], etaq = [-2.4, 2.4], z2 = 0.7
Collins ratios: UL = 0.901332  UC = 0.320804  U = 0.524406  L = -0.376926
 --> Integration time=1197.18s, neval=100000000
 --> kT integration time=1197.18s, neval=100000000
Running scan for  iset = 1807, kT =[10, 30], etaq = [-2.4, 2.4], z2 = 0.75
Collins ratios: UL = 0.903774  UC = 0.306839  U = 0.529818  L = -0.373957
 --> Integration time=1195.18s, neval=100000000
 --> kT integration time=1195.18s, neval=100000000
Running scan for  iset = 1807, kT =[10, 30], etaq = [-2.4, 2.4], z2 = 0.8
Collins ratios: UL = 0.894972  UC = 0.290398  U = 0.533482  L = -0.36149
 --> Integration time=1204.01s, neval=100000000
 --> kT integration time=1204.01s, neval=100000000
Running scan for  iset = 1808, kT =[10, 30], etaq = [-2.4, 2.4], z2 = 0.1
Collins ratios: UL = 0.480465  UC = 0.222095  U = 0.374884  L = -0.105581
 --> Integration time=1202.13s, neval=100000000
 --> kT integration time=1202.13s, neval=100000000
Running scan for  iset = 1808, kT =[10, 30], etaq = [-2.4, 2.4], z2 = 0.15
Collins ratios: UL = 0.491019  UC = 0.229224  U = 0.374669  L = -0.11635
 --> Integration time=1198.96s, neval=100000000
 --> kT integration time=1198.96s, neval=100000000
Running scan for  iset = 1808, kT =[10, 30], etaq = [-2.4, 2.4], z2 = 0.2
Collins ratios: UL = 0.515526  UC = 0.239759  U = 0.380036  L = -0.13549
 --> Integration time=1198.2s, neval=100000000
 --> kT integration time=1198.2s, neval=100000000
Running scan for  iset = 1808, kT =[10, 30], etaq = [-2.4, 2.4], z2 = 0.25
Collins ratios: UL = 0.550915  UC = 0.251953  U = 0.390029  L = -0.160886
 --> Integration time=1202.68s, neval=100000000
 --> kT integration time=1202.68s, neval=100000000
Running scan for  iset = 1808, kT =[10, 30], etaq = [-2.4, 2.4], z2 = 0.3
Collins ratios: UL = 0.590967  UC = 0.263962  U = 0.401701  L = -0.189266
 --> Integration time=1203.68s, neval=100000000
 --> kT integration time=1203.68s, neval=100000000
Running scan for  iset = 1808, kT =[10, 30], etaq = [-2.4, 2.4], z2 = 0.35
Collins ratios: UL = 0.631074  UC = 0.275057  U = 0.412855  L = -0.21822
 --> Integration time=1200.59s, neval=100000000
 --> kT integration time=1200.59s, neval=100000000
Running scan for  iset = 1808, kT =[10, 30], etaq = [-2.4, 2.4], z2 = 0.4
Collins ratios: UL = 0.669329  UC = 0.285399  U = 0.422659  L = -0.246671
 --> Integration time=1203.83s, neval=100000000
 --> kT integration time=1203.83s, neval=100000000
Running scan for  iset = 1808, kT =[10, 30], etaq = [-2.4, 2.4], z2 = 0.45
Collins ratios: UL = 0.7059  UC = 0.295163  U = 0.431336  L = -0.274564
 --> Integration time=1201.28s, neval=100000000
 --> kT integration time=1201.28s, neval=100000000
Running scan for  iset = 1808, kT =[10, 30], etaq = [-2.4, 2.4], z2 = 0.5
Collins ratios: UL = 0.741362  UC = 0.303779  U = 0.439507  L = -0.301855
 --> Integration time=1196.07s, neval=100000000
 --> kT integration time=1196.07s, neval=100000000
Running scan for  iset = 1808, kT =[10, 30], etaq = [-2.4, 2.4], z2 = 0.55
Collins ratios: UL = 0.775148  UC = 0.309856  U = 0.447533  L = -0.327615
 --> Integration time=1192.17s, neval=100000000
 --> kT integration time=1192.17s, neval=100000000
Running scan for  iset = 1808, kT =[10, 30], etaq = [-2.4, 2.4], z2 = 0.6
Collins ratios: UL = 0.805001  UC = 0.311626  U = 0.455278  L = -0.349723
 --> Integration time=1211.64s, neval=100000000
 --> kT integration time=1211.64s, neval=100000000
Running scan for  iset = 1808, kT =[10, 30], etaq = [-2.4, 2.4], z2 = 0.65
Collins ratios: UL = 0.827783  UC = 0.308153  U = 0.462147  L = -0.365636
 --> Integration time=1203.75s, neval=100000000
 --> kT integration time=1203.75s, neval=100000000
Running scan for  iset = 1808, kT =[10, 30], etaq = [-2.4, 2.4], z2 = 0.7
Collins ratios: UL = 0.840357  UC = 0.299102  U = 0.467635  L = -0.372722
 --> Integration time=1197.95s, neval=100000000
 --> kT integration time=1197.95s, neval=100000000
Running scan for  iset = 1808, kT =[10, 30], etaq = [-2.4, 2.4], z2 = 0.75
Collins ratios: UL = 0.840949  UC = 0.285509  U = 0.471416  L = -0.369533
 --> Integration time=1194.34s, neval=100000000
 --> kT integration time=1194.34s, neval=100000000
Running scan for  iset = 1808, kT =[10, 30], etaq = [-2.4, 2.4], z2 = 0.8
Collins ratios: UL = 0.830034  UC = 0.269327  U = 0.473502  L = -0.356532
 --> Integration time=1197.15s, neval=100000000
 --> kT integration time=1197.15s, neval=100000000
Running scan for  iset = 1809, kT =[10, 30], etaq = [-2.4, 2.4], z2 = 0.1
Collins ratios: UL = 0.503555  UC = 0.232769  U = 0.410329  L = -0.093226
 --> Integration time=1194.77s, neval=100000000
 --> kT integration time=1194.77s, neval=100000000
Running scan for  iset = 1809, kT =[10, 30], etaq = [-2.4, 2.4], z2 = 0.15
Collins ratios: UL = 0.509557  UC = 0.237879  U = 0.408645  L = -0.100912
 --> Integration time=1200.55s, neval=100000000
 --> kT integration time=1200.55s, neval=100000000
Running scan for  iset = 1809, kT =[10, 30], etaq = [-2.4, 2.4], z2 = 0.2
Collins ratios: UL = 0.53074  UC = 0.246835  U = 0.413155  L = -0.117585
 --> Integration time=1200.51s, neval=100000000
 --> kT integration time=1200.51s, neval=100000000
Running scan for  iset = 1809, kT =[10, 30], etaq = [-2.4, 2.4], z2 = 0.25
Collins ratios: UL = 0.564575  UC = 0.258201  U = 0.423064  L = -0.141511
 --> Integration time=1199.25s, neval=100000000
 --> kT integration time=1199.25s, neval=100000000
Running scan for  iset = 1809, kT =[10, 30], etaq = [-2.4, 2.4], z2 = 0.3
Collins ratios: UL = 0.604721  UC = 0.270105  U = 0.435175  L = -0.169546
 --> Integration time=1202.82s, neval=100000000
 --> kT integration time=1202.82s, neval=100000000
Running scan for  iset = 1809, kT =[10, 30], etaq = [-2.4, 2.4], z2 = 0.35
Collins ratios: UL = 0.646204  UC = 0.281652  U = 0.44698  L = -0.199223
 --> Integration time=1204.24s, neval=100000000
 --> kT integration time=1204.24s, neval=100000000
Running scan for  iset = 1809, kT =[10, 30], etaq = [-2.4, 2.4], z2 = 0.4
Collins ratios: UL = 0.686827  UC = 0.29286  U = 0.457458  L = -0.229368
 --> Integration time=1211.23s, neval=100000000
 --> kT integration time=1211.23s, neval=100000000
Running scan for  iset = 1809, kT =[10, 30], etaq = [-2.4, 2.4], z2 = 0.45
Collins ratios: UL = 0.726684  UC = 0.303854  U = 0.466827  L = -0.259858
 --> Integration time=1209.3s, neval=100000000
 --> kT integration time=1209.3s, neval=100000000
Running scan for  iset = 1809, kT =[10, 30], etaq = [-2.4, 2.4], z2 = 0.5
Collins ratios: UL = 0.7664  UC = 0.314039  U = 0.475838  L = -0.290562
 --> Integration time=1212.73s, neval=100000000
 --> kT integration time=1212.73s, neval=100000000
Running scan for  iset = 1809, kT =[10, 30], etaq = [-2.4, 2.4], z2 = 0.55
Collins ratios: UL = 0.805323  UC = 0.321918  U = 0.484993  L = -0.320329
 --> Integration time=1205.69s, neval=100000000
 --> kT integration time=1205.69s, neval=100000000
Running scan for  iset = 1809, kT =[10, 30], etaq = [-2.4, 2.4], z2 = 0.6
Collins ratios: UL = 0.84077  UC = 0.325472  U = 0.494205  L = -0.346564
 --> Integration time=1202.52s, neval=100000000
 --> kT integration time=1202.52s, neval=100000000
Running scan for  iset = 1809, kT =[10, 30], etaq = [-2.4, 2.4], z2 = 0.65
Collins ratios: UL = 0.868816  UC = 0.323428  U = 0.502756  L = -0.36606
 --> Integration time=1204.03s, neval=100000000
 --> kT integration time=1204.03s, neval=100000000
Running scan for  iset = 1809, kT =[10, 30], etaq = [-2.4, 2.4], z2 = 0.7
Collins ratios: UL = 0.88536  UC = 0.31512  U = 0.50998  L = -0.37538
 --> Integration time=1205.2s, neval=100000000
 --> kT integration time=1205.2s, neval=100000000
Running scan for  iset = 1809, kT =[10, 30], etaq = [-2.4, 2.4], z2 = 0.75
Collins ratios: UL = 0.887751  UC = 0.301399  U = 0.515355  L = -0.372396
 --> Integration time=1212.53s, neval=100000000
 --> kT integration time=1212.53s, neval=100000000
Running scan for  iset = 1809, kT =[10, 30], etaq = [-2.4, 2.4], z2 = 0.8
Collins ratios: UL = 0.876018  UC = 0.284248  U = 0.518745  L = -0.357274
 --> Integration time=1205.73s, neval=100000000
 --> kT integration time=1205.73s, neval=100000000
Running scan for  iset = 1810, kT =[10, 30], etaq = [-2.4, 2.4], z2 = 0.1
Collins ratios: UL = 0.457957  UC = 0.211691  U = 0.347486  L = -0.110471
 --> Integration time=1207.09s, neval=100000000
 --> kT integration time=1207.09s, neval=100000000
Running scan for  iset = 1810, kT =[10, 30], etaq = [-2.4, 2.4], z2 = 0.15
Collins ratios: UL = 0.470823  UC = 0.219796  U = 0.348193  L = -0.122629
 --> Integration time=1218.1s, neval=100000000
 --> kT integration time=1218.1s, neval=100000000
Running scan for  iset = 1810, kT =[10, 30], etaq = [-2.4, 2.4], z2 = 0.2
Collins ratios: UL = 0.49646  UC = 0.230892  U = 0.353968  L = -0.142493
 --> Integration time=1212.38s, neval=100000000
 --> kT integration time=1212.38s, neval=100000000
Running scan for  iset = 1810, kT =[10, 30], etaq = [-2.4, 2.4], z2 = 0.25
Collins ratios: UL = 0.531667  UC = 0.243151  U = 0.36379  L = -0.167877
 --> Integration time=1210.84s, neval=100000000
 --> kT integration time=1210.84s, neval=100000000
Running scan for  iset = 1810, kT =[10, 30], etaq = [-2.4, 2.4], z2 = 0.3
Collins ratios: UL = 0.57053  UC = 0.254834  U = 0.374937  L = -0.195593
 --> Integration time=1205.5s, neval=100000000
 --> kT integration time=1205.5s, neval=100000000
Running scan for  iset = 1810, kT =[10, 30], etaq = [-2.4, 2.4], z2 = 0.35
Collins ratios: UL = 0.608815  UC = 0.265355  U = 0.385453  L = -0.223362
 --> Integration time=1201.7s, neval=100000000
 --> kT integration time=1201.7s, neval=100000000
Running scan for  iset = 1810, kT =[10, 30], etaq = [-2.4, 2.4], z2 = 0.4
Collins ratios: UL = 0.644855  UC = 0.274963  U = 0.394642  L = -0.250213
 --> Integration time=1201.67s, neval=100000000
 --> kT integration time=1201.67s, neval=100000000
Running scan for  iset = 1810, kT =[10, 30], etaq = [-2.4, 2.4], z2 = 0.45
Collins ratios: UL = 0.678875  UC = 0.283863  U = 0.402728  L = -0.276147
 --> Integration time=1216.66s, neval=100000000
 --> kT integration time=1216.66s, neval=100000000
Running scan for  iset = 1810, kT =[10, 30], etaq = [-2.4, 2.4], z2 = 0.5
Collins ratios: UL = 0.711415  UC = 0.291508  U = 0.410244  L = -0.301171
 --> Integration time=1208.35s, neval=100000000
 --> kT integration time=1208.35s, neval=100000000
Running scan for  iset = 1810, kT =[10, 30], etaq = [-2.4, 2.4], z2 = 0.55
Collins ratios: UL = 0.741953  UC = 0.296587  U = 0.41746  L = -0.324494
 --> Integration time=1209.51s, neval=100000000
 --> kT integration time=1209.51s, neval=100000000
Running scan for  iset = 1810, kT =[10, 30], etaq = [-2.4, 2.4], z2 = 0.6
Collins ratios: UL = 0.76847  UC = 0.297485  U = 0.424209  L = -0.344261
 --> Integration time=1197.11s, neval=100000000
 --> kT integration time=1197.11s, neval=100000000
Running scan for  iset = 1810, kT =[10, 30], etaq = [-2.4, 2.4], z2 = 0.65
Collins ratios: UL = 0.788254  UC = 0.293438  U = 0.429977  L = -0.358277
 --> Integration time=1210.03s, neval=100000000
 --> kT integration time=1210.03s, neval=100000000
Running scan for  iset = 1810, kT =[10, 30], etaq = [-2.4, 2.4], z2 = 0.7
Collins ratios: UL = 0.798663  UC = 0.284262  U = 0.434354  L = -0.364309
 --> Integration time=1196.14s, neval=100000000
 --> kT integration time=1196.14s, neval=100000000
Running scan for  iset = 1810, kT =[10, 30], etaq = [-2.4, 2.4], z2 = 0.75
Collins ratios: UL = 0.798334  UC = 0.271041  U = 0.437128  L = -0.361205
 --> Integration time=1205.66s, neval=100000000
 --> kT integration time=1205.66s, neval=100000000
Running scan for  iset = 1810, kT =[10, 30], etaq = [-2.4, 2.4], z2 = 0.8
Collins ratios: UL = 0.787907  UC = 0.255658  U = 0.438395  L = -0.349512
 --> Integration time=1210.3s, neval=100000000
 --> kT integration time=1210.3s, neval=100000000
Running scan for  iset = 1811, kT =[10, 30], etaq = [-2.4, 2.4], z2 = 0.1
Collins ratios: UL = 0.480957  UC = 0.222323  U = 0.373407  L = -0.10755
 --> Integration time=1198.3s, neval=100000000
 --> kT integration time=1198.3s, neval=100000000
Running scan for  iset = 1811, kT =[10, 30], etaq = [-2.4, 2.4], z2 = 0.15
Collins ratios: UL = 0.491744  UC = 0.229563  U = 0.373318  L = -0.118426
 --> Integration time=1216.37s, neval=100000000
 --> kT integration time=1216.37s, neval=100000000
Running scan for  iset = 1811, kT =[10, 30], etaq = [-2.4, 2.4], z2 = 0.2
Collins ratios: UL = 0.516658  UC = 0.240285  U = 0.378821  L = -0.137836
 --> Integration time=1211.9s, neval=100000000
 --> kT integration time=1211.9s, neval=100000000
Running scan for  iset = 1811, kT =[10, 30], etaq = [-2.4, 2.4], z2 = 0.25
Collins ratios: UL = 0.552585  UC = 0.252717  U = 0.38894  L = -0.163645
 --> Integration time=1220.42s, neval=100000000
 --> kT integration time=1220.42s, neval=100000000
Running scan for  iset = 1811, kT =[10, 30], etaq = [-2.4, 2.4], z2 = 0.3
Collins ratios: UL = 0.593252  UC = 0.264983  U = 0.400723  L = -0.192528
 --> Integration time=1197.06s, neval=100000000
 --> kT integration time=1197.06s, neval=100000000
Running scan for  iset = 1811, kT =[10, 30], etaq = [-2.4, 2.4], z2 = 0.35
Collins ratios: UL = 0.634016  UC = 0.276339  U = 0.411985  L = -0.222031
 --> Integration time=1203.82s, neval=100000000
 --> kT integration time=1203.82s, neval=100000000
Running scan for  iset = 1811, kT =[10, 30], etaq = [-2.4, 2.4], z2 = 0.4
Collins ratios: UL = 0.672958  UC = 0.286946  U = 0.421901  L = -0.251057
 --> Integration time=1196.84s, neval=100000000
 --> kT integration time=1196.84s, neval=100000000
Running scan for  iset = 1811, kT =[10, 30], etaq = [-2.4, 2.4], z2 = 0.45
Collins ratios: UL = 0.71024  UC = 0.296978  U = 0.430695  L = -0.279545
 --> Integration time=1211.8s, neval=100000000
 --> kT integration time=1211.8s, neval=100000000
Running scan for  iset = 1811, kT =[10, 30], etaq = [-2.4, 2.4], z2 = 0.5
Collins ratios: UL = 0.746411  UC = 0.305848  U = 0.438969  L = -0.307441
 --> Integration time=1207.63s, neval=100000000
 --> kT integration time=1207.63s, neval=100000000
Running scan for  iset = 1811, kT =[10, 30], etaq = [-2.4, 2.4], z2 = 0.55
Collins ratios: UL = 0.780845  UC = 0.312134  U = 0.447054  L = -0.333791
 --> Integration time=1209.37s, neval=100000000
 --> kT integration time=1209.37s, neval=100000000
Running scan for  iset = 1811, kT =[10, 30], etaq = [-2.4, 2.4], z2 = 0.6
Collins ratios: UL = 0.811196  UC = 0.314024  U = 0.454781  L = -0.356414
 --> Integration time=1205.1s, neval=100000000
 --> kT integration time=1205.1s, neval=100000000
Running scan for  iset = 1811, kT =[10, 30], etaq = [-2.4, 2.4], z2 = 0.65
Collins ratios: UL = 0.834245  UC = 0.310558  U = 0.461547  L = -0.372698
 --> Integration time=1208.94s, neval=100000000
 --> kT integration time=1208.94s, neval=100000000
Running scan for  iset = 1811, kT =[10, 30], etaq = [-2.4, 2.4], z2 = 0.7
Collins ratios: UL = 0.846786  UC = 0.30139  U = 0.466848  L = -0.379938
 --> Integration time=1208.5s, neval=100000000
 --> kT integration time=1208.5s, neval=100000000
Running scan for  iset = 1811, kT =[10, 30], etaq = [-2.4, 2.4], z2 = 0.75
Collins ratios: UL = 0.847021  UC = 0.28757  U = 0.47038  L = -0.376641
 --> Integration time=1206.48s, neval=100000000
 --> kT integration time=1206.48s, neval=100000000
Running scan for  iset = 1811, kT =[10, 30], etaq = [-2.4, 2.4], z2 = 0.8
Collins ratios: UL = 0.835466  UC = 0.271089  U = 0.47219  L = -0.363276
 --> Integration time=1204.88s, neval=100000000
 --> kT integration time=1204.88s, neval=100000000
Running scan for  iset = 1812, kT =[10, 30], etaq = [-2.4, 2.4], z2 = 0.1
Collins ratios: UL = 0.526464  UC = 0.243359  U = 0.430785  L = -0.0956798
 --> Integration time=1209.97s, neval=100000000
 --> kT integration time=1209.97s, neval=100000000
Running scan for  iset = 1812, kT =[10, 30], etaq = [-2.4, 2.4], z2 = 0.15
Collins ratios: UL = 0.532909  UC = 0.24878  U = 0.42898  L = -0.103929
 --> Integration time=1207.07s, neval=100000000
 --> kT integration time=1207.07s, neval=100000000
Running scan for  iset = 1812, kT =[10, 30], etaq = [-2.4, 2.4], z2 = 0.2
Collins ratios: UL = 0.554907  UC = 0.258074  U = 0.433617  L = -0.12129
 --> Integration time=1212.49s, neval=100000000
 --> kT integration time=1212.49s, neval=100000000
Running scan for  iset = 1812, kT =[10, 30], etaq = [-2.4, 2.4], z2 = 0.25
Collins ratios: UL = 0.589786  UC = 0.269731  U = 0.443871  L = -0.145915
 --> Integration time=1222.86s, neval=100000000
 --> kT integration time=1222.86s, neval=100000000
Running scan for  iset = 1812, kT =[10, 30], etaq = [-2.4, 2.4], z2 = 0.3
Collins ratios: UL = 0.630959  UC = 0.281825  U = 0.4564  L = -0.174559
 --> Integration time=1207.35s, neval=100000000
 --> kT integration time=1207.35s, neval=100000000
Running scan for  iset = 1812, kT =[10, 30], etaq = [-2.4, 2.4], z2 = 0.35
Collins ratios: UL = 0.673284  UC = 0.293455  U = 0.468583  L = -0.204701
 --> Integration time=1216.09s, neval=100000000
 --> kT integration time=1216.09s, neval=100000000
Running scan for  iset = 1812, kT =[10, 30], etaq = [-2.4, 2.4], z2 = 0.4
Collins ratios: UL = 0.714498  UC = 0.304659  U = 0.479349  L = -0.235149
 --> Integration time=1214s, neval=100000000
 --> kT integration time=1214s, neval=100000000
Running scan for  iset = 1812, kT =[10, 30], etaq = [-2.4, 2.4], z2 = 0.45
Collins ratios: UL = 0.754716  UC = 0.315575  U = 0.488929  L = -0.265787
 --> Integration time=1212.33s, neval=100000000
 --> kT integration time=1212.33s, neval=100000000
Running scan for  iset = 1812, kT =[10, 30], etaq = [-2.4, 2.4], z2 = 0.5
Collins ratios: UL = 0.794631  UC = 0.325606  U = 0.498132  L = -0.296499
 --> Integration time=1209.83s, neval=100000000
 --> kT integration time=1209.83s, neval=100000000
Running scan for  iset = 1812, kT =[10, 30], etaq = [-2.4, 2.4], z2 = 0.55
Collins ratios: UL = 0.833679  UC = 0.333253  U = 0.507523  L = -0.326155
 --> Integration time=1203.31s, neval=100000000
 --> kT integration time=1203.31s, neval=100000000
Running scan for  iset = 1812, kT =[10, 30], etaq = [-2.4, 2.4], z2 = 0.6
Collins ratios: UL = 0.869263  UC = 0.336503  U = 0.517063  L = -0.3522
 --> Integration time=1201.44s, neval=100000000
 --> kT integration time=1201.44s, neval=100000000
Running scan for  iset = 1812, kT =[10, 30], etaq = [-2.4, 2.4], z2 = 0.65
Collins ratios: UL = 0.897515  UC = 0.334112  U = 0.526031  L = -0.371485
 --> Integration time=1206.25s, neval=100000000
 --> kT integration time=1206.25s, neval=100000000
Running scan for  iset = 1812, kT =[10, 30], etaq = [-2.4, 2.4], z2 = 0.7
Collins ratios: UL = 0.9144  UC = 0.325456  U = 0.533747  L = -0.380653
 --> Integration time=1203.71s, neval=100000000
 --> kT integration time=1203.71s, neval=100000000
Running scan for  iset = 1812, kT =[10, 30], etaq = [-2.4, 2.4], z2 = 0.75
Collins ratios: UL = 0.917305  UC = 0.311432  U = 0.539647  L = -0.377658
 --> Integration time=1194.71s, neval=100000000
 --> kT integration time=1194.71s, neval=100000000
Running scan for  iset = 1812, kT =[10, 30], etaq = [-2.4, 2.4], z2 = 0.8
Collins ratios: UL = 0.906266  UC = 0.294062  U = 0.543549  L = -0.362718
 --> Integration time=1202.8s, neval=100000000
 --> kT integration time=1202.8s, neval=100000000
Running scan for  iset = 1813, kT =[10, 30], etaq = [-2.4, 2.4], z2 = 0.1
Collins ratios: UL = 0.541108  UC = 0.250128  U = 0.445136  L = -0.0959712
 --> Integration time=1210.67s, neval=100000000
 --> kT integration time=1210.67s, neval=100000000
Running scan for  iset = 1813, kT =[10, 30], etaq = [-2.4, 2.4], z2 = 0.15
Collins ratios: UL = 0.547346  UC = 0.25552  U = 0.443142  L = -0.104204
 --> Integration time=1205.41s, neval=100000000
 --> kT integration time=1205.41s, neval=100000000
Running scan for  iset = 1813, kT =[10, 30], etaq = [-2.4, 2.4], z2 = 0.2
Collins ratios: UL = 0.569464  UC = 0.264844  U = 0.447782  L = -0.121682
 --> Integration time=1214.49s, neval=100000000
 --> kT integration time=1214.49s, neval=100000000
Running scan for  iset = 1813, kT =[10, 30], etaq = [-2.4, 2.4], z2 = 0.25
Collins ratios: UL = 0.604772  UC = 0.276584  U = 0.458227  L = -0.146545
 --> Integration time=1208.42s, neval=100000000
 --> kT integration time=1208.42s, neval=100000000
Running scan for  iset = 1813, kT =[10, 30], etaq = [-2.4, 2.4], z2 = 0.3
Collins ratios: UL = 0.646547  UC = 0.288787  U = 0.471037  L = -0.175509
 --> Integration time=1193.66s, neval=100000000
 --> kT integration time=1193.66s, neval=100000000
Running scan for  iset = 1813, kT =[10, 30], etaq = [-2.4, 2.4], z2 = 0.35
Collins ratios: UL = 0.689523  UC = 0.300532  U = 0.483501  L = -0.206022
 --> Integration time=1215.27s, neval=100000000
 --> kT integration time=1215.27s, neval=100000000
Running scan for  iset = 1813, kT =[10, 30], etaq = [-2.4, 2.4], z2 = 0.4
Collins ratios: UL = 0.731377  UC = 0.311856  U = 0.494503  L = -0.236874
 --> Integration time=1202.03s, neval=100000000
 --> kT integration time=1202.03s, neval=100000000
Running scan for  iset = 1813, kT =[10, 30], etaq = [-2.4, 2.4], z2 = 0.45
Collins ratios: UL = 0.772229  UC = 0.322898  U = 0.504283  L = -0.267946
 --> Integration time=1195.78s, neval=100000000
 --> kT integration time=1195.78s, neval=100000000
Running scan for  iset = 1813, kT =[10, 30], etaq = [-2.4, 2.4], z2 = 0.5
Collins ratios: UL = 0.812812  UC = 0.333056  U = 0.513689  L = -0.299122
 --> Integration time=1201.7s, neval=100000000
 --> kT integration time=1201.7s, neval=100000000
Running scan for  iset = 1813, kT =[10, 30], etaq = [-2.4, 2.4], z2 = 0.55
Collins ratios: UL = 0.852589  UC = 0.340812  U = 0.523332  L = -0.329256
 --> Integration time=1202.38s, neval=100000000
 --> kT integration time=1202.38s, neval=100000000
Running scan for  iset = 1813, kT =[10, 30], etaq = [-2.4, 2.4], z2 = 0.6
Collins ratios: UL = 0.888948  UC = 0.344123  U = 0.533197  L = -0.355751
 --> Integration time=1202.19s, neval=100000000
 --> kT integration time=1202.19s, neval=100000000
Running scan for  iset = 1813, kT =[10, 30], etaq = [-2.4, 2.4], z2 = 0.65
Collins ratios: UL = 0.917947  UC = 0.341718  U = 0.542545  L = -0.375402
 --> Integration time=1207.27s, neval=100000000
 --> kT integration time=1207.27s, neval=100000000
Running scan for  iset = 1813, kT =[10, 30], etaq = [-2.4, 2.4], z2 = 0.7
Collins ratios: UL = 0.935463  UC = 0.332953  U = 0.550675  L = -0.384788
 --> Integration time=1201.93s, neval=100000000
 --> kT integration time=1201.93s, neval=100000000
Running scan for  iset = 1813, kT =[10, 30], etaq = [-2.4, 2.4], z2 = 0.75
Collins ratios: UL = 0.938794  UC = 0.318728  U = 0.55698  L = -0.381814
 --> Integration time=1192.08s, neval=100000000
 --> kT integration time=1192.08s, neval=100000000
Running scan for  iset = 1813, kT =[10, 30], etaq = [-2.4, 2.4], z2 = 0.8
Collins ratios: UL = 0.927928  UC = 0.301091  U = 0.561243  L = -0.366685
 --> Integration time=1202.11s, neval=100000000
 --> kT integration time=1202.11s, neval=100000000
Running scan for  iset = 1814, kT =[10, 30], etaq = [-2.4, 2.4], z2 = 0.1
