DEHSS	NLO
Set EPA flux for Pb
Running scan for  iset = 1000, kT =[10, 30], etaq = [-2.4, 2.4], z2 = 0.1
Collins ratios: UL = 0.373488  UC = 0.175878  U = 0.290795  L = -0.0826929
 --> Integration time=1319.9s, neval=100000000
 --> kT integration time=1319.9s, neval=100000000
Running scan for  iset = 1000, kT =[10, 30], etaq = [-2.4, 2.4], z2 = 0.15
Collins ratios: UL = 0.385718  UC = 0.183  U = 0.291209  L = -0.0945086
 --> Integration time=1318.42s, neval=100000000
 --> kT integration time=1318.42s, neval=100000000
Running scan for  iset = 1000, kT =[10, 30], etaq = [-2.4, 2.4], z2 = 0.2
Collins ratios: UL = 0.408651  UC = 0.193325  U = 0.296412  L = -0.112239
 --> Integration time=1333.37s, neval=100000000
 --> kT integration time=1333.37s, neval=100000000
Running scan for  iset = 1000, kT =[10, 30], etaq = [-2.4, 2.4], z2 = 0.25
Collins ratios: UL = 0.439296  UC = 0.205195  U = 0.305543  L = -0.133753
 --> Integration time=1300s, neval=100000000
 --> kT integration time=1300s, neval=100000000
Running scan for  iset = 1000, kT =[10, 30], etaq = [-2.4, 2.4], z2 = 0.3
Collins ratios: UL = 0.472518  UC = 0.216814  U = 0.316069  L = -0.156449
 --> Integration time=1279.48s, neval=100000000
 --> kT integration time=1279.48s, neval=100000000
Running scan for  iset = 1000, kT =[10, 30], etaq = [-2.4, 2.4], z2 = 0.35
Collins ratios: UL = 0.504789  UC = 0.227403  U = 0.326091  L = -0.178698
 --> Integration time=1303.48s, neval=100000000
 --> kT integration time=1303.48s, neval=100000000
Running scan for  iset = 1000, kT =[10, 30], etaq = [-2.4, 2.4], z2 = 0.4
Collins ratios: UL = 0.534852  UC = 0.237029  U = 0.334874  L = -0.199978
 --> Integration time=1278.97s, neval=100000000
 --> kT integration time=1278.97s, neval=100000000
Running scan for  iset = 1000, kT =[10, 30], etaq = [-2.4, 2.4], z2 = 0.45
Collins ratios: UL = 0.56296  UC = 0.245884  U = 0.342611  L = -0.220349
 --> Integration time=1309.21s, neval=100000000
 --> kT integration time=1309.21s, neval=100000000
Running scan for  iset = 1000, kT =[10, 30], etaq = [-2.4, 2.4], z2 = 0.5
Collins ratios: UL = 0.589433  UC = 0.253618  U = 0.349873  L = -0.239559
 --> Integration time=1317.74s, neval=100000000
 --> kT integration time=1317.74s, neval=100000000
Running scan for  iset = 1000, kT =[10, 30], etaq = [-2.4, 2.4], z2 = 0.55
Collins ratios: UL = 0.613548  UC = 0.259225  U = 0.357028  L = -0.25652
 --> Integration time=1305.16s, neval=100000000
 --> kT integration time=1305.16s, neval=100000000
Running scan for  iset = 1000, kT =[10, 30], etaq = [-2.4, 2.4], z2 = 0.6
Collins ratios: UL = 0.633313  UC = 0.261369  U = 0.364016  L = -0.269296
 --> Integration time=1285.14s, neval=100000000
 --> kT integration time=1285.14s, neval=100000000
Running scan for  iset = 1000, kT =[10, 30], etaq = [-2.4, 2.4], z2 = 0.65
Collins ratios: UL = 0.646421  UC = 0.259322  U = 0.370344  L = -0.276076
 --> Integration time=1308.82s, neval=100000000
 --> kT integration time=1308.82s, neval=100000000
Running scan for  iset = 1000, kT =[10, 30], etaq = [-2.4, 2.4], z2 = 0.7
Collins ratios: UL = 0.650833  UC = 0.252823  U = 0.375574  L = -0.275259
 --> Integration time=1284.81s, neval=100000000
 --> kT integration time=1284.81s, neval=100000000
Running scan for  iset = 1000, kT =[10, 30], etaq = [-2.4, 2.4], z2 = 0.75
Collins ratios: UL = 0.645953  UC = 0.242675  U = 0.379379  L = -0.266574
 --> Integration time=1248.92s, neval=100000000
 --> kT integration time=1248.92s, neval=100000000
Running scan for  iset = 1000, kT =[10, 30], etaq = [-2.4, 2.4], z2 = 0.8
Collins ratios: UL = 0.633032  UC = 0.230407  U = 0.381712  L = -0.251319
 --> Integration time=1288.17s, neval=100000000
 --> kT integration time=1288.17s, neval=100000000
Running scan for  iset = 1001, kT =[10, 30], etaq = [-2.4, 2.4], z2 = 0.1
Collins ratios: UL = 0.418943  UC = 0.197282  U = 0.339083  L = -0.0798599
 --> Integration time=1251.73s, neval=100000000
 --> kT integration time=1251.73s, neval=100000000
Running scan for  iset = 1001, kT =[10, 30], etaq = [-2.4, 2.4], z2 = 0.15
Collins ratios: UL = 0.429632  UC = 0.203835  U = 0.338416  L = -0.0912159
 --> Integration time=1292.85s, neval=100000000
 --> kT integration time=1292.85s, neval=100000000
Running scan for  iset = 1001, kT =[10, 30], etaq = [-2.4, 2.4], z2 = 0.2
Collins ratios: UL = 0.452752  UC = 0.214188  U = 0.343405  L = -0.109347
 --> Integration time=1306.62s, neval=100000000
 --> kT integration time=1306.62s, neval=100000000
Running scan for  iset = 1001, kT =[10, 30], etaq = [-2.4, 2.4], z2 = 0.25
Collins ratios: UL = 0.485253  UC = 0.226662  U = 0.353213  L = -0.132041
 --> Integration time=1293.49s, neval=100000000
 --> kT integration time=1293.49s, neval=100000000
Running scan for  iset = 1001, kT =[10, 30], etaq = [-2.4, 2.4], z2 = 0.3
Collins ratios: UL = 0.521377  UC = 0.239233  U = 0.364894  L = -0.156483
 --> Integration time=1280.36s, neval=100000000
 --> kT integration time=1280.36s, neval=100000000
Running scan for  iset = 1001, kT =[10, 30], etaq = [-2.4, 2.4], z2 = 0.35
Collins ratios: UL = 0.557004  UC = 0.250925  U = 0.376152  L = -0.180852
 --> Integration time=1290.24s, neval=100000000
 --> kT integration time=1290.24s, neval=100000000
Running scan for  iset = 1001, kT =[10, 30], etaq = [-2.4, 2.4], z2 = 0.4
Collins ratios: UL = 0.590559  UC = 0.261717  U = 0.386045  L = -0.204515
 --> Integration time=1280.77s, neval=100000000
 --> kT integration time=1280.77s, neval=100000000
Running scan for  iset = 1001, kT =[10, 30], etaq = [-2.4, 2.4], z2 = 0.45
Collins ratios: UL = 0.622266  UC = 0.271788  U = 0.394779  L = -0.227488
 --> Integration time=1303.57s, neval=100000000
 --> kT integration time=1303.57s, neval=100000000
Running scan for  iset = 1001, kT =[10, 30], etaq = [-2.4, 2.4], z2 = 0.5
Collins ratios: UL = 0.652532  UC = 0.280767  U = 0.403089  L = -0.249442
 --> Integration time=1288.37s, neval=100000000
 --> kT integration time=1288.37s, neval=100000000
Running scan for  iset = 1001, kT =[10, 30], etaq = [-2.4, 2.4], z2 = 0.55
Collins ratios: UL = 0.680612  UC = 0.28756  U = 0.411517  L = -0.269095
 --> Integration time=1311.65s, neval=100000000
 --> kT integration time=1311.65s, neval=100000000
Running scan for  iset = 1001, kT =[10, 30], etaq = [-2.4, 2.4], z2 = 0.6
Collins ratios: UL = 0.704257  UC = 0.290648  U = 0.420089  L = -0.284168
 --> Integration time=1283.5s, neval=100000000
 --> kT integration time=1283.5s, neval=100000000
Running scan for  iset = 1001, kT =[10, 30], etaq = [-2.4, 2.4], z2 = 0.65
Collins ratios: UL = 0.720695  UC = 0.289118  U = 0.428217  L = -0.292478
 --> Integration time=1287.85s, neval=100000000
 --> kT integration time=1287.85s, neval=100000000
Running scan for  iset = 1001, kT =[10, 30], etaq = [-2.4, 2.4], z2 = 0.7
Collins ratios: UL = 0.727385  UC = 0.28256  U = 0.435334  L = -0.292051
 --> Integration time=1296.16s, neval=100000000
 --> kT integration time=1296.16s, neval=100000000
Running scan for  iset = 1001, kT =[10, 30], etaq = [-2.4, 2.4], z2 = 0.75
Collins ratios: UL = 0.723364  UC = 0.271757  U = 0.440931  L = -0.282433
 --> Integration time=1306.99s, neval=100000000
 --> kT integration time=1306.99s, neval=100000000
Running scan for  iset = 1001, kT =[10, 30], etaq = [-2.4, 2.4], z2 = 0.8
Collins ratios: UL = 0.709817  UC = 0.258355  U = 0.44481  L = -0.265007
 --> Integration time=1309.2s, neval=100000000
 --> kT integration time=1309.2s, neval=100000000
Running scan for  iset = 1002, kT =[10, 30], etaq = [-2.4, 2.4], z2 = 0.1
Collins ratios: UL = 0.42939  UC = 0.202202  U = 0.356264  L = -0.0731259
 --> Integration time=1316.33s, neval=100000000
 --> kT integration time=1316.33s, neval=100000000
Running scan for  iset = 1002, kT =[10, 30], etaq = [-2.4, 2.4], z2 = 0.15
Collins ratios: UL = 0.438311  UC = 0.207953  U = 0.354896  L = -0.0834155
 --> Integration time=1305.79s, neval=100000000
 --> kT integration time=1305.79s, neval=100000000
Running scan for  iset = 1002, kT =[10, 30], etaq = [-2.4, 2.4], z2 = 0.2
Collins ratios: UL = 0.460215  UC = 0.217718  U = 0.359494  L = -0.100721
 --> Integration time=1311.05s, neval=100000000
 --> kT integration time=1311.05s, neval=100000000
Running scan for  iset = 1002, kT =[10, 30], etaq = [-2.4, 2.4], z2 = 0.25
Collins ratios: UL = 0.492214  UC = 0.229913  U = 0.369284  L = -0.122929
 --> Integration time=1329.89s, neval=100000000
 --> kT integration time=1329.89s, neval=100000000
Running scan for  iset = 1002, kT =[10, 30], etaq = [-2.4, 2.4], z2 = 0.3
Collins ratios: UL = 0.528436  UC = 0.242473  U = 0.381186  L = -0.14725
 --> Integration time=1301.69s, neval=100000000
 --> kT integration time=1301.69s, neval=100000000
Running scan for  iset = 1002, kT =[10, 30], etaq = [-2.4, 2.4], z2 = 0.35
Collins ratios: UL = 0.564573  UC = 0.254335  U = 0.392743  L = -0.17183
 --> Integration time=1297.7s, neval=100000000
 --> kT integration time=1297.7s, neval=100000000
Running scan for  iset = 1002, kT =[10, 30], etaq = [-2.4, 2.4], z2 = 0.4
Collins ratios: UL = 0.598908  UC = 0.265416  U = 0.402916  L = -0.195992
 --> Integration time=1302.51s, neval=100000000
 --> kT integration time=1302.51s, neval=100000000
Running scan for  iset = 1002, kT =[10, 30], etaq = [-2.4, 2.4], z2 = 0.45
Collins ratios: UL = 0.631629  UC = 0.275877  U = 0.411912  L = -0.219718
 --> Integration time=1313.02s, neval=100000000
 --> kT integration time=1313.02s, neval=100000000
Running scan for  iset = 1002, kT =[10, 30], etaq = [-2.4, 2.4], z2 = 0.5
Collins ratios: UL = 0.663181  UC = 0.28535  U = 0.420543  L = -0.242638
 --> Integration time=1327.65s, neval=100000000
 --> kT integration time=1327.65s, neval=100000000
Running scan for  iset = 1002, kT =[10, 30], etaq = [-2.4, 2.4], z2 = 0.55
Collins ratios: UL = 0.692827  UC = 0.292721  U = 0.429446  L = -0.263381
 --> Integration time=1289.32s, neval=100000000
 --> kT integration time=1289.32s, neval=100000000
Running scan for  iset = 1002, kT =[10, 30], etaq = [-2.4, 2.4], z2 = 0.6
Collins ratios: UL = 0.718219  UC = 0.29641  U = 0.438703  L = -0.279517
 --> Integration time=1291.19s, neval=100000000
 --> kT integration time=1291.19s, neval=100000000
Running scan for  iset = 1002, kT =[10, 30], etaq = [-2.4, 2.4], z2 = 0.65
Collins ratios: UL = 0.736357  UC = 0.295401  U = 0.447688  L = -0.288669
 --> Integration time=1313.82s, neval=100000000
 --> kT integration time=1313.82s, neval=100000000
Running scan for  iset = 1002, kT =[10, 30], etaq = [-2.4, 2.4], z2 = 0.7
Collins ratios: UL = 0.744424  UC = 0.289179  U = 0.455771  L = -0.288652
 --> Integration time=1317.45s, neval=100000000
 --> kT integration time=1317.45s, neval=100000000
Running scan for  iset = 1002, kT =[10, 30], etaq = [-2.4, 2.4], z2 = 0.75
Collins ratios: UL = 0.741205  UC = 0.278459  U = 0.462339  L = -0.278866
 --> Integration time=1281.02s, neval=100000000
 --> kT integration time=1281.02s, neval=100000000
Running scan for  iset = 1002, kT =[10, 30], etaq = [-2.4, 2.4], z2 = 0.8
Collins ratios: UL = 0.727763  UC = 0.264887  U = 0.467097  L = -0.260666
 --> Integration time=1242.42s, neval=100000000
 --> kT integration time=1242.42s, neval=100000000
Running scan for  iset = 1003, kT =[10, 30], etaq = [-2.4, 2.4], z2 = 0.1
Collins ratios: UL = 0.415443  UC = 0.195634  U = 0.336531  L = -0.0789122
 --> Integration time=1269.87s, neval=100000000
 --> kT integration time=1269.87s, neval=100000000
Running scan for  iset = 1003, kT =[10, 30], etaq = [-2.4, 2.4], z2 = 0.15
Collins ratios: UL = 0.426179  UC = 0.202197  U = 0.335852  L = -0.0903271
 --> Integration time=1309.27s, neval=100000000
 --> kT integration time=1309.27s, neval=100000000
Running scan for  iset = 1003, kT =[10, 30], etaq = [-2.4, 2.4], z2 = 0.2
Collins ratios: UL = 0.44879  UC = 0.212314  U = 0.340705  L = -0.108086
 --> Integration time=1324.32s, neval=100000000
 --> kT integration time=1324.32s, neval=100000000
Running scan for  iset = 1003, kT =[10, 30], etaq = [-2.4, 2.4], z2 = 0.25
Collins ratios: UL = 0.480285  UC = 0.224341  U = 0.350275  L = -0.13001
 --> Integration time=1287.68s, neval=100000000
 --> kT integration time=1287.68s, neval=100000000
Running scan for  iset = 1003, kT =[10, 30], etaq = [-2.4, 2.4], z2 = 0.3
Collins ratios: UL = 0.515057  UC = 0.236334  U = 0.361665  L = -0.153392
 --> Integration time=1305.64s, neval=100000000
 --> kT integration time=1305.64s, neval=100000000
Running scan for  iset = 1003, kT =[10, 30], etaq = [-2.4, 2.4], z2 = 0.35
Collins ratios: UL = 0.549121  UC = 0.247374  U = 0.372614  L = -0.176507
 --> Integration time=1308.32s, neval=100000000
 --> kT integration time=1308.32s, neval=100000000
Running scan for  iset = 1003, kT =[10, 30], etaq = [-2.4, 2.4], z2 = 0.4
Collins ratios: UL = 0.580963  UC = 0.257464  U = 0.382191  L = -0.198772
 --> Integration time=1309.89s, neval=100000000
 --> kT integration time=1309.89s, neval=100000000
Running scan for  iset = 1003, kT =[10, 30], etaq = [-2.4, 2.4], z2 = 0.45
Collins ratios: UL = 0.610834  UC = 0.266794  U = 0.390606  L = -0.220228
 --> Integration time=1338.61s, neval=100000000
 --> kT integration time=1338.61s, neval=100000000
Running scan for  iset = 1003, kT =[10, 30], etaq = [-2.4, 2.4], z2 = 0.5
Collins ratios: UL = 0.639205  UC = 0.275034  U = 0.398605  L = -0.2406
 --> Integration time=1309.71s, neval=100000000
 --> kT integration time=1309.71s, neval=100000000
Running scan for  iset = 1003, kT =[10, 30], etaq = [-2.4, 2.4], z2 = 0.55
Collins ratios: UL = 0.665493  UC = 0.281172  U = 0.406762  L = -0.258731
 --> Integration time=1307.58s, neval=100000000
 --> kT integration time=1307.58s, neval=100000000
Running scan for  iset = 1003, kT =[10, 30], etaq = [-2.4, 2.4], z2 = 0.6
Collins ratios: UL = 0.687703  UC = 0.283816  U = 0.415148  L = -0.272554
 --> Integration time=1310.8s, neval=100000000
 --> kT integration time=1310.8s, neval=100000000
Running scan for  iset = 1003, kT =[10, 30], etaq = [-2.4, 2.4], z2 = 0.65
Collins ratios: UL = 0.703313  UC = 0.282145  U = 0.42321  L = -0.280103
 --> Integration time=1299.81s, neval=100000000
 --> kT integration time=1299.81s, neval=100000000
Running scan for  iset = 1003, kT =[10, 30], etaq = [-2.4, 2.4], z2 = 0.7
Collins ratios: UL = 0.710016  UC = 0.275813  U = 0.430401  L = -0.279615
 --> Integration time=1319.29s, neval=100000000
 --> kT integration time=1319.29s, neval=100000000
Running scan for  iset = 1003, kT =[10, 30], etaq = [-2.4, 2.4], z2 = 0.75
Collins ratios: UL = 0.706927  UC = 0.265582  U = 0.436197  L = -0.270729
 --> Integration time=1283.84s, neval=100000000
 --> kT integration time=1283.84s, neval=100000000
Running scan for  iset = 1003, kT =[10, 30], etaq = [-2.4, 2.4], z2 = 0.8
Collins ratios: UL = 0.695124  UC = 0.253007  U = 0.440364  L = -0.25476
 --> Integration time=1307.21s, neval=100000000
 --> kT integration time=1307.21s, neval=100000000
Running scan for  iset = 1004, kT =[10, 30], etaq = [-2.4, 2.4], z2 = 0.1
Collins ratios: UL = 0.452719  UC = 0.213188  U = 0.38848  L = -0.0642398
 --> Integration time=1293.75s, neval=100000000
 --> kT integration time=1293.75s, neval=100000000
Running scan for  iset = 1004, kT =[10, 30], etaq = [-2.4, 2.4], z2 = 0.15
Collins ratios: UL = 0.459166  UC = 0.217847  U = 0.386133  L = -0.073033
 --> Integration time=1313.86s, neval=100000000
 --> kT integration time=1313.86s, neval=100000000
Running scan for  iset = 1004, kT =[10, 30], etaq = [-2.4, 2.4], z2 = 0.2
Collins ratios: UL = 0.479523  UC = 0.226853  U = 0.390291  L = -0.0892318
 --> Integration time=1309.55s, neval=100000000
 --> kT integration time=1309.55s, neval=100000000
Running scan for  iset = 1004, kT =[10, 30], etaq = [-2.4, 2.4], z2 = 0.25
Collins ratios: UL = 0.511151  UC = 0.238759  U = 0.400255  L = -0.110897
 --> Integration time=1297.01s, neval=100000000
 --> kT integration time=1297.01s, neval=100000000
Running scan for  iset = 1004, kT =[10, 30], etaq = [-2.4, 2.4], z2 = 0.3
Collins ratios: UL = 0.547974  UC = 0.251437  U = 0.412696  L = -0.135278
 --> Integration time=1327.88s, neval=100000000
 --> kT integration time=1327.88s, neval=100000000
Running scan for  iset = 1004, kT =[10, 30], etaq = [-2.4, 2.4], z2 = 0.35
Collins ratios: UL = 0.585364  UC = 0.263701  U = 0.424889  L = -0.160475
 --> Integration time=1276.16s, neval=100000000
 --> kT integration time=1276.16s, neval=100000000
Running scan for  iset = 1004, kT =[10, 30], etaq = [-2.4, 2.4], z2 = 0.4
Collins ratios: UL = 0.621393  UC = 0.275381  U = 0.435643  L = -0.18575
 --> Integration time=1311.54s, neval=100000000
 --> kT integration time=1311.54s, neval=100000000
Running scan for  iset = 1004, kT =[10, 30], etaq = [-2.4, 2.4], z2 = 0.45
Collins ratios: UL = 0.65621  UC = 0.286613  U = 0.445172  L = -0.211039
 --> Integration time=1287.36s, neval=100000000
 --> kT integration time=1287.36s, neval=100000000
Running scan for  iset = 1004, kT =[10, 30], etaq = [-2.4, 2.4], z2 = 0.5
Collins ratios: UL = 0.690323  UC = 0.297028  U = 0.454416  L = -0.235906
 --> Integration time=1295.74s, neval=100000000
 --> kT integration time=1295.74s, neval=100000000
Running scan for  iset = 1004, kT =[10, 30], etaq = [-2.4, 2.4], z2 = 0.55
Collins ratios: UL = 0.722984  UC = 0.305462  U = 0.464161  L = -0.258823
 --> Integration time=1268.19s, neval=100000000
 --> kT integration time=1268.19s, neval=100000000
Running scan for  iset = 1004, kT =[10, 30], etaq = [-2.4, 2.4], z2 = 0.6
Collins ratios: UL = 0.751631  UC = 0.3102  U = 0.474571  L = -0.27706
 --> Integration time=1276.47s, neval=100000000
 --> kT integration time=1276.47s, neval=100000000
Running scan for  iset = 1004, kT =[10, 30], etaq = [-2.4, 2.4], z2 = 0.65
Collins ratios: UL = 0.772827  UC = 0.310032  U = 0.484957  L = -0.28787
 --> Integration time=1301.36s, neval=100000000
 --> kT integration time=1301.36s, neval=100000000
Running scan for  iset = 1004, kT =[10, 30], etaq = [-2.4, 2.4], z2 = 0.7
Collins ratios: UL = 0.783236  UC = 0.304256  U = 0.494582  L = -0.288653
 --> Integration time=1292.76s, neval=100000000
 --> kT integration time=1292.76s, neval=100000000
Running scan for  iset = 1004, kT =[10, 30], etaq = [-2.4, 2.4], z2 = 0.75
Collins ratios: UL = 0.781189  UC = 0.293481  U = 0.502671  L = -0.278518
 --> Integration time=1261.01s, neval=100000000
 --> kT integration time=1261.01s, neval=100000000
Running scan for  iset = 1004, kT =[10, 30], etaq = [-2.4, 2.4], z2 = 0.8
Collins ratios: UL = 0.767549  UC = 0.279368  U = 0.508783  L = -0.258766
 --> Integration time=1274.4s, neval=100000000
 --> kT integration time=1274.4s, neval=100000000
Running scan for  iset = 1005, kT =[10, 30], etaq = [-2.4, 2.4], z2 = 0.1
Collins ratios: UL = 0.359321  UC = 0.169206  U = 0.273347  L = -0.0859738
 --> Integration time=1306s, neval=100000000
 --> kT integration time=1306s, neval=100000000
Running scan for  iset = 1005, kT =[10, 30], etaq = [-2.4, 2.4], z2 = 0.15
Collins ratios: UL = 0.372465  UC = 0.176712  U = 0.274383  L = -0.0980814
 --> Integration time=1274.5s, neval=100000000
 --> kT integration time=1274.5s, neval=100000000
Running scan for  iset = 1005, kT =[10, 30], etaq = [-2.4, 2.4], z2 = 0.2
Collins ratios: UL = 0.396237  UC = 0.187452  U = 0.27999  L = -0.116248
 --> Integration time=1304.69s, neval=100000000
 --> kT integration time=1304.69s, neval=100000000
Running scan for  iset = 1005, kT =[10, 30], etaq = [-2.4, 2.4], z2 = 0.25
Collins ratios: UL = 0.427554  UC = 0.199711  U = 0.289246  L = -0.138308
 --> Integration time=1284.85s, neval=100000000
 --> kT integration time=1284.85s, neval=100000000
Running scan for  iset = 1005, kT =[10, 30], etaq = [-2.4, 2.4], z2 = 0.3
Collins ratios: UL = 0.46134  UC = 0.211686  U = 0.299728  L = -0.161612
 --> Integration time=1286.62s, neval=100000000
 --> kT integration time=1286.62s, neval=100000000
Running scan for  iset = 1005, kT =[10, 30], etaq = [-2.4, 2.4], z2 = 0.35
Collins ratios: UL = 0.494169  UC = 0.222619  U = 0.309673  L = -0.184497
 --> Integration time=1272.86s, neval=100000000
 --> kT integration time=1272.86s, neval=100000000
Running scan for  iset = 1005, kT =[10, 30], etaq = [-2.4, 2.4], z2 = 0.4
Collins ratios: UL = 0.524854  UC = 0.232598  U = 0.318428  L = -0.206426
 --> Integration time=1292.69s, neval=100000000
 --> kT integration time=1292.69s, neval=100000000
Running scan for  iset = 1005, kT =[10, 30], etaq = [-2.4, 2.4], z2 = 0.45
Collins ratios: UL = 0.553637  UC = 0.241812  U = 0.326182  L = -0.227455
 --> Integration time=1283.76s, neval=100000000
 --> kT integration time=1283.76s, neval=100000000
Running scan for  iset = 1005, kT =[10, 30], etaq = [-2.4, 2.4], z2 = 0.5
Collins ratios: UL = 0.580718  UC = 0.249868  U = 0.333411  L = -0.247306
 --> Integration time=1283.98s, neval=100000000
 --> kT integration time=1283.98s, neval=100000000
Running scan for  iset = 1005, kT =[10, 30], etaq = [-2.4, 2.4], z2 = 0.55
Collins ratios: UL = 0.605186  UC = 0.255692  U = 0.340354  L = -0.264832
 --> Integration time=1289.96s, neval=100000000
 --> kT integration time=1289.96s, neval=100000000
Running scan for  iset = 1005, kT =[10, 30], etaq = [-2.4, 2.4], z2 = 0.6
Collins ratios: UL = 0.624854  UC = 0.257879  U = 0.346843  L = -0.278011
 --> Integration time=1274.23s, neval=100000000
 --> kT integration time=1274.23s, neval=100000000
Running scan for  iset = 1005, kT =[10, 30], etaq = [-2.4, 2.4], z2 = 0.65
Collins ratios: UL = 0.637339  UC = 0.255679  U = 0.352387  L = -0.284951
 --> Integration time=1282.18s, neval=100000000
 --> kT integration time=1282.18s, neval=100000000
Running scan for  iset = 1005, kT =[10, 30], etaq = [-2.4, 2.4], z2 = 0.7
Collins ratios: UL = 0.640569  UC = 0.248836  U = 0.356585  L = -0.283984
 --> Integration time=1299.47s, neval=100000000
 --> kT integration time=1299.47s, neval=100000000
Running scan for  iset = 1005, kT =[10, 30], etaq = [-2.4, 2.4], z2 = 0.75
Collins ratios: UL = 0.634049  UC = 0.238203  U = 0.359221  L = -0.274828
 --> Integration time=1275.43s, neval=100000000
 --> kT integration time=1275.43s, neval=100000000
Running scan for  iset = 1005, kT =[10, 30], etaq = [-2.4, 2.4], z2 = 0.8
Collins ratios: UL = 0.619215  UC = 0.225378  U = 0.360381  L = -0.258834
 --> Integration time=1302.75s, neval=100000000
 --> kT integration time=1302.75s, neval=100000000
Running scan for  iset = 1006, kT =[10, 30], etaq = [-2.4, 2.4], z2 = 0.1
Collins ratios: UL = 0.391383  UC = 0.184304  U = 0.311032  L = -0.0803512
 --> Integration time=1277.64s, neval=100000000
 --> kT integration time=1277.64s, neval=100000000
Running scan for  iset = 1006, kT =[10, 30], etaq = [-2.4, 2.4], z2 = 0.15
Collins ratios: UL = 0.402667  UC = 0.191041  U = 0.310895  L = -0.091772
 --> Integration time=1317.41s, neval=100000000
 --> kT integration time=1317.41s, neval=100000000
Running scan for  iset = 1006, kT =[10, 30], etaq = [-2.4, 2.4], z2 = 0.2
Collins ratios: UL = 0.4255  UC = 0.201295  U = 0.315941  L = -0.109558
 --> Integration time=1302.2s, neval=100000000
 --> kT integration time=1302.2s, neval=100000000
Running scan for  iset = 1006, kT =[10, 30], etaq = [-2.4, 2.4], z2 = 0.25
Collins ratios: UL = 0.456883  UC = 0.21341  U = 0.32533  L = -0.131553
 --> Integration time=1323.98s, neval=100000000
 --> kT integration time=1323.98s, neval=100000000
Running scan for  iset = 1006, kT =[10, 30], etaq = [-2.4, 2.4], z2 = 0.3
Collins ratios: UL = 0.491403  UC = 0.22548  U = 0.336347  L = -0.155056
 --> Integration time=1290.5s, neval=100000000
 --> kT integration time=1290.5s, neval=100000000
Running scan for  iset = 1006, kT =[10, 30], etaq = [-2.4, 2.4], z2 = 0.35
Collins ratios: UL = 0.525255  UC = 0.236623  U = 0.346914  L = -0.178341
 --> Integration time=1310.45s, neval=100000000
 --> kT integration time=1310.45s, neval=100000000
Running scan for  iset = 1006, kT =[10, 30], etaq = [-2.4, 2.4], z2 = 0.4
Collins ratios: UL = 0.557024  UC = 0.246855  U = 0.356198  L = -0.200827
 --> Integration time=1302.22s, neval=100000000
 --> kT integration time=1302.22s, neval=100000000
Running scan for  iset = 1006, kT =[10, 30], etaq = [-2.4, 2.4], z2 = 0.45
Collins ratios: UL = 0.58694  UC = 0.256358  U = 0.364397  L = -0.222543
 --> Integration time=1314.35s, neval=100000000
 --> kT integration time=1314.35s, neval=100000000
Running scan for  iset = 1006, kT =[10, 30], etaq = [-2.4, 2.4], z2 = 0.5
Collins ratios: UL = 0.615344  UC = 0.264767  U = 0.372152  L = -0.243193
 --> Integration time=1297.16s, neval=100000000
 --> kT integration time=1297.16s, neval=100000000
Running scan for  iset = 1006, kT =[10, 30], etaq = [-2.4, 2.4], z2 = 0.55
Collins ratios: UL = 0.64148  UC = 0.271026  U = 0.379903  L = -0.261577
 --> Integration time=1299.2s, neval=100000000
 --> kT integration time=1299.2s, neval=100000000
Running scan for  iset = 1006, kT =[10, 30], etaq = [-2.4, 2.4], z2 = 0.6
Collins ratios: UL = 0.663197  UC = 0.273703  U = 0.387623  L = -0.275574
 --> Integration time=1319.43s, neval=100000000
 --> kT integration time=1319.43s, neval=100000000
Running scan for  iset = 1006, kT =[10, 30], etaq = [-2.4, 2.4], z2 = 0.65
Collins ratios: UL = 0.677938  UC = 0.271966  U = 0.394771  L = -0.283167
 --> Integration time=1312.08s, neval=100000000
 --> kT integration time=1312.08s, neval=100000000
Running scan for  iset = 1006, kT =[10, 30], etaq = [-2.4, 2.4], z2 = 0.7
Collins ratios: UL = 0.683398  UC = 0.265473  U = 0.400847  L = -0.282551
 --> Integration time=1297.82s, neval=100000000
 --> kT integration time=1297.82s, neval=100000000
Running scan for  iset = 1006, kT =[10, 30], etaq = [-2.4, 2.4], z2 = 0.75
Collins ratios: UL = 0.678792  UC = 0.255012  U = 0.40544  L = -0.273352
 --> Integration time=1309.47s, neval=100000000
 --> kT integration time=1309.47s, neval=100000000
Running scan for  iset = 1006, kT =[10, 30], etaq = [-2.4, 2.4], z2 = 0.8
Collins ratios: UL = 0.665351  UC = 0.24217  U = 0.408439  L = -0.256912
 --> Integration time=1292.62s, neval=100000000
 --> kT integration time=1292.62s, neval=100000000
Running scan for  iset = 1007, kT =[10, 30], etaq = [-2.4, 2.4], z2 = 0.1
Collins ratios: UL = 0.407962  UC = 0.192111  U = 0.335956  L = -0.0720057
 --> Integration time=1265.81s, neval=100000000
 --> kT integration time=1265.81s, neval=100000000
Running scan for  iset = 1007, kT =[10, 30], etaq = [-2.4, 2.4], z2 = 0.15
Collins ratios: UL = 0.41682  UC = 0.197756  U = 0.334834  L = -0.0819856
 --> Integration time=1286.65s, neval=100000000
 --> kT integration time=1286.65s, neval=100000000
Running scan for  iset = 1007, kT =[10, 30], etaq = [-2.4, 2.4], z2 = 0.2
Collins ratios: UL = 0.43829  UC = 0.207346  U = 0.339392  L = -0.0988971
 --> Integration time=1277.76s, neval=100000000
 --> kT integration time=1277.76s, neval=100000000
Running scan for  iset = 1007, kT =[10, 30], etaq = [-2.4, 2.4], z2 = 0.25
Collins ratios: UL = 0.469563  UC = 0.219333  U = 0.348868  L = -0.120695
 --> Integration time=1279.64s, neval=100000000
 --> kT integration time=1279.64s, neval=100000000
Running scan for  iset = 1007, kT =[10, 30], etaq = [-2.4, 2.4], z2 = 0.3
Collins ratios: UL = 0.504986  UC = 0.231712  U = 0.360335  L = -0.144651
 --> Integration time=1272.54s, neval=100000000
 --> kT integration time=1272.54s, neval=100000000
Running scan for  iset = 1007, kT =[10, 30], etaq = [-2.4, 2.4], z2 = 0.35
Collins ratios: UL = 0.540415  UC = 0.243452  U = 0.371473  L = -0.168942
 --> Integration time=1283.25s, neval=100000000
 --> kT integration time=1283.25s, neval=100000000
Running scan for  iset = 1007, kT =[10, 30], etaq = [-2.4, 2.4], z2 = 0.4
Collins ratios: UL = 0.574209  UC = 0.254471  U = 0.381311  L = -0.192898
 --> Integration time=1277.21s, neval=100000000
 --> kT integration time=1277.21s, neval=100000000
Running scan for  iset = 1007, kT =[10, 30], etaq = [-2.4, 2.4], z2 = 0.45
Collins ratios: UL = 0.606535  UC = 0.264917  U = 0.390043  L = -0.216491
 --> Integration time=1277.44s, neval=100000000
 --> kT integration time=1277.44s, neval=100000000
Running scan for  iset = 1007, kT =[10, 30], etaq = [-2.4, 2.4], z2 = 0.5
Collins ratios: UL = 0.637751  UC = 0.274408  U = 0.398412  L = -0.239339
 --> Integration time=1253.79s, neval=100000000
 --> kT integration time=1253.79s, neval=100000000
Running scan for  iset = 1007, kT =[10, 30], etaq = [-2.4, 2.4], z2 = 0.55
Collins ratios: UL = 0.667027  UC = 0.28182  U = 0.406972  L = -0.260056
 --> Integration time=1248.48s, neval=100000000
 --> kT integration time=1248.48s, neval=100000000
Running scan for  iset = 1007, kT =[10, 30], etaq = [-2.4, 2.4], z2 = 0.6
Collins ratios: UL = 0.69194  UC = 0.285565  U = 0.415748  L = -0.276191
 --> Integration time=1232.39s, neval=100000000
 --> kT integration time=1232.39s, neval=100000000
Running scan for  iset = 1007, kT =[10, 30], etaq = [-2.4, 2.4], z2 = 0.65
Collins ratios: UL = 0.70948  UC = 0.284619  U = 0.424129  L = -0.285351
 --> Integration time=1218.16s, neval=100000000
 --> kT integration time=1218.16s, neval=100000000
Running scan for  iset = 1007, kT =[10, 30], etaq = [-2.4, 2.4], z2 = 0.7
Collins ratios: UL = 0.716837  UC = 0.278463  U = 0.431512  L = -0.285324
 --> Integration time=1214.22s, neval=100000000
 --> kT integration time=1214.22s, neval=100000000
Running scan for  iset = 1007, kT =[10, 30], etaq = [-2.4, 2.4], z2 = 0.75
Collins ratios: UL = 0.712836  UC = 0.267802  U = 0.437351  L = -0.275486
 --> Integration time=1198.72s, neval=100000000
 --> kT integration time=1198.72s, neval=100000000
Running scan for  iset = 1007, kT =[10, 30], etaq = [-2.4, 2.4], z2 = 0.8
Collins ratios: UL = 0.698598  UC = 0.254271  U = 0.441416  L = -0.257181
 --> Integration time=1204.27s, neval=100000000
 --> kT integration time=1204.27s, neval=100000000
Running scan for  iset = 1008, kT =[10, 30], etaq = [-2.4, 2.4], z2 = 0.1
Collins ratios: UL = 0.445446  UC = 0.209763  U = 0.380719  L = -0.0647268
 --> Integration time=1201.76s, neval=100000000
 --> kT integration time=1201.76s, neval=100000000
Running scan for  iset = 1008, kT =[10, 30], etaq = [-2.4, 2.4], z2 = 0.15
Collins ratios: UL = 0.451968  UC = 0.214432  U = 0.378495  L = -0.0734729
 --> Integration time=1202.11s, neval=100000000
 --> kT integration time=1202.11s, neval=100000000
Running scan for  iset = 1008, kT =[10, 30], etaq = [-2.4, 2.4], z2 = 0.2
Collins ratios: UL = 0.472362  UC = 0.223465  U = 0.38268  L = -0.0896815
 --> Integration time=1204.07s, neval=100000000
 --> kT integration time=1204.07s, neval=100000000
Running scan for  iset = 1008, kT =[10, 30], etaq = [-2.4, 2.4], z2 = 0.25
Collins ratios: UL = 0.504005  UC = 0.235421  U = 0.392573  L = -0.111432
 --> Integration time=1215.36s, neval=100000000
 --> kT integration time=1215.36s, neval=100000000
Running scan for  iset = 1008, kT =[10, 30], etaq = [-2.4, 2.4], z2 = 0.3
Collins ratios: UL = 0.540876  UC = 0.24818  U = 0.404902  L = -0.135974
 --> Integration time=1211.94s, neval=100000000
 --> kT integration time=1211.94s, neval=100000000
Running scan for  iset = 1008, kT =[10, 30], etaq = [-2.4, 2.4], z2 = 0.35
Collins ratios: UL = 0.578392  UC = 0.26056  U = 0.416992  L = -0.1614
 --> Integration time=1211.51s, neval=100000000
 --> kT integration time=1211.51s, neval=100000000
Running scan for  iset = 1008, kT =[10, 30], etaq = [-2.4, 2.4], z2 = 0.4
Collins ratios: UL = 0.614644  UC = 0.27239  U = 0.427679  L = -0.186965
 --> Integration time=1211.51s, neval=100000000
 --> kT integration time=1211.51s, neval=100000000
Running scan for  iset = 1008, kT =[10, 30], etaq = [-2.4, 2.4], z2 = 0.45
Collins ratios: UL = 0.649773  UC = 0.283802  U = 0.437171  L = -0.212601
 --> Integration time=1216.91s, neval=100000000
 --> kT integration time=1216.91s, neval=100000000
Running scan for  iset = 1008, kT =[10, 30], etaq = [-2.4, 2.4], z2 = 0.5
Collins ratios: UL = 0.684235  UC = 0.294409  U = 0.446378  L = -0.237857
 --> Integration time=1209.93s, neval=100000000
 --> kT integration time=1209.93s, neval=100000000
Running scan for  iset = 1008, kT =[10, 30], etaq = [-2.4, 2.4], z2 = 0.55
Collins ratios: UL = 0.717207  UC = 0.303021  U = 0.456041  L = -0.261166
 --> Integration time=1216.21s, neval=100000000
 --> kT integration time=1216.21s, neval=100000000
Running scan for  iset = 1008, kT =[10, 30], etaq = [-2.4, 2.4], z2 = 0.6
Collins ratios: UL = 0.746029  UC = 0.307888  U = 0.466292  L = -0.279737
 --> Integration time=1217.33s, neval=100000000
 --> kT integration time=1217.33s, neval=100000000
Running scan for  iset = 1008, kT =[10, 30], etaq = [-2.4, 2.4], z2 = 0.65
Collins ratios: UL = 0.767195  UC = 0.307773  U = 0.476437  L = -0.290758
 --> Integration time=1216.6s, neval=100000000
 --> kT integration time=1216.6s, neval=100000000
Running scan for  iset = 1008, kT =[10, 30], etaq = [-2.4, 2.4], z2 = 0.7
Collins ratios: UL = 0.777311  UC = 0.301955  U = 0.485747  L = -0.291564
 --> Integration time=1216.73s, neval=100000000
 --> kT integration time=1216.73s, neval=100000000
Running scan for  iset = 1008, kT =[10, 30], etaq = [-2.4, 2.4], z2 = 0.75
Collins ratios: UL = 0.7747  UC = 0.291043  U = 0.493477  L = -0.281222
 --> Integration time=1202.7s, neval=100000000
 --> kT integration time=1202.7s, neval=100000000
Running scan for  iset = 1008, kT =[10, 30], etaq = [-2.4, 2.4], z2 = 0.8
Collins ratios: UL = 0.760273  UC = 0.276719  U = 0.499224  L = -0.261049
 --> Integration time=1215.44s, neval=100000000
 --> kT integration time=1215.44s, neval=100000000
Running scan for  iset = 1009, kT =[10, 30], etaq = [-2.4, 2.4], z2 = 0.1
Collins ratios: UL = 0.407905  UC = 0.192085  U = 0.343154  L = -0.0647505
 --> Integration time=1212.63s, neval=100000000
 --> kT integration time=1212.63s, neval=100000000
Running scan for  iset = 1009, kT =[10, 30], etaq = [-2.4, 2.4], z2 = 0.15
Collins ratios: UL = 0.414897  UC = 0.196844  U = 0.341475  L = -0.0734221
 --> Integration time=1208.92s, neval=100000000
 --> kT integration time=1208.92s, neval=100000000
Running scan for  iset = 1009, kT =[10, 30], etaq = [-2.4, 2.4], z2 = 0.2
Collins ratios: UL = 0.434838  UC = 0.205713  U = 0.345631  L = -0.0892064
 --> Integration time=1217.84s, neval=100000000
 --> kT integration time=1217.84s, neval=100000000
Running scan for  iset = 1009, kT =[10, 30], etaq = [-2.4, 2.4], z2 = 0.25
Collins ratios: UL = 0.465175  UC = 0.217283  U = 0.354932  L = -0.110243
 --> Integration time=1219.87s, neval=100000000
 --> kT integration time=1219.87s, neval=100000000
Running scan for  iset = 1009, kT =[10, 30], etaq = [-2.4, 2.4], z2 = 0.3
Collins ratios: UL = 0.500288  UC = 0.229557  U = 0.3664  L = -0.133889
 --> Integration time=1225.19s, neval=100000000
 --> kT integration time=1225.19s, neval=100000000
Running scan for  iset = 1009, kT =[10, 30], etaq = [-2.4, 2.4], z2 = 0.35
Collins ratios: UL = 0.535949  UC = 0.241441  U = 0.377628  L = -0.158321
 --> Integration time=1209.15s, neval=100000000
 --> kT integration time=1209.15s, neval=100000000
Running scan for  iset = 1009, kT =[10, 30], etaq = [-2.4, 2.4], z2 = 0.4
Collins ratios: UL = 0.57042  UC = 0.252792  U = 0.387586  L = -0.182834
 --> Integration time=1215.42s, neval=100000000
 --> kT integration time=1215.42s, neval=100000000
Running scan for  iset = 1009, kT =[10, 30], etaq = [-2.4, 2.4], z2 = 0.45
Collins ratios: UL = 0.603828  UC = 0.263734  U = 0.396462  L = -0.207365
 --> Integration time=1214.14s, neval=100000000
 --> kT integration time=1214.14s, neval=100000000
Running scan for  iset = 1009, kT =[10, 30], etaq = [-2.4, 2.4], z2 = 0.5
Collins ratios: UL = 0.636516  UC = 0.273877  U = 0.405041  L = -0.231475
 --> Integration time=1216.65s, neval=100000000
 --> kT integration time=1216.65s, neval=100000000
Running scan for  iset = 1009, kT =[10, 30], etaq = [-2.4, 2.4], z2 = 0.55
Collins ratios: UL = 0.667587  UC = 0.282056  U = 0.413927  L = -0.25366
 --> Integration time=1215.54s, neval=100000000
 --> kT integration time=1215.54s, neval=100000000
Running scan for  iset = 1009, kT =[10, 30], etaq = [-2.4, 2.4], z2 = 0.6
Collins ratios: UL = 0.694421  UC = 0.286589  U = 0.423168  L = -0.271253
 --> Integration time=1216.1s, neval=100000000
 --> kT integration time=1216.1s, neval=100000000
Running scan for  iset = 1009, kT =[10, 30], etaq = [-2.4, 2.4], z2 = 0.65
Collins ratios: UL = 0.7137  UC = 0.286312  U = 0.432114  L = -0.281586
 --> Integration time=1213.88s, neval=100000000
 --> kT integration time=1213.88s, neval=100000000
Running scan for  iset = 1009, kT =[10, 30], etaq = [-2.4, 2.4], z2 = 0.7
Collins ratios: UL = 0.722247  UC = 0.280565  U = 0.44011  L = -0.282138
 --> Integration time=1200.99s, neval=100000000
 --> kT integration time=1200.99s, neval=100000000
Running scan for  iset = 1009, kT =[10, 30], etaq = [-2.4, 2.4], z2 = 0.75
Collins ratios: UL = 0.71859  UC = 0.269963  U = 0.446534  L = -0.272056
 --> Integration time=1202.81s, neval=100000000
 --> kT integration time=1202.81s, neval=100000000
Running scan for  iset = 1009, kT =[10, 30], etaq = [-2.4, 2.4], z2 = 0.8
Collins ratios: UL = 0.703731  UC = 0.25614  U = 0.451099  L = -0.252632
 --> Integration time=1207.98s, neval=100000000
 --> kT integration time=1207.98s, neval=100000000
Running scan for  iset = 1010, kT =[10, 30], etaq = [-2.4, 2.4], z2 = 0.1
Collins ratios: UL = 0.424026  UC = 0.199676  U = 0.357684  L = -0.0663428
 --> Integration time=1213.83s, neval=100000000
 --> kT integration time=1213.83s, neval=100000000
Running scan for  iset = 1010, kT =[10, 30], etaq = [-2.4, 2.4], z2 = 0.15
Collins ratios: UL = 0.431659  UC = 0.204797  U = 0.355919  L = -0.0757405
 --> Integration time=1207.3s, neval=100000000
 --> kT integration time=1207.3s, neval=100000000
Running scan for  iset = 1010, kT =[10, 30], etaq = [-2.4, 2.4], z2 = 0.2
Collins ratios: UL = 0.451971  UC = 0.213818  U = 0.360107  L = -0.0918637
 --> Integration time=1213.75s, neval=100000000
 --> kT integration time=1213.75s, neval=100000000
Running scan for  iset = 1010, kT =[10, 30], etaq = [-2.4, 2.4], z2 = 0.25
Collins ratios: UL = 0.48227  UC = 0.225269  U = 0.369538  L = -0.112732
 --> Integration time=1213.96s, neval=100000000
 --> kT integration time=1213.96s, neval=100000000
Running scan for  iset = 1010, kT =[10, 30], etaq = [-2.4, 2.4], z2 = 0.3
Collins ratios: UL = 0.516846  UC = 0.237155  U = 0.381144  L = -0.135703
 --> Integration time=1212.76s, neval=100000000
 --> kT integration time=1212.76s, neval=100000000
Running scan for  iset = 1010, kT =[10, 30], etaq = [-2.4, 2.4], z2 = 0.35
Collins ratios: UL = 0.55145  UC = 0.248424  U = 0.392443  L = -0.159007
 --> Integration time=1204.23s, neval=100000000
 --> kT integration time=1204.23s, neval=100000000
Running scan for  iset = 1010, kT =[10, 30], etaq = [-2.4, 2.4], z2 = 0.4
Collins ratios: UL = 0.58436  UC = 0.258969  U = 0.402371  L = -0.181989
 --> Integration time=1209.48s, neval=100000000
 --> kT integration time=1209.48s, neval=100000000
Running scan for  iset = 1010, kT =[10, 30], etaq = [-2.4, 2.4], z2 = 0.45
Collins ratios: UL = 0.615755  UC = 0.268944  U = 0.41113  L = -0.204625
 --> Integration time=1211.9s, neval=100000000
 --> kT integration time=1211.9s, neval=100000000
Running scan for  iset = 1010, kT =[10, 30], etaq = [-2.4, 2.4], z2 = 0.5
Collins ratios: UL = 0.646133  UC = 0.278014  U = 0.419571  L = -0.226562
 --> Integration time=1203.52s, neval=100000000
 --> kT integration time=1203.52s, neval=100000000
Running scan for  iset = 1010, kT =[10, 30], etaq = [-2.4, 2.4], z2 = 0.55
Collins ratios: UL = 0.674887  UC = 0.285141  U = 0.428396  L = -0.246492
 --> Integration time=1208.59s, neval=100000000
 --> kT integration time=1208.59s, neval=100000000
Running scan for  iset = 1010, kT =[10, 30], etaq = [-2.4, 2.4], z2 = 0.6
Collins ratios: UL = 0.699831  UC = 0.288821  U = 0.437748  L = -0.262083
 --> Integration time=1219.85s, neval=100000000
 --> kT integration time=1219.85s, neval=100000000
Running scan for  iset = 1010, kT =[10, 30], etaq = [-2.4, 2.4], z2 = 0.65
Collins ratios: UL = 0.718057  UC = 0.28806  U = 0.447017  L = -0.27104
 --> Integration time=1207.77s, neval=100000000
 --> kT integration time=1207.77s, neval=100000000
Running scan for  iset = 1010, kT =[10, 30], etaq = [-2.4, 2.4], z2 = 0.7
Collins ratios: UL = 0.7268  UC = 0.282333  U = 0.45556  L = -0.27124
 --> Integration time=1215.18s, neval=100000000
 --> kT integration time=1215.18s, neval=100000000
Running scan for  iset = 1010, kT =[10, 30], etaq = [-2.4, 2.4], z2 = 0.75
Collins ratios: UL = 0.72477  UC = 0.272285  U = 0.462706  L = -0.262065
 --> Integration time=1200.35s, neval=100000000
 --> kT integration time=1200.35s, neval=100000000
Running scan for  iset = 1010, kT =[10, 30], etaq = [-2.4, 2.4], z2 = 0.8
Collins ratios: UL = 0.712861  UC = 0.259463  U = 0.468084  L = -0.244777
 --> Integration time=1218.81s, neval=100000000
 --> kT integration time=1218.81s, neval=100000000
Running scan for  iset = 1011, kT =[10, 30], etaq = [-2.4, 2.4], z2 = 0.1
Collins ratios: UL = 0.480591  UC = 0.226313  U = 0.420553  L = -0.0600377
 --> Integration time=1199.22s, neval=100000000
 --> kT integration time=1199.22s, neval=100000000
Running scan for  iset = 1011, kT =[10, 30], etaq = [-2.4, 2.4], z2 = 0.15
Collins ratios: UL = 0.485843  UC = 0.230504  U = 0.417573  L = -0.06827
 --> Integration time=1209.96s, neval=100000000
 --> kT integration time=1209.96s, neval=100000000
Running scan for  iset = 1011, kT =[10, 30], etaq = [-2.4, 2.4], z2 = 0.2
Collins ratios: UL = 0.505642  UC = 0.239209  U = 0.421575  L = -0.0840675
 --> Integration time=1216.97s, neval=100000000
 --> kT integration time=1216.97s, neval=100000000
Running scan for  iset = 1011, kT =[10, 30], etaq = [-2.4, 2.4], z2 = 0.25
Collins ratios: UL = 0.537429  UC = 0.251033  U = 0.431884  L = -0.105546
 --> Integration time=1210.07s, neval=100000000
 --> kT integration time=1210.07s, neval=100000000
Running scan for  iset = 1011, kT =[10, 30], etaq = [-2.4, 2.4], z2 = 0.3
Collins ratios: UL = 0.57489  UC = 0.263788  U = 0.444929  L = -0.129961
 --> Integration time=1215.77s, neval=100000000
 --> kT integration time=1215.77s, neval=100000000
Running scan for  iset = 1011, kT =[10, 30], etaq = [-2.4, 2.4], z2 = 0.35
Collins ratios: UL = 0.61314  UC = 0.276214  U = 0.45775  L = -0.15539
 --> Integration time=1209.67s, neval=100000000
 --> kT integration time=1209.67s, neval=100000000
Running scan for  iset = 1011, kT =[10, 30], etaq = [-2.4, 2.4], z2 = 0.4
Collins ratios: UL = 0.650104  UC = 0.288105  U = 0.469032  L = -0.181071
 --> Integration time=1218.92s, neval=100000000
 --> kT integration time=1218.92s, neval=100000000
Running scan for  iset = 1011, kT =[10, 30], etaq = [-2.4, 2.4], z2 = 0.45
Collins ratios: UL = 0.685936  UC = 0.299597  U = 0.479003  L = -0.206933
 --> Integration time=1221.63s, neval=100000000
 --> kT integration time=1221.63s, neval=100000000
Running scan for  iset = 1011, kT =[10, 30], etaq = [-2.4, 2.4], z2 = 0.5
Collins ratios: UL = 0.721252  UC = 0.310336  U = 0.488724  L = -0.232528
 --> Integration time=1218.83s, neval=100000000
 --> kT integration time=1218.83s, neval=100000000
Running scan for  iset = 1011, kT =[10, 30], etaq = [-2.4, 2.4], z2 = 0.55
Collins ratios: UL = 0.755401  UC = 0.319158  U = 0.499118  L = -0.256283
 --> Integration time=1210.92s, neval=100000000
 --> kT integration time=1210.92s, neval=100000000
Running scan for  iset = 1011, kT =[10, 30], etaq = [-2.4, 2.4], z2 = 0.6
Collins ratios: UL = 0.785812  UC = 0.324306  U = 0.510442  L = -0.275369
 --> Integration time=1205.87s, neval=100000000
 --> kT integration time=1205.87s, neval=100000000
Running scan for  iset = 1011, kT =[10, 30], etaq = [-2.4, 2.4], z2 = 0.65
Collins ratios: UL = 0.808876  UC = 0.324494  U = 0.521969  L = -0.286907
 --> Integration time=1203.48s, neval=100000000
 --> kT integration time=1203.48s, neval=100000000
Running scan for  iset = 1011, kT =[10, 30], etaq = [-2.4, 2.4], z2 = 0.7
Collins ratios: UL = 0.821029  UC = 0.318937  U = 0.532892  L = -0.288136
 --> Integration time=1209.36s, neval=100000000
 --> kT integration time=1209.36s, neval=100000000
Running scan for  iset = 1011, kT =[10, 30], etaq = [-2.4, 2.4], z2 = 0.75
Collins ratios: UL = 0.820347  UC = 0.308192  U = 0.542306  L = -0.278041
 --> Integration time=1206.66s, neval=100000000
 --> kT integration time=1206.66s, neval=100000000
Running scan for  iset = 1011, kT =[10, 30], etaq = [-2.4, 2.4], z2 = 0.8
Collins ratios: UL = 0.807524  UC = 0.293917  U = 0.549643  L = -0.25788
 --> Integration time=1206.26s, neval=100000000
 --> kT integration time=1206.26s, neval=100000000
Running scan for  iset = 1012, kT =[10, 30], etaq = [-2.4, 2.4], z2 = 0.1
Collins ratios: UL = 0.370662  UC = 0.174547  U = 0.285146  L = -0.0855163
 --> Integration time=1210.94s, neval=100000000
 --> kT integration time=1210.94s, neval=100000000
Running scan for  iset = 1012, kT =[10, 30], etaq = [-2.4, 2.4], z2 = 0.15
Collins ratios: UL = 0.383564  UC = 0.181978  U = 0.28589  L = -0.0976734
 --> Integration time=1217.23s, neval=100000000
 --> kT integration time=1217.23s, neval=100000000
Running scan for  iset = 1012, kT =[10, 30], etaq = [-2.4, 2.4], z2 = 0.2
Collins ratios: UL = 0.407161  UC = 0.19262  U = 0.291345  L = -0.115816
 --> Integration time=1209.6s, neval=100000000
 --> kT integration time=1209.6s, neval=100000000
Running scan for  iset = 1012, kT =[10, 30], etaq = [-2.4, 2.4], z2 = 0.25
Collins ratios: UL = 0.438386  UC = 0.20477  U = 0.300612  L = -0.137774
 --> Integration time=1210.03s, neval=100000000
 --> kT integration time=1210.03s, neval=100000000
Running scan for  iset = 1012, kT =[10, 30], etaq = [-2.4, 2.4], z2 = 0.3
Collins ratios: UL = 0.472098  UC = 0.216622  U = 0.311193  L = -0.160905
 --> Integration time=1202.65s, neval=100000000
 --> kT integration time=1202.65s, neval=100000000
Running scan for  iset = 1012, kT =[10, 30], etaq = [-2.4, 2.4], z2 = 0.35
Collins ratios: UL = 0.504801  UC = 0.227408  U = 0.32124  L = -0.183561
 --> Integration time=1203.98s, neval=100000000
 --> kT integration time=1203.98s, neval=100000000
Running scan for  iset = 1012, kT =[10, 30], etaq = [-2.4, 2.4], z2 = 0.4
Collins ratios: UL = 0.535271  UC = 0.237215  U = 0.330056  L = -0.205215
 --> Integration time=1210.79s, neval=100000000
 --> kT integration time=1210.79s, neval=100000000
Running scan for  iset = 1012, kT =[10, 30], etaq = [-2.4, 2.4], z2 = 0.45
Collins ratios: UL = 0.563765  UC = 0.246236  U = 0.337835  L = -0.22593
 --> Integration time=1210.8s, neval=100000000
 --> kT integration time=1210.8s, neval=100000000
Running scan for  iset = 1012, kT =[10, 30], etaq = [-2.4, 2.4], z2 = 0.5
Collins ratios: UL = 0.590556  UC = 0.254101  U = 0.345108  L = -0.245448
 --> Integration time=1193.03s, neval=100000000
 --> kT integration time=1193.03s, neval=100000000
Running scan for  iset = 1012, kT =[10, 30], etaq = [-2.4, 2.4], z2 = 0.55
Collins ratios: UL = 0.614847  UC = 0.259774  U = 0.352189  L = -0.262658
 --> Integration time=1208.18s, neval=100000000
 --> kT integration time=1208.18s, neval=100000000
Running scan for  iset = 1012, kT =[10, 30], etaq = [-2.4, 2.4], z2 = 0.6
Collins ratios: UL = 0.634564  UC = 0.261886  U = 0.35897  L = -0.275593
 --> Integration time=1210.14s, neval=100000000
 --> kT integration time=1210.14s, neval=100000000
Running scan for  iset = 1012, kT =[10, 30], etaq = [-2.4, 2.4], z2 = 0.65
Collins ratios: UL = 0.647375  UC = 0.259705  U = 0.364962  L = -0.282413
 --> Integration time=1209.83s, neval=100000000
 --> kT integration time=1209.83s, neval=100000000
Running scan for  iset = 1012, kT =[10, 30], etaq = [-2.4, 2.4], z2 = 0.7
Collins ratios: UL = 0.65124  UC = 0.252981  U = 0.369741  L = -0.281499
 --> Integration time=1203.31s, neval=100000000
 --> kT integration time=1203.31s, neval=100000000
Running scan for  iset = 1012, kT =[10, 30], etaq = [-2.4, 2.4], z2 = 0.75
Collins ratios: UL = 0.645619  UC = 0.242549  U = 0.373034  L = -0.272585
 --> Integration time=1208.27s, neval=100000000
 --> kT integration time=1208.27s, neval=100000000
Running scan for  iset = 1012, kT =[10, 30], etaq = [-2.4, 2.4], z2 = 0.8
Collins ratios: UL = 0.631856  UC = 0.229979  U = 0.374852  L = -0.257003
 --> Integration time=1209.22s, neval=100000000
 --> kT integration time=1209.22s, neval=100000000
Running scan for  iset = 1013, kT =[10, 30], etaq = [-2.4, 2.4], z2 = 0.1
Collins ratios: UL = 0.380193  UC = 0.179035  U = 0.298095  L = -0.0820982
 --> Integration time=1218.69s, neval=100000000
 --> kT integration time=1218.69s, neval=100000000
Running scan for  iset = 1013, kT =[10, 30], etaq = [-2.4, 2.4], z2 = 0.15
Collins ratios: UL = 0.392134  UC = 0.186044  U = 0.298324  L = -0.0938097
 --> Integration time=1210.19s, neval=100000000
 --> kT integration time=1210.19s, neval=100000000
Running scan for  iset = 1013, kT =[10, 30], etaq = [-2.4, 2.4], z2 = 0.2
Collins ratios: UL = 0.415095  UC = 0.196373  U = 0.303487  L = -0.111608
 --> Integration time=1209.16s, neval=100000000
 --> kT integration time=1209.16s, neval=100000000
Running scan for  iset = 1013, kT =[10, 30], etaq = [-2.4, 2.4], z2 = 0.25
Collins ratios: UL = 0.446072  UC = 0.20836  U = 0.312726  L = -0.133345
 --> Integration time=1215.3s, neval=100000000
 --> kT integration time=1215.3s, neval=100000000
Running scan for  iset = 1013, kT =[10, 30], etaq = [-2.4, 2.4], z2 = 0.3
Collins ratios: UL = 0.479821  UC = 0.220166  U = 0.323442  L = -0.156379
 --> Integration time=1208.96s, neval=100000000
 --> kT integration time=1208.96s, neval=100000000
Running scan for  iset = 1013, kT =[10, 30], etaq = [-2.4, 2.4], z2 = 0.35
Collins ratios: UL = 0.512714  UC = 0.230973  U = 0.333671  L = -0.179043
 --> Integration time=1200.76s, neval=100000000
 --> kT integration time=1200.76s, neval=100000000
Running scan for  iset = 1013, kT =[10, 30], etaq = [-2.4, 2.4], z2 = 0.4
Collins ratios: UL = 0.543436  UC = 0.240833  U = 0.342645  L = -0.200791
 --> Integration time=1209.08s, neval=100000000
 --> kT integration time=1209.08s, neval=100000000
Running scan for  iset = 1013, kT =[10, 30], etaq = [-2.4, 2.4], z2 = 0.45
Collins ratios: UL = 0.572233  UC = 0.249935  U = 0.350558  L = -0.221675
 --> Integration time=1194.57s, neval=100000000
 --> kT integration time=1194.57s, neval=100000000
Running scan for  iset = 1013, kT =[10, 30], etaq = [-2.4, 2.4], z2 = 0.5
Collins ratios: UL = 0.59943  UC = 0.257919  U = 0.358005  L = -0.241425
 --> Integration time=1207.29s, neval=100000000
 --> kT integration time=1207.29s, neval=100000000
Running scan for  iset = 1013, kT =[10, 30], etaq = [-2.4, 2.4], z2 = 0.55
Collins ratios: UL = 0.62429  UC = 0.263764  U = 0.365377  L = -0.258913
 --> Integration time=1218.6s, neval=100000000
 --> kT integration time=1218.6s, neval=100000000
Running scan for  iset = 1013, kT =[10, 30], etaq = [-2.4, 2.4], z2 = 0.6
Collins ratios: UL = 0.644761  UC = 0.266094  U = 0.372626  L = -0.272135
 --> Integration time=1207.14s, neval=100000000
 --> kT integration time=1207.14s, neval=100000000
Running scan for  iset = 1013, kT =[10, 30], etaq = [-2.4, 2.4], z2 = 0.65
Collins ratios: UL = 0.658444  UC = 0.264146  U = 0.37924  L = -0.279204
 --> Integration time=1206.59s, neval=100000000
 --> kT integration time=1206.59s, neval=100000000
Running scan for  iset = 1013, kT =[10, 30], etaq = [-2.4, 2.4], z2 = 0.7
Collins ratios: UL = 0.663207  UC = 0.25763  U = 0.38476  L = -0.278447
 --> Integration time=1218.48s, neval=100000000
 --> kT integration time=1218.48s, neval=100000000
Running scan for  iset = 1013, kT =[10, 30], etaq = [-2.4, 2.4], z2 = 0.75
Collins ratios: UL = 0.65839  UC = 0.247347  U = 0.38883  L = -0.26956
 --> Integration time=1216.42s, neval=100000000
 --> kT integration time=1216.42s, neval=100000000
Running scan for  iset = 1013, kT =[10, 30], etaq = [-2.4, 2.4], z2 = 0.8
Collins ratios: UL = 0.645242  UC = 0.234851  U = 0.391383  L = -0.253858
 --> Integration time=1214.33s, neval=100000000
 --> kT integration time=1214.33s, neval=100000000
Running scan for  iset = 1014, kT =[10, 30], etaq = [-2.4, 2.4], z2 = 0.1
Collins ratios: UL = 0.454727  UC = 0.214133  U = 0.380148  L = -0.074579
 --> Integration time=1215.74s, neval=100000000
 --> kT integration time=1215.74s, neval=100000000
Running scan for  iset = 1014, kT =[10, 30], etaq = [-2.4, 2.4], z2 = 0.15
Collins ratios: UL = 0.463905  UC = 0.220095  U = 0.378511  L = -0.0853938
 --> Integration time=1214.4s, neval=100000000
 --> kT integration time=1214.4s, neval=100000000
Running scan for  iset = 1014, kT =[10, 30], etaq = [-2.4, 2.4], z2 = 0.2
Collins ratios: UL = 0.486229  UC = 0.230025  U = 0.383136  L = -0.103093
 --> Integration time=1212.68s, neval=100000000
 --> kT integration time=1212.68s, neval=100000000
Running scan for  iset = 1014, kT =[10, 30], etaq = [-2.4, 2.4], z2 = 0.25
Collins ratios: UL = 0.518716  UC = 0.242293  U = 0.393237  L = -0.125479
 --> Integration time=1218.29s, neval=100000000
 --> kT integration time=1218.29s, neval=100000000
Running scan for  iset = 1014, kT =[10, 30], etaq = [-2.4, 2.4], z2 = 0.3
Collins ratios: UL = 0.555296  UC = 0.254797  U = 0.405563  L = -0.149733
 --> Integration time=1212.53s, neval=100000000
 --> kT integration time=1212.53s, neval=100000000
Running scan for  iset = 1014, kT =[10, 30], etaq = [-2.4, 2.4], z2 = 0.35
