DEHSS	NLO
Set EPA flux for Pb
Running scan for  iset = 1000, kT =[10, 30], etaq = [-2.4, 2.4], z2 = 0.1
Collins ratios: UL = 0.287432  UC = 0.139082  U = 0.266722  L = -0.0207098
 --> Integration time=1345.3s, neval=100000000
 --> kT integration time=1345.3s, neval=100000000
Running scan for  iset = 1000, kT =[10, 30], etaq = [-2.4, 2.4], z2 = 0.15
Collins ratios: UL = 0.296487  UC = 0.144044  U = 0.264416  L = -0.0320711
 --> Integration time=1333.12s, neval=100000000
 --> kT integration time=1333.12s, neval=100000000
Running scan for  iset = 1000, kT =[10, 30], etaq = [-2.4, 2.4], z2 = 0.2
Collins ratios: UL = 0.314028  UC = 0.152327  U = 0.267104  L = -0.0469245
 --> Integration time=1331.98s, neval=100000000
 --> kT integration time=1331.98s, neval=100000000
Running scan for  iset = 1000, kT =[10, 30], etaq = [-2.4, 2.4], z2 = 0.25
Collins ratios: UL = 0.337638  UC = 0.162655  U = 0.27439  L = -0.063248
 --> Integration time=1299.43s, neval=100000000
 --> kT integration time=1299.43s, neval=100000000
Running scan for  iset = 1000, kT =[10, 30], etaq = [-2.4, 2.4], z2 = 0.3
Collins ratios: UL = 0.36315  UC = 0.173276  U = 0.283744  L = -0.0794057
 --> Integration time=1285.47s, neval=100000000
 --> kT integration time=1285.47s, neval=100000000
Running scan for  iset = 1000, kT =[10, 30], etaq = [-2.4, 2.4], z2 = 0.35
Collins ratios: UL = 0.387734  UC = 0.183197  U = 0.292975  L = -0.0947595
 --> Integration time=1316.74s, neval=100000000
 --> kT integration time=1316.74s, neval=100000000
Running scan for  iset = 1000, kT =[10, 30], etaq = [-2.4, 2.4], z2 = 0.4
Collins ratios: UL = 0.410425  UC = 0.192238  U = 0.301032  L = -0.109393
 --> Integration time=1306.28s, neval=100000000
 --> kT integration time=1306.28s, neval=100000000
Running scan for  iset = 1000, kT =[10, 30], etaq = [-2.4, 2.4], z2 = 0.45
Collins ratios: UL = 0.431464  UC = 0.200547  U = 0.308066  L = -0.123397
 --> Integration time=1303.94s, neval=100000000
 --> kT integration time=1303.94s, neval=100000000
Running scan for  iset = 1000, kT =[10, 30], etaq = [-2.4, 2.4], z2 = 0.5
Collins ratios: UL = 0.451096  UC = 0.20803  U = 0.314985  L = -0.136111
 --> Integration time=1294.57s, neval=100000000
 --> kT integration time=1294.57s, neval=100000000
Running scan for  iset = 1000, kT =[10, 30], etaq = [-2.4, 2.4], z2 = 0.55
Collins ratios: UL = 0.468711  UC = 0.21411  U = 0.322705  L = -0.146006
 --> Integration time=1305.53s, neval=100000000
 --> kT integration time=1305.53s, neval=100000000
Running scan for  iset = 1000, kT =[10, 30], etaq = [-2.4, 2.4], z2 = 0.6
Collins ratios: UL = 0.482693  UC = 0.21784  U = 0.331683  L = -0.151011
 --> Integration time=1266.17s, neval=100000000
 --> kT integration time=1266.17s, neval=100000000
Running scan for  iset = 1000, kT =[10, 30], etaq = [-2.4, 2.4], z2 = 0.65
Collins ratios: UL = 0.491274  UC = 0.218524  U = 0.341491  L = -0.149783
 --> Integration time=1294.2s, neval=100000000
 --> kT integration time=1294.2s, neval=100000000
Running scan for  iset = 1000, kT =[10, 30], etaq = [-2.4, 2.4], z2 = 0.7
Collins ratios: UL = 0.493001  UC = 0.21576  U = 0.35155  L = -0.141451
 --> Integration time=1274.61s, neval=100000000
 --> kT integration time=1274.61s, neval=100000000
Running scan for  iset = 1000, kT =[10, 30], etaq = [-2.4, 2.4], z2 = 0.75
Collins ratios: UL = 0.487688  UC = 0.209913  U = 0.360999  L = -0.126689
 --> Integration time=1299.96s, neval=100000000
 --> kT integration time=1299.96s, neval=100000000
Running scan for  iset = 1000, kT =[10, 30], etaq = [-2.4, 2.4], z2 = 0.8
Collins ratios: UL = 0.476615  UC = 0.201983  U = 0.369113  L = -0.107502
 --> Integration time=1297.47s, neval=100000000
 --> kT integration time=1297.47s, neval=100000000
Running scan for  iset = 1001, kT =[10, 30], etaq = [-2.4, 2.4], z2 = 0.1
Collins ratios: UL = 0.325768  UC = 0.157632  U = 0.311869  L = -0.0138989
 --> Integration time=1306.76s, neval=100000000
 --> kT integration time=1306.76s, neval=100000000
Running scan for  iset = 1001, kT =[10, 30], etaq = [-2.4, 2.4], z2 = 0.15
Collins ratios: UL = 0.333605  UC = 0.162078  U = 0.3087  L = -0.0249049
 --> Integration time=1309.16s, neval=100000000
 --> kT integration time=1309.16s, neval=100000000
Running scan for  iset = 1001, kT =[10, 30], etaq = [-2.4, 2.4], z2 = 0.2
Collins ratios: UL = 0.351468  UC = 0.170488  U = 0.311381  L = -0.040087
 --> Integration time=1293.19s, neval=100000000
 --> kT integration time=1293.19s, neval=100000000
Running scan for  iset = 1001, kT =[10, 30], etaq = [-2.4, 2.4], z2 = 0.25
Collins ratios: UL = 0.376851  UC = 0.181546  U = 0.319513  L = -0.0573383
 --> Integration time=1302.87s, neval=100000000
 --> kT integration time=1302.87s, neval=100000000
Running scan for  iset = 1001, kT =[10, 30], etaq = [-2.4, 2.4], z2 = 0.3
Collins ratios: UL = 0.405003  UC = 0.193245  U = 0.33015  L = -0.0748532
 --> Integration time=1335.94s, neval=100000000
 --> kT integration time=1335.94s, neval=100000000
Running scan for  iset = 1001, kT =[10, 30], etaq = [-2.4, 2.4], z2 = 0.35
Collins ratios: UL = 0.432551  UC = 0.204372  U = 0.340702  L = -0.0918496
 --> Integration time=1313.64s, neval=100000000
 --> kT integration time=1313.64s, neval=100000000
Running scan for  iset = 1001, kT =[10, 30], etaq = [-2.4, 2.4], z2 = 0.4
Collins ratios: UL = 0.458247  UC = 0.214637  U = 0.349911  L = -0.108336
 --> Integration time=1293.77s, neval=100000000
 --> kT integration time=1293.77s, neval=100000000
Running scan for  iset = 1001, kT =[10, 30], etaq = [-2.4, 2.4], z2 = 0.45
Collins ratios: UL = 0.482313  UC = 0.224182  U = 0.357947  L = -0.124367
 --> Integration time=1283.22s, neval=100000000
 --> kT integration time=1283.22s, neval=100000000
Running scan for  iset = 1001, kT =[10, 30], etaq = [-2.4, 2.4], z2 = 0.5
Collins ratios: UL = 0.505093  UC = 0.232932  U = 0.365902  L = -0.139191
 --> Integration time=1331.04s, neval=100000000
 --> kT integration time=1331.04s, neval=100000000
Running scan for  iset = 1001, kT =[10, 30], etaq = [-2.4, 2.4], z2 = 0.55
Collins ratios: UL = 0.525983  UC = 0.240272  U = 0.374904  L = -0.151079
 --> Integration time=1317s, neval=100000000
 --> kT integration time=1317s, neval=100000000
Running scan for  iset = 1001, kT =[10, 30], etaq = [-2.4, 2.4], z2 = 0.6
Collins ratios: UL = 0.543178  UC = 0.245137  U = 0.385537  L = -0.157641
 --> Integration time=1308.65s, neval=100000000
 --> kT integration time=1308.65s, neval=100000000
Running scan for  iset = 1001, kT =[10, 30], etaq = [-2.4, 2.4], z2 = 0.65
Collins ratios: UL = 0.554549  UC = 0.246669  U = 0.397309  L = -0.15724
 --> Integration time=1320.5s, neval=100000000
 --> kT integration time=1320.5s, neval=100000000
Running scan for  iset = 1001, kT =[10, 30], etaq = [-2.4, 2.4], z2 = 0.7
Collins ratios: UL = 0.558263  UC = 0.244322  U = 0.409525  L = -0.148738
 --> Integration time=1322.56s, neval=100000000
 --> kT integration time=1322.56s, neval=100000000
Running scan for  iset = 1001, kT =[10, 30], etaq = [-2.4, 2.4], z2 = 0.75
Collins ratios: UL = 0.553871  UC = 0.2384  U = 0.421126  L = -0.132745
 --> Integration time=1302.68s, neval=100000000
 --> kT integration time=1302.68s, neval=100000000
Running scan for  iset = 1001, kT =[10, 30], etaq = [-2.4, 2.4], z2 = 0.8
Collins ratios: UL = 0.542617  UC = 0.229954  U = 0.431193  L = -0.111424
 --> Integration time=1273.7s, neval=100000000
 --> kT integration time=1273.7s, neval=100000000
Running scan for  iset = 1002, kT =[10, 30], etaq = [-2.4, 2.4], z2 = 0.1
Collins ratios: UL = 0.336248  UC = 0.162704  U = 0.32816  L = -0.00808789
 --> Integration time=1327.68s, neval=100000000
 --> kT integration time=1327.68s, neval=100000000
Running scan for  iset = 1002, kT =[10, 30], etaq = [-2.4, 2.4], z2 = 0.15
Collins ratios: UL = 0.342701  UC = 0.166497  U = 0.324569  L = -0.0181321
 --> Integration time=1273.5s, neval=100000000
 --> kT integration time=1273.5s, neval=100000000
Running scan for  iset = 1002, kT =[10, 30], etaq = [-2.4, 2.4], z2 = 0.2
Collins ratios: UL = 0.359746  UC = 0.174504  U = 0.327129  L = -0.0326169
 --> Integration time=1316.23s, neval=100000000
 --> kT integration time=1316.23s, neval=100000000
Running scan for  iset = 1002, kT =[10, 30], etaq = [-2.4, 2.4], z2 = 0.25
Collins ratios: UL = 0.384982  UC = 0.185463  U = 0.33546  L = -0.0495222
 --> Integration time=1306.16s, neval=100000000
 --> kT integration time=1306.16s, neval=100000000
Running scan for  iset = 1002, kT =[10, 30], etaq = [-2.4, 2.4], z2 = 0.3
Collins ratios: UL = 0.413507  UC = 0.197303  U = 0.346472  L = -0.0670347
 --> Integration time=1311.87s, neval=100000000
 --> kT integration time=1311.87s, neval=100000000
Running scan for  iset = 1002, kT =[10, 30], etaq = [-2.4, 2.4], z2 = 0.35
Collins ratios: UL = 0.44174  UC = 0.208713  U = 0.357426  L = -0.0843138
 --> Integration time=1310.24s, neval=100000000
 --> kT integration time=1310.24s, neval=100000000
Running scan for  iset = 1002, kT =[10, 30], etaq = [-2.4, 2.4], z2 = 0.4
Collins ratios: UL = 0.468295  UC = 0.219343  U = 0.366984  L = -0.101311
 --> Integration time=1292.23s, neval=100000000
 --> kT integration time=1292.23s, neval=100000000
Running scan for  iset = 1002, kT =[10, 30], etaq = [-2.4, 2.4], z2 = 0.45
Collins ratios: UL = 0.493369  UC = 0.229321  U = 0.37532  L = -0.118049
 --> Integration time=1289.7s, neval=100000000
 --> kT integration time=1289.7s, neval=100000000
Running scan for  iset = 1002, kT =[10, 30], etaq = [-2.4, 2.4], z2 = 0.5
Collins ratios: UL = 0.517353  UC = 0.238586  U = 0.383603  L = -0.133751
 --> Integration time=1311.99s, neval=100000000
 --> kT integration time=1311.99s, neval=100000000
Running scan for  iset = 1002, kT =[10, 30], etaq = [-2.4, 2.4], z2 = 0.55
Collins ratios: UL = 0.539672  UC = 0.246525  U = 0.39305  L = -0.146622
 --> Integration time=1289.31s, neval=100000000
 --> kT integration time=1289.31s, neval=100000000
Running scan for  iset = 1002, kT =[10, 30], etaq = [-2.4, 2.4], z2 = 0.6
Collins ratios: UL = 0.558456  UC = 0.252032  U = 0.404306  L = -0.15415
 --> Integration time=1314.72s, neval=100000000
 --> kT integration time=1314.72s, neval=100000000
Running scan for  iset = 1002, kT =[10, 30], etaq = [-2.4, 2.4], z2 = 0.65
Collins ratios: UL = 0.571395  UC = 0.254162  U = 0.416859  L = -0.154536
 --> Integration time=1305.33s, neval=100000000
 --> kT integration time=1305.33s, neval=100000000
Running scan for  iset = 1002, kT =[10, 30], etaq = [-2.4, 2.4], z2 = 0.7
Collins ratios: UL = 0.576445  UC = 0.252279  U = 0.42997  L = -0.146474
 --> Integration time=1300.34s, neval=100000000
 --> kT integration time=1300.34s, neval=100000000
Running scan for  iset = 1002, kT =[10, 30], etaq = [-2.4, 2.4], z2 = 0.75
Collins ratios: UL = 0.572957  UC = 0.246615  U = 0.442493  L = -0.130464
 --> Integration time=1313.47s, neval=100000000
 --> kT integration time=1313.47s, neval=100000000
Running scan for  iset = 1002, kT =[10, 30], etaq = [-2.4, 2.4], z2 = 0.8
Collins ratios: UL = 0.562079  UC = 0.238201  U = 0.453419  L = -0.10866
 --> Integration time=1321.42s, neval=100000000
 --> kT integration time=1321.42s, neval=100000000
Running scan for  iset = 1003, kT =[10, 30], etaq = [-2.4, 2.4], z2 = 0.1
Collins ratios: UL = 0.324866  UC = 0.157196  U = 0.309487  L = -0.0153791
 --> Integration time=1313.37s, neval=100000000
 --> kT integration time=1313.37s, neval=100000000
Running scan for  iset = 1003, kT =[10, 30], etaq = [-2.4, 2.4], z2 = 0.15
Collins ratios: UL = 0.332762  UC = 0.161669  U = 0.306384  L = -0.0263784
 --> Integration time=1293.37s, neval=100000000
 --> kT integration time=1293.37s, neval=100000000
Running scan for  iset = 1003, kT =[10, 30], etaq = [-2.4, 2.4], z2 = 0.2
Collins ratios: UL = 0.350327  UC = 0.169935  U = 0.309066  L = -0.0412606
 --> Integration time=1303.82s, neval=100000000
 --> kT integration time=1303.82s, neval=100000000
Running scan for  iset = 1003, kT =[10, 30], etaq = [-2.4, 2.4], z2 = 0.25
Collins ratios: UL = 0.375085  UC = 0.180695  U = 0.317135  L = -0.0579501
 --> Integration time=1307.39s, neval=100000000
 --> kT integration time=1307.39s, neval=100000000
Running scan for  iset = 1003, kT =[10, 30], etaq = [-2.4, 2.4], z2 = 0.3
Collins ratios: UL = 0.402378  UC = 0.191993  U = 0.327673  L = -0.0747054
 --> Integration time=1295.26s, neval=100000000
 --> kT integration time=1295.26s, neval=100000000
Running scan for  iset = 1003, kT =[10, 30], etaq = [-2.4, 2.4], z2 = 0.35
Collins ratios: UL = 0.42891  UC = 0.202652  U = 0.338114  L = -0.0907961
 --> Integration time=1303.64s, neval=100000000
 --> kT integration time=1303.64s, neval=100000000
Running scan for  iset = 1003, kT =[10, 30], etaq = [-2.4, 2.4], z2 = 0.4
Collins ratios: UL = 0.453471  UC = 0.2124  U = 0.347216  L = -0.106255
 --> Integration time=1296.25s, neval=100000000
 --> kT integration time=1296.25s, neval=100000000
Running scan for  iset = 1003, kT =[10, 30], etaq = [-2.4, 2.4], z2 = 0.45
Collins ratios: UL = 0.476305  UC = 0.22139  U = 0.355148  L = -0.121157
 --> Integration time=1302.13s, neval=100000000
 --> kT integration time=1302.13s, neval=100000000
Running scan for  iset = 1003, kT =[10, 30], etaq = [-2.4, 2.4], z2 = 0.5
Collins ratios: UL = 0.497815  UC = 0.229575  U = 0.362995  L = -0.134821
 --> Integration time=1313.28s, neval=100000000
 --> kT integration time=1313.28s, neval=100000000
Running scan for  iset = 1003, kT =[10, 30], etaq = [-2.4, 2.4], z2 = 0.55
Collins ratios: UL = 0.517531  UC = 0.236411  U = 0.371879  L = -0.145652
 --> Integration time=1286.58s, neval=100000000
 --> kT integration time=1286.58s, neval=100000000
Running scan for  iset = 1003, kT =[10, 30], etaq = [-2.4, 2.4], z2 = 0.6
Collins ratios: UL = 0.533847  UC = 0.240925  U = 0.382385  L = -0.151461
 --> Integration time=1301.78s, neval=100000000
 --> kT integration time=1301.78s, neval=100000000
Running scan for  iset = 1003, kT =[10, 30], etaq = [-2.4, 2.4], z2 = 0.65
Collins ratios: UL = 0.544815  UC = 0.242339  U = 0.394034  L = -0.150781
 --> Integration time=1291.26s, neval=100000000
 --> kT integration time=1291.26s, neval=100000000
Running scan for  iset = 1003, kT =[10, 30], etaq = [-2.4, 2.4], z2 = 0.7
Collins ratios: UL = 0.548759  UC = 0.240162  U = 0.40614  L = -0.142619
 --> Integration time=1298.94s, neval=100000000
 --> kT integration time=1298.94s, neval=100000000
Running scan for  iset = 1003, kT =[10, 30], etaq = [-2.4, 2.4], z2 = 0.75
Collins ratios: UL = 0.545257  UC = 0.234692  U = 0.417656  L = -0.127601
 --> Integration time=1297.98s, neval=100000000
 --> kT integration time=1297.98s, neval=100000000
Running scan for  iset = 1003, kT =[10, 30], etaq = [-2.4, 2.4], z2 = 0.8
Collins ratios: UL = 0.535438  UC = 0.226911  U = 0.427667  L = -0.107771
 --> Integration time=1294.42s, neval=100000000
 --> kT integration time=1294.42s, neval=100000000
Running scan for  iset = 1004, kT =[10, 30], etaq = [-2.4, 2.4], z2 = 0.1
Collins ratios: UL = 0.358376  UC = 0.173411  U = 0.358437  L = 6.09939e-05
 --> Integration time=1387.77s, neval=100000000
 --> kT integration time=1387.77s, neval=100000000
Running scan for  iset = 1004, kT =[10, 30], etaq = [-2.4, 2.4], z2 = 0.15
Collins ratios: UL = 0.362852  UC = 0.176287  U = 0.354214  L = -0.00863749
 --> Integration time=1288.48s, neval=100000000
 --> kT integration time=1288.48s, neval=100000000
Running scan for  iset = 1004, kT =[10, 30], etaq = [-2.4, 2.4], z2 = 0.2
Collins ratios: UL = 0.378879  UC = 0.183785  U = 0.356692  L = -0.0221867
 --> Integration time=1292.55s, neval=100000000
 --> kT integration time=1292.55s, neval=100000000
Running scan for  iset = 1004, kT =[10, 30], etaq = [-2.4, 2.4], z2 = 0.25
Collins ratios: UL = 0.40422  UC = 0.194731  U = 0.365505  L = -0.0387154
 --> Integration time=1339.17s, neval=100000000
 --> kT integration time=1339.17s, neval=100000000
Running scan for  iset = 1004, kT =[10, 30], etaq = [-2.4, 2.4], z2 = 0.3
Collins ratios: UL = 0.433699  UC = 0.206938  U = 0.377293  L = -0.0564067
 --> Integration time=1297.42s, neval=100000000
 --> kT integration time=1297.42s, neval=100000000
Running scan for  iset = 1004, kT =[10, 30], etaq = [-2.4, 2.4], z2 = 0.35
Collins ratios: UL = 0.463391  UC = 0.218943  U = 0.389053  L = -0.0743375
 --> Integration time=1318.79s, neval=100000000
 --> kT integration time=1318.79s, neval=100000000
Running scan for  iset = 1004, kT =[10, 30], etaq = [-2.4, 2.4], z2 = 0.4
Collins ratios: UL = 0.491687  UC = 0.2303  U = 0.399307  L = -0.0923799
 --> Integration time=1301.98s, neval=100000000
 --> kT integration time=1301.98s, neval=100000000
Running scan for  iset = 1004, kT =[10, 30], etaq = [-2.4, 2.4], z2 = 0.45
Collins ratios: UL = 0.518757  UC = 0.241121  U = 0.408241  L = -0.110515
 --> Integration time=1296.41s, neval=100000000
 --> kT integration time=1296.41s, neval=100000000
Running scan for  iset = 1004, kT =[10, 30], etaq = [-2.4, 2.4], z2 = 0.5
Collins ratios: UL = 0.545075  UC = 0.25137  U = 0.417157  L = -0.127919
 --> Integration time=1305.84s, neval=100000000
 --> kT integration time=1305.84s, neval=100000000
Running scan for  iset = 1004, kT =[10, 30], etaq = [-2.4, 2.4], z2 = 0.55
Collins ratios: UL = 0.570092  UC = 0.260421  U = 0.427423  L = -0.142669
 --> Integration time=1288.09s, neval=100000000
 --> kT integration time=1288.09s, neval=100000000
Running scan for  iset = 1004, kT =[10, 30], etaq = [-2.4, 2.4], z2 = 0.6
Collins ratios: UL = 0.59179  UC = 0.267075  U = 0.439786  L = -0.152004
 --> Integration time=1284.74s, neval=100000000
 --> kT integration time=1284.74s, neval=100000000
Running scan for  iset = 1004, kT =[10, 30], etaq = [-2.4, 2.4], z2 = 0.65
Collins ratios: UL = 0.607508  UC = 0.270225  U = 0.453692  L = -0.153816
 --> Integration time=1312.44s, neval=100000000
 --> kT integration time=1312.44s, neval=100000000
Running scan for  iset = 1004, kT =[10, 30], etaq = [-2.4, 2.4], z2 = 0.7
Collins ratios: UL = 0.614801  UC = 0.269065  U = 0.468328  L = -0.146473
 --> Integration time=1278.38s, neval=100000000
 --> kT integration time=1278.38s, neval=100000000
Running scan for  iset = 1004, kT =[10, 30], etaq = [-2.4, 2.4], z2 = 0.75
Collins ratios: UL = 0.612672  UC = 0.263709  U = 0.482403  L = -0.13027
 --> Integration time=1297.48s, neval=100000000
 --> kT integration time=1297.48s, neval=100000000
Running scan for  iset = 1004, kT =[10, 30], etaq = [-2.4, 2.4], z2 = 0.8
Collins ratios: UL = 0.602114  UC = 0.255168  U = 0.494761  L = -0.107353
 --> Integration time=1286.56s, neval=100000000
 --> kT integration time=1286.56s, neval=100000000
Running scan for  iset = 1005, kT =[10, 30], etaq = [-2.4, 2.4], z2 = 0.1
Collins ratios: UL = 0.272768  UC = 0.131987  U = 0.250298  L = -0.02247
 --> Integration time=1309.41s, neval=100000000
 --> kT integration time=1309.41s, neval=100000000
Running scan for  iset = 1005, kT =[10, 30], etaq = [-2.4, 2.4], z2 = 0.15
Collins ratios: UL = 0.282475  UC = 0.137237  U = 0.248333  L = -0.0341418
 --> Integration time=1288.29s, neval=100000000
 --> kT integration time=1288.29s, neval=100000000
Running scan for  iset = 1005, kT =[10, 30], etaq = [-2.4, 2.4], z2 = 0.2
Collins ratios: UL = 0.300427  UC = 0.14573  U = 0.251077  L = -0.0493494
 --> Integration time=1293.23s, neval=100000000
 --> kT integration time=1293.23s, neval=100000000
Running scan for  iset = 1005, kT =[10, 30], etaq = [-2.4, 2.4], z2 = 0.25
Collins ratios: UL = 0.324174  UC = 0.156169  U = 0.258126  L = -0.0660473
 --> Integration time=1303.09s, neval=100000000
 --> kT integration time=1303.09s, neval=100000000
Running scan for  iset = 1005, kT =[10, 30], etaq = [-2.4, 2.4], z2 = 0.3
Collins ratios: UL = 0.349682  UC = 0.166849  U = 0.267094  L = -0.0825878
 --> Integration time=1296.02s, neval=100000000
 --> kT integration time=1296.02s, neval=100000000
Running scan for  iset = 1005, kT =[10, 30], etaq = [-2.4, 2.4], z2 = 0.35
Collins ratios: UL = 0.374263  UC = 0.176832  U = 0.275928  L = -0.0983353
 --> Integration time=1296.56s, neval=100000000
 --> kT integration time=1296.56s, neval=100000000
Running scan for  iset = 1005, kT =[10, 30], etaq = [-2.4, 2.4], z2 = 0.4
Collins ratios: UL = 0.397038  UC = 0.185967  U = 0.283655  L = -0.113383
 --> Integration time=1321.12s, neval=100000000
 --> kT integration time=1321.12s, neval=100000000
Running scan for  iset = 1005, kT =[10, 30], etaq = [-2.4, 2.4], z2 = 0.45
Collins ratios: UL = 0.418232  UC = 0.194397  U = 0.290416  L = -0.127816
 --> Integration time=1277.99s, neval=100000000
 --> kT integration time=1277.99s, neval=100000000
Running scan for  iset = 1005, kT =[10, 30], etaq = [-2.4, 2.4], z2 = 0.5
Collins ratios: UL = 0.43798  UC = 0.201981  U = 0.297045  L = -0.140934
 --> Integration time=1290.08s, neval=100000000
 --> kT integration time=1290.08s, neval=100000000
Running scan for  iset = 1005, kT =[10, 30], etaq = [-2.4, 2.4], z2 = 0.55
Collins ratios: UL = 0.455504  UC = 0.208077  U = 0.304369  L = -0.151135
 --> Integration time=1303.75s, neval=100000000
 --> kT integration time=1303.75s, neval=100000000
Running scan for  iset = 1005, kT =[10, 30], etaq = [-2.4, 2.4], z2 = 0.6
Collins ratios: UL = 0.469038  UC = 0.211677  U = 0.312781  L = -0.156257
 --> Integration time=1293.46s, neval=100000000
 --> kT integration time=1293.46s, neval=100000000
Running scan for  iset = 1005, kT =[10, 30], etaq = [-2.4, 2.4], z2 = 0.65
Collins ratios: UL = 0.476768  UC = 0.212071  U = 0.321866  L = -0.154902
 --> Integration time=1322.37s, neval=100000000
 --> kT integration time=1322.37s, neval=100000000
Running scan for  iset = 1005, kT =[10, 30], etaq = [-2.4, 2.4], z2 = 0.7
Collins ratios: UL = 0.47724  UC = 0.208862  U = 0.331081  L = -0.146159
 --> Integration time=1293.72s, neval=100000000
 --> kT integration time=1293.72s, neval=100000000
Running scan for  iset = 1005, kT =[10, 30], etaq = [-2.4, 2.4], z2 = 0.75
Collins ratios: UL = 0.470373  UC = 0.20246  U = 0.339646  L = -0.130727
 --> Integration time=1287.93s, neval=100000000
 --> kT integration time=1287.93s, neval=100000000
Running scan for  iset = 1005, kT =[10, 30], etaq = [-2.4, 2.4], z2 = 0.8
Collins ratios: UL = 0.457613  UC = 0.19393  U = 0.34692  L = -0.110693
 --> Integration time=1307.3s, neval=100000000
 --> kT integration time=1307.3s, neval=100000000
Running scan for  iset = 1006, kT =[10, 30], etaq = [-2.4, 2.4], z2 = 0.1
Collins ratios: UL = 0.30239  UC = 0.146321  U = 0.28573  L = -0.0166603
 --> Integration time=1295.34s, neval=100000000
 --> kT integration time=1295.34s, neval=100000000
Running scan for  iset = 1006, kT =[10, 30], etaq = [-2.4, 2.4], z2 = 0.15
Collins ratios: UL = 0.310704  UC = 0.150952  U = 0.283005  L = -0.0276997
 --> Integration time=1271.94s, neval=100000000
 --> kT integration time=1271.94s, neval=100000000
Running scan for  iset = 1006, kT =[10, 30], etaq = [-2.4, 2.4], z2 = 0.2
Collins ratios: UL = 0.328235  UC = 0.159219  U = 0.285641  L = -0.0425935
 --> Integration time=1284.67s, neval=100000000
 --> kT integration time=1284.67s, neval=100000000
Running scan for  iset = 1006, kT =[10, 30], etaq = [-2.4, 2.4], z2 = 0.25
Collins ratios: UL = 0.352542  UC = 0.169836  U = 0.29325  L = -0.0592924
 --> Integration time=1319.7s, neval=100000000
 --> kT integration time=1319.7s, neval=100000000
Running scan for  iset = 1006, kT =[10, 30], etaq = [-2.4, 2.4], z2 = 0.3
Collins ratios: UL = 0.379206  UC = 0.180937  U = 0.303125  L = -0.0760812
 --> Integration time=1282.54s, neval=100000000
 --> kT integration time=1282.54s, neval=100000000
Running scan for  iset = 1006, kT =[10, 30], etaq = [-2.4, 2.4], z2 = 0.35
Collins ratios: UL = 0.405147  UC = 0.191424  U = 0.312901  L = -0.0922462
 --> Integration time=1298.21s, neval=100000000
 --> kT integration time=1298.21s, neval=100000000
Running scan for  iset = 1006, kT =[10, 30], etaq = [-2.4, 2.4], z2 = 0.4
Collins ratios: UL = 0.429263  UC = 0.201061  U = 0.321437  L = -0.107826
 --> Integration time=1330.4s, neval=100000000
 --> kT integration time=1330.4s, neval=100000000
Running scan for  iset = 1006, kT =[10, 30], etaq = [-2.4, 2.4], z2 = 0.45
Collins ratios: UL = 0.451779  UC = 0.20999  U = 0.32889  L = -0.122889
 --> Integration time=1288.88s, neval=100000000
 --> kT integration time=1288.88s, neval=100000000
Running scan for  iset = 1006, kT =[10, 30], etaq = [-2.4, 2.4], z2 = 0.5
Collins ratios: UL = 0.47297  UC = 0.218118  U = 0.336248  L = -0.136722
 --> Integration time=1300.78s, neval=100000000
 --> kT integration time=1300.78s, neval=100000000
Running scan for  iset = 1006, kT =[10, 30], etaq = [-2.4, 2.4], z2 = 0.55
Collins ratios: UL = 0.492208  UC = 0.224843  U = 0.344521  L = -0.147687
 --> Integration time=1304.96s, neval=100000000
 --> kT integration time=1304.96s, neval=100000000
Running scan for  iset = 1006, kT =[10, 30], etaq = [-2.4, 2.4], z2 = 0.6
Collins ratios: UL = 0.507763  UC = 0.229154  U = 0.354222  L = -0.153541
 --> Integration time=1322.2s, neval=100000000
 --> kT integration time=1322.2s, neval=100000000
Running scan for  iset = 1006, kT =[10, 30], etaq = [-2.4, 2.4], z2 = 0.65
Collins ratios: UL = 0.517674  UC = 0.230266  U = 0.364895  L = -0.152779
 --> Integration time=1275.43s, neval=100000000
 --> kT integration time=1275.43s, neval=100000000
Running scan for  iset = 1006, kT =[10, 30], etaq = [-2.4, 2.4], z2 = 0.7
Collins ratios: UL = 0.52029  UC = 0.227703  U = 0.375908  L = -0.144382
 --> Integration time=1309.61s, neval=100000000
 --> kT integration time=1309.61s, neval=100000000
Running scan for  iset = 1006, kT =[10, 30], etaq = [-2.4, 2.4], z2 = 0.75
Collins ratios: UL = 0.515295  UC = 0.221796  U = 0.386312  L = -0.128983
 --> Integration time=1302.71s, neval=100000000
 --> kT integration time=1302.71s, neval=100000000
Running scan for  iset = 1006, kT =[10, 30], etaq = [-2.4, 2.4], z2 = 0.8
Collins ratios: UL = 0.503962  UC = 0.213572  U = 0.395294  L = -0.108668
 --> Integration time=1298.58s, neval=100000000
 --> kT integration time=1298.58s, neval=100000000
Running scan for  iset = 1007, kT =[10, 30], etaq = [-2.4, 2.4], z2 = 0.1
Collins ratios: UL = 0.317491  UC = 0.153627  U = 0.309366  L = -0.00812474
 --> Integration time=1266.35s, neval=100000000
 --> kT integration time=1266.35s, neval=100000000
Running scan for  iset = 1007, kT =[10, 30], etaq = [-2.4, 2.4], z2 = 0.15
Collins ratios: UL = 0.323911  UC = 0.157368  U = 0.306013  L = -0.0178983
 --> Integration time=1288.85s, neval=100000000
 --> kT integration time=1288.85s, neval=100000000
Running scan for  iset = 1007, kT =[10, 30], etaq = [-2.4, 2.4], z2 = 0.2
Collins ratios: UL = 0.340517  UC = 0.165176  U = 0.308472  L = -0.0320448
 --> Integration time=1296.28s, neval=100000000
 --> kT integration time=1296.28s, neval=100000000
Running scan for  iset = 1007, kT =[10, 30], etaq = [-2.4, 2.4], z2 = 0.25
Collins ratios: UL = 0.36499  UC = 0.175832  U = 0.316378  L = -0.0486126
 --> Integration time=1309.33s, neval=100000000
 --> kT integration time=1309.33s, neval=100000000
Running scan for  iset = 1007, kT =[10, 30], etaq = [-2.4, 2.4], z2 = 0.3
Collins ratios: UL = 0.392652  UC = 0.187352  U = 0.326813  L = -0.0658395
 --> Integration time=1296.77s, neval=100000000
 --> kT integration time=1296.77s, neval=100000000
Running scan for  iset = 1007, kT =[10, 30], etaq = [-2.4, 2.4], z2 = 0.35
Collins ratios: UL = 0.420099  UC = 0.198489  U = 0.337194  L = -0.0829045
 --> Integration time=1277.29s, neval=100000000
 --> kT integration time=1277.29s, neval=100000000
Running scan for  iset = 1007, kT =[10, 30], etaq = [-2.4, 2.4], z2 = 0.4
Collins ratios: UL = 0.44602  UC = 0.20891  U = 0.346262  L = -0.0997578
 --> Integration time=1265.08s, neval=100000000
 --> kT integration time=1265.08s, neval=100000000
Running scan for  iset = 1007, kT =[10, 30], etaq = [-2.4, 2.4], z2 = 0.45
Collins ratios: UL = 0.470592  UC = 0.218734  U = 0.354179  L = -0.116413
 --> Integration time=1262.42s, neval=100000000
 --> kT integration time=1262.42s, neval=100000000
Running scan for  iset = 1007, kT =[10, 30], etaq = [-2.4, 2.4], z2 = 0.5
Collins ratios: UL = 0.494127  UC = 0.227874  U = 0.362043  L = -0.132084
 --> Integration time=1259.88s, neval=100000000
 --> kT integration time=1259.88s, neval=100000000
Running scan for  iset = 1007, kT =[10, 30], etaq = [-2.4, 2.4], z2 = 0.55
Collins ratios: UL = 0.51596  UC = 0.235693  U = 0.37099  L = -0.14497
 --> Integration time=1246.13s, neval=100000000
 --> kT integration time=1246.13s, neval=100000000
Running scan for  iset = 1007, kT =[10, 30], etaq = [-2.4, 2.4], z2 = 0.6
Collins ratios: UL = 0.534166  UC = 0.24107  U = 0.381619  L = -0.152547
 --> Integration time=1232.06s, neval=100000000
 --> kT integration time=1232.06s, neval=100000000
Running scan for  iset = 1007, kT =[10, 30], etaq = [-2.4, 2.4], z2 = 0.65
Collins ratios: UL = 0.546438  UC = 0.243061  U = 0.393439  L = -0.152999
 --> Integration time=1232.27s, neval=100000000
 --> kT integration time=1232.27s, neval=100000000
Running scan for  iset = 1007, kT =[10, 30], etaq = [-2.4, 2.4], z2 = 0.7
Collins ratios: UL = 0.550748  UC = 0.241033  U = 0.405751  L = -0.144998
 --> Integration time=1212.2s, neval=100000000
 --> kT integration time=1212.2s, neval=100000000
Running scan for  iset = 1007, kT =[10, 30], etaq = [-2.4, 2.4], z2 = 0.75
Collins ratios: UL = 0.546499  UC = 0.235227  U = 0.417478  L = -0.129021
 --> Integration time=1206.91s, neval=100000000
 --> kT integration time=1206.91s, neval=100000000
Running scan for  iset = 1007, kT =[10, 30], etaq = [-2.4, 2.4], z2 = 0.8
Collins ratios: UL = 0.53489  UC = 0.226679  U = 0.427683  L = -0.107207
 --> Integration time=1205.6s, neval=100000000
 --> kT integration time=1205.6s, neval=100000000
Running scan for  iset = 1008, kT =[10, 30], etaq = [-2.4, 2.4], z2 = 0.1
Collins ratios: UL = 0.351368  UC = 0.17002  U = 0.351241  L = -0.000127345
 --> Integration time=1296.61s, neval=100000000
 --> kT integration time=1296.61s, neval=100000000
Running scan for  iset = 1008, kT =[10, 30], etaq = [-2.4, 2.4], z2 = 0.15
Collins ratios: UL = 0.355916  UC = 0.172918  U = 0.347114  L = -0.008802
 --> Integration time=1206.17s, neval=100000000
 --> kT integration time=1206.17s, neval=100000000
Running scan for  iset = 1008, kT =[10, 30], etaq = [-2.4, 2.4], z2 = 0.2
Collins ratios: UL = 0.371914  UC = 0.180406  U = 0.349561  L = -0.0223536
 --> Integration time=1209.85s, neval=100000000
 --> kT integration time=1209.85s, neval=100000000
Running scan for  iset = 1008, kT =[10, 30], etaq = [-2.4, 2.4], z2 = 0.25
Collins ratios: UL = 0.397149  UC = 0.191325  U = 0.358219  L = -0.0389298
 --> Integration time=1206.8s, neval=100000000
 --> kT integration time=1206.8s, neval=100000000
Running scan for  iset = 1008, kT =[10, 30], etaq = [-2.4, 2.4], z2 = 0.3
Collins ratios: UL = 0.426517  UC = 0.203511  U = 0.369795  L = -0.0567222
 --> Integration time=1199.65s, neval=100000000
 --> kT integration time=1199.65s, neval=100000000
Running scan for  iset = 1008, kT =[10, 30], etaq = [-2.4, 2.4], z2 = 0.35
Collins ratios: UL = 0.456155  UC = 0.215524  U = 0.381346  L = -0.0748088
 --> Integration time=1214.04s, neval=100000000
 --> kT integration time=1214.04s, neval=100000000
Running scan for  iset = 1008, kT =[10, 30], etaq = [-2.4, 2.4], z2 = 0.4
Collins ratios: UL = 0.484484  UC = 0.226926  U = 0.391423  L = -0.0930608
 --> Integration time=1207.34s, neval=100000000
 --> kT integration time=1207.34s, neval=100000000
Running scan for  iset = 1008, kT =[10, 30], etaq = [-2.4, 2.4], z2 = 0.45
Collins ratios: UL = 0.511663  UC = 0.237824  U = 0.400209  L = -0.111454
 --> Integration time=1211.66s, neval=100000000
 --> kT integration time=1211.66s, neval=100000000
Running scan for  iset = 1008, kT =[10, 30], etaq = [-2.4, 2.4], z2 = 0.5
Collins ratios: UL = 0.538118  UC = 0.248162  U = 0.408975  L = -0.129144
 --> Integration time=1221.04s, neval=100000000
 --> kT integration time=1221.04s, neval=100000000
Running scan for  iset = 1008, kT =[10, 30], etaq = [-2.4, 2.4], z2 = 0.55
Collins ratios: UL = 0.56323  UC = 0.257286  U = 0.419059  L = -0.144171
 --> Integration time=1209.52s, neval=100000000
 --> kT integration time=1209.52s, neval=100000000
Running scan for  iset = 1008, kT =[10, 30], etaq = [-2.4, 2.4], z2 = 0.6
Collins ratios: UL = 0.584903  UC = 0.263967  U = 0.431186  L = -0.153716
 --> Integration time=1216.21s, neval=100000000
 --> kT integration time=1216.21s, neval=100000000
Running scan for  iset = 1008, kT =[10, 30], etaq = [-2.4, 2.4], z2 = 0.65
Collins ratios: UL = 0.600432  UC = 0.267078  U = 0.444811  L = -0.155621
 --> Integration time=1223.4s, neval=100000000
 --> kT integration time=1223.4s, neval=100000000
Running scan for  iset = 1008, kT =[10, 30], etaq = [-2.4, 2.4], z2 = 0.7
Collins ratios: UL = 0.607338  UC = 0.265799  U = 0.459133  L = -0.148204
 --> Integration time=1217.56s, neval=100000000
 --> kT integration time=1217.56s, neval=100000000
Running scan for  iset = 1008, kT =[10, 30], etaq = [-2.4, 2.4], z2 = 0.75
Collins ratios: UL = 0.604637  UC = 0.260251  U = 0.472889  L = -0.131747
 --> Integration time=1221.8s, neval=100000000
 --> kT integration time=1221.8s, neval=100000000
Running scan for  iset = 1008, kT =[10, 30], etaq = [-2.4, 2.4], z2 = 0.8
Collins ratios: UL = 0.593375  UC = 0.251464  U = 0.484954  L = -0.108421
 --> Integration time=1201.23s, neval=100000000
 --> kT integration time=1201.23s, neval=100000000
Running scan for  iset = 1009, kT =[10, 30], etaq = [-2.4, 2.4], z2 = 0.1
Collins ratios: UL = 0.318845  UC = 0.154283  U = 0.316389  L = -0.00245585
 --> Integration time=1213.82s, neval=100000000
 --> kT integration time=1213.82s, neval=100000000
Running scan for  iset = 1009, kT =[10, 30], etaq = [-2.4, 2.4], z2 = 0.15
Collins ratios: UL = 0.323812  UC = 0.15732  U = 0.312757  L = -0.0110546
 --> Integration time=1208.72s, neval=100000000
 --> kT integration time=1208.72s, neval=100000000
Running scan for  iset = 1009, kT =[10, 30], etaq = [-2.4, 2.4], z2 = 0.2
Collins ratios: UL = 0.339308  UC = 0.16459  U = 0.315063  L = -0.0242454
 --> Integration time=1208.66s, neval=100000000
 --> kT integration time=1208.66s, neval=100000000
Running scan for  iset = 1009, kT =[10, 30], etaq = [-2.4, 2.4], z2 = 0.25
Collins ratios: UL = 0.363208  UC = 0.174974  U = 0.322966  L = -0.0402418
 --> Integration time=1202.32s, neval=100000000
 --> kT integration time=1202.32s, neval=100000000
Running scan for  iset = 1009, kT =[10, 30], etaq = [-2.4, 2.4], z2 = 0.3
Collins ratios: UL = 0.390817  UC = 0.186477  U = 0.333492  L = -0.0573256
 --> Integration time=1206.2s, neval=100000000
 --> kT integration time=1206.2s, neval=100000000
Running scan for  iset = 1009, kT =[10, 30], etaq = [-2.4, 2.4], z2 = 0.35
Collins ratios: UL = 0.418627  UC = 0.197793  U = 0.34399  L = -0.0746369
 --> Integration time=1201.05s, neval=100000000
 --> kT integration time=1201.05s, neval=100000000
Running scan for  iset = 1009, kT =[10, 30], etaq = [-2.4, 2.4], z2 = 0.4
Collins ratios: UL = 0.44523  UC = 0.20854  U = 0.353159  L = -0.0920706
 --> Integration time=1211.36s, neval=100000000
 --> kT integration time=1211.36s, neval=100000000
Running scan for  iset = 1009, kT =[10, 30], etaq = [-2.4, 2.4], z2 = 0.45
Collins ratios: UL = 0.47077  UC = 0.218817  U = 0.361165  L = -0.109605
 --> Integration time=1200.7s, neval=100000000
 --> kT integration time=1200.7s, neval=100000000
Running scan for  iset = 1009, kT =[10, 30], etaq = [-2.4, 2.4], z2 = 0.5
Collins ratios: UL = 0.495561  UC = 0.228536  U = 0.369144  L = -0.126417
 --> Integration time=1208.96s, neval=100000000
 --> kT integration time=1208.96s, neval=100000000
Running scan for  iset = 1009, kT =[10, 30], etaq = [-2.4, 2.4], z2 = 0.55
Collins ratios: UL = 0.518899  UC = 0.237036  U = 0.378282  L = -0.140618
 --> Integration time=1199.1s, neval=100000000
 --> kT integration time=1199.1s, neval=100000000
Running scan for  iset = 1009, kT =[10, 30], etaq = [-2.4, 2.4], z2 = 0.6
Collins ratios: UL = 0.538719  UC = 0.243124  U = 0.389213  L = -0.149505
 --> Integration time=1217.78s, neval=100000000
 --> kT integration time=1217.78s, neval=100000000
Running scan for  iset = 1009, kT =[10, 30], etaq = [-2.4, 2.4], z2 = 0.65
Collins ratios: UL = 0.552473  UC = 0.245745  U = 0.401439  L = -0.151034
 --> Integration time=1222.64s, neval=100000000
 --> kT integration time=1222.64s, neval=100000000
Running scan for  iset = 1009, kT =[10, 30], etaq = [-2.4, 2.4], z2 = 0.7
Collins ratios: UL = 0.557865  UC = 0.244147  U = 0.414234  L = -0.14363
 --> Integration time=1221.18s, neval=100000000
 --> kT integration time=1221.18s, neval=100000000
Running scan for  iset = 1009, kT =[10, 30], etaq = [-2.4, 2.4], z2 = 0.75
Collins ratios: UL = 0.554077  UC = 0.238488  U = 0.426475  L = -0.127602
 --> Integration time=1224.82s, neval=100000000
 --> kT integration time=1224.82s, neval=100000000
Running scan for  iset = 1009, kT =[10, 30], etaq = [-2.4, 2.4], z2 = 0.8
Collins ratios: UL = 0.542231  UC = 0.22979  U = 0.437168  L = -0.105063
 --> Integration time=1214.73s, neval=100000000
 --> kT integration time=1214.73s, neval=100000000
Running scan for  iset = 1010, kT =[10, 30], etaq = [-2.4, 2.4], z2 = 0.1
Collins ratios: UL = 0.334753  UC = 0.16198  U = 0.329723  L = -0.0050307
 --> Integration time=1217.53s, neval=100000000
 --> kT integration time=1217.53s, neval=100000000
Running scan for  iset = 1010, kT =[10, 30], etaq = [-2.4, 2.4], z2 = 0.15
Collins ratios: UL = 0.340207  UC = 0.165285  U = 0.325994  L = -0.0142127
 --> Integration time=1211.97s, neval=100000000
 --> kT integration time=1211.97s, neval=100000000
Running scan for  iset = 1010, kT =[10, 30], etaq = [-2.4, 2.4], z2 = 0.2
Collins ratios: UL = 0.356144  UC = 0.172757  U = 0.328432  L = -0.027712
 --> Integration time=1218.16s, neval=100000000
 --> kT integration time=1218.16s, neval=100000000
Running scan for  iset = 1010, kT =[10, 30], etaq = [-2.4, 2.4], z2 = 0.25
Collins ratios: UL = 0.380304  UC = 0.183209  U = 0.336675  L = -0.0436287
 --> Integration time=1209.91s, neval=100000000
 --> kT integration time=1209.91s, neval=100000000
Running scan for  iset = 1010, kT =[10, 30], etaq = [-2.4, 2.4], z2 = 0.3
Collins ratios: UL = 0.407852  UC = 0.194605  U = 0.347626  L = -0.0602266
 --> Integration time=1214.25s, neval=100000000
 --> kT integration time=1214.25s, neval=100000000
Running scan for  iset = 1010, kT =[10, 30], etaq = [-2.4, 2.4], z2 = 0.35
Collins ratios: UL = 0.435209  UC = 0.205628  U = 0.358529  L = -0.07668
 --> Integration time=1226.76s, neval=100000000
 --> kT integration time=1226.76s, neval=100000000
Running scan for  iset = 1010, kT =[10, 30], etaq = [-2.4, 2.4], z2 = 0.4
Collins ratios: UL = 0.460954  UC = 0.215905  U = 0.368034  L = -0.0929198
 --> Integration time=1211.57s, neval=100000000
 --> kT integration time=1211.57s, neval=100000000
Running scan for  iset = 1010, kT =[10, 30], etaq = [-2.4, 2.4], z2 = 0.45
Collins ratios: UL = 0.485278  UC = 0.22556  U = 0.376315  L = -0.108963
 --> Integration time=1211.62s, neval=100000000
 --> kT integration time=1211.62s, neval=100000000
Running scan for  iset = 1010, kT =[10, 30], etaq = [-2.4, 2.4], z2 = 0.5
Collins ratios: UL = 0.508634  UC = 0.234564  U = 0.384557  L = -0.124077
 --> Integration time=1205.6s, neval=100000000
 --> kT integration time=1205.6s, neval=100000000
Running scan for  iset = 1010, kT =[10, 30], etaq = [-2.4, 2.4], z2 = 0.55
Collins ratios: UL = 0.530566  UC = 0.242365  U = 0.394003  L = -0.136563
 --> Integration time=1205s, neval=100000000
 --> kT integration time=1205s, neval=100000000
Running scan for  iset = 1010, kT =[10, 30], etaq = [-2.4, 2.4], z2 = 0.6
Collins ratios: UL = 0.549344  UC = 0.247919  U = 0.405323  L = -0.144021
 --> Integration time=1201.32s, neval=100000000
 --> kT integration time=1201.32s, neval=100000000
Running scan for  iset = 1010, kT =[10, 30], etaq = [-2.4, 2.4], z2 = 0.65
Collins ratios: UL = 0.562716  UC = 0.250302  U = 0.418009  L = -0.144708
 --> Integration time=1202.2s, neval=100000000
 --> kT integration time=1202.2s, neval=100000000
Running scan for  iset = 1010, kT =[10, 30], etaq = [-2.4, 2.4], z2 = 0.7
Collins ratios: UL = 0.568656  UC = 0.24887  U = 0.431318  L = -0.137339
 --> Integration time=1215.59s, neval=100000000
 --> kT integration time=1215.59s, neval=100000000
Running scan for  iset = 1010, kT =[10, 30], etaq = [-2.4, 2.4], z2 = 0.75
Collins ratios: UL = 0.566427  UC = 0.243804  U = 0.444081  L = -0.122345
 --> Integration time=1223.02s, neval=100000000
 --> kT integration time=1223.02s, neval=100000000
Running scan for  iset = 1010, kT =[10, 30], etaq = [-2.4, 2.4], z2 = 0.8
Collins ratios: UL = 0.557009  UC = 0.236053  U = 0.455263  L = -0.101746
 --> Integration time=1225.26s, neval=100000000
 --> kT integration time=1225.26s, neval=100000000
Running scan for  iset = 1011, kT =[10, 30], etaq = [-2.4, 2.4], z2 = 0.1
Collins ratios: UL = 0.3842  UC = 0.185907  U = 0.388307  L = 0.00410679
 --> Integration time=1236.94s, neval=100000000
 --> kT integration time=1236.94s, neval=100000000
Running scan for  iset = 1011, kT =[10, 30], etaq = [-2.4, 2.4], z2 = 0.15
Collins ratios: UL = 0.387674  UC = 0.188346  U = 0.383608  L = -0.0040659
 --> Integration time=1218.34s, neval=100000000
 --> kT integration time=1218.34s, neval=100000000
Running scan for  iset = 1011, kT =[10, 30], etaq = [-2.4, 2.4], z2 = 0.2
Collins ratios: UL = 0.403432  UC = 0.195695  U = 0.386148  L = -0.0172836
 --> Integration time=1206.2s, neval=100000000
 --> kT integration time=1206.2s, neval=100000000
Running scan for  iset = 1011, kT =[10, 30], etaq = [-2.4, 2.4], z2 = 0.25
Collins ratios: UL = 0.429268  UC = 0.206798  U = 0.395553  L = -0.0337148
 --> Integration time=1219.36s, neval=100000000
 --> kT integration time=1219.36s, neval=100000000
Running scan for  iset = 1011, kT =[10, 30], etaq = [-2.4, 2.4], z2 = 0.3
Collins ratios: UL = 0.459713  UC = 0.21935  U = 0.408192  L = -0.0515214
 --> Integration time=1206.53s, neval=100000000
 --> kT integration time=1206.53s, neval=100000000
Running scan for  iset = 1011, kT =[10, 30], etaq = [-2.4, 2.4], z2 = 0.35
Collins ratios: UL = 0.490547  UC = 0.231774  U = 0.420811  L = -0.0697359
 --> Integration time=1224.2s, neval=100000000
 --> kT integration time=1224.2s, neval=100000000
Running scan for  iset = 1011, kT =[10, 30], etaq = [-2.4, 2.4], z2 = 0.4
Collins ratios: UL = 0.519997  UC = 0.24356  U = 0.431801  L = -0.0881961
 --> Integration time=1207.76s, neval=100000000
 --> kT integration time=1207.76s, neval=100000000
Running scan for  iset = 1011, kT =[10, 30], etaq = [-2.4, 2.4], z2 = 0.45
Collins ratios: UL = 0.54824  UC = 0.254825  U = 0.441365  L = -0.106875
 --> Integration time=1200.2s, neval=100000000
 --> kT integration time=1200.2s, neval=100000000
Running scan for  iset = 1011, kT =[10, 30], etaq = [-2.4, 2.4], z2 = 0.5
Collins ratios: UL = 0.575868  UC = 0.26557  U = 0.450924  L = -0.124944
 --> Integration time=1207.07s, neval=100000000
 --> kT integration time=1207.07s, neval=100000000
Running scan for  iset = 1011, kT =[10, 30], etaq = [-2.4, 2.4], z2 = 0.55
Collins ratios: UL = 0.60244  UC = 0.275197  U = 0.461984  L = -0.140456
 --> Integration time=1208.76s, neval=100000000
 --> kT integration time=1208.76s, neval=100000000
Running scan for  iset = 1011, kT =[10, 30], etaq = [-2.4, 2.4], z2 = 0.6
Collins ratios: UL = 0.625944  UC = 0.282489  U = 0.475379  L = -0.150566
 --> Integration time=1207.99s, neval=100000000
 --> kT integration time=1207.99s, neval=100000000
Running scan for  iset = 1011, kT =[10, 30], etaq = [-2.4, 2.4], z2 = 0.65
Collins ratios: UL = 0.643571  UC = 0.286267  U = 0.490519  L = -0.153053
 --> Integration time=1206.55s, neval=100000000
 --> kT integration time=1206.55s, neval=100000000
Running scan for  iset = 1011, kT =[10, 30], etaq = [-2.4, 2.4], z2 = 0.7
Collins ratios: UL = 0.652677  UC = 0.285641  U = 0.506522  L = -0.146155
 --> Integration time=1214.05s, neval=100000000
 --> kT integration time=1214.05s, neval=100000000
Running scan for  iset = 1011, kT =[10, 30], etaq = [-2.4, 2.4], z2 = 0.75
Collins ratios: UL = 0.652044  UC = 0.280656  U = 0.521972  L = -0.130072
 --> Integration time=1208.37s, neval=100000000
 --> kT integration time=1208.37s, neval=100000000
Running scan for  iset = 1011, kT =[10, 30], etaq = [-2.4, 2.4], z2 = 0.8
Collins ratios: UL = 0.642516  UC = 0.27229  U = 0.535591  L = -0.106925
 --> Integration time=1214.88s, neval=100000000
 --> kT integration time=1214.88s, neval=100000000
Running scan for  iset = 1012, kT =[10, 30], etaq = [-2.4, 2.4], z2 = 0.1
Collins ratios: UL = 0.28363  UC = 0.137243  U = 0.261308  L = -0.0223216
 --> Integration time=1215.66s, neval=100000000
 --> kT integration time=1215.66s, neval=100000000
Running scan for  iset = 1012, kT =[10, 30], etaq = [-2.4, 2.4], z2 = 0.15
Collins ratios: UL = 0.293181  UC = 0.142438  U = 0.259167  L = -0.0340138
 --> Integration time=1216.43s, neval=100000000
 --> kT integration time=1216.43s, neval=100000000
Running scan for  iset = 1012, kT =[10, 30], etaq = [-2.4, 2.4], z2 = 0.2
Collins ratios: UL = 0.311133  UC = 0.150923  U = 0.261924  L = -0.049209
 --> Integration time=1211.38s, neval=100000000
 --> kT integration time=1211.38s, neval=100000000
Running scan for  iset = 1012, kT =[10, 30], etaq = [-2.4, 2.4], z2 = 0.25
Collins ratios: UL = 0.335026  UC = 0.161397  U = 0.269174  L = -0.0658523
 --> Integration time=1212.79s, neval=100000000
 --> kT integration time=1212.79s, neval=100000000
Running scan for  iset = 1012, kT =[10, 30], etaq = [-2.4, 2.4], z2 = 0.3
Collins ratios: UL = 0.360726  UC = 0.172119  U = 0.278434  L = -0.0822925
 --> Integration time=1202.08s, neval=100000000
 --> kT integration time=1202.08s, neval=100000000
Running scan for  iset = 1012, kT =[10, 30], etaq = [-2.4, 2.4], z2 = 0.35
Collins ratios: UL = 0.385454  UC = 0.18212  U = 0.287559  L = -0.0978951
 --> Integration time=1212.77s, neval=100000000
 --> kT integration time=1212.77s, neval=100000000
Running scan for  iset = 1012, kT =[10, 30], etaq = [-2.4, 2.4], z2 = 0.4
Collins ratios: UL = 0.408286  UC = 0.191236  U = 0.29553  L = -0.112755
 --> Integration time=1208.68s, neval=100000000
 --> kT integration time=1208.68s, neval=100000000
Running scan for  iset = 1012, kT =[10, 30], etaq = [-2.4, 2.4], z2 = 0.45
Collins ratios: UL = 0.429462  UC = 0.199617  U = 0.302495  L = -0.126968
 --> Integration time=1204.5s, neval=100000000
 --> kT integration time=1204.5s, neval=100000000
Running scan for  iset = 1012, kT =[10, 30], etaq = [-2.4, 2.4], z2 = 0.5
Collins ratios: UL = 0.449185  UC = 0.207149  U = 0.309332  L = -0.139853
 --> Integration time=1216.92s, neval=100000000
 --> kT integration time=1216.92s, neval=100000000
Running scan for  iset = 1012, kT =[10, 30], etaq = [-2.4, 2.4], z2 = 0.55
Collins ratios: UL = 0.466774  UC = 0.213225  U = 0.316924  L = -0.149849
 --> Integration time=1212.27s, neval=100000000
 --> kT integration time=1212.27s, neval=100000000
Running scan for  iset = 1012, kT =[10, 30], etaq = [-2.4, 2.4], z2 = 0.6
Collins ratios: UL = 0.480547  UC = 0.216871  U = 0.3257  L = -0.154847
 --> Integration time=1217.89s, neval=100000000
 --> kT integration time=1217.89s, neval=100000000
Running scan for  iset = 1012, kT =[10, 30], etaq = [-2.4, 2.4], z2 = 0.65
Collins ratios: UL = 0.488723  UC = 0.217388  U = 0.335237  L = -0.153486
 --> Integration time=1218.13s, neval=100000000
 --> kT integration time=1218.13s, neval=100000000
Running scan for  iset = 1012, kT =[10, 30], etaq = [-2.4, 2.4], z2 = 0.7
Collins ratios: UL = 0.489855  UC = 0.214383  U = 0.344967  L = -0.144888
 --> Integration time=1208.27s, neval=100000000
 --> kT integration time=1208.27s, neval=100000000
Running scan for  iset = 1012, kT =[10, 30], etaq = [-2.4, 2.4], z2 = 0.75
Collins ratios: UL = 0.483817  UC = 0.208247  U = 0.354064  L = -0.129753
 --> Integration time=1217.24s, neval=100000000
 --> kT integration time=1217.24s, neval=100000000
Running scan for  iset = 1012, kT =[10, 30], etaq = [-2.4, 2.4], z2 = 0.8
Collins ratios: UL = 0.47197  UC = 0.200015  U = 0.361838  L = -0.110132
 --> Integration time=1213.3s, neval=100000000
 --> kT integration time=1213.3s, neval=100000000
Running scan for  iset = 1013, kT =[10, 30], etaq = [-2.4, 2.4], z2 = 0.1
Collins ratios: UL = 0.292933  UC = 0.141745  U = 0.273569  L = -0.0193638
 --> Integration time=1220.59s, neval=100000000
 --> kT integration time=1220.59s, neval=100000000
Running scan for  iset = 1013, kT =[10, 30], etaq = [-2.4, 2.4], z2 = 0.15
Collins ratios: UL = 0.301761  UC = 0.146607  U = 0.271116  L = -0.0306452
 --> Integration time=1224.61s, neval=100000000
 --> kT integration time=1224.61s, neval=100000000
Running scan for  iset = 1013, kT =[10, 30], etaq = [-2.4, 2.4], z2 = 0.2
Collins ratios: UL = 0.319343  UC = 0.154905  U = 0.27379  L = -0.045553
 --> Integration time=1222.72s, neval=100000000
 --> kT integration time=1222.72s, neval=100000000
Running scan for  iset = 1013, kT =[10, 30], etaq = [-2.4, 2.4], z2 = 0.25
Collins ratios: UL = 0.343246  UC = 0.165357  U = 0.281197  L = -0.0620492
 --> Integration time=1200.84s, neval=100000000
 --> kT integration time=1200.84s, neval=100000000
Running scan for  iset = 1013, kT =[10, 30], etaq = [-2.4, 2.4], z2 = 0.3
Collins ratios: UL = 0.36921  UC = 0.176167  U = 0.290743  L = -0.0784661
 --> Integration time=1215.46s, neval=100000000
 --> kT integration time=1215.46s, neval=100000000
Running scan for  iset = 1013, kT =[10, 30], etaq = [-2.4, 2.4], z2 = 0.35
Collins ratios: UL = 0.394312  UC = 0.186305  U = 0.300174  L = -0.0941378
 --> Integration time=1221.3s, neval=100000000
 --> kT integration time=1221.3s, neval=100000000
Running scan for  iset = 1013, kT =[10, 30], etaq = [-2.4, 2.4], z2 = 0.4
Collins ratios: UL = 0.417541  UC = 0.195571  U = 0.308408  L = -0.109133
 --> Integration time=1226.42s, neval=100000000
 --> kT integration time=1226.42s, neval=100000000
Running scan for  iset = 1013, kT =[10, 30], etaq = [-2.4, 2.4], z2 = 0.45
Collins ratios: UL = 0.439131  UC = 0.204111  U = 0.315597  L = -0.123534
 --> Integration time=1216.93s, neval=100000000
 --> kT integration time=1216.93s, neval=100000000
Running scan for  iset = 1013, kT =[10, 30], etaq = [-2.4, 2.4], z2 = 0.5
Collins ratios: UL = 0.459338  UC = 0.211831  U = 0.322677  L = -0.136661
 --> Integration time=1223.94s, neval=100000000
 --> kT integration time=1223.94s, neval=100000000
Running scan for  iset = 1013, kT =[10, 30], etaq = [-2.4, 2.4], z2 = 0.55
Collins ratios: UL = 0.477542  UC = 0.218143  U = 0.330599  L = -0.146943
 --> Integration time=1210.83s, neval=100000000
 --> kT integration time=1210.83s, neval=100000000
Running scan for  iset = 1013, kT =[10, 30], etaq = [-2.4, 2.4], z2 = 0.6
Collins ratios: UL = 0.492082  UC = 0.222077  U = 0.339837  L = -0.152245
 --> Integration time=1220.44s, neval=100000000
 --> kT integration time=1220.44s, neval=100000000
Running scan for  iset = 1013, kT =[10, 30], etaq = [-2.4, 2.4], z2 = 0.65
Collins ratios: UL = 0.501121  UC = 0.222903  U = 0.349955  L = -0.151166
 --> Integration time=1217.19s, neval=100000000
 --> kT integration time=1217.19s, neval=100000000
Running scan for  iset = 1013, kT =[10, 30], etaq = [-2.4, 2.4], z2 = 0.7
Collins ratios: UL = 0.503136  UC = 0.220195  U = 0.360353  L = -0.142784
 --> Integration time=1221.82s, neval=100000000
 --> kT integration time=1221.82s, neval=100000000
Running scan for  iset = 1013, kT =[10, 30], etaq = [-2.4, 2.4], z2 = 0.75
Collins ratios: UL = 0.4979  UC = 0.214308  U = 0.37014  L = -0.12776
 --> Integration time=1219.42s, neval=100000000
 --> kT integration time=1219.42s, neval=100000000
Running scan for  iset = 1013, kT =[10, 30], etaq = [-2.4, 2.4], z2 = 0.8
Collins ratios: UL = 0.486693  UC = 0.206254  U = 0.37856  L = -0.108134
 --> Integration time=1211.79s, neval=100000000
 --> kT integration time=1211.79s, neval=100000000
Running scan for  iset = 1014, kT =[10, 30], etaq = [-2.4, 2.4], z2 = 0.1
Collins ratios: UL = 0.359444  UC = 0.173928  U = 0.350224  L = -0.00922001
 --> Integration time=1212.3s, neval=100000000
 --> kT integration time=1212.3s, neval=100000000
Running scan for  iset = 1014, kT =[10, 30], etaq = [-2.4, 2.4], z2 = 0.15
Collins ratios: UL = 0.36608  UC = 0.177855  U = 0.346384  L = -0.0196954
 --> Integration time=1214.7s, neval=100000000
 --> kT integration time=1214.7s, neval=100000000
Running scan for  iset = 1014, kT =[10, 30], etaq = [-2.4, 2.4], z2 = 0.2
Collins ratios: UL = 0.383613  UC = 0.186081  U = 0.349085  L = -0.0345276
 --> Integration time=1218.46s, neval=100000000
 --> kT integration time=1218.46s, neval=100000000
Running scan for  iset = 1014, kT =[10, 30], etaq = [-2.4, 2.4], z2 = 0.25
Collins ratios: UL = 0.409538  UC = 0.197293  U = 0.357926  L = -0.0516121
 --> Integration time=1215.21s, neval=100000000
 --> kT integration time=1215.21s, neval=100000000
Running scan for  iset = 1014, kT =[10, 30], etaq = [-2.4, 2.4], z2 = 0.3
