DEHSS	NLO
Set EPA flux for Pb
Running scan for  iset = 1200, kT =[10, 30], etaq = [-2.4, 2.4], z2 = 0.1
Collins ratios: UL = 0.577544  UC = 0.259376  U = 0.444697  L = -0.132847
 --> Integration time=1313.92s, neval=100000000
 --> kT integration time=1313.92s, neval=100000000
Running scan for  iset = 1200, kT =[10, 30], etaq = [-2.4, 2.4], z2 = 0.15
Collins ratios: UL = 0.585807  UC = 0.266702  U = 0.444359  L = -0.141447
 --> Integration time=1318.06s, neval=100000000
 --> kT integration time=1318.06s, neval=100000000
Running scan for  iset = 1200, kT =[10, 30], etaq = [-2.4, 2.4], z2 = 0.2
Collins ratios: UL = 0.610853  UC = 0.276666  U = 0.449454  L = -0.161399
 --> Integration time=1318.97s, neval=100000000
 --> kT integration time=1318.97s, neval=100000000
Running scan for  iset = 1200, kT =[10, 30], etaq = [-2.4, 2.4], z2 = 0.25
Collins ratios: UL = 0.65005  UC = 0.287658  U = 0.459019  L = -0.19103
 --> Integration time=1300.48s, neval=100000000
 --> kT integration time=1300.48s, neval=100000000
Running scan for  iset = 1200, kT =[10, 30], etaq = [-2.4, 2.4], z2 = 0.3
Collins ratios: UL = 0.696767  UC = 0.298342  U = 0.470192  L = -0.226575
 --> Integration time=1335.59s, neval=100000000
 --> kT integration time=1335.59s, neval=100000000
Running scan for  iset = 1200, kT =[10, 30], etaq = [-2.4, 2.4], z2 = 0.35
Collins ratios: UL = 0.745684  UC = 0.308479  U = 0.480912  L = -0.264771
 --> Integration time=1363.14s, neval=100000000
 --> kT integration time=1363.14s, neval=100000000
Running scan for  iset = 1200, kT =[10, 30], etaq = [-2.4, 2.4], z2 = 0.4
Collins ratios: UL = 0.794269  UC = 0.31851  U = 0.490459  L = -0.30381
 --> Integration time=1323.74s, neval=100000000
 --> kT integration time=1323.74s, neval=100000000
Running scan for  iset = 1200, kT =[10, 30], etaq = [-2.4, 2.4], z2 = 0.45
Collins ratios: UL = 0.842514  UC = 0.328545  U = 0.49905  L = -0.343465
 --> Integration time=1340.97s, neval=100000000
 --> kT integration time=1340.97s, neval=100000000
Running scan for  iset = 1200, kT =[10, 30], etaq = [-2.4, 2.4], z2 = 0.5
Collins ratios: UL = 0.891265  UC = 0.337569  U = 0.50715  L = -0.384114
 --> Integration time=1326.58s, neval=100000000
 --> kT integration time=1326.58s, neval=100000000
Running scan for  iset = 1200, kT =[10, 30], etaq = [-2.4, 2.4], z2 = 0.55
Collins ratios: UL = 0.940237  UC = 0.343532  U = 0.514882  L = -0.425356
 --> Integration time=1304.24s, neval=100000000
 --> kT integration time=1304.24s, neval=100000000
Running scan for  iset = 1200, kT =[10, 30], etaq = [-2.4, 2.4], z2 = 0.6
Collins ratios: UL = 0.987047  UC = 0.344001  U = 0.521878  L = -0.465168
 --> Integration time=1327.93s, neval=100000000
 --> kT integration time=1327.93s, neval=100000000
Running scan for  iset = 1200, kT =[10, 30], etaq = [-2.4, 2.4], z2 = 0.65
Collins ratios: UL = 1.02757  UC = 0.337782  U = 0.527495  L = -0.500078
 --> Integration time=1320.01s, neval=100000000
 --> kT integration time=1320.01s, neval=100000000
Running scan for  iset = 1200, kT =[10, 30], etaq = [-2.4, 2.4], z2 = 0.7
Collins ratios: UL = 1.05703  UC = 0.324468  U = 0.53126  L = -0.525765
 --> Integration time=1307.55s, neval=100000000
 --> kT integration time=1307.55s, neval=100000000
Running scan for  iset = 1200, kT =[10, 30], etaq = [-2.4, 2.4], z2 = 0.75
Collins ratios: UL = 1.07122  UC = 0.30545  U = 0.53303  L = -0.538193
 --> Integration time=1297.09s, neval=100000000
 --> kT integration time=1297.09s, neval=100000000
Running scan for  iset = 1200, kT =[10, 30], etaq = [-2.4, 2.4], z2 = 0.8
Collins ratios: UL = 1.06822  UC = 0.283277  U = 0.533051  L = -0.535166
 --> Integration time=1306.33s, neval=100000000
 --> kT integration time=1306.33s, neval=100000000
Running scan for  iset = 1201, kT =[10, 30], etaq = [-2.4, 2.4], z2 = 0.1
Collins ratios: UL = 0.49422  UC = 0.221955  U = 0.353148  L = -0.141072
 --> Integration time=1335.03s, neval=100000000
 --> kT integration time=1335.03s, neval=100000000
Running scan for  iset = 1201, kT =[10, 30], etaq = [-2.4, 2.4], z2 = 0.15
Collins ratios: UL = 0.510859  UC = 0.23258  U = 0.355661  L = -0.155198
 --> Integration time=1311.06s, neval=100000000
 --> kT integration time=1311.06s, neval=100000000
Running scan for  iset = 1201, kT =[10, 30], etaq = [-2.4, 2.4], z2 = 0.2
Collins ratios: UL = 0.541063  UC = 0.245057  U = 0.362276  L = -0.178786
 --> Integration time=1297.06s, neval=100000000
 --> kT integration time=1297.06s, neval=100000000
Running scan for  iset = 1201, kT =[10, 30], etaq = [-2.4, 2.4], z2 = 0.25
Collins ratios: UL = 0.581484  UC = 0.257316  U = 0.371759  L = -0.209725
 --> Integration time=1334.35s, neval=100000000
 --> kT integration time=1334.35s, neval=100000000
Running scan for  iset = 1201, kT =[10, 30], etaq = [-2.4, 2.4], z2 = 0.3
Collins ratios: UL = 0.626177  UC = 0.268117  U = 0.381817  L = -0.244359
 --> Integration time=1329.35s, neval=100000000
 --> kT integration time=1329.35s, neval=100000000
Running scan for  iset = 1201, kT =[10, 30], etaq = [-2.4, 2.4], z2 = 0.35
Collins ratios: UL = 0.670822  UC = 0.277509  U = 0.391051  L = -0.279771
 --> Integration time=1299.59s, neval=100000000
 --> kT integration time=1299.59s, neval=100000000
Running scan for  iset = 1201, kT =[10, 30], etaq = [-2.4, 2.4], z2 = 0.4
Collins ratios: UL = 0.713578  UC = 0.286152  U = 0.399115  L = -0.314463
 --> Integration time=1320.84s, neval=100000000
 --> kT integration time=1320.84s, neval=100000000
Running scan for  iset = 1201, kT =[10, 30], etaq = [-2.4, 2.4], z2 = 0.45
Collins ratios: UL = 0.754565  UC = 0.294248  U = 0.406237  L = -0.348328
 --> Integration time=1284.61s, neval=100000000
 --> kT integration time=1284.61s, neval=100000000
Running scan for  iset = 1201, kT =[10, 30], etaq = [-2.4, 2.4], z2 = 0.5
Collins ratios: UL = 0.794389  UC = 0.300877  U = 0.412637  L = -0.381752
 --> Integration time=1312.03s, neval=100000000
 --> kT integration time=1312.03s, neval=100000000
Running scan for  iset = 1201, kT =[10, 30], etaq = [-2.4, 2.4], z2 = 0.55
Collins ratios: UL = 0.832696  UC = 0.30424  U = 0.418195  L = -0.414501
 --> Integration time=1287.65s, neval=100000000
 --> kT integration time=1287.65s, neval=100000000
Running scan for  iset = 1201, kT =[10, 30], etaq = [-2.4, 2.4], z2 = 0.6
Collins ratios: UL = 0.86761  UC = 0.302375  U = 0.422479  L = -0.445131
 --> Integration time=1286.38s, neval=100000000
 --> kT integration time=1286.38s, neval=100000000
Running scan for  iset = 1201, kT =[10, 30], etaq = [-2.4, 2.4], z2 = 0.65
Collins ratios: UL = 0.896289  UC = 0.294626  U = 0.425087  L = -0.471202
 --> Integration time=1295.88s, neval=100000000
 --> kT integration time=1295.88s, neval=100000000
Running scan for  iset = 1201, kT =[10, 30], etaq = [-2.4, 2.4], z2 = 0.7
Collins ratios: UL = 0.915626  UC = 0.281064  U = 0.425835  L = -0.489791
 --> Integration time=1304.87s, neval=100000000
 --> kT integration time=1304.87s, neval=100000000
Running scan for  iset = 1201, kT =[10, 30], etaq = [-2.4, 2.4], z2 = 0.75
Collins ratios: UL = 0.923242  UC = 0.263255  U = 0.42491  L = -0.498332
 --> Integration time=1349.84s, neval=100000000
 --> kT integration time=1349.84s, neval=100000000
Running scan for  iset = 1201, kT =[10, 30], etaq = [-2.4, 2.4], z2 = 0.8
Collins ratios: UL = 0.918468  UC = 0.243565  U = 0.42278  L = -0.495688
 --> Integration time=1291.11s, neval=100000000
 --> kT integration time=1291.11s, neval=100000000
Running scan for  iset = 1202, kT =[10, 30], etaq = [-2.4, 2.4], z2 = 0.1
Collins ratios: UL = 0.51837  UC = 0.232801  U = 0.376928  L = -0.141442
 --> Integration time=1328.72s, neval=100000000
 --> kT integration time=1328.72s, neval=100000000
Running scan for  iset = 1202, kT =[10, 30], etaq = [-2.4, 2.4], z2 = 0.15
Collins ratios: UL = 0.532748  UC = 0.242546  U = 0.378716  L = -0.154032
 --> Integration time=1325.16s, neval=100000000
 --> kT integration time=1325.16s, neval=100000000
Running scan for  iset = 1202, kT =[10, 30], etaq = [-2.4, 2.4], z2 = 0.2
Collins ratios: UL = 0.562105  UC = 0.254587  U = 0.385066  L = -0.177039
 --> Integration time=1293s, neval=100000000
 --> kT integration time=1293s, neval=100000000
Running scan for  iset = 1202, kT =[10, 30], etaq = [-2.4, 2.4], z2 = 0.25
Collins ratios: UL = 0.603183  UC = 0.266919  U = 0.394782  L = -0.208401
 --> Integration time=1319.39s, neval=100000000
 --> kT integration time=1319.39s, neval=100000000
Running scan for  iset = 1202, kT =[10, 30], etaq = [-2.4, 2.4], z2 = 0.3
Collins ratios: UL = 0.649679  UC = 0.27818  U = 0.405381  L = -0.244298
 --> Integration time=1362.95s, neval=100000000
 --> kT integration time=1362.95s, neval=100000000
Running scan for  iset = 1202, kT =[10, 30], etaq = [-2.4, 2.4], z2 = 0.35
Collins ratios: UL = 0.69686  UC = 0.288281  U = 0.415262  L = -0.281598
 --> Integration time=1330.52s, neval=100000000
 --> kT integration time=1330.52s, neval=100000000
Running scan for  iset = 1202, kT =[10, 30], etaq = [-2.4, 2.4], z2 = 0.4
Collins ratios: UL = 0.742622  UC = 0.297798  U = 0.423978  L = -0.318644
 --> Integration time=1332.36s, neval=100000000
 --> kT integration time=1332.36s, neval=100000000
Running scan for  iset = 1202, kT =[10, 30], etaq = [-2.4, 2.4], z2 = 0.45
Collins ratios: UL = 0.787018  UC = 0.306904  U = 0.431748  L = -0.35527
 --> Integration time=1337.81s, neval=100000000
 --> kT integration time=1337.81s, neval=100000000
Running scan for  iset = 1202, kT =[10, 30], etaq = [-2.4, 2.4], z2 = 0.5
Collins ratios: UL = 0.830694  UC = 0.314628  U = 0.438838  L = -0.391856
 --> Integration time=1376.98s, neval=100000000
 --> kT integration time=1376.98s, neval=100000000
Running scan for  iset = 1202, kT =[10, 30], etaq = [-2.4, 2.4], z2 = 0.55
Collins ratios: UL = 0.873246  UC = 0.319055  U = 0.445152  L = -0.428094
 --> Integration time=1375.01s, neval=100000000
 --> kT integration time=1375.01s, neval=100000000
Running scan for  iset = 1202, kT =[10, 30], etaq = [-2.4, 2.4], z2 = 0.6
Collins ratios: UL = 0.912545  UC = 0.318036  U = 0.450229  L = -0.462316
 --> Integration time=1330.45s, neval=100000000
 --> kT integration time=1330.45s, neval=100000000
Running scan for  iset = 1202, kT =[10, 30], etaq = [-2.4, 2.4], z2 = 0.65
Collins ratios: UL = 0.945286  UC = 0.310733  U = 0.453582  L = -0.491703
 --> Integration time=1356.96s, neval=100000000
 --> kT integration time=1356.96s, neval=100000000
Running scan for  iset = 1202, kT =[10, 30], etaq = [-2.4, 2.4], z2 = 0.7
Collins ratios: UL = 0.96779  UC = 0.297076  U = 0.45495  L = -0.51284
 --> Integration time=1326.56s, neval=100000000
 --> kT integration time=1326.56s, neval=100000000
Running scan for  iset = 1202, kT =[10, 30], etaq = [-2.4, 2.4], z2 = 0.75
Collins ratios: UL = 0.977129  UC = 0.27862  U = 0.454459  L = -0.52267
 --> Integration time=1334.21s, neval=100000000
 --> kT integration time=1334.21s, neval=100000000
Running scan for  iset = 1202, kT =[10, 30], etaq = [-2.4, 2.4], z2 = 0.8
Collins ratios: UL = 0.972303  UC = 0.257842  U = 0.452565  L = -0.519737
 --> Integration time=1317.27s, neval=100000000
 --> kT integration time=1317.27s, neval=100000000
Running scan for  iset = 1203, kT =[10, 30], etaq = [-2.4, 2.4], z2 = 0.1
Collins ratios: UL = 0.521332  UC = 0.234131  U = 0.384075  L = -0.137257
 --> Integration time=1325.16s, neval=100000000
 --> kT integration time=1325.16s, neval=100000000
Running scan for  iset = 1203, kT =[10, 30], etaq = [-2.4, 2.4], z2 = 0.15
Collins ratios: UL = 0.53795  UC = 0.244914  U = 0.385888  L = -0.152062
 --> Integration time=1315.06s, neval=100000000
 --> kT integration time=1315.06s, neval=100000000
Running scan for  iset = 1203, kT =[10, 30], etaq = [-2.4, 2.4], z2 = 0.2
Collins ratios: UL = 0.567531  UC = 0.257045  U = 0.39193  L = -0.175601
 --> Integration time=1330.47s, neval=100000000
 --> kT integration time=1330.47s, neval=100000000
Running scan for  iset = 1203, kT =[10, 30], etaq = [-2.4, 2.4], z2 = 0.25
Collins ratios: UL = 0.606832  UC = 0.268533  U = 0.401067  L = -0.205765
 --> Integration time=1316.19s, neval=100000000
 --> kT integration time=1316.19s, neval=100000000
Running scan for  iset = 1203, kT =[10, 30], etaq = [-2.4, 2.4], z2 = 0.3
Collins ratios: UL = 0.649976  UC = 0.278307  U = 0.410916  L = -0.23906
 --> Integration time=1311.05s, neval=100000000
 --> kT integration time=1311.05s, neval=100000000
Running scan for  iset = 1203, kT =[10, 30], etaq = [-2.4, 2.4], z2 = 0.35
Collins ratios: UL = 0.692692  UC = 0.286557  U = 0.419947  L = -0.272745
 --> Integration time=1312.22s, neval=100000000
 --> kT integration time=1312.22s, neval=100000000
Running scan for  iset = 1203, kT =[10, 30], etaq = [-2.4, 2.4], z2 = 0.4
Collins ratios: UL = 0.733177  UC = 0.294011  U = 0.427731  L = -0.305446
 --> Integration time=1320.14s, neval=100000000
 --> kT integration time=1320.14s, neval=100000000
Running scan for  iset = 1203, kT =[10, 30], etaq = [-2.4, 2.4], z2 = 0.45
Collins ratios: UL = 0.771609  UC = 0.300895  U = 0.434509  L = -0.3371
 --> Integration time=1318.05s, neval=100000000
 --> kT integration time=1318.05s, neval=100000000
Running scan for  iset = 1203, kT =[10, 30], etaq = [-2.4, 2.4], z2 = 0.5
Collins ratios: UL = 0.808739  UC = 0.306312  U = 0.440632  L = -0.368107
 --> Integration time=1332.42s, neval=100000000
 --> kT integration time=1332.42s, neval=100000000
Running scan for  iset = 1203, kT =[10, 30], etaq = [-2.4, 2.4], z2 = 0.55
Collins ratios: UL = 0.844462  UC = 0.308539  U = 0.446166  L = -0.398296
 --> Integration time=1300.31s, neval=100000000
 --> kT integration time=1300.31s, neval=100000000
Running scan for  iset = 1203, kT =[10, 30], etaq = [-2.4, 2.4], z2 = 0.6
Collins ratios: UL = 0.87724  UC = 0.305731  U = 0.450849  L = -0.426391
 --> Integration time=1296.99s, neval=100000000
 --> kT integration time=1296.99s, neval=100000000
Running scan for  iset = 1203, kT =[10, 30], etaq = [-2.4, 2.4], z2 = 0.65
Collins ratios: UL = 0.904521  UC = 0.297333  U = 0.454299  L = -0.450222
 --> Integration time=1303.32s, neval=100000000
 --> kT integration time=1303.32s, neval=100000000
Running scan for  iset = 1203, kT =[10, 30], etaq = [-2.4, 2.4], z2 = 0.7
Collins ratios: UL = 0.923492  UC = 0.283478  U = 0.456295  L = -0.467197
 --> Integration time=1294.89s, neval=100000000
 --> kT integration time=1294.89s, neval=100000000
Running scan for  iset = 1203, kT =[10, 30], etaq = [-2.4, 2.4], z2 = 0.75
Collins ratios: UL = 0.931932  UC = 0.265733  U = 0.45687  L = -0.475062
 --> Integration time=1325.17s, neval=100000000
 --> kT integration time=1325.17s, neval=100000000
Running scan for  iset = 1203, kT =[10, 30], etaq = [-2.4, 2.4], z2 = 0.8
Collins ratios: UL = 0.929167  UC = 0.246403  U = 0.456309  L = -0.472858
 --> Integration time=1296.03s, neval=100000000
 --> kT integration time=1296.03s, neval=100000000
Running scan for  iset = 1204, kT =[10, 30], etaq = [-2.4, 2.4], z2 = 0.1
Collins ratios: UL = 0.536497  UC = 0.240942  U = 0.401105  L = -0.135391
 --> Integration time=1307.56s, neval=100000000
 --> kT integration time=1307.56s, neval=100000000
Running scan for  iset = 1204, kT =[10, 30], etaq = [-2.4, 2.4], z2 = 0.15
Collins ratios: UL = 0.549604  UC = 0.250219  U = 0.402124  L = -0.14748
 --> Integration time=1316.72s, neval=100000000
 --> kT integration time=1316.72s, neval=100000000
Running scan for  iset = 1204, kT =[10, 30], etaq = [-2.4, 2.4], z2 = 0.2
Collins ratios: UL = 0.577592  UC = 0.261602  U = 0.407887  L = -0.169705
 --> Integration time=1305.33s, neval=100000000
 --> kT integration time=1305.33s, neval=100000000
Running scan for  iset = 1204, kT =[10, 30], etaq = [-2.4, 2.4], z2 = 0.25
Collins ratios: UL = 0.617352  UC = 0.273188  U = 0.417295  L = -0.200056
 --> Integration time=1296.4s, neval=100000000
 --> kT integration time=1296.4s, neval=100000000
Running scan for  iset = 1204, kT =[10, 30], etaq = [-2.4, 2.4], z2 = 0.3
Collins ratios: UL = 0.66259  UC = 0.283708  U = 0.427769  L = -0.234821
 --> Integration time=1299.22s, neval=100000000
 --> kT integration time=1299.22s, neval=100000000
Running scan for  iset = 1204, kT =[10, 30], etaq = [-2.4, 2.4], z2 = 0.35
Collins ratios: UL = 0.708529  UC = 0.293109  U = 0.437574  L = -0.270955
 --> Integration time=1305s, neval=100000000
 --> kT integration time=1305s, neval=100000000
Running scan for  iset = 1204, kT =[10, 30], etaq = [-2.4, 2.4], z2 = 0.4
Collins ratios: UL = 0.75302  UC = 0.301968  U = 0.446171  L = -0.306848
 --> Integration time=1322.68s, neval=100000000
 --> kT integration time=1322.68s, neval=100000000
Running scan for  iset = 1204, kT =[10, 30], etaq = [-2.4, 2.4], z2 = 0.45
Collins ratios: UL = 0.796127  UC = 0.310456  U = 0.453786  L = -0.342341
 --> Integration time=1304.64s, neval=100000000
 --> kT integration time=1304.64s, neval=100000000
Running scan for  iset = 1204, kT =[10, 30], etaq = [-2.4, 2.4], z2 = 0.5
Collins ratios: UL = 0.838595  UC = 0.31762  U = 0.460789  L = -0.377806
 --> Integration time=1320.62s, neval=100000000
 --> kT integration time=1320.62s, neval=100000000
Running scan for  iset = 1204, kT =[10, 30], etaq = [-2.4, 2.4], z2 = 0.55
Collins ratios: UL = 0.880183  UC = 0.32159  U = 0.467228  L = -0.412955
 --> Integration time=1351.04s, neval=100000000
 --> kT integration time=1351.04s, neval=100000000
Running scan for  iset = 1204, kT =[10, 30], etaq = [-2.4, 2.4], z2 = 0.6
Collins ratios: UL = 0.918943  UC = 0.320266  U = 0.472764  L = -0.446179
 --> Integration time=1319.02s, neval=100000000
 --> kT integration time=1319.02s, neval=100000000
Running scan for  iset = 1204, kT =[10, 30], etaq = [-2.4, 2.4], z2 = 0.65
Collins ratios: UL = 0.951655  UC = 0.312827  U = 0.476908  L = -0.474747
 --> Integration time=1292.61s, neval=100000000
 --> kT integration time=1292.61s, neval=100000000
Running scan for  iset = 1204, kT =[10, 30], etaq = [-2.4, 2.4], z2 = 0.7
Collins ratios: UL = 0.974699  UC = 0.299197  U = 0.479351  L = -0.495349
 --> Integration time=1279.2s, neval=100000000
 --> kT integration time=1279.2s, neval=100000000
Running scan for  iset = 1204, kT =[10, 30], etaq = [-2.4, 2.4], z2 = 0.75
Collins ratios: UL = 0.985105  UC = 0.280894  U = 0.48009  L = -0.505014
 --> Integration time=1329.76s, neval=100000000
 --> kT integration time=1329.76s, neval=100000000
Running scan for  iset = 1204, kT =[10, 30], etaq = [-2.4, 2.4], z2 = 0.8
Collins ratios: UL = 0.981759  UC = 0.260349  U = 0.479438  L = -0.50232
 --> Integration time=1301.14s, neval=100000000
 --> kT integration time=1301.14s, neval=100000000
Running scan for  iset = 1205, kT =[10, 30], etaq = [-2.4, 2.4], z2 = 0.1
Collins ratios: UL = 0.627351  UC = 0.281745  U = 0.488099  L = -0.139252
 --> Integration time=1315.23s, neval=100000000
 --> kT integration time=1315.23s, neval=100000000
Running scan for  iset = 1205, kT =[10, 30], etaq = [-2.4, 2.4], z2 = 0.15
Collins ratios: UL = 0.634786  UC = 0.289001  U = 0.487316  L = -0.14747
 --> Integration time=1291.84s, neval=100000000
 --> kT integration time=1291.84s, neval=100000000
Running scan for  iset = 1205, kT =[10, 30], etaq = [-2.4, 2.4], z2 = 0.2
Collins ratios: UL = 0.66036  UC = 0.299089  U = 0.492481  L = -0.167879
 --> Integration time=1315.21s, neval=100000000
 --> kT integration time=1315.21s, neval=100000000
Running scan for  iset = 1205, kT =[10, 30], etaq = [-2.4, 2.4], z2 = 0.25
Collins ratios: UL = 0.701446  UC = 0.310401  U = 0.502621  L = -0.198825
 --> Integration time=1310.34s, neval=100000000
 --> kT integration time=1310.34s, neval=100000000
Running scan for  iset = 1205, kT =[10, 30], etaq = [-2.4, 2.4], z2 = 0.3
Collins ratios: UL = 0.75097  UC = 0.321551  U = 0.514617  L = -0.236354
 --> Integration time=1331.61s, neval=100000000
 --> kT integration time=1331.61s, neval=100000000
Running scan for  iset = 1205, kT =[10, 30], etaq = [-2.4, 2.4], z2 = 0.35
Collins ratios: UL = 0.803182  UC = 0.332265  U = 0.526185  L = -0.276997
 --> Integration time=1316.87s, neval=100000000
 --> kT integration time=1316.87s, neval=100000000
Running scan for  iset = 1205, kT =[10, 30], etaq = [-2.4, 2.4], z2 = 0.4
Collins ratios: UL = 0.85532  UC = 0.342991  U = 0.536504  L = -0.318816
 --> Integration time=1326.51s, neval=100000000
 --> kT integration time=1326.51s, neval=100000000
Running scan for  iset = 1205, kT =[10, 30], etaq = [-2.4, 2.4], z2 = 0.45
Collins ratios: UL = 0.907373  UC = 0.353837  U = 0.545807  L = -0.361566
 --> Integration time=1308.97s, neval=100000000
 --> kT integration time=1308.97s, neval=100000000
Running scan for  iset = 1205, kT =[10, 30], etaq = [-2.4, 2.4], z2 = 0.5
Collins ratios: UL = 0.960292  UC = 0.363713  U = 0.554632  L = -0.40566
 --> Integration time=1316.8s, neval=100000000
 --> kT integration time=1316.8s, neval=100000000
Running scan for  iset = 1205, kT =[10, 30], etaq = [-2.4, 2.4], z2 = 0.55
Collins ratios: UL = 1.01381  UC = 0.370413  U = 0.563157  L = -0.450653
 --> Integration time=1337.16s, neval=100000000
 --> kT integration time=1337.16s, neval=100000000
Running scan for  iset = 1205, kT =[10, 30], etaq = [-2.4, 2.4], z2 = 0.6
Collins ratios: UL = 1.06533  UC = 0.371283  U = 0.571012  L = -0.494317
 --> Integration time=1297.13s, neval=100000000
 --> kT integration time=1297.13s, neval=100000000
Running scan for  iset = 1205, kT =[10, 30], etaq = [-2.4, 2.4], z2 = 0.65
Collins ratios: UL = 1.11027  UC = 0.364967  U = 0.577476  L = -0.532797
 --> Integration time=1271.86s, neval=100000000
 --> kT integration time=1271.86s, neval=100000000
Running scan for  iset = 1205, kT =[10, 30], etaq = [-2.4, 2.4], z2 = 0.7
Collins ratios: UL = 1.14327  UC = 0.350942  U = 0.582002  L = -0.561269
 --> Integration time=1304.56s, neval=100000000
 --> kT integration time=1304.56s, neval=100000000
Running scan for  iset = 1205, kT =[10, 30], etaq = [-2.4, 2.4], z2 = 0.75
Collins ratios: UL = 1.15955  UC = 0.330636  U = 0.584374  L = -0.575177
 --> Integration time=1326.7s, neval=100000000
 --> kT integration time=1326.7s, neval=100000000
Running scan for  iset = 1205, kT =[10, 30], etaq = [-2.4, 2.4], z2 = 0.8
Collins ratios: UL = 1.15678  UC = 0.306763  U = 0.584808  L = -0.571975
 --> Integration time=1315.34s, neval=100000000
 --> kT integration time=1315.34s, neval=100000000
Running scan for  iset = 1206, kT =[10, 30], etaq = [-2.4, 2.4], z2 = 0.1
Collins ratios: UL = 0.52815  UC = 0.237193  U = 0.397714  L = -0.130436
 --> Integration time=1281.54s, neval=100000000
 --> kT integration time=1281.54s, neval=100000000
Running scan for  iset = 1206, kT =[10, 30], etaq = [-2.4, 2.4], z2 = 0.15
Collins ratios: UL = 0.537918  UC = 0.244899  U = 0.398105  L = -0.139813
 --> Integration time=1326.48s, neval=100000000
 --> kT integration time=1326.48s, neval=100000000
Running scan for  iset = 1206, kT =[10, 30], etaq = [-2.4, 2.4], z2 = 0.2
Collins ratios: UL = 0.563294  UC = 0.255126  U = 0.403403  L = -0.159892
 --> Integration time=1322.62s, neval=100000000
 --> kT integration time=1322.62s, neval=100000000
Running scan for  iset = 1206, kT =[10, 30], etaq = [-2.4, 2.4], z2 = 0.25
Collins ratios: UL = 0.601549  UC = 0.266196  U = 0.412608  L = -0.188942
 --> Integration time=1321.68s, neval=100000000
 --> kT integration time=1321.68s, neval=100000000
Running scan for  iset = 1206, kT =[10, 30], etaq = [-2.4, 2.4], z2 = 0.3
Collins ratios: UL = 0.646428  UC = 0.276788  U = 0.423119  L = -0.223309
 --> Integration time=1309.2s, neval=100000000
 --> kT integration time=1309.2s, neval=100000000
Running scan for  iset = 1206, kT =[10, 30], etaq = [-2.4, 2.4], z2 = 0.35
Collins ratios: UL = 0.693006  UC = 0.286687  U = 0.433127  L = -0.259878
 --> Integration time=1311.54s, neval=100000000
 --> kT integration time=1311.54s, neval=100000000
Running scan for  iset = 1206, kT =[10, 30], etaq = [-2.4, 2.4], z2 = 0.4
Collins ratios: UL = 0.73898  UC = 0.296338  U = 0.442039  L = -0.29694
 --> Integration time=1336.44s, neval=100000000
 --> kT integration time=1336.44s, neval=100000000
Running scan for  iset = 1206, kT =[10, 30], etaq = [-2.4, 2.4], z2 = 0.45
Collins ratios: UL = 0.784345  UC = 0.305861  U = 0.450058  L = -0.334287
 --> Integration time=1323.57s, neval=100000000
 --> kT integration time=1323.57s, neval=100000000
Running scan for  iset = 1206, kT =[10, 30], etaq = [-2.4, 2.4], z2 = 0.5
Collins ratios: UL = 0.829819  UC = 0.314296  U = 0.457544  L = -0.372275
 --> Integration time=1327.39s, neval=100000000
 --> kT integration time=1327.39s, neval=100000000
Running scan for  iset = 1206, kT =[10, 30], etaq = [-2.4, 2.4], z2 = 0.55
Collins ratios: UL = 0.87505  UC = 0.319714  U = 0.464514  L = -0.410536
 --> Integration time=1299.5s, neval=100000000
 --> kT integration time=1299.5s, neval=100000000
Running scan for  iset = 1206, kT =[10, 30], etaq = [-2.4, 2.4], z2 = 0.6
Collins ratios: UL = 0.917781  UC = 0.319861  U = 0.47056  L = -0.447222
 --> Integration time=1343.67s, neval=100000000
 --> kT integration time=1343.67s, neval=100000000
Running scan for  iset = 1206, kT =[10, 30], etaq = [-2.4, 2.4], z2 = 0.65
Collins ratios: UL = 0.954284  UC = 0.313691  U = 0.475106  L = -0.479178
 --> Integration time=1333.16s, neval=100000000
 --> kT integration time=1333.16s, neval=100000000
Running scan for  iset = 1206, kT =[10, 30], etaq = [-2.4, 2.4], z2 = 0.7
Collins ratios: UL = 0.980287  UC = 0.300912  U = 0.477772  L = -0.502515
 --> Integration time=1307.79s, neval=100000000
 --> kT integration time=1307.79s, neval=100000000
Running scan for  iset = 1206, kT =[10, 30], etaq = [-2.4, 2.4], z2 = 0.75
Collins ratios: UL = 0.992172  UC = 0.282909  U = 0.478526  L = -0.513646
 --> Integration time=1312.51s, neval=100000000
 --> kT integration time=1312.51s, neval=100000000
Running scan for  iset = 1206, kT =[10, 30], etaq = [-2.4, 2.4], z2 = 0.8
Collins ratios: UL = 0.988391  UC = 0.262108  U = 0.477698  L = -0.510693
 --> Integration time=1338.17s, neval=100000000
 --> kT integration time=1338.17s, neval=100000000
Running scan for  iset = 1207, kT =[10, 30], etaq = [-2.4, 2.4], z2 = 0.1
Collins ratios: UL = 0.555858  UC = 0.249637  U = 0.423302  L = -0.132556
 --> Integration time=1290.44s, neval=100000000
 --> kT integration time=1290.44s, neval=100000000
Running scan for  iset = 1207, kT =[10, 30], etaq = [-2.4, 2.4], z2 = 0.15
Collins ratios: UL = 0.564306  UC = 0.256913  U = 0.42323  L = -0.141076
 --> Integration time=1331.56s, neval=100000000
 --> kT integration time=1331.56s, neval=100000000
Running scan for  iset = 1207, kT =[10, 30], etaq = [-2.4, 2.4], z2 = 0.2
Collins ratios: UL = 0.589251  UC = 0.266882  U = 0.428398  L = -0.160853
 --> Integration time=1359.88s, neval=100000000
 --> kT integration time=1359.88s, neval=100000000
Running scan for  iset = 1207, kT =[10, 30], etaq = [-2.4, 2.4], z2 = 0.25
Collins ratios: UL = 0.628077  UC = 0.277935  U = 0.437836  L = -0.190242
 --> Integration time=1316.13s, neval=100000000
 --> kT integration time=1316.13s, neval=100000000
Running scan for  iset = 1207, kT =[10, 30], etaq = [-2.4, 2.4], z2 = 0.3
Collins ratios: UL = 0.674304  UC = 0.288724  U = 0.448791  L = -0.225513
 --> Integration time=1330.81s, neval=100000000
 --> kT integration time=1330.81s, neval=100000000
Running scan for  iset = 1207, kT =[10, 30], etaq = [-2.4, 2.4], z2 = 0.35
Collins ratios: UL = 0.722736  UC = 0.298986  U = 0.459302  L = -0.263434
 --> Integration time=1294.9s, neval=100000000
 --> kT integration time=1294.9s, neval=100000000
Running scan for  iset = 1207, kT =[10, 30], etaq = [-2.4, 2.4], z2 = 0.4
Collins ratios: UL = 0.770908  UC = 0.309141  U = 0.468699  L = -0.302209
 --> Integration time=1262.21s, neval=100000000
 --> kT integration time=1262.21s, neval=100000000
Running scan for  iset = 1207, kT =[10, 30], etaq = [-2.4, 2.4], z2 = 0.45
Collins ratios: UL = 0.8188  UC = 0.319298  U = 0.477189  L = -0.341611
 --> Integration time=1250.48s, neval=100000000
 --> kT integration time=1250.48s, neval=100000000
Running scan for  iset = 1207, kT =[10, 30], etaq = [-2.4, 2.4], z2 = 0.5
Collins ratios: UL = 0.867197  UC = 0.328453  U = 0.485182  L = -0.382015
 --> Integration time=1232.33s, neval=100000000
 --> kT integration time=1232.33s, neval=100000000
Running scan for  iset = 1207, kT =[10, 30], etaq = [-2.4, 2.4], z2 = 0.55
Collins ratios: UL = 0.915743  UC = 0.334583  U = 0.49273  L = -0.423013
 --> Integration time=1219.45s, neval=100000000
 --> kT integration time=1219.45s, neval=100000000
Running scan for  iset = 1207, kT =[10, 30], etaq = [-2.4, 2.4], z2 = 0.6
Collins ratios: UL = 0.96201  UC = 0.335275  U = 0.499419  L = -0.462591
 --> Integration time=1212.37s, neval=100000000
 --> kT integration time=1212.37s, neval=100000000
Running scan for  iset = 1207, kT =[10, 30], etaq = [-2.4, 2.4], z2 = 0.65
Collins ratios: UL = 1.0019  UC = 0.329342  U = 0.50461  L = -0.497287
 --> Integration time=1202.08s, neval=100000000
 --> kT integration time=1202.08s, neval=100000000
Running scan for  iset = 1207, kT =[10, 30], etaq = [-2.4, 2.4], z2 = 0.7
Collins ratios: UL = 1.03066  UC = 0.316373  U = 0.507856  L = -0.522799
 --> Integration time=1203.44s, neval=100000000
 --> kT integration time=1203.44s, neval=100000000
Running scan for  iset = 1207, kT =[10, 30], etaq = [-2.4, 2.4], z2 = 0.75
Collins ratios: UL = 1.04417  UC = 0.297737  U = 0.509066  L = -0.535107
 --> Integration time=1207.66s, neval=100000000
 --> kT integration time=1207.66s, neval=100000000
Running scan for  iset = 1207, kT =[10, 30], etaq = [-2.4, 2.4], z2 = 0.8
Collins ratios: UL = 1.04057  UC = 0.275944  U = 0.508542  L = -0.532023
 --> Integration time=1204.78s, neval=100000000
 --> kT integration time=1204.78s, neval=100000000
Running scan for  iset = 1208, kT =[10, 30], etaq = [-2.4, 2.4], z2 = 0.1
Collins ratios: UL = 0.61906  UC = 0.278021  U = 0.487803  L = -0.131257
 --> Integration time=1209.45s, neval=100000000
 --> kT integration time=1209.45s, neval=100000000
Running scan for  iset = 1208, kT =[10, 30], etaq = [-2.4, 2.4], z2 = 0.15
Collins ratios: UL = 0.626319  UC = 0.285146  U = 0.486813  L = -0.139506
 --> Integration time=1208.53s, neval=100000000
 --> kT integration time=1208.53s, neval=100000000
Running scan for  iset = 1208, kT =[10, 30], etaq = [-2.4, 2.4], z2 = 0.2
Collins ratios: UL = 0.650897  UC = 0.294803  U = 0.491656  L = -0.159242
 --> Integration time=1222.56s, neval=100000000
 --> kT integration time=1222.56s, neval=100000000
Running scan for  iset = 1208, kT =[10, 30], etaq = [-2.4, 2.4], z2 = 0.25
Collins ratios: UL = 0.690214  UC = 0.305431  U = 0.501406  L = -0.188808
 --> Integration time=1218.03s, neval=100000000
 --> kT integration time=1218.03s, neval=100000000
Running scan for  iset = 1208, kT =[10, 30], etaq = [-2.4, 2.4], z2 = 0.3
Collins ratios: UL = 0.73741  UC = 0.315745  U = 0.512983  L = -0.224427
 --> Integration time=1212.06s, neval=100000000
 --> kT integration time=1212.06s, neval=100000000
Running scan for  iset = 1208, kT =[10, 30], etaq = [-2.4, 2.4], z2 = 0.35
Collins ratios: UL = 0.786927  UC = 0.325541  U = 0.524115  L = -0.262813
 --> Integration time=1228.91s, neval=100000000
 --> kT integration time=1228.91s, neval=100000000
Running scan for  iset = 1208, kT =[10, 30], etaq = [-2.4, 2.4], z2 = 0.4
Collins ratios: UL = 0.836108  UC = 0.335287  U = 0.533972  L = -0.302136
 --> Integration time=1207.75s, neval=100000000
 --> kT integration time=1207.75s, neval=100000000
Running scan for  iset = 1208, kT =[10, 30], etaq = [-2.4, 2.4], z2 = 0.45
Collins ratios: UL = 0.88496  UC = 0.345097  U = 0.542789  L = -0.342171
 --> Integration time=1213.66s, neval=100000000
 --> kT integration time=1213.66s, neval=100000000
Running scan for  iset = 1208, kT =[10, 30], etaq = [-2.4, 2.4], z2 = 0.5
Collins ratios: UL = 0.934456  UC = 0.353928  U = 0.551149  L = -0.383307
 --> Integration time=1206.8s, neval=100000000
 --> kT integration time=1206.8s, neval=100000000
Running scan for  iset = 1208, kT =[10, 30], etaq = [-2.4, 2.4], z2 = 0.55
Collins ratios: UL = 0.984456  UC = 0.359688  U = 0.559313  L = -0.425144
 --> Integration time=1210.96s, neval=100000000
 --> kT integration time=1210.96s, neval=100000000
Running scan for  iset = 1208, kT =[10, 30], etaq = [-2.4, 2.4], z2 = 0.6
Collins ratios: UL = 1.03264  UC = 0.359892  U = 0.567012  L = -0.465632
 --> Integration time=1212.04s, neval=100000000
 --> kT integration time=1212.04s, neval=100000000
Running scan for  iset = 1208, kT =[10, 30], etaq = [-2.4, 2.4], z2 = 0.65
Collins ratios: UL = 1.07481  UC = 0.353309  U = 0.573576  L = -0.501233
 --> Integration time=1213.1s, neval=100000000
 --> kT integration time=1213.1s, neval=100000000
Running scan for  iset = 1208, kT =[10, 30], etaq = [-2.4, 2.4], z2 = 0.7
Collins ratios: UL = 1.106  UC = 0.339503  U = 0.578474  L = -0.527531
 --> Integration time=1217.56s, neval=100000000
 --> kT integration time=1217.56s, neval=100000000
Running scan for  iset = 1208, kT =[10, 30], etaq = [-2.4, 2.4], z2 = 0.75
Collins ratios: UL = 1.12182  UC = 0.319877  U = 0.58144  L = -0.540379
 --> Integration time=1210.15s, neval=100000000
 --> kT integration time=1210.15s, neval=100000000
Running scan for  iset = 1208, kT =[10, 30], etaq = [-2.4, 2.4], z2 = 0.8
Collins ratios: UL = 1.12009  UC = 0.297033  U = 0.5826  L = -0.537491
 --> Integration time=1214.39s, neval=100000000
 --> kT integration time=1214.39s, neval=100000000
Running scan for  iset = 1209, kT =[10, 30], etaq = [-2.4, 2.4], z2 = 0.1
Collins ratios: UL = 0.561869  UC = 0.252337  U = 0.432247  L = -0.129622
 --> Integration time=1221.69s, neval=100000000
 --> kT integration time=1221.69s, neval=100000000
Running scan for  iset = 1209, kT =[10, 30], etaq = [-2.4, 2.4], z2 = 0.15
Collins ratios: UL = 0.574079  UC = 0.261362  U = 0.432535  L = -0.141545
 --> Integration time=1220.05s, neval=100000000
 --> kT integration time=1220.05s, neval=100000000
Running scan for  iset = 1209, kT =[10, 30], etaq = [-2.4, 2.4], z2 = 0.2
Collins ratios: UL = 0.601021  UC = 0.272213  U = 0.437795  L = -0.163226
 --> Integration time=1214.37s, neval=100000000
 --> kT integration time=1214.37s, neval=100000000
Running scan for  iset = 1209, kT =[10, 30], etaq = [-2.4, 2.4], z2 = 0.25
Collins ratios: UL = 0.639686  UC = 0.283072  U = 0.447009  L = -0.192677
 --> Integration time=1216.36s, neval=100000000
 --> kT integration time=1216.36s, neval=100000000
Running scan for  iset = 1209, kT =[10, 30], etaq = [-2.4, 2.4], z2 = 0.3
Collins ratios: UL = 0.683762  UC = 0.292773  U = 0.457469  L = -0.226293
 --> Integration time=1216.86s, neval=100000000
 --> kT integration time=1216.86s, neval=100000000
Running scan for  iset = 1209, kT =[10, 30], etaq = [-2.4, 2.4], z2 = 0.35
Collins ratios: UL = 0.728417  UC = 0.301336  U = 0.467282  L = -0.261135
 --> Integration time=1202.73s, neval=100000000
 --> kT integration time=1202.73s, neval=100000000
Running scan for  iset = 1209, kT =[10, 30], etaq = [-2.4, 2.4], z2 = 0.4
Collins ratios: UL = 0.771472  UC = 0.309368  U = 0.475816  L = -0.295657
 --> Integration time=1205.68s, neval=100000000
 --> kT integration time=1205.68s, neval=100000000
Running scan for  iset = 1209, kT =[10, 30], etaq = [-2.4, 2.4], z2 = 0.45
Collins ratios: UL = 0.813022  UC = 0.317044  U = 0.483308  L = -0.329714
 --> Integration time=1199.13s, neval=100000000
 --> kT integration time=1199.13s, neval=100000000
Running scan for  iset = 1209, kT =[10, 30], etaq = [-2.4, 2.4], z2 = 0.5
Collins ratios: UL = 0.853922  UC = 0.323425  U = 0.490243  L = -0.363679
 --> Integration time=1209.5s, neval=100000000
 --> kT integration time=1209.5s, neval=100000000
Running scan for  iset = 1209, kT =[10, 30], etaq = [-2.4, 2.4], z2 = 0.55
Collins ratios: UL = 0.894126  UC = 0.326684  U = 0.496831  L = -0.397295
 --> Integration time=1215.58s, neval=100000000
 --> kT integration time=1215.58s, neval=100000000
Running scan for  iset = 1209, kT =[10, 30], etaq = [-2.4, 2.4], z2 = 0.6
Collins ratios: UL = 0.931912  UC = 0.324785  U = 0.502866  L = -0.429046
 --> Integration time=1209.34s, neval=100000000
 --> kT integration time=1209.34s, neval=100000000
Running scan for  iset = 1209, kT =[10, 30], etaq = [-2.4, 2.4], z2 = 0.65
Collins ratios: UL = 0.964208  UC = 0.316953  U = 0.507859  L = -0.456349
 --> Integration time=1209.51s, neval=100000000
 --> kT integration time=1209.51s, neval=100000000
Running scan for  iset = 1209, kT =[10, 30], etaq = [-2.4, 2.4], z2 = 0.7
Collins ratios: UL = 0.987527  UC = 0.303135  U = 0.511454  L = -0.476073
 --> Integration time=1200.81s, neval=100000000
 --> kT integration time=1200.81s, neval=100000000
Running scan for  iset = 1209, kT =[10, 30], etaq = [-2.4, 2.4], z2 = 0.75
Collins ratios: UL = 0.99893  UC = 0.284837  U = 0.513517  L = -0.485414
 --> Integration time=1203.22s, neval=100000000
 --> kT integration time=1203.22s, neval=100000000
Running scan for  iset = 1209, kT =[10, 30], etaq = [-2.4, 2.4], z2 = 0.8
Collins ratios: UL = 0.997234  UC = 0.264453  U = 0.514203  L = -0.483031
 --> Integration time=1204.01s, neval=100000000
 --> kT integration time=1204.01s, neval=100000000
Running scan for  iset = 1210, kT =[10, 30], etaq = [-2.4, 2.4], z2 = 0.1
Collins ratios: UL = 0.615383  UC = 0.27637  U = 0.486951  L = -0.128432
 --> Integration time=1207.03s, neval=100000000
 --> kT integration time=1207.03s, neval=100000000
Running scan for  iset = 1210, kT =[10, 30], etaq = [-2.4, 2.4], z2 = 0.15
Collins ratios: UL = 0.620422  UC = 0.282461  U = 0.485581  L = -0.134841
 --> Integration time=1209.68s, neval=100000000
 --> kT integration time=1209.68s, neval=100000000
Running scan for  iset = 1210, kT =[10, 30], etaq = [-2.4, 2.4], z2 = 0.2
Collins ratios: UL = 0.642979  UC = 0.291217  U = 0.490095  L = -0.152884
 --> Integration time=1214.61s, neval=100000000
 --> kT integration time=1214.61s, neval=100000000
Running scan for  iset = 1210, kT =[10, 30], etaq = [-2.4, 2.4], z2 = 0.25
Collins ratios: UL = 0.680842  UC = 0.301284  U = 0.49965  L = -0.181192
 --> Integration time=1218.62s, neval=100000000
 --> kT integration time=1218.62s, neval=100000000
Running scan for  iset = 1210, kT =[10, 30], etaq = [-2.4, 2.4], z2 = 0.3
Collins ratios: UL = 0.727306  UC = 0.311418  U = 0.511177  L = -0.216129
 --> Integration time=1212.01s, neval=100000000
 --> kT integration time=1212.01s, neval=100000000
Running scan for  iset = 1210, kT =[10, 30], etaq = [-2.4, 2.4], z2 = 0.35
Collins ratios: UL = 0.776812  UC = 0.321356  U = 0.52237  L = -0.254441
 --> Integration time=1218.54s, neval=100000000
 --> kT integration time=1218.54s, neval=100000000
Running scan for  iset = 1210, kT =[10, 30], etaq = [-2.4, 2.4], z2 = 0.4
Collins ratios: UL = 0.826659  UC = 0.331498  U = 0.532372  L = -0.294287
 --> Integration time=1215.71s, neval=100000000
 --> kT integration time=1215.71s, neval=100000000
Running scan for  iset = 1210, kT =[10, 30], etaq = [-2.4, 2.4], z2 = 0.45
Collins ratios: UL = 0.87685  UC = 0.341934  U = 0.541406  L = -0.335444
 --> Integration time=1209.62s, neval=100000000
 --> kT integration time=1209.62s, neval=100000000
Running scan for  iset = 1210, kT =[10, 30], etaq = [-2.4, 2.4], z2 = 0.5
Collins ratios: UL = 0.928379  UC = 0.351626  U = 0.550055  L = -0.378324
 --> Integration time=1215.34s, neval=100000000
 --> kT integration time=1215.34s, neval=100000000
Running scan for  iset = 1210, kT =[10, 30], etaq = [-2.4, 2.4], z2 = 0.55
Collins ratios: UL = 0.98106  UC = 0.358447  U = 0.558568  L = -0.422492
 --> Integration time=1196.5s, neval=100000000
 --> kT integration time=1196.5s, neval=100000000
Running scan for  iset = 1210, kT =[10, 30], etaq = [-2.4, 2.4], z2 = 0.6
Collins ratios: UL = 1.03236  UC = 0.359795  U = 0.566636  L = -0.465729
 --> Integration time=1210.77s, neval=100000000
 --> kT integration time=1210.77s, neval=100000000
Running scan for  iset = 1210, kT =[10, 30], etaq = [-2.4, 2.4], z2 = 0.65
Collins ratios: UL = 1.07768  UC = 0.354252  U = 0.573524  L = -0.504154
 --> Integration time=1210.87s, neval=100000000
 --> kT integration time=1210.87s, neval=100000000
Running scan for  iset = 1210, kT =[10, 30], etaq = [-2.4, 2.4], z2 = 0.7
Collins ratios: UL = 1.11149  UC = 0.341187  U = 0.578642  L = -0.53285
 --> Integration time=1194.35s, neval=100000000
 --> kT integration time=1194.35s, neval=100000000
Running scan for  iset = 1210, kT =[10, 30], etaq = [-2.4, 2.4], z2 = 0.75
Collins ratios: UL = 1.12879  UC = 0.321864  U = 0.58169  L = -0.547097
 --> Integration time=1197.1s, neval=100000000
 --> kT integration time=1197.1s, neval=100000000
Running scan for  iset = 1210, kT =[10, 30], etaq = [-2.4, 2.4], z2 = 0.8
Collins ratios: UL = 1.12694  UC = 0.298849  U = 0.58279  L = -0.544148
 --> Integration time=1204.22s, neval=100000000
 --> kT integration time=1204.22s, neval=100000000
Running scan for  iset = 1211, kT =[10, 30], etaq = [-2.4, 2.4], z2 = 0.1
Collins ratios: UL = 0.607266  UC = 0.272725  U = 0.473457  L = -0.133809
 --> Integration time=1207.41s, neval=100000000
 --> kT integration time=1207.41s, neval=100000000
Running scan for  iset = 1211, kT =[10, 30], etaq = [-2.4, 2.4], z2 = 0.15
Collins ratios: UL = 0.61637  UC = 0.280616  U = 0.472949  L = -0.143421
 --> Integration time=1199.4s, neval=100000000
 --> kT integration time=1199.4s, neval=100000000
Running scan for  iset = 1211, kT =[10, 30], etaq = [-2.4, 2.4], z2 = 0.2
Collins ratios: UL = 0.642377  UC = 0.290944  U = 0.478082  L = -0.164295
 --> Integration time=1198.77s, neval=100000000
 --> kT integration time=1198.77s, neval=100000000
Running scan for  iset = 1211, kT =[10, 30], etaq = [-2.4, 2.4], z2 = 0.25
Collins ratios: UL = 0.682475  UC = 0.302007  U = 0.487869  L = -0.194606
 --> Integration time=1208.93s, neval=100000000
 --> kT integration time=1208.93s, neval=100000000
Running scan for  iset = 1211, kT =[10, 30], etaq = [-2.4, 2.4], z2 = 0.3
Collins ratios: UL = 0.729824  UC = 0.312497  U = 0.499307  L = -0.230518
 --> Integration time=1206.43s, neval=100000000
 --> kT integration time=1206.43s, neval=100000000
Running scan for  iset = 1211, kT =[10, 30], etaq = [-2.4, 2.4], z2 = 0.35
Collins ratios: UL = 0.778981  UC = 0.322254  U = 0.510224  L = -0.268757
 --> Integration time=1216.65s, neval=100000000
 --> kT integration time=1216.65s, neval=100000000
Running scan for  iset = 1211, kT =[10, 30], etaq = [-2.4, 2.4], z2 = 0.4
Collins ratios: UL = 0.827381  UC = 0.331788  U = 0.519852  L = -0.30753
 --> Integration time=1208.49s, neval=100000000
 --> kT integration time=1208.49s, neval=100000000
Running scan for  iset = 1211, kT =[10, 30], etaq = [-2.4, 2.4], z2 = 0.45
Collins ratios: UL = 0.875045  UC = 0.341231  U = 0.528426  L = -0.346619
 --> Integration time=1198.85s, neval=100000000
 --> kT integration time=1198.85s, neval=100000000
Running scan for  iset = 1211, kT =[10, 30], etaq = [-2.4, 2.4], z2 = 0.5
Collins ratios: UL = 0.922899  UC = 0.349551  U = 0.53649  L = -0.386409
 --> Integration time=1206.92s, neval=100000000
 --> kT integration time=1206.92s, neval=100000000
Running scan for  iset = 1211, kT =[10, 30], etaq = [-2.4, 2.4], z2 = 0.55
Collins ratios: UL = 0.970797  UC = 0.354697  U = 0.544269  L = -0.426528
 --> Integration time=1196.87s, neval=100000000
 --> kT integration time=1196.87s, neval=100000000
Running scan for  iset = 1211, kT =[10, 30], etaq = [-2.4, 2.4], z2 = 0.6
Collins ratios: UL = 1.01654  UC = 0.35428  U = 0.551489  L = -0.465051
 --> Integration time=1201.68s, neval=100000000
 --> kT integration time=1201.68s, neval=100000000
Running scan for  iset = 1211, kT =[10, 30], etaq = [-2.4, 2.4], z2 = 0.65
Collins ratios: UL = 1.0562  UC = 0.347193  U = 0.557529  L = -0.498674
 --> Integration time=1205.8s, neval=100000000
 --> kT integration time=1205.8s, neval=100000000
Running scan for  iset = 1211, kT =[10, 30], etaq = [-2.4, 2.4], z2 = 0.7
Collins ratios: UL = 1.08523  UC = 0.333127  U = 0.561912  L = -0.52332
 --> Integration time=1213.78s, neval=100000000
 --> kT integration time=1213.78s, neval=100000000
Running scan for  iset = 1211, kT =[10, 30], etaq = [-2.4, 2.4], z2 = 0.75
Collins ratios: UL = 1.09965  UC = 0.313556  U = 0.564435  L = -0.535213
 --> Integration time=1211.56s, neval=100000000
 --> kT integration time=1211.56s, neval=100000000
Running scan for  iset = 1211, kT =[10, 30], etaq = [-2.4, 2.4], z2 = 0.8
Collins ratios: UL = 1.09762  UC = 0.291074  U = 0.565259  L = -0.532359
 --> Integration time=1209.57s, neval=100000000
 --> kT integration time=1209.57s, neval=100000000
Running scan for  iset = 1212, kT =[10, 30], etaq = [-2.4, 2.4], z2 = 0.1
Collins ratios: UL = 0.560259  UC = 0.251614  U = 0.423395  L = -0.136865
 --> Integration time=1206.58s, neval=100000000
 --> kT integration time=1206.58s, neval=100000000
Running scan for  iset = 1212, kT =[10, 30], etaq = [-2.4, 2.4], z2 = 0.15
Collins ratios: UL = 0.571023  UC = 0.259971  U = 0.42381  L = -0.147213
 --> Integration time=1208s, neval=100000000
 --> kT integration time=1208s, neval=100000000
Running scan for  iset = 1212, kT =[10, 30], etaq = [-2.4, 2.4], z2 = 0.2
Collins ratios: UL = 0.598031  UC = 0.270859  U = 0.429385  L = -0.168646
 --> Integration time=1218.96s, neval=100000000
 --> kT integration time=1218.96s, neval=100000000
Running scan for  iset = 1212, kT =[10, 30], etaq = [-2.4, 2.4], z2 = 0.25
Collins ratios: UL = 0.638343  UC = 0.282478  U = 0.43906  L = -0.199284
 --> Integration time=1213.22s, neval=100000000
 --> kT integration time=1213.22s, neval=100000000
Running scan for  iset = 1212, kT =[10, 30], etaq = [-2.4, 2.4], z2 = 0.3
Collins ratios: UL = 0.685373  UC = 0.293463  U = 0.450085  L = -0.235288
 --> Integration time=1203.18s, neval=100000000
 --> kT integration time=1203.18s, neval=100000000
Running scan for  iset = 1212, kT =[10, 30], etaq = [-2.4, 2.4], z2 = 0.35
Collins ratios: UL = 0.733962  UC = 0.30363  U = 0.46055  L = -0.273412
 --> Integration time=1210.88s, neval=100000000
 --> kT integration time=1210.88s, neval=100000000
Running scan for  iset = 1212, kT =[10, 30], etaq = [-2.4, 2.4], z2 = 0.4
Collins ratios: UL = 0.781713  UC = 0.313474  U = 0.469826  L = -0.311887
 --> Integration time=1204.78s, neval=100000000
 --> kT integration time=1204.78s, neval=100000000
Running scan for  iset = 1212, kT =[10, 30], etaq = [-2.4, 2.4], z2 = 0.45
Collins ratios: UL = 0.828637  UC = 0.323133  U = 0.478133  L = -0.350504
 --> Integration time=1204.28s, neval=100000000
 --> kT integration time=1204.28s, neval=100000000
Running scan for  iset = 1212, kT =[10, 30], etaq = [-2.4, 2.4], z2 = 0.5
Collins ratios: UL = 0.875509  UC = 0.331602  U = 0.485872  L = -0.389637
 --> Integration time=1198.44s, neval=100000000
 --> kT integration time=1198.44s, neval=100000000
Running scan for  iset = 1212, kT =[10, 30], etaq = [-2.4, 2.4], z2 = 0.55
Collins ratios: UL = 0.922015  UC = 0.336874  U = 0.493094  L = -0.428921
 --> Integration time=1200.82s, neval=100000000
 --> kT integration time=1200.82s, neval=100000000
Running scan for  iset = 1212, kT =[10, 30], etaq = [-2.4, 2.4], z2 = 0.6
Collins ratios: UL = 0.965888  UC = 0.336627  U = 0.49941  L = -0.466478
 --> Integration time=1202.64s, neval=100000000
 --> kT integration time=1202.64s, neval=100000000
Running scan for  iset = 1212, kT =[10, 30], etaq = [-2.4, 2.4], z2 = 0.65
Collins ratios: UL = 1.00334  UC = 0.329818  U = 0.504236  L = -0.499108
 --> Integration time=1200.52s, neval=100000000
 --> kT integration time=1200.52s, neval=100000000
Running scan for  iset = 1212, kT =[10, 30], etaq = [-2.4, 2.4], z2 = 0.7
Collins ratios: UL = 1.03006  UC = 0.316192  U = 0.507181  L = -0.522882
 --> Integration time=1201.68s, neval=100000000
 --> kT integration time=1201.68s, neval=100000000
Running scan for  iset = 1212, kT =[10, 30], etaq = [-2.4, 2.4], z2 = 0.75
Collins ratios: UL = 1.04239  UC = 0.297229  U = 0.508197  L = -0.534194
 --> Integration time=1203.49s, neval=100000000
 --> kT integration time=1203.49s, neval=100000000
Running scan for  iset = 1212, kT =[10, 30], etaq = [-2.4, 2.4], z2 = 0.8
Collins ratios: UL = 1.03879  UC = 0.275473  U = 0.507599  L = -0.531188
 --> Integration time=1205.66s, neval=100000000
 --> kT integration time=1205.66s, neval=100000000
Running scan for  iset = 1213, kT =[10, 30], etaq = [-2.4, 2.4], z2 = 0.1
Collins ratios: UL = 0.480349  UC = 0.215726  U = 0.347285  L = -0.133064
 --> Integration time=1212.87s, neval=100000000
 --> kT integration time=1212.87s, neval=100000000
Running scan for  iset = 1213, kT =[10, 30], etaq = [-2.4, 2.4], z2 = 0.15
Collins ratios: UL = 0.496191  UC = 0.225902  U = 0.349428  L = -0.146764
 --> Integration time=1223.92s, neval=100000000
 --> kT integration time=1223.92s, neval=100000000
Running scan for  iset = 1213, kT =[10, 30], etaq = [-2.4, 2.4], z2 = 0.2
Collins ratios: UL = 0.524752  UC = 0.23767  U = 0.355521  L = -0.169231
 --> Integration time=1217.94s, neval=100000000
 --> kT integration time=1217.94s, neval=100000000
Running scan for  iset = 1213, kT =[10, 30], etaq = [-2.4, 2.4], z2 = 0.25
Collins ratios: UL = 0.562875  UC = 0.249082  U = 0.364423  L = -0.198452
 --> Integration time=1213.22s, neval=100000000
 --> kT integration time=1213.22s, neval=100000000
Running scan for  iset = 1213, kT =[10, 30], etaq = [-2.4, 2.4], z2 = 0.3
Collins ratios: UL = 0.604918  UC = 0.259014  U = 0.373921  L = -0.230997
 --> Integration time=1200.79s, neval=100000000
 --> kT integration time=1200.79s, neval=100000000
Running scan for  iset = 1213, kT =[10, 30], etaq = [-2.4, 2.4], z2 = 0.35
Collins ratios: UL = 0.64678  UC = 0.267564  U = 0.382635  L = -0.264145
 --> Integration time=1210.88s, neval=100000000
 --> kT integration time=1210.88s, neval=100000000
Running scan for  iset = 1213, kT =[10, 30], etaq = [-2.4, 2.4], z2 = 0.4
Collins ratios: UL = 0.68672  UC = 0.275381  U = 0.390206  L = -0.296514
 --> Integration time=1209.1s, neval=100000000
 --> kT integration time=1209.1s, neval=100000000
Running scan for  iset = 1213, kT =[10, 30], etaq = [-2.4, 2.4], z2 = 0.45
Collins ratios: UL = 0.724871  UC = 0.282669  U = 0.396856  L = -0.328015
 --> Integration time=1213.01s, neval=100000000
 --> kT integration time=1213.01s, neval=100000000
Running scan for  iset = 1213, kT =[10, 30], etaq = [-2.4, 2.4], z2 = 0.5
Collins ratios: UL = 0.761864  UC = 0.288558  U = 0.402844  L = -0.35902
 --> Integration time=1205.42s, neval=100000000
 --> kT integration time=1205.42s, neval=100000000
Running scan for  iset = 1213, kT =[10, 30], etaq = [-2.4, 2.4], z2 = 0.55
Collins ratios: UL = 0.797449  UC = 0.291362  U = 0.40812  L = -0.389329
 --> Integration time=1210.64s, neval=100000000
 --> kT integration time=1210.64s, neval=100000000
Running scan for  iset = 1213, kT =[10, 30], etaq = [-2.4, 2.4], z2 = 0.6
Collins ratios: UL = 0.829962  UC = 0.289254  U = 0.412337  L = -0.417626
 --> Integration time=1209.27s, neval=100000000
 --> kT integration time=1209.27s, neval=100000000
Running scan for  iset = 1213, kT =[10, 30], etaq = [-2.4, 2.4], z2 = 0.65
Collins ratios: UL = 0.856798  UC = 0.281645  U = 0.415119  L = -0.441679
 --> Integration time=1209.82s, neval=100000000
 --> kT integration time=1209.82s, neval=100000000
Running scan for  iset = 1213, kT =[10, 30], etaq = [-2.4, 2.4], z2 = 0.7
Collins ratios: UL = 0.875102  UC = 0.268624  U = 0.41628  L = -0.458821
 --> Integration time=1225.45s, neval=100000000
 --> kT integration time=1225.45s, neval=100000000
Running scan for  iset = 1213, kT =[10, 30], etaq = [-2.4, 2.4], z2 = 0.75
Collins ratios: UL = 0.882661  UC = 0.251683  U = 0.415942  L = -0.466718
 --> Integration time=1206.22s, neval=100000000
 --> kT integration time=1206.22s, neval=100000000
Running scan for  iset = 1213, kT =[10, 30], etaq = [-2.4, 2.4], z2 = 0.8
Collins ratios: UL = 0.878835  UC = 0.233055  U = 0.414484  L = -0.464351
 --> Integration time=1207.46s, neval=100000000
 --> kT integration time=1207.46s, neval=100000000
Running scan for  iset = 1214, kT =[10, 30], etaq = [-2.4, 2.4], z2 = 0.1
Collins ratios: UL = 0.57453  UC = 0.258023  U = 0.439798  L = -0.134732
 --> Integration time=1208.64s, neval=100000000
 --> kT integration time=1208.64s, neval=100000000
Running scan for  iset = 1214, kT =[10, 30], etaq = [-2.4, 2.4], z2 = 0.15
Collins ratios: UL = 0.585987  UC = 0.266784  U = 0.440048  L = -0.145939
 --> Integration time=1210.44s, neval=100000000
 --> kT integration time=1210.44s, neval=100000000
Running scan for  iset = 1214, kT =[10, 30], etaq = [-2.4, 2.4], z2 = 0.2
Collins ratios: UL = 0.613269  UC = 0.277761  U = 0.445497  L = -0.167773
 --> Integration time=1210.99s, neval=100000000
 --> kT integration time=1210.99s, neval=100000000
Running scan for  iset = 1214, kT =[10, 30], etaq = [-2.4, 2.4], z2 = 0.25
