000 (2001.003.000) 2026-04-09 15:39:20 Job submitted from host: <192.135.33.172:9618?addrs=192.135.33.172-9618&alias=theosrv-01.ca.infn.it&noUDP&sock=schedd_1878_baf3>
...
001 (2001.003.000) 2026-04-09 15:39:27 Job executing on host: <192.135.33.172:9618?addrs=192.135.33.172-9618&alias=theosrv-01.ca.infn.it&noUDP&sock=startd_1878_baf3>
	SlotName: slot4@theosrv-01.ca.infn.it
	CondorScratchDir = "/var/lib/condor/execute/dir_40070"
	Cpus = 1
	Disk = 342046
	Memory = 3568
...
006 (2001.003.000) 2026-04-09 15:39:35 Image size of job updated: 13560
	14  -  MemoryUsage of job (MB)
	13560  -  ResidentSetSize of job (KB)
...
006 (2001.003.000) 2026-04-09 15:44:35 Image size of job updated: 14068
	14  -  MemoryUsage of job (MB)
	13560  -  ResidentSetSize of job (KB)
...
006 (2001.003.000) 2026-04-09 15:49:35 Image size of job updated: 14068
	14  -  MemoryUsage of job (MB)
	13832  -  ResidentSetSize of job (KB)
...
006 (2001.003.000) 2026-04-09 15:49:59 Image size of job updated: 14720
	14  -  MemoryUsage of job (MB)
	13832  -  ResidentSetSize of job (KB)
...
005 (2001.003.000) 2026-04-09 15:49:59 Job terminated.
	(1) Normal termination (return value 0)
		Usr 0 00:10:28, Sys 0 00:00:02  -  Run Remote Usage
		Usr 0 00:00:00, Sys 0 00:00:00  -  Run Local Usage
		Usr 0 00:10:28, Sys 0 00:00:02  -  Total Remote Usage
		Usr 0 00:00:00, Sys 0 00:00:00  -  Total Local Usage
	0  -  Run Bytes Sent By Job
	0  -  Run Bytes Received By Job
	0  -  Total Bytes Sent By Job
	0  -  Total Bytes Received By Job
	Partitionable Resources :    Usage  Request Allocated 
	   Cpus                 :     1.00        1         1 
	   Disk (KB)            :  4000        4000    342046 
	   Memory (MB)          :    14           4      3568 

	Job terminated of its own accord at 2026-04-09T13:49:59Z with exit-code 0.
...
