000 (2087.000.000) 2026-06-18 15:36:07 Job submitted from host: <192.135.33.172:9618?addrs=192.135.33.172-9618&alias=theosrv-01.ca.infn.it&noUDP&sock=schedd_1878_baf3>
...
001 (2087.000.000) 2026-06-18 15:36:07 Job executing on host: <192.135.33.172:9618?addrs=192.135.33.172-9618&alias=theosrv-01.ca.infn.it&noUDP&sock=startd_1878_baf3>
	SlotName: slot61@theosrv-01.ca.infn.it
	CondorScratchDir = "/var/lib/condor/execute/dir_1379666"
	Cpus = 1
	Disk = 342046
	Memory = 3568
...
006 (2087.000.000) 2026-06-18 15:36:16 Image size of job updated: 13560
	13  -  MemoryUsage of job (MB)
	13288  -  ResidentSetSize of job (KB)
...
004 (2087.000.000) 2026-06-18 15:36:54 Job was evicted.
	(0) CPU times
		Usr 0 00:00:45, Sys 0 00:00:00  -  Run Remote Usage
		Usr 0 00:00:00, Sys 0 00:00:00  -  Run Local Usage
	0  -  Run Bytes Sent By Job
	0  -  Run Bytes Received By Job
	Partitionable Resources :    Usage  Request Allocated 
	   Cpus                 :                 1         1 
	   Disk (KB)            :     4000     4000    342046 
	   Memory (MB)          :       13        4      3568 
...
009 (2087.000.000) 2026-06-18 15:36:54 Job was aborted.
	via condor_rm (by user sanedda)
...
