000 (2082.001.000) 2026-06-17 15:10:55 Job submitted from host: <192.135.33.172:9618?addrs=192.135.33.172-9618&alias=theosrv-01.ca.infn.it&noUDP&sock=schedd_1878_baf3>
...
001 (2082.001.000) 2026-06-17 15:10:55 Job executing on host: <192.135.33.172:9618?addrs=192.135.33.172-9618&alias=theosrv-01.ca.infn.it&noUDP&sock=startd_1878_baf3>
	SlotName: slot2@theosrv-01.ca.infn.it
	CondorScratchDir = "/var/lib/condor/execute/dir_1370970"
	Cpus = 1
	Disk = 342046
	Memory = 3568
...
006 (2082.001.000) 2026-06-17 15:11:03 Image size of job updated: 11396
	12  -  MemoryUsage of job (MB)
	11396  -  ResidentSetSize of job (KB)
...
006 (2082.001.000) 2026-06-17 15:16:03 Image size of job updated: 11808
	12  -  MemoryUsage of job (MB)
	11724  -  ResidentSetSize of job (KB)
...
006 (2082.001.000) 2026-06-17 15:21:04 Image size of job updated: 11920
	12  -  MemoryUsage of job (MB)
	11724  -  ResidentSetSize of job (KB)
...
006 (2082.001.000) 2026-06-17 15:26:05 Image size of job updated: 12216
	12  -  MemoryUsage of job (MB)
	12000  -  ResidentSetSize of job (KB)
...
006 (2082.001.000) 2026-06-17 15:36:06 Image size of job updated: 12276
	12  -  MemoryUsage of job (MB)
	12048  -  ResidentSetSize of job (KB)
...
005 (2082.001.000) 2026-06-17 15:55:22 Job terminated.
	(1) Normal termination (return value 0)
		Usr 0 00:44:17, Sys 0 00:00:04  -  Run Remote Usage
		Usr 0 00:00:00, Sys 0 00:00:00  -  Run Local Usage
		Usr 0 00:44:17, Sys 0 00:00:04  -  Total Remote Usage
		Usr 0 00:00:00, Sys 0 00:00:00  -  Total Local Usage
	0  -  Run Bytes Sent By Job
	0  -  Run Bytes Received By Job
	0  -  Total Bytes Sent By Job
	0  -  Total Bytes Received By Job
	Partitionable Resources :    Usage  Request Allocated 
	   Cpus                 :     1.00        1         1 
	   Disk (KB)            :  4000        4000    342046 
	   Memory (MB)          :    12           4      3568 

	Job terminated of its own accord at 2026-06-17T13:55:22Z with exit-code 0.
...
