000 (2088.000.000) 2026-06-18 15:38:28 Job submitted from host: <192.135.33.172:9618?addrs=192.135.33.172-9618&alias=theosrv-01.ca.infn.it&noUDP&sock=schedd_1878_baf3>
...
001 (2088.000.000) 2026-06-18 15:38:28 Job executing on host: <192.135.33.172:9618?addrs=192.135.33.172-9618&alias=theosrv-01.ca.infn.it&noUDP&sock=startd_1878_baf3>
	SlotName: slot1@theosrv-01.ca.infn.it
	CondorScratchDir = "/var/lib/condor/execute/dir_1379896"
	Cpus = 1
	Disk = 342046
	Memory = 3568
...
006 (2088.000.000) 2026-06-18 15:38:36 Image size of job updated: 11352
	12  -  MemoryUsage of job (MB)
	11352  -  ResidentSetSize of job (KB)
...
006 (2088.000.000) 2026-06-18 15:43:36 Image size of job updated: 12108
	12  -  MemoryUsage of job (MB)
	11352  -  ResidentSetSize of job (KB)
...
005 (2088.000.000) 2026-06-18 15:51:13 Job terminated.
	(1) Normal termination (return value 0)
		Usr 0 00:12:38, Sys 0 00:00:03  -  Run Remote Usage
		Usr 0 00:00:00, Sys 0 00:00:00  -  Run Local Usage
		Usr 0 00:12:38, Sys 0 00:00:03  -  Total Remote Usage
		Usr 0 00:00:00, Sys 0 00:00:00  -  Total Local Usage
	0  -  Run Bytes Sent By Job
	0  -  Run Bytes Received By Job
	0  -  Total Bytes Sent By Job
	0  -  Total Bytes Received By Job
	Partitionable Resources :    Usage  Request Allocated 
	   Cpus                 :     0.97        1         1 
	   Disk (KB)            :  4000        4000    342046 
	   Memory (MB)          :    12           4      3568 

	Job terminated of its own accord at 2026-06-18T13:51:13Z with exit-code 0.
...
