000 (2082.002.000) 2026-06-17 15:10:55 Job submitted from host: <192.135.33.172:9618?addrs=192.135.33.172-9618&alias=theosrv-01.ca.infn.it&noUDP&sock=schedd_1878_baf3>
...
001 (2082.002.000) 2026-06-17 15:10:55 Job executing on host: <192.135.33.172:9618?addrs=192.135.33.172-9618&alias=theosrv-01.ca.infn.it&noUDP&sock=startd_1878_baf3>
	SlotName: slot3@theosrv-01.ca.infn.it
	CondorScratchDir = "/var/lib/condor/execute/dir_1370973"
	Cpus = 1
	Disk = 342046
	Memory = 3568
...
006 (2082.002.000) 2026-06-17 15:11:03 Image size of job updated: 14736
	15  -  MemoryUsage of job (MB)
	14736  -  ResidentSetSize of job (KB)
...
006 (2082.002.000) 2026-06-17 15:16:03 Image size of job updated: 15324
	15  -  MemoryUsage of job (MB)
	15324  -  ResidentSetSize of job (KB)
...
006 (2082.002.000) 2026-06-17 15:21:04 Image size of job updated: 15828
	16  -  MemoryUsage of job (MB)
	15392  -  ResidentSetSize of job (KB)
...
006 (2082.002.000) 2026-06-17 15:26:05 Image size of job updated: 15828
	16  -  MemoryUsage of job (MB)
	15464  -  ResidentSetSize of job (KB)
...
005 (2082.002.000) 2026-06-17 15:29:27 Job terminated.
	(1) Normal termination (return value 0)
		Usr 0 00:18:27, Sys 0 00:00:02  -  Run Remote Usage
		Usr 0 00:00:00, Sys 0 00:00:00  -  Run Local Usage
		Usr 0 00:18:27, Sys 0 00:00:02  -  Total Remote Usage
		Usr 0 00:00:00, Sys 0 00:00:00  -  Total Local Usage
	0  -  Run Bytes Sent By Job
	0  -  Run Bytes Received By Job
	0  -  Total Bytes Sent By Job
	0  -  Total Bytes Received By Job
	Partitionable Resources :    Usage  Request Allocated 
	   Cpus                 :     1.00        1         1 
	   Disk (KB)            :  4000        4000    342046 
	   Memory (MB)          :    16           4      3568 

	Job terminated of its own accord at 2026-06-17T13:29:27Z with exit-code 0.
...
