000 (2083.000.000) 2026-06-17 16:23:05 Job submitted from host: <192.135.33.172:9618?addrs=192.135.33.172-9618&alias=theosrv-01.ca.infn.it&noUDP&sock=schedd_1878_baf3>
...
001 (2083.000.000) 2026-06-17 16:23:15 Job executing on host: <192.135.33.172:9618?addrs=192.135.33.172-9618&alias=theosrv-01.ca.infn.it&noUDP&sock=startd_1878_baf3>
	SlotName: slot1@theosrv-01.ca.infn.it
	CondorScratchDir = "/var/lib/condor/execute/dir_1371786"
	Cpus = 1
	Disk = 342046
	Memory = 3568
...
006 (2083.000.000) 2026-06-17 16:23:24 Image size of job updated: 11608
	12  -  MemoryUsage of job (MB)
	11608  -  ResidentSetSize of job (KB)
...
006 (2083.000.000) 2026-06-17 16:28:25 Image size of job updated: 11964
	12  -  MemoryUsage of job (MB)
	11656  -  ResidentSetSize of job (KB)
...
006 (2083.000.000) 2026-06-17 16:31:19 Image size of job updated: 12140
	12  -  MemoryUsage of job (MB)
	11656  -  ResidentSetSize of job (KB)
...
005 (2083.000.000) 2026-06-17 16:31:19 Job terminated.
	(1) Normal termination (return value 0)
		Usr 0 00:08:00, Sys 0 00:00:02  -  Run Remote Usage
		Usr 0 00:00:00, Sys 0 00:00:00  -  Run Local Usage
		Usr 0 00:08:00, Sys 0 00:00:02  -  Total Remote Usage
		Usr 0 00:00:00, Sys 0 00:00:00  -  Total Local Usage
	0  -  Run Bytes Sent By Job
	0  -  Run Bytes Received By Job
	0  -  Total Bytes Sent By Job
	0  -  Total Bytes Received By Job
	Partitionable Resources :    Usage  Request Allocated 
	   Cpus                 :     1.00        1         1 
	   Disk (KB)            :  4000        4000    342046 
	   Memory (MB)          :    12           4      3568 

	Job terminated of its own accord at 2026-06-17T14:31:19Z with exit-code 0.
...
