000 (2075.054.000) 2026-05-29 15:16:50 Job submitted from host: <192.135.33.172:9618?addrs=192.135.33.172-9618&alias=theosrv-01.ca.infn.it&noUDP&sock=schedd_1878_baf3>
...
001 (2075.054.000) 2026-05-29 15:16:55 Job executing on host: <192.135.33.172:9618?addrs=192.135.33.172-9618&alias=theosrv-01.ca.infn.it&noUDP&sock=startd_1878_baf3>
	SlotName: slot55@theosrv-01.ca.infn.it
	CondorScratchDir = "/var/lib/condor/execute/dir_934158"
	Cpus = 1
	Disk = 342046
	Memory = 3568
...
006 (2075.054.000) 2026-05-29 15:17:03 Image size of job updated: 14712
	15  -  MemoryUsage of job (MB)
	14416  -  ResidentSetSize of job (KB)
...
006 (2075.054.000) 2026-05-29 15:22:03 Image size of job updated: 14976
	15  -  MemoryUsage of job (MB)
	14720  -  ResidentSetSize of job (KB)
...
006 (2075.054.000) 2026-05-29 15:27:04 Image size of job updated: 15224
	15  -  MemoryUsage of job (MB)
	14720  -  ResidentSetSize of job (KB)
...
006 (2075.054.000) 2026-05-29 15:37:05 Image size of job updated: 15236
	15  -  MemoryUsage of job (MB)
	14720  -  ResidentSetSize of job (KB)
...
006 (2075.054.000) 2026-05-29 15:42:05 Image size of job updated: 15240
	15  -  MemoryUsage of job (MB)
	14720  -  ResidentSetSize of job (KB)
...
006 (2075.054.000) 2026-05-29 15:47:06 Image size of job updated: 15240
	15  -  MemoryUsage of job (MB)
	14736  -  ResidentSetSize of job (KB)
...
006 (2075.054.000) 2026-05-29 15:52:06 Image size of job updated: 15504
	15  -  MemoryUsage of job (MB)
	14736  -  ResidentSetSize of job (KB)
...
006 (2075.054.000) 2026-05-29 16:22:10 Image size of job updated: 15504
	15  -  MemoryUsage of job (MB)
	14740  -  ResidentSetSize of job (KB)
...
006 (2075.054.000) 2026-05-29 16:47:11 Image size of job updated: 15512
	15  -  MemoryUsage of job (MB)
	15000  -  ResidentSetSize of job (KB)
...
006 (2075.054.000) 2026-05-29 17:22:15 Image size of job updated: 15520
	15  -  MemoryUsage of job (MB)
	15000  -  ResidentSetSize of job (KB)
...
006 (2075.054.000) 2026-05-29 17:52:18 Image size of job updated: 15700
	15  -  MemoryUsage of job (MB)
	15000  -  ResidentSetSize of job (KB)
...
006 (2075.054.000) 2026-05-30 00:58:04 Image size of job updated: 15700
	15  -  MemoryUsage of job (MB)
	15116  -  ResidentSetSize of job (KB)
...
006 (2075.054.000) 2026-05-30 01:18:06 Image size of job updated: 15872
	15  -  MemoryUsage of job (MB)
	15116  -  ResidentSetSize of job (KB)
...
006 (2075.054.000) 2026-05-30 08:23:48 Image size of job updated: 15872
	15  -  MemoryUsage of job (MB)
	15208  -  ResidentSetSize of job (KB)
...
006 (2075.054.000) 2026-05-30 10:03:58 Image size of job updated: 15872
	15  -  MemoryUsage of job (MB)
	15236  -  ResidentSetSize of job (KB)
...
006 (2075.054.000) 2026-05-30 14:19:27 Image size of job updated: 15872
	15  -  MemoryUsage of job (MB)
	15284  -  ResidentSetSize of job (KB)
...
006 (2075.054.000) 2026-05-30 20:45:08 Image size of job updated: 15876
	15  -  MemoryUsage of job (MB)
	15284  -  ResidentSetSize of job (KB)
...
006 (2075.054.000) 2026-05-30 20:50:08 Image size of job updated: 15880
	15  -  MemoryUsage of job (MB)
	15284  -  ResidentSetSize of job (KB)
...
006 (2075.054.000) 2026-05-30 21:45:14 Image size of job updated: 15888
	15  -  MemoryUsage of job (MB)
	15284  -  ResidentSetSize of job (KB)
...
006 (2075.054.000) 2026-05-30 22:00:16 Image size of job updated: 16060
	15  -  MemoryUsage of job (MB)
	15284  -  ResidentSetSize of job (KB)
...
006 (2075.054.000) 2026-05-31 05:06:00 Image size of job updated: 16060
	16  -  MemoryUsage of job (MB)
	15472  -  ResidentSetSize of job (KB)
...
006 (2075.054.000) 2026-05-31 09:36:31 Image size of job updated: 16060
	16  -  MemoryUsage of job (MB)
	15528  -  ResidentSetSize of job (KB)
...
006 (2075.054.000) 2026-05-31 11:51:44 Image size of job updated: 16072
	16  -  MemoryUsage of job (MB)
	15560  -  ResidentSetSize of job (KB)
...
006 (2075.054.000) 2026-05-31 12:41:49 Image size of job updated: 16076
	16  -  MemoryUsage of job (MB)
	15560  -  ResidentSetSize of job (KB)
...
006 (2075.054.000) 2026-05-31 13:46:56 Image size of job updated: 16096
	16  -  MemoryUsage of job (MB)
	15560  -  ResidentSetSize of job (KB)
...
006 (2075.054.000) 2026-05-31 14:42:02 Image size of job updated: 16108
	16  -  MemoryUsage of job (MB)
	15560  -  ResidentSetSize of job (KB)
...
006 (2075.054.000) 2026-05-31 14:52:02 Image size of job updated: 16360
	16  -  MemoryUsage of job (MB)
	15560  -  ResidentSetSize of job (KB)
...
006 (2075.054.000) 2026-05-31 17:37:18 Image size of job updated: 16400
	16  -  MemoryUsage of job (MB)
	15560  -  ResidentSetSize of job (KB)
...
006 (2075.054.000) 2026-05-31 23:37:55 Image size of job updated: 16400
	16  -  MemoryUsage of job (MB)
	15708  -  ResidentSetSize of job (KB)
...
006 (2075.054.000) 2026-06-01 05:23:30 Image size of job updated: 16400
	16  -  MemoryUsage of job (MB)
	15780  -  ResidentSetSize of job (KB)
...
006 (2075.054.000) 2026-06-01 07:43:45 Image size of job updated: 16400
	16  -  MemoryUsage of job (MB)
	15816  -  ResidentSetSize of job (KB)
...
006 (2075.054.000) 2026-06-01 07:53:46 Image size of job updated: 16588
	16  -  MemoryUsage of job (MB)
	15816  -  ResidentSetSize of job (KB)
...
006 (2075.054.000) 2026-06-01 08:33:50 Image size of job updated: 16588
	16  -  MemoryUsage of job (MB)
	15824  -  ResidentSetSize of job (KB)
...
006 (2075.054.000) 2026-06-01 11:04:05 Image size of job updated: 16588
	16  -  MemoryUsage of job (MB)
	15856  -  ResidentSetSize of job (KB)
...
006 (2075.054.000) 2026-06-01 14:14:24 Image size of job updated: 16660
	16  -  MemoryUsage of job (MB)
	15896  -  ResidentSetSize of job (KB)
...
006 (2075.054.000) 2026-06-01 18:39:50 Image size of job updated: 16660
	16  -  MemoryUsage of job (MB)
	15952  -  ResidentSetSize of job (KB)
...
006 (2075.054.000) 2026-06-01 20:15:00 Image size of job updated: 16660
	16  -  MemoryUsage of job (MB)
	15968  -  ResidentSetSize of job (KB)
...
006 (2075.054.000) 2026-06-01 20:50:03 Image size of job updated: 16660
	16  -  MemoryUsage of job (MB)
	16228  -  ResidentSetSize of job (KB)
...
006 (2075.054.000) 2026-06-01 20:55:04 Image size of job updated: 16744
	16  -  MemoryUsage of job (MB)
	16228  -  ResidentSetSize of job (KB)
...
006 (2075.054.000) 2026-06-01 23:15:18 Image size of job updated: 16784
	16  -  MemoryUsage of job (MB)
	16228  -  ResidentSetSize of job (KB)
...
006 (2075.054.000) 2026-06-02 08:11:16 Image size of job updated: 17144
	16  -  MemoryUsage of job (MB)
	16228  -  ResidentSetSize of job (KB)
...
005 (2075.054.000) 2026-06-02 10:24:54 Job terminated.
	(1) Normal termination (return value 0)
		Usr 3 18:33:39, Sys 0 00:10:55  -  Run Remote Usage
		Usr 0 00:00:00, Sys 0 00:00:00  -  Run Local Usage
		Usr 3 18:33:39, Sys 0 00:10:55  -  Total Remote Usage
		Usr 0 00:00:00, Sys 0 00:00:00  -  Total Local Usage
	0  -  Run Bytes Sent By Job
	0  -  Run Bytes Received By Job
	0  -  Total Bytes Sent By Job
	0  -  Total Bytes Received By Job
	Partitionable Resources :    Usage  Request Allocated 
	   Cpus                 :     1.00        1         1 
	   Disk (KB)            :  4000        4000    342046 
	   Memory (MB)          :    16           4      3568 

	Job terminated of its own accord at 2026-06-02T08:24:54Z with exit-code 0.
...
