000 (2075.045.000) 2026-05-29 15:16:50 Job submitted from host: <192.135.33.172:9618?addrs=192.135.33.172-9618&alias=theosrv-01.ca.infn.it&noUDP&sock=schedd_1878_baf3>
...
001 (2075.045.000) 2026-05-29 15:16:55 Job executing on host: <192.135.33.172:9618?addrs=192.135.33.172-9618&alias=theosrv-01.ca.infn.it&noUDP&sock=startd_1878_baf3>
	SlotName: slot46@theosrv-01.ca.infn.it
	CondorScratchDir = "/var/lib/condor/execute/dir_934149"
	Cpus = 1
	Disk = 342046
	Memory = 3568
...
006 (2075.045.000) 2026-05-29 15:17:03 Image size of job updated: 14036
	14  -  MemoryUsage of job (MB)
	13532  -  ResidentSetSize of job (KB)
...
006 (2075.045.000) 2026-05-29 15:22:03 Image size of job updated: 14128
	14  -  MemoryUsage of job (MB)
	13532  -  ResidentSetSize of job (KB)
...
006 (2075.045.000) 2026-05-29 15:27:04 Image size of job updated: 14128
	14  -  MemoryUsage of job (MB)
	13616  -  ResidentSetSize of job (KB)
...
006 (2075.045.000) 2026-05-29 15:32:05 Image size of job updated: 14384
	14  -  MemoryUsage of job (MB)
	13616  -  ResidentSetSize of job (KB)
...
006 (2075.045.000) 2026-05-29 15:37:05 Image size of job updated: 14384
	14  -  MemoryUsage of job (MB)
	13620  -  ResidentSetSize of job (KB)
...
006 (2075.045.000) 2026-05-29 16:17:09 Image size of job updated: 14392
	14  -  MemoryUsage of job (MB)
	13620  -  ResidentSetSize of job (KB)
...
006 (2075.045.000) 2026-05-29 16:32:10 Image size of job updated: 14392
	14  -  MemoryUsage of job (MB)
	13632  -  ResidentSetSize of job (KB)
...
006 (2075.045.000) 2026-05-29 16:42:11 Image size of job updated: 14392
	14  -  MemoryUsage of job (MB)
	13640  -  ResidentSetSize of job (KB)
...
006 (2075.045.000) 2026-05-29 17:27:16 Image size of job updated: 14392
	14  -  MemoryUsage of job (MB)
	13644  -  ResidentSetSize of job (KB)
...
006 (2075.045.000) 2026-05-29 18:42:23 Image size of job updated: 14432
	14  -  MemoryUsage of job (MB)
	13668  -  ResidentSetSize of job (KB)
...
006 (2075.045.000) 2026-05-29 19:37:29 Image size of job updated: 14444
	14  -  MemoryUsage of job (MB)
	13668  -  ResidentSetSize of job (KB)
...
006 (2075.045.000) 2026-05-29 19:52:30 Image size of job updated: 14444
	14  -  MemoryUsage of job (MB)
	13676  -  ResidentSetSize of job (KB)
...
006 (2075.045.000) 2026-05-29 20:22:33 Image size of job updated: 14456
	14  -  MemoryUsage of job (MB)
	13676  -  ResidentSetSize of job (KB)
...
006 (2075.045.000) 2026-05-29 21:07:38 Image size of job updated: 14456
	14  -  MemoryUsage of job (MB)
	13696  -  ResidentSetSize of job (KB)
...
006 (2075.045.000) 2026-05-29 21:27:40 Image size of job updated: 14456
	14  -  MemoryUsage of job (MB)
	13704  -  ResidentSetSize of job (KB)
...
006 (2075.045.000) 2026-05-29 22:02:44 Image size of job updated: 14456
	14  -  MemoryUsage of job (MB)
	13708  -  ResidentSetSize of job (KB)
...
006 (2075.045.000) 2026-05-29 22:22:46 Image size of job updated: 14456
	14  -  MemoryUsage of job (MB)
	13712  -  ResidentSetSize of job (KB)
...
006 (2075.045.000) 2026-05-29 22:47:49 Image size of job updated: 14480
	14  -  MemoryUsage of job (MB)
	13712  -  ResidentSetSize of job (KB)
...
006 (2075.045.000) 2026-05-29 23:12:51 Image size of job updated: 14484
	14  -  MemoryUsage of job (MB)
	13724  -  ResidentSetSize of job (KB)
...
006 (2075.045.000) 2026-05-29 23:22:52 Image size of job updated: 14484
	14  -  MemoryUsage of job (MB)
	13980  -  ResidentSetSize of job (KB)
...
006 (2075.045.000) 2026-05-29 23:32:53 Image size of job updated: 14492
	14  -  MemoryUsage of job (MB)
	13980  -  ResidentSetSize of job (KB)
...
006 (2075.045.000) 2026-05-30 00:22:58 Image size of job updated: 14500
	14  -  MemoryUsage of job (MB)
	13980  -  ResidentSetSize of job (KB)
...
006 (2075.045.000) 2026-05-30 01:08:02 Image size of job updated: 14516
	14  -  MemoryUsage of job (MB)
	13980  -  ResidentSetSize of job (KB)
...
006 (2075.045.000) 2026-05-30 01:33:05 Image size of job updated: 14772
	14  -  MemoryUsage of job (MB)
	13980  -  ResidentSetSize of job (KB)
...
006 (2075.045.000) 2026-05-30 05:18:27 Image size of job updated: 14772
	14  -  MemoryUsage of job (MB)
	14056  -  ResidentSetSize of job (KB)
...
006 (2075.045.000) 2026-05-30 05:28:28 Image size of job updated: 14772
	14  -  MemoryUsage of job (MB)
	14064  -  ResidentSetSize of job (KB)
...
006 (2075.045.000) 2026-05-30 12:24:10 Image size of job updated: 14772
	14  -  MemoryUsage of job (MB)
	14152  -  ResidentSetSize of job (KB)
...
006 (2075.045.000) 2026-05-30 18:39:47 Image size of job updated: 14772
	14  -  MemoryUsage of job (MB)
	14228  -  ResidentSetSize of job (KB)
...
006 (2075.045.000) 2026-05-30 21:05:03 Image size of job updated: 14772
	14  -  MemoryUsage of job (MB)
	14264  -  ResidentSetSize of job (KB)
...
006 (2075.045.000) 2026-05-30 21:35:06 Image size of job updated: 14776
	14  -  MemoryUsage of job (MB)
	14264  -  ResidentSetSize of job (KB)
...
006 (2075.045.000) 2026-05-30 22:15:11 Image size of job updated: 14776
	14  -  MemoryUsage of job (MB)
	14284  -  ResidentSetSize of job (KB)
...
006 (2075.045.000) 2026-05-30 22:20:11 Image size of job updated: 14792
	14  -  MemoryUsage of job (MB)
	14284  -  ResidentSetSize of job (KB)
...
006 (2075.045.000) 2026-05-30 22:55:15 Image size of job updated: 14800
	14  -  MemoryUsage of job (MB)
	14284  -  ResidentSetSize of job (KB)
...
006 (2075.045.000) 2026-05-30 23:45:19 Image size of job updated: 14804
	14  -  MemoryUsage of job (MB)
	14284  -  ResidentSetSize of job (KB)
...
006 (2075.045.000) 2026-05-31 00:30:25 Image size of job updated: 14804
	15  -  MemoryUsage of job (MB)
	14572  -  ResidentSetSize of job (KB)
...
006 (2075.045.000) 2026-05-31 00:35:25 Image size of job updated: 15000
	15  -  MemoryUsage of job (MB)
	14572  -  ResidentSetSize of job (KB)
...
006 (2075.045.000) 2026-05-31 02:45:38 Image size of job updated: 15024
	15  -  MemoryUsage of job (MB)
	14572  -  ResidentSetSize of job (KB)
...
006 (2075.045.000) 2026-05-31 03:25:42 Image size of job updated: 15124
	15  -  MemoryUsage of job (MB)
	14572  -  ResidentSetSize of job (KB)
...
006 (2075.045.000) 2026-05-31 18:52:20 Image size of job updated: 15228
	15  -  MemoryUsage of job (MB)
	14572  -  ResidentSetSize of job (KB)
...
006 (2075.045.000) 2026-05-31 21:37:37 Image size of job updated: 15228
	15  -  MemoryUsage of job (MB)
	14588  -  ResidentSetSize of job (KB)
...
006 (2075.045.000) 2026-05-31 23:42:51 Image size of job updated: 15292
	15  -  MemoryUsage of job (MB)
	14588  -  ResidentSetSize of job (KB)
...
006 (2075.045.000) 2026-05-31 23:57:52 Image size of job updated: 15384
	15  -  MemoryUsage of job (MB)
	14588  -  ResidentSetSize of job (KB)
...
006 (2075.045.000) 2026-06-01 04:18:18 Image size of job updated: 15384
	15  -  MemoryUsage of job (MB)
	14672  -  ResidentSetSize of job (KB)
...
006 (2075.045.000) 2026-06-01 08:48:45 Image size of job updated: 15384
	15  -  MemoryUsage of job (MB)
	14728  -  ResidentSetSize of job (KB)
...
006 (2075.045.000) 2026-06-01 09:03:47 Image size of job updated: 15384
	15  -  MemoryUsage of job (MB)
	14732  -  ResidentSetSize of job (KB)
...
006 (2075.045.000) 2026-06-01 10:13:56 Image size of job updated: 15384
	15  -  MemoryUsage of job (MB)
	14740  -  ResidentSetSize of job (KB)
...
006 (2075.045.000) 2026-06-01 12:09:08 Image size of job updated: 15452
	15  -  MemoryUsage of job (MB)
	14740  -  ResidentSetSize of job (KB)
...
006 (2075.045.000) 2026-06-01 13:19:15 Image size of job updated: 15452
	15  -  MemoryUsage of job (MB)
	15044  -  ResidentSetSize of job (KB)
...
006 (2075.045.000) 2026-06-01 13:44:17 Image size of job updated: 15556
	15  -  MemoryUsage of job (MB)
	15044  -  ResidentSetSize of job (KB)
...
006 (2075.045.000) 2026-06-01 13:59:18 Image size of job updated: 15564
	15  -  MemoryUsage of job (MB)
	15044  -  ResidentSetSize of job (KB)
...
006 (2075.045.000) 2026-06-01 17:04:36 Image size of job updated: 15604
	15  -  MemoryUsage of job (MB)
	15044  -  ResidentSetSize of job (KB)
...
006 (2075.045.000) 2026-06-01 17:09:37 Image size of job updated: 15864
	15  -  MemoryUsage of job (MB)
	15044  -  ResidentSetSize of job (KB)
...
006 (2075.045.000) 2026-06-02 01:10:28 Image size of job updated: 15876
	15  -  MemoryUsage of job (MB)
	15044  -  ResidentSetSize of job (KB)
...
006 (2075.045.000) 2026-06-02 08:26:12 Image size of job updated: 15876
	15  -  MemoryUsage of job (MB)
	15292  -  ResidentSetSize of job (KB)
...
005 (2075.045.000) 2026-06-02 10:30:00 Job terminated.
	(1) Normal termination (return value 0)
		Usr 3 18:38:46, Sys 0 00:10:52  -  Run Remote Usage
		Usr 0 00:00:00, Sys 0 00:00:00  -  Run Local Usage
		Usr 3 18:38:46, Sys 0 00:10:52  -  Total Remote Usage
		Usr 0 00:00:00, Sys 0 00:00:00  -  Total Local Usage
	0  -  Run Bytes Sent By Job
	0  -  Run Bytes Received By Job
	0  -  Total Bytes Sent By Job
	0  -  Total Bytes Received By Job
	Partitionable Resources :    Usage  Request Allocated 
	   Cpus                 :     1.00        1         1 
	   Disk (KB)            :  4000        4000    342046 
	   Memory (MB)          :    15           4      3568 

	Job terminated of its own accord at 2026-06-02T08:30:00Z with exit-code 0.
...
