000 (2075.029.000) 2026-05-29 15:16:50 Job submitted from host: <192.135.33.172:9618?addrs=192.135.33.172-9618&alias=theosrv-01.ca.infn.it&noUDP&sock=schedd_1878_baf3>
...
001 (2075.029.000) 2026-05-29 15:16:55 Job executing on host: <192.135.33.172:9618?addrs=192.135.33.172-9618&alias=theosrv-01.ca.infn.it&noUDP&sock=startd_1878_baf3>
	SlotName: slot30@theosrv-01.ca.infn.it
	CondorScratchDir = "/var/lib/condor/execute/dir_934133"
	Cpus = 1
	Disk = 342046
	Memory = 3568
...
006 (2075.029.000) 2026-05-29 15:17:03 Image size of job updated: 14684
	15  -  MemoryUsage of job (MB)
	14400  -  ResidentSetSize of job (KB)
...
006 (2075.029.000) 2026-05-29 15:22:03 Image size of job updated: 15228
	15  -  MemoryUsage of job (MB)
	14464  -  ResidentSetSize of job (KB)
...
006 (2075.029.000) 2026-05-29 15:27:04 Image size of job updated: 15232
	15  -  MemoryUsage of job (MB)
	14716  -  ResidentSetSize of job (KB)
...
006 (2075.029.000) 2026-05-29 15:47:06 Image size of job updated: 15232
	15  -  MemoryUsage of job (MB)
	14720  -  ResidentSetSize of job (KB)
...
006 (2075.029.000) 2026-05-29 15:52:06 Image size of job updated: 15236
	15  -  MemoryUsage of job (MB)
	14720  -  ResidentSetSize of job (KB)
...
006 (2075.029.000) 2026-05-29 16:22:10 Image size of job updated: 15244
	15  -  MemoryUsage of job (MB)
	14720  -  ResidentSetSize of job (KB)
...
006 (2075.029.000) 2026-05-29 16:27:10 Image size of job updated: 15252
	15  -  MemoryUsage of job (MB)
	14720  -  ResidentSetSize of job (KB)
...
006 (2075.029.000) 2026-05-29 16:37:11 Image size of job updated: 15496
	15  -  MemoryUsage of job (MB)
	14720  -  ResidentSetSize of job (KB)
...
006 (2075.029.000) 2026-05-29 17:02:13 Image size of job updated: 15496
	15  -  MemoryUsage of job (MB)
	14740  -  ResidentSetSize of job (KB)
...
006 (2075.029.000) 2026-05-29 18:12:20 Image size of job updated: 15496
	15  -  MemoryUsage of job (MB)
	14748  -  ResidentSetSize of job (KB)
...
006 (2075.029.000) 2026-05-29 18:27:21 Image size of job updated: 15496
	15  -  MemoryUsage of job (MB)
	14752  -  ResidentSetSize of job (KB)
...
006 (2075.029.000) 2026-05-29 18:37:23 Image size of job updated: 15496
	15  -  MemoryUsage of job (MB)
	14760  -  ResidentSetSize of job (KB)
...
006 (2075.029.000) 2026-05-29 18:47:24 Image size of job updated: 15532
	15  -  MemoryUsage of job (MB)
	14760  -  ResidentSetSize of job (KB)
...
006 (2075.029.000) 2026-05-29 18:57:25 Image size of job updated: 15532
	15  -  MemoryUsage of job (MB)
	14764  -  ResidentSetSize of job (KB)
...
006 (2075.029.000) 2026-05-29 20:02:31 Image size of job updated: 15540
	15  -  MemoryUsage of job (MB)
	14772  -  ResidentSetSize of job (KB)
...
006 (2075.029.000) 2026-05-29 20:17:33 Image size of job updated: 15540
	15  -  MemoryUsage of job (MB)
	14776  -  ResidentSetSize of job (KB)
...
006 (2075.029.000) 2026-05-29 20:37:35 Image size of job updated: 15552
	15  -  MemoryUsage of job (MB)
	14776  -  ResidentSetSize of job (KB)
...
006 (2075.029.000) 2026-05-29 20:47:36 Image size of job updated: 15552
	15  -  MemoryUsage of job (MB)
	14784  -  ResidentSetSize of job (KB)
...
006 (2075.029.000) 2026-05-29 21:17:39 Image size of job updated: 15556
	15  -  MemoryUsage of job (MB)
	14784  -  ResidentSetSize of job (KB)
...
006 (2075.029.000) 2026-05-29 21:22:40 Image size of job updated: 15556
	15  -  MemoryUsage of job (MB)
	14792  -  ResidentSetSize of job (KB)
...
006 (2075.029.000) 2026-05-29 22:02:44 Image size of job updated: 15556
	15  -  MemoryUsage of job (MB)
	14800  -  ResidentSetSize of job (KB)
...
006 (2075.029.000) 2026-05-29 22:52:49 Image size of job updated: 15556
	15  -  MemoryUsage of job (MB)
	15064  -  ResidentSetSize of job (KB)
...
006 (2075.029.000) 2026-05-29 23:32:53 Image size of job updated: 15556
	15  -  MemoryUsage of job (MB)
	15080  -  ResidentSetSize of job (KB)
...
006 (2075.029.000) 2026-05-30 00:17:58 Image size of job updated: 15556
	15  -  MemoryUsage of job (MB)
	15084  -  ResidentSetSize of job (KB)
...
006 (2075.029.000) 2026-05-30 02:28:12 Image size of job updated: 15620
	15  -  MemoryUsage of job (MB)
	15084  -  ResidentSetSize of job (KB)
...
006 (2075.029.000) 2026-05-30 03:18:17 Image size of job updated: 15628
	15  -  MemoryUsage of job (MB)
	15084  -  ResidentSetSize of job (KB)
...
006 (2075.029.000) 2026-05-30 03:33:19 Image size of job updated: 15796
	15  -  MemoryUsage of job (MB)
	15084  -  ResidentSetSize of job (KB)
...
006 (2075.029.000) 2026-05-30 04:23:23 Image size of job updated: 15796
	15  -  MemoryUsage of job (MB)
	15132  -  ResidentSetSize of job (KB)
...
006 (2075.029.000) 2026-05-30 07:43:43 Image size of job updated: 15848
	15  -  MemoryUsage of job (MB)
	15132  -  ResidentSetSize of job (KB)
...
006 (2075.029.000) 2026-05-30 11:44:07 Image size of job updated: 15896
	15  -  MemoryUsage of job (MB)
	15132  -  ResidentSetSize of job (KB)
...
006 (2075.029.000) 2026-05-30 12:19:11 Image size of job updated: 15896
	15  -  MemoryUsage of job (MB)
	15236  -  ResidentSetSize of job (KB)
...
006 (2075.029.000) 2026-05-30 13:14:17 Image size of job updated: 15896
	15  -  MemoryUsage of job (MB)
	15244  -  ResidentSetSize of job (KB)
...
006 (2075.029.000) 2026-05-30 13:59:22 Image size of job updated: 15896
	15  -  MemoryUsage of job (MB)
	15260  -  ResidentSetSize of job (KB)
...
006 (2075.029.000) 2026-05-30 22:10:12 Image size of job updated: 16124
	15  -  MemoryUsage of job (MB)
	15260  -  ResidentSetSize of job (KB)
...
006 (2075.029.000) 2026-05-30 23:35:21 Image size of job updated: 16124
	16  -  MemoryUsage of job (MB)
	15376  -  ResidentSetSize of job (KB)
...
006 (2075.029.000) 2026-05-31 02:05:36 Image size of job updated: 16124
	16  -  MemoryUsage of job (MB)
	15668  -  ResidentSetSize of job (KB)
...
006 (2075.029.000) 2026-05-31 17:52:13 Image size of job updated: 16136
	16  -  MemoryUsage of job (MB)
	15668  -  ResidentSetSize of job (KB)
...
006 (2075.029.000) 2026-05-31 19:02:21 Image size of job updated: 16144
	16  -  MemoryUsage of job (MB)
	15668  -  ResidentSetSize of job (KB)
...
006 (2075.029.000) 2026-05-31 19:37:24 Image size of job updated: 16924
	16  -  MemoryUsage of job (MB)
	15668  -  ResidentSetSize of job (KB)
...
006 (2075.029.000) 2026-06-01 06:23:31 Image size of job updated: 16924
	16  -  MemoryUsage of job (MB)
	15784  -  ResidentSetSize of job (KB)
...
006 (2075.029.000) 2026-06-01 07:38:39 Image size of job updated: 16924
	16  -  MemoryUsage of job (MB)
	15976  -  ResidentSetSize of job (KB)
...
006 (2075.029.000) 2026-06-01 08:18:43 Image size of job updated: 16924
	16  -  MemoryUsage of job (MB)
	16064  -  ResidentSetSize of job (KB)
...
006 (2075.029.000) 2026-06-02 08:01:09 Image size of job updated: 16924
	16  -  MemoryUsage of job (MB)
	16100  -  ResidentSetSize of job (KB)
...
006 (2075.029.000) 2026-06-02 10:26:24 Image size of job updated: 16924
	16  -  MemoryUsage of job (MB)
	16328  -  ResidentSetSize of job (KB)
...
006 (2075.029.000) 2026-06-02 10:51:27 Image size of job updated: 16924
	16  -  MemoryUsage of job (MB)
	16344  -  ResidentSetSize of job (KB)
...
005 (2075.029.000) 2026-06-02 10:58:53 Job terminated.
	(1) Normal termination (return value 0)
		Usr 3 19:07:29, Sys 0 00:10:56  -  Run Remote Usage
		Usr 0 00:00:00, Sys 0 00:00:00  -  Run Local Usage
		Usr 3 19:07:29, Sys 0 00:10:56  -  Total Remote Usage
		Usr 0 00:00:00, Sys 0 00:00:00  -  Total Local Usage
	0  -  Run Bytes Sent By Job
	0  -  Run Bytes Received By Job
	0  -  Total Bytes Sent By Job
	0  -  Total Bytes Received By Job
	Partitionable Resources :    Usage  Request Allocated 
	   Cpus                 :     1.00        1         1 
	   Disk (KB)            :  4000        4000    342046 
	   Memory (MB)          :    16           4      3568 

	Job terminated of its own accord at 2026-06-02T08:58:53Z with exit-code 0.
...
