000 (2075.040.000) 2026-05-29 15:16:50 Job submitted from host: <192.135.33.172:9618?addrs=192.135.33.172-9618&alias=theosrv-01.ca.infn.it&noUDP&sock=schedd_1878_baf3>
...
001 (2075.040.000) 2026-05-29 15:16:55 Job executing on host: <192.135.33.172:9618?addrs=192.135.33.172-9618&alias=theosrv-01.ca.infn.it&noUDP&sock=startd_1878_baf3>
	SlotName: slot41@theosrv-01.ca.infn.it
	CondorScratchDir = "/var/lib/condor/execute/dir_934144"
	Cpus = 1
	Disk = 342046
	Memory = 3568
...
006 (2075.040.000) 2026-05-29 15:17:03 Image size of job updated: 9048
	9  -  MemoryUsage of job (MB)
	8736  -  ResidentSetSize of job (KB)
...
006 (2075.040.000) 2026-05-29 15:22:03 Image size of job updated: 9340
	9  -  MemoryUsage of job (MB)
	9084  -  ResidentSetSize of job (KB)
...
006 (2075.040.000) 2026-05-29 15:27:04 Image size of job updated: 9596
	9  -  MemoryUsage of job (MB)
	9084  -  ResidentSetSize of job (KB)
...
006 (2075.040.000) 2026-05-29 15:32:05 Image size of job updated: 9852
	9  -  MemoryUsage of job (MB)
	9084  -  ResidentSetSize of job (KB)
...
006 (2075.040.000) 2026-05-29 15:47:06 Image size of job updated: 9860
	9  -  MemoryUsage of job (MB)
	9084  -  ResidentSetSize of job (KB)
...
006 (2075.040.000) 2026-05-29 15:57:06 Image size of job updated: 9860
	9  -  MemoryUsage of job (MB)
	9096  -  ResidentSetSize of job (KB)
...
006 (2075.040.000) 2026-05-29 16:22:10 Image size of job updated: 9860
	9  -  MemoryUsage of job (MB)
	9100  -  ResidentSetSize of job (KB)
...
006 (2075.040.000) 2026-05-29 16:27:10 Image size of job updated: 9860
	9  -  MemoryUsage of job (MB)
	9104  -  ResidentSetSize of job (KB)
...
006 (2075.040.000) 2026-05-29 16:52:12 Image size of job updated: 9860
	9  -  MemoryUsage of job (MB)
	9108  -  ResidentSetSize of job (KB)
...
006 (2075.040.000) 2026-05-29 17:07:14 Image size of job updated: 9860
	10  -  MemoryUsage of job (MB)
	9364  -  ResidentSetSize of job (KB)
...
006 (2075.040.000) 2026-05-29 18:07:19 Image size of job updated: 9892
	10  -  MemoryUsage of job (MB)
	9364  -  ResidentSetSize of job (KB)
...
006 (2075.040.000) 2026-05-29 19:37:29 Image size of job updated: 9912
	10  -  MemoryUsage of job (MB)
	9364  -  ResidentSetSize of job (KB)
...
006 (2075.040.000) 2026-05-29 20:52:37 Image size of job updated: 9920
	10  -  MemoryUsage of job (MB)
	9364  -  ResidentSetSize of job (KB)
...
006 (2075.040.000) 2026-05-29 22:22:46 Image size of job updated: 9948
	10  -  MemoryUsage of job (MB)
	9364  -  ResidentSetSize of job (KB)
...
006 (2075.040.000) 2026-05-29 23:32:53 Image size of job updated: 9960
	10  -  MemoryUsage of job (MB)
	9364  -  ResidentSetSize of job (KB)
...
006 (2075.040.000) 2026-05-30 02:38:13 Image size of job updated: 9996
	10  -  MemoryUsage of job (MB)
	9364  -  ResidentSetSize of job (KB)
...
006 (2075.040.000) 2026-05-30 03:53:21 Image size of job updated: 9996
	10  -  MemoryUsage of job (MB)
	9508  -  ResidentSetSize of job (KB)
...
006 (2075.040.000) 2026-05-30 04:08:22 Image size of job updated: 10016
	10  -  MemoryUsage of job (MB)
	9508  -  ResidentSetSize of job (KB)
...
006 (2075.040.000) 2026-05-30 04:18:23 Image size of job updated: 10272
	10  -  MemoryUsage of job (MB)
	9508  -  ResidentSetSize of job (KB)
...
006 (2075.040.000) 2026-05-30 09:08:53 Image size of job updated: 10272
	10  -  MemoryUsage of job (MB)
	9572  -  ResidentSetSize of job (KB)
...
006 (2075.040.000) 2026-05-30 09:48:57 Image size of job updated: 10344
	10  -  MemoryUsage of job (MB)
	9572  -  ResidentSetSize of job (KB)
...
006 (2075.040.000) 2026-05-31 00:10:26 Image size of job updated: 10344
	10  -  MemoryUsage of job (MB)
	9768  -  ResidentSetSize of job (KB)
...
006 (2075.040.000) 2026-05-31 05:46:01 Image size of job updated: 10352
	10  -  MemoryUsage of job (MB)
	9768  -  ResidentSetSize of job (KB)
...
006 (2075.040.000) 2026-05-31 06:26:05 Image size of job updated: 10364
	10  -  MemoryUsage of job (MB)
	9768  -  ResidentSetSize of job (KB)
...
006 (2075.040.000) 2026-05-31 08:16:15 Image size of job updated: 10388
	10  -  MemoryUsage of job (MB)
	9768  -  ResidentSetSize of job (KB)
...
006 (2075.040.000) 2026-05-31 08:46:18 Image size of job updated: 10396
	10  -  MemoryUsage of job (MB)
	9768  -  ResidentSetSize of job (KB)
...
006 (2075.040.000) 2026-05-31 09:51:24 Image size of job updated: 10408
	10  -  MemoryUsage of job (MB)
	9768  -  ResidentSetSize of job (KB)
...
006 (2075.040.000) 2026-05-31 10:36:30 Image size of job updated: 10416
	10  -  MemoryUsage of job (MB)
	9768  -  ResidentSetSize of job (KB)
...
006 (2075.040.000) 2026-05-31 10:46:31 Image size of job updated: 10420
	10  -  MemoryUsage of job (MB)
	9768  -  ResidentSetSize of job (KB)
...
006 (2075.040.000) 2026-05-31 11:06:34 Image size of job updated: 10424
	10  -  MemoryUsage of job (MB)
	9768  -  ResidentSetSize of job (KB)
...
006 (2075.040.000) 2026-05-31 12:01:39 Image size of job updated: 10432
	10  -  MemoryUsage of job (MB)
	9768  -  ResidentSetSize of job (KB)
...
006 (2075.040.000) 2026-05-31 12:16:41 Image size of job updated: 10436
	10  -  MemoryUsage of job (MB)
	9768  -  ResidentSetSize of job (KB)
...
006 (2075.040.000) 2026-05-31 12:51:45 Image size of job updated: 10444
	10  -  MemoryUsage of job (MB)
	9768  -  ResidentSetSize of job (KB)
...
006 (2075.040.000) 2026-05-31 13:11:47 Image size of job updated: 10448
	10  -  MemoryUsage of job (MB)
	9768  -  ResidentSetSize of job (KB)
...
006 (2075.040.000) 2026-05-31 13:41:50 Image size of job updated: 10540
	10  -  MemoryUsage of job (MB)
	9768  -  ResidentSetSize of job (KB)
...
006 (2075.040.000) 2026-05-31 13:51:51 Image size of job updated: 10540
	10  -  MemoryUsage of job (MB)
	9948  -  ResidentSetSize of job (KB)
...
006 (2075.040.000) 2026-05-31 14:01:52 Image size of job updated: 10716
	10  -  MemoryUsage of job (MB)
	9948  -  ResidentSetSize of job (KB)
...
006 (2075.040.000) 2026-05-31 15:27:00 Image size of job updated: 10716
	10  -  MemoryUsage of job (MB)
	9972  -  ResidentSetSize of job (KB)
...
006 (2075.040.000) 2026-05-31 18:17:18 Image size of job updated: 10716
	10  -  MemoryUsage of job (MB)
	10004  -  ResidentSetSize of job (KB)
...
006 (2075.040.000) 2026-05-31 21:32:39 Image size of job updated: 10716
	10  -  MemoryUsage of job (MB)
	10048  -  ResidentSetSize of job (KB)
...
006 (2075.040.000) 2026-06-01 01:23:03 Image size of job updated: 10716
	10  -  MemoryUsage of job (MB)
	10100  -  ResidentSetSize of job (KB)
...
006 (2075.040.000) 2026-06-01 04:03:19 Image size of job updated: 10716
	10  -  MemoryUsage of job (MB)
	10132  -  ResidentSetSize of job (KB)
...
006 (2075.040.000) 2026-06-01 05:18:28 Image size of job updated: 10716
	10  -  MemoryUsage of job (MB)
	10144  -  ResidentSetSize of job (KB)
...
006 (2075.040.000) 2026-06-01 05:38:30 Image size of job updated: 10916
	10  -  MemoryUsage of job (MB)
	10144  -  ResidentSetSize of job (KB)
...
006 (2075.040.000) 2026-06-01 10:18:58 Image size of job updated: 10916
	10  -  MemoryUsage of job (MB)
	10212  -  ResidentSetSize of job (KB)
...
006 (2075.040.000) 2026-06-01 11:24:05 Image size of job updated: 10916
	10  -  MemoryUsage of job (MB)
	10224  -  ResidentSetSize of job (KB)
...
006 (2075.040.000) 2026-06-01 11:34:05 Image size of job updated: 10916
	10  -  MemoryUsage of job (MB)
	10228  -  ResidentSetSize of job (KB)
...
006 (2075.040.000) 2026-06-01 11:39:06 Image size of job updated: 10992
	10  -  MemoryUsage of job (MB)
	10228  -  ResidentSetSize of job (KB)
...
006 (2075.040.000) 2026-06-01 12:59:14 Image size of job updated: 10992
	11  -  MemoryUsage of job (MB)
	10248  -  ResidentSetSize of job (KB)
...
006 (2075.040.000) 2026-06-01 16:44:37 Image size of job updated: 11068
	11  -  MemoryUsage of job (MB)
	10248  -  ResidentSetSize of job (KB)
...
006 (2075.040.000) 2026-06-01 20:50:03 Image size of job updated: 11108
	11  -  MemoryUsage of job (MB)
	10248  -  ResidentSetSize of job (KB)
...
006 (2075.040.000) 2026-06-01 23:55:22 Image size of job updated: 11108
	11  -  MemoryUsage of job (MB)
	10380  -  ResidentSetSize of job (KB)
...
006 (2075.040.000) 2026-06-02 03:40:44 Image size of job updated: 11108
	11  -  MemoryUsage of job (MB)
	10432  -  ResidentSetSize of job (KB)
...
006 (2075.040.000) 2026-06-02 04:35:49 Image size of job updated: 11108
	11  -  MemoryUsage of job (MB)
	10448  -  ResidentSetSize of job (KB)
...
006 (2075.040.000) 2026-06-02 06:46:02 Image size of job updated: 11108
	11  -  MemoryUsage of job (MB)
	10472  -  ResidentSetSize of job (KB)
...
006 (2075.040.000) 2026-06-02 07:36:08 Image size of job updated: 11252
	11  -  MemoryUsage of job (MB)
	10472  -  ResidentSetSize of job (KB)
...
006 (2075.040.000) 2026-06-02 07:51:10 Image size of job updated: 11252
	11  -  MemoryUsage of job (MB)
	10484  -  ResidentSetSize of job (KB)
...
006 (2075.040.000) 2026-06-02 08:41:15 Image size of job updated: 11260
	11  -  MemoryUsage of job (MB)
	10484  -  ResidentSetSize of job (KB)
...
006 (2075.040.000) 2026-06-02 09:51:22 Image size of job updated: 11260
	11  -  MemoryUsage of job (MB)
	10508  -  ResidentSetSize of job (KB)
...
005 (2075.040.000) 2026-06-02 10:23:17 Job terminated.
	(1) Normal termination (return value 0)
		Usr 3 18:32:00, Sys 0 00:10:57  -  Run Remote Usage
		Usr 0 00:00:00, Sys 0 00:00:00  -  Run Local Usage
		Usr 3 18:32:00, Sys 0 00:10:57  -  Total Remote Usage
		Usr 0 00:00:00, Sys 0 00:00:00  -  Total Local Usage
	0  -  Run Bytes Sent By Job
	0  -  Run Bytes Received By Job
	0  -  Total Bytes Sent By Job
	0  -  Total Bytes Received By Job
	Partitionable Resources :    Usage  Request Allocated 
	   Cpus                 :     1.00        1         1 
	   Disk (KB)            :  4000        4000    342046 
	   Memory (MB)          :    11           4      3568 

	Job terminated of its own accord at 2026-06-02T08:23:17Z with exit-code 0.
...
