000 (2074.052.000) 2026-05-29 15:14:33 Job submitted from host: <192.135.33.172:9618?addrs=192.135.33.172-9618&alias=theosrv-01.ca.infn.it&noUDP&sock=schedd_1878_baf3>
...
001 (2074.052.000) 2026-05-29 15:14:34 Job executing on host: <192.135.33.172:9618?addrs=192.135.33.172-9618&alias=theosrv-01.ca.infn.it&noUDP&sock=startd_1878_baf3>
	SlotName: slot53@theosrv-01.ca.infn.it
	CondorScratchDir = "/var/lib/condor/execute/dir_933824"
	Cpus = 1
	Disk = 342046
	Memory = 3568
...
006 (2074.052.000) 2026-05-29 15:14:43 Image size of job updated: 13856
	14  -  MemoryUsage of job (MB)
	13548  -  ResidentSetSize of job (KB)
...
006 (2074.052.000) 2026-05-29 15:15:32 Image size of job updated: 14056
	14  -  MemoryUsage of job (MB)
	13548  -  ResidentSetSize of job (KB)
...
004 (2074.052.000) 2026-05-29 15:15:32 Job was evicted.
	(0) CPU times
		Usr 0 00:00:57, Sys 0 00:00:00  -  Run Remote Usage
		Usr 0 00:00:00, Sys 0 00:00:00  -  Run Local Usage
	0  -  Run Bytes Sent By Job
	0  -  Run Bytes Received By Job
	Partitionable Resources :    Usage  Request Allocated 
	   Cpus                 :     1.00        1         1 
	   Disk (KB)            :  4000        4000    342046 
	   Memory (MB)          :    14           4      3568 
...
009 (2074.052.000) 2026-05-29 15:15:32 Job was aborted.
	via condor_rm (by user sanedda)
...
