000 (2075.033.000) 2026-05-29 15:16:50 Job submitted from host: <192.135.33.172:9618?addrs=192.135.33.172-9618&alias=theosrv-01.ca.infn.it&noUDP&sock=schedd_1878_baf3>
...
001 (2075.033.000) 2026-05-29 15:16:55 Job executing on host: <192.135.33.172:9618?addrs=192.135.33.172-9618&alias=theosrv-01.ca.infn.it&noUDP&sock=startd_1878_baf3>
	SlotName: slot34@theosrv-01.ca.infn.it
	CondorScratchDir = "/var/lib/condor/execute/dir_934137"
	Cpus = 1
	Disk = 342046
	Memory = 3568
...
006 (2075.033.000) 2026-05-29 15:17:03 Image size of job updated: 14736
	15  -  MemoryUsage of job (MB)
	14448  -  ResidentSetSize of job (KB)
...
006 (2075.033.000) 2026-05-29 15:22:03 Image size of job updated: 15520
	15  -  MemoryUsage of job (MB)
	14496  -  ResidentSetSize of job (KB)
...
006 (2075.033.000) 2026-05-29 15:27:04 Image size of job updated: 15520
	15  -  MemoryUsage of job (MB)
	14508  -  ResidentSetSize of job (KB)
...
006 (2075.033.000) 2026-05-29 15:32:05 Image size of job updated: 15520
	15  -  MemoryUsage of job (MB)
	14764  -  ResidentSetSize of job (KB)
...
006 (2075.033.000) 2026-05-29 15:42:06 Image size of job updated: 15532
	15  -  MemoryUsage of job (MB)
	14764  -  ResidentSetSize of job (KB)
...
006 (2075.033.000) 2026-05-29 15:47:07 Image size of job updated: 15536
	15  -  MemoryUsage of job (MB)
	14764  -  ResidentSetSize of job (KB)
...
006 (2075.033.000) 2026-05-29 15:52:07 Image size of job updated: 15536
	15  -  MemoryUsage of job (MB)
	14772  -  ResidentSetSize of job (KB)
...
006 (2075.033.000) 2026-05-29 16:17:10 Image size of job updated: 15540
	15  -  MemoryUsage of job (MB)
	14772  -  ResidentSetSize of job (KB)
...
006 (2075.033.000) 2026-05-29 16:22:11 Image size of job updated: 15544
	15  -  MemoryUsage of job (MB)
	14776  -  ResidentSetSize of job (KB)
...
006 (2075.033.000) 2026-05-29 16:37:12 Image size of job updated: 15544
	15  -  MemoryUsage of job (MB)
	14780  -  ResidentSetSize of job (KB)
...
006 (2075.033.000) 2026-05-29 17:02:14 Image size of job updated: 15544
	15  -  MemoryUsage of job (MB)
	14788  -  ResidentSetSize of job (KB)
...
006 (2075.033.000) 2026-05-29 17:32:17 Image size of job updated: 15556
	15  -  MemoryUsage of job (MB)
	14788  -  ResidentSetSize of job (KB)
...
006 (2075.033.000) 2026-05-29 17:47:19 Image size of job updated: 15556
	15  -  MemoryUsage of job (MB)
	14796  -  ResidentSetSize of job (KB)
...
006 (2075.033.000) 2026-05-29 17:57:20 Image size of job updated: 15556
	15  -  MemoryUsage of job (MB)
	14800  -  ResidentSetSize of job (KB)
...
006 (2075.033.000) 2026-05-29 18:52:26 Image size of job updated: 15556
	15  -  MemoryUsage of job (MB)
	14812  -  ResidentSetSize of job (KB)
...
006 (2075.033.000) 2026-05-29 18:57:26 Image size of job updated: 15580
	15  -  MemoryUsage of job (MB)
	14812  -  ResidentSetSize of job (KB)
...
006 (2075.033.000) 2026-05-29 19:32:29 Image size of job updated: 15580
	15  -  MemoryUsage of job (MB)
	14824  -  ResidentSetSize of job (KB)
...
006 (2075.033.000) 2026-05-29 20:22:34 Image size of job updated: 15580
	15  -  MemoryUsage of job (MB)
	14832  -  ResidentSetSize of job (KB)
...
006 (2075.033.000) 2026-05-29 21:02:38 Image size of job updated: 15600
	15  -  MemoryUsage of job (MB)
	14832  -  ResidentSetSize of job (KB)
...
006 (2075.033.000) 2026-05-29 21:12:39 Image size of job updated: 15600
	15  -  MemoryUsage of job (MB)
	14836  -  ResidentSetSize of job (KB)
...
006 (2075.033.000) 2026-05-29 21:42:42 Image size of job updated: 15600
	15  -  MemoryUsage of job (MB)
	15096  -  ResidentSetSize of job (KB)
...
006 (2075.033.000) 2026-05-29 23:27:53 Image size of job updated: 15600
	15  -  MemoryUsage of job (MB)
	15124  -  ResidentSetSize of job (KB)
...
006 (2075.033.000) 2026-05-30 00:17:59 Image size of job updated: 15640
	15  -  MemoryUsage of job (MB)
	15124  -  ResidentSetSize of job (KB)
...
006 (2075.033.000) 2026-05-30 00:33:00 Image size of job updated: 15644
	15  -  MemoryUsage of job (MB)
	15124  -  ResidentSetSize of job (KB)
...
006 (2075.033.000) 2026-05-30 00:38:00 Image size of job updated: 15648
	15  -  MemoryUsage of job (MB)
	15124  -  ResidentSetSize of job (KB)
...
006 (2075.033.000) 2026-05-30 02:23:12 Image size of job updated: 15668
	15  -  MemoryUsage of job (MB)
	15124  -  ResidentSetSize of job (KB)
...
006 (2075.033.000) 2026-05-30 03:03:16 Image size of job updated: 15680
	15  -  MemoryUsage of job (MB)
	15124  -  ResidentSetSize of job (KB)
...
006 (2075.033.000) 2026-05-30 03:53:22 Image size of job updated: 15856
	15  -  MemoryUsage of job (MB)
	15124  -  ResidentSetSize of job (KB)
...
006 (2075.033.000) 2026-05-30 05:23:31 Image size of job updated: 15876
	15  -  MemoryUsage of job (MB)
	15124  -  ResidentSetSize of job (KB)
...
006 (2075.033.000) 2026-05-30 06:13:36 Image size of job updated: 15876
	15  -  MemoryUsage of job (MB)
	15208  -  ResidentSetSize of job (KB)
...
006 (2075.033.000) 2026-05-30 07:38:44 Image size of job updated: 15924
	15  -  MemoryUsage of job (MB)
	15208  -  ResidentSetSize of job (KB)
...
006 (2075.033.000) 2026-05-30 08:53:52 Image size of job updated: 15924
	15  -  MemoryUsage of job (MB)
	15240  -  ResidentSetSize of job (KB)
...
006 (2075.033.000) 2026-05-30 10:59:04 Image size of job updated: 15944
	15  -  MemoryUsage of job (MB)
	15240  -  ResidentSetSize of job (KB)
...
006 (2075.033.000) 2026-05-30 12:44:16 Image size of job updated: 15944
	15  -  MemoryUsage of job (MB)
	15296  -  ResidentSetSize of job (KB)
...
006 (2075.033.000) 2026-05-30 15:09:31 Image size of job updated: 15944
	15  -  MemoryUsage of job (MB)
	15316  -  ResidentSetSize of job (KB)
...
006 (2075.033.000) 2026-05-30 22:45:18 Image size of job updated: 16092
	15  -  MemoryUsage of job (MB)
	15316  -  ResidentSetSize of job (KB)
...
006 (2075.033.000) 2026-05-31 00:05:28 Image size of job updated: 16092
	16  -  MemoryUsage of job (MB)
	15436  -  ResidentSetSize of job (KB)
...
006 (2075.033.000) 2026-05-31 01:10:34 Image size of job updated: 16212
	16  -  MemoryUsage of job (MB)
	15436  -  ResidentSetSize of job (KB)
...
006 (2075.033.000) 2026-05-31 03:05:46 Image size of job updated: 16212
	16  -  MemoryUsage of job (MB)
	15472  -  ResidentSetSize of job (KB)
...
006 (2075.033.000) 2026-05-31 07:06:11 Image size of job updated: 16212
	16  -  MemoryUsage of job (MB)
	15528  -  ResidentSetSize of job (KB)
...
006 (2075.033.000) 2026-05-31 07:56:16 Image size of job updated: 16292
	16  -  MemoryUsage of job (MB)
	15528  -  ResidentSetSize of job (KB)
...
006 (2075.033.000) 2026-05-31 08:31:19 Image size of job updated: 16292
	16  -  MemoryUsage of job (MB)
	15540  -  ResidentSetSize of job (KB)
...
006 (2075.033.000) 2026-05-31 09:36:26 Image size of job updated: 16496
	16  -  MemoryUsage of job (MB)
	15540  -  ResidentSetSize of job (KB)
...
006 (2075.033.000) 2026-05-31 18:57:24 Image size of job updated: 16496
	16  -  MemoryUsage of job (MB)
	15676  -  ResidentSetSize of job (KB)
...
006 (2075.033.000) 2026-05-31 20:02:32 Image size of job updated: 16616
	16  -  MemoryUsage of job (MB)
	15676  -  ResidentSetSize of job (KB)
...
006 (2075.033.000) 2026-05-31 21:47:43 Image size of job updated: 16616
	16  -  MemoryUsage of job (MB)
	15716  -  ResidentSetSize of job (KB)
...
006 (2075.033.000) 2026-06-01 00:07:58 Image size of job updated: 16616
	16  -  MemoryUsage of job (MB)
	15740  -  ResidentSetSize of job (KB)
...
006 (2075.033.000) 2026-06-01 08:08:48 Image size of job updated: 16616
	16  -  MemoryUsage of job (MB)
	15964  -  ResidentSetSize of job (KB)
...
006 (2075.033.000) 2026-06-01 09:13:55 Image size of job updated: 16620
	16  -  MemoryUsage of job (MB)
	15964  -  ResidentSetSize of job (KB)
...
006 (2075.033.000) 2026-06-01 10:34:02 Image size of job updated: 16660
	16  -  MemoryUsage of job (MB)
	15964  -  ResidentSetSize of job (KB)
...
006 (2075.033.000) 2026-06-01 11:19:07 Image size of job updated: 16828
	16  -  MemoryUsage of job (MB)
	15964  -  ResidentSetSize of job (KB)
...
006 (2075.033.000) 2026-06-01 15:29:33 Image size of job updated: 16828
	16  -  MemoryUsage of job (MB)
	16200  -  ResidentSetSize of job (KB)
...
006 (2075.033.000) 2026-06-01 20:40:06 Image size of job updated: 16828
	16  -  MemoryUsage of job (MB)
	16272  -  ResidentSetSize of job (KB)
...
006 (2075.033.000) 2026-06-01 21:30:11 Image size of job updated: 16952
	16  -  MemoryUsage of job (MB)
	16272  -  ResidentSetSize of job (KB)
...
006 (2075.033.000) 2026-06-01 22:45:20 Image size of job updated: 16964
	16  -  MemoryUsage of job (MB)
	16272  -  ResidentSetSize of job (KB)
...
006 (2075.033.000) 2026-06-01 23:25:23 Image size of job updated: 16980
	16  -  MemoryUsage of job (MB)
	16272  -  ResidentSetSize of job (KB)
...
005 (2075.033.000) 2026-06-02 10:28:20 Job terminated.
	(1) Normal termination (return value 0)
		Usr 3 18:37:04, Sys 0 00:10:51  -  Run Remote Usage
		Usr 0 00:00:00, Sys 0 00:00:00  -  Run Local Usage
		Usr 3 18:37:04, Sys 0 00:10:51  -  Total Remote Usage
		Usr 0 00:00:00, Sys 0 00:00:00  -  Total Local Usage
	0  -  Run Bytes Sent By Job
	0  -  Run Bytes Received By Job
	0  -  Total Bytes Sent By Job
	0  -  Total Bytes Received By Job
	Partitionable Resources :    Usage  Request Allocated 
	   Cpus                 :     1.00        1         1 
	   Disk (KB)            :  4000        4000    342046 
	   Memory (MB)          :    16           4      3568 

	Job terminated of its own accord at 2026-06-02T08:28:20Z with exit-code 0.
...
