000 (2075.006.000) 2026-05-29 15:16:50 Job submitted from host: <192.135.33.172:9618?addrs=192.135.33.172-9618&alias=theosrv-01.ca.infn.it&noUDP&sock=schedd_1878_baf3>
...
001 (2075.006.000) 2026-05-29 15:16:55 Job executing on host: <192.135.33.172:9618?addrs=192.135.33.172-9618&alias=theosrv-01.ca.infn.it&noUDP&sock=startd_1878_baf3>
	SlotName: slot7@theosrv-01.ca.infn.it
	CondorScratchDir = "/var/lib/condor/execute/dir_934110"
	Cpus = 1
	Disk = 342046
	Memory = 3568
...
006 (2075.006.000) 2026-05-29 15:17:03 Image size of job updated: 11648
	11  -  MemoryUsage of job (MB)
	11080  -  ResidentSetSize of job (KB)
...
006 (2075.006.000) 2026-05-29 15:22:03 Image size of job updated: 11848
	11  -  MemoryUsage of job (MB)
	11164  -  ResidentSetSize of job (KB)
...
006 (2075.006.000) 2026-05-29 15:27:04 Image size of job updated: 11932
	11  -  MemoryUsage of job (MB)
	11164  -  ResidentSetSize of job (KB)
...
006 (2075.006.000) 2026-05-29 15:42:05 Image size of job updated: 11940
	11  -  MemoryUsage of job (MB)
	11172  -  ResidentSetSize of job (KB)
...
006 (2075.006.000) 2026-05-29 15:47:06 Image size of job updated: 11952
	11  -  MemoryUsage of job (MB)
	11184  -  ResidentSetSize of job (KB)
...
006 (2075.006.000) 2026-05-29 15:52:06 Image size of job updated: 11952
	12  -  MemoryUsage of job (MB)
	11440  -  ResidentSetSize of job (KB)
...
006 (2075.006.000) 2026-05-29 15:57:06 Image size of job updated: 11956
	12  -  MemoryUsage of job (MB)
	11440  -  ResidentSetSize of job (KB)
...
006 (2075.006.000) 2026-05-29 16:07:08 Image size of job updated: 12048
	12  -  MemoryUsage of job (MB)
	11440  -  ResidentSetSize of job (KB)
...
006 (2075.006.000) 2026-05-29 16:12:08 Image size of job updated: 12048
	12  -  MemoryUsage of job (MB)
	11444  -  ResidentSetSize of job (KB)
...
006 (2075.006.000) 2026-05-29 16:47:11 Image size of job updated: 12048
	12  -  MemoryUsage of job (MB)
	11448  -  ResidentSetSize of job (KB)
...
006 (2075.006.000) 2026-05-29 17:02:13 Image size of job updated: 12224
	12  -  MemoryUsage of job (MB)
	11448  -  ResidentSetSize of job (KB)
...
006 (2075.006.000) 2026-05-29 17:07:13 Image size of job updated: 12224
	12  -  MemoryUsage of job (MB)
	11456  -  ResidentSetSize of job (KB)
...
006 (2075.006.000) 2026-05-29 17:32:16 Image size of job updated: 12224
	12  -  MemoryUsage of job (MB)
	11460  -  ResidentSetSize of job (KB)
...
006 (2075.006.000) 2026-05-29 17:37:16 Image size of job updated: 12224
	12  -  MemoryUsage of job (MB)
	11464  -  ResidentSetSize of job (KB)
...
006 (2075.006.000) 2026-05-29 17:52:18 Image size of job updated: 12224
	12  -  MemoryUsage of job (MB)
	11468  -  ResidentSetSize of job (KB)
...
006 (2075.006.000) 2026-05-29 17:57:18 Image size of job updated: 12224
	12  -  MemoryUsage of job (MB)
	11472  -  ResidentSetSize of job (KB)
...
006 (2075.006.000) 2026-05-29 18:57:24 Image size of job updated: 12224
	12  -  MemoryUsage of job (MB)
	11480  -  ResidentSetSize of job (KB)
...
006 (2075.006.000) 2026-05-29 19:12:26 Image size of job updated: 12224
	12  -  MemoryUsage of job (MB)
	11484  -  ResidentSetSize of job (KB)
...
006 (2075.006.000) 2026-05-29 19:37:29 Image size of job updated: 12224
	12  -  MemoryUsage of job (MB)
	11496  -  ResidentSetSize of job (KB)
...
006 (2075.006.000) 2026-05-29 20:27:34 Image size of job updated: 12272
	12  -  MemoryUsage of job (MB)
	11496  -  ResidentSetSize of job (KB)
...
006 (2075.006.000) 2026-05-29 20:52:37 Image size of job updated: 12272
	12  -  MemoryUsage of job (MB)
	11500  -  ResidentSetSize of job (KB)
...
006 (2075.006.000) 2026-05-29 20:57:37 Image size of job updated: 12272
	12  -  MemoryUsage of job (MB)
	11508  -  ResidentSetSize of job (KB)
...
006 (2075.006.000) 2026-05-29 21:22:40 Image size of job updated: 12272
	12  -  MemoryUsage of job (MB)
	11520  -  ResidentSetSize of job (KB)
...
006 (2075.006.000) 2026-05-29 21:32:41 Image size of job updated: 12272
	12  -  MemoryUsage of job (MB)
	11528  -  ResidentSetSize of job (KB)
...
006 (2075.006.000) 2026-05-29 22:32:48 Image size of job updated: 12272
	12  -  MemoryUsage of job (MB)
	11540  -  ResidentSetSize of job (KB)
...
006 (2075.006.000) 2026-05-29 23:57:56 Image size of job updated: 12272
	12  -  MemoryUsage of job (MB)
	11564  -  ResidentSetSize of job (KB)
...
006 (2075.006.000) 2026-05-30 00:58:02 Image size of job updated: 12272
	12  -  MemoryUsage of job (MB)
	11568  -  ResidentSetSize of job (KB)
...
006 (2075.006.000) 2026-05-30 01:13:03 Image size of job updated: 12336
	12  -  MemoryUsage of job (MB)
	11568  -  ResidentSetSize of job (KB)
...
006 (2075.006.000) 2026-05-30 01:53:08 Image size of job updated: 12340
	12  -  MemoryUsage of job (MB)
	11568  -  ResidentSetSize of job (KB)
...
006 (2075.006.000) 2026-05-30 02:18:09 Image size of job updated: 12608
	12  -  MemoryUsage of job (MB)
	11568  -  ResidentSetSize of job (KB)
...
006 (2075.006.000) 2026-05-30 02:53:14 Image size of job updated: 12608
	12  -  MemoryUsage of job (MB)
	11592  -  ResidentSetSize of job (KB)
...
006 (2075.006.000) 2026-05-30 03:03:15 Image size of job updated: 12608
	12  -  MemoryUsage of job (MB)
	11600  -  ResidentSetSize of job (KB)
...
006 (2075.006.000) 2026-05-30 04:28:24 Image size of job updated: 12608
	12  -  MemoryUsage of job (MB)
	11860  -  ResidentSetSize of job (KB)
...
006 (2075.006.000) 2026-05-30 14:04:26 Image size of job updated: 12608
	12  -  MemoryUsage of job (MB)
	11992  -  ResidentSetSize of job (KB)
...
006 (2075.006.000) 2026-05-30 17:59:52 Image size of job updated: 12608
	12  -  MemoryUsage of job (MB)
	12032  -  ResidentSetSize of job (KB)
...
006 (2075.006.000) 2026-05-31 01:10:36 Image size of job updated: 12636
	12  -  MemoryUsage of job (MB)
	12032  -  ResidentSetSize of job (KB)
...
006 (2075.006.000) 2026-05-31 04:00:53 Image size of job updated: 12672
	12  -  MemoryUsage of job (MB)
	12032  -  ResidentSetSize of job (KB)
...
006 (2075.006.000) 2026-05-31 04:40:57 Image size of job updated: 12672
	12  -  MemoryUsage of job (MB)
	12176  -  ResidentSetSize of job (KB)
...
006 (2075.006.000) 2026-05-31 04:50:58 Image size of job updated: 12684
	12  -  MemoryUsage of job (MB)
	12176  -  ResidentSetSize of job (KB)
...
006 (2075.006.000) 2026-05-31 05:11:01 Image size of job updated: 12948
	12  -  MemoryUsage of job (MB)
	12176  -  ResidentSetSize of job (KB)
...
006 (2075.006.000) 2026-05-31 05:56:05 Image size of job updated: 12948
	12  -  MemoryUsage of job (MB)
	12188  -  ResidentSetSize of job (KB)
...
006 (2075.006.000) 2026-05-31 08:51:24 Image size of job updated: 12992
	12  -  MemoryUsage of job (MB)
	12188  -  ResidentSetSize of job (KB)
...
006 (2075.006.000) 2026-05-31 10:06:32 Image size of job updated: 13008
	12  -  MemoryUsage of job (MB)
	12188  -  ResidentSetSize of job (KB)
...
006 (2075.006.000) 2026-05-31 11:06:38 Image size of job updated: 13008
	12  -  MemoryUsage of job (MB)
	12256  -  ResidentSetSize of job (KB)
...
006 (2075.006.000) 2026-05-31 12:26:46 Image size of job updated: 13028
	12  -  MemoryUsage of job (MB)
	12256  -  ResidentSetSize of job (KB)
...
006 (2075.006.000) 2026-05-31 14:16:58 Image size of job updated: 13028
	13  -  MemoryUsage of job (MB)
	12552  -  ResidentSetSize of job (KB)
...
006 (2075.006.000) 2026-05-31 16:02:09 Image size of job updated: 13256
	13  -  MemoryUsage of job (MB)
	12552  -  ResidentSetSize of job (KB)
...
006 (2075.006.000) 2026-06-01 08:28:49 Image size of job updated: 13288
	13  -  MemoryUsage of job (MB)
	12552  -  ResidentSetSize of job (KB)
...
006 (2075.006.000) 2026-06-01 10:54:03 Image size of job updated: 13320
	13  -  MemoryUsage of job (MB)
	12552  -  ResidentSetSize of job (KB)
...
006 (2075.006.000) 2026-06-01 12:04:10 Image size of job updated: 13340
	13  -  MemoryUsage of job (MB)
	12552  -  ResidentSetSize of job (KB)
...
006 (2075.006.000) 2026-06-01 18:29:49 Image size of job updated: 13340
	13  -  MemoryUsage of job (MB)
	12648  -  ResidentSetSize of job (KB)
...
006 (2075.006.000) 2026-06-01 18:34:51 Image size of job updated: 13340
	13  -  MemoryUsage of job (MB)
	12652  -  ResidentSetSize of job (KB)
...
006 (2075.006.000) 2026-06-01 20:35:03 Image size of job updated: 13340
	13  -  MemoryUsage of job (MB)
	12680  -  ResidentSetSize of job (KB)
...
006 (2075.006.000) 2026-06-01 23:45:21 Image size of job updated: 13340
	13  -  MemoryUsage of job (MB)
	12720  -  ResidentSetSize of job (KB)
...
006 (2075.006.000) 2026-06-02 01:25:32 Image size of job updated: 13508
	13  -  MemoryUsage of job (MB)
	12720  -  ResidentSetSize of job (KB)
...
006 (2075.006.000) 2026-06-02 02:15:37 Image size of job updated: 13508
	13  -  MemoryUsage of job (MB)
	12756  -  ResidentSetSize of job (KB)
...
006 (2075.006.000) 2026-06-02 02:20:39 Image size of job updated: 13520
	13  -  MemoryUsage of job (MB)
	12756  -  ResidentSetSize of job (KB)
...
006 (2075.006.000) 2026-06-02 06:06:01 Image size of job updated: 13544
	13  -  MemoryUsage of job (MB)
	12756  -  ResidentSetSize of job (KB)
...
006 (2075.006.000) 2026-06-02 08:51:18 Image size of job updated: 13544
	13  -  MemoryUsage of job (MB)
	12832  -  ResidentSetSize of job (KB)
...
006 (2075.006.000) 2026-06-02 09:36:23 Image size of job updated: 13544
	13  -  MemoryUsage of job (MB)
	12840  -  ResidentSetSize of job (KB)
...
006 (2075.006.000) 2026-06-02 10:21:27 Image size of job updated: 13544
	13  -  MemoryUsage of job (MB)
	12852  -  ResidentSetSize of job (KB)
...
005 (2075.006.000) 2026-06-02 10:34:01 Job terminated.
	(1) Normal termination (return value 0)
		Usr 3 18:42:34, Sys 0 00:10:59  -  Run Remote Usage
		Usr 0 00:00:00, Sys 0 00:00:00  -  Run Local Usage
		Usr 3 18:42:34, Sys 0 00:10:59  -  Total Remote Usage
		Usr 0 00:00:00, Sys 0 00:00:00  -  Total Local Usage
	0  -  Run Bytes Sent By Job
	0  -  Run Bytes Received By Job
	0  -  Total Bytes Sent By Job
	0  -  Total Bytes Received By Job
	Partitionable Resources :    Usage  Request Allocated 
	   Cpus                 :     1.00        1         1 
	   Disk (KB)            :  4000        4000    342046 
	   Memory (MB)          :    13           4      3568 

	Job terminated of its own accord at 2026-06-02T08:34:01Z with exit-code 0.
...
