000 (2075.004.000) 2026-05-29 15:16:50 Job submitted from host: <192.135.33.172:9618?addrs=192.135.33.172-9618&alias=theosrv-01.ca.infn.it&noUDP&sock=schedd_1878_baf3>
...
001 (2075.004.000) 2026-05-29 15:16:55 Job executing on host: <192.135.33.172:9618?addrs=192.135.33.172-9618&alias=theosrv-01.ca.infn.it&noUDP&sock=startd_1878_baf3>
	SlotName: slot5@theosrv-01.ca.infn.it
	CondorScratchDir = "/var/lib/condor/execute/dir_934108"
	Cpus = 1
	Disk = 342046
	Memory = 3568
...
006 (2075.004.000) 2026-05-29 15:17:03 Image size of job updated: 14784
	15  -  MemoryUsage of job (MB)
	14668  -  ResidentSetSize of job (KB)
...
006 (2075.004.000) 2026-05-29 15:22:03 Image size of job updated: 15224
	15  -  MemoryUsage of job (MB)
	14668  -  ResidentSetSize of job (KB)
...
006 (2075.004.000) 2026-05-29 15:27:04 Image size of job updated: 15388
	15  -  MemoryUsage of job (MB)
	14712  -  ResidentSetSize of job (KB)
...
006 (2075.004.000) 2026-05-29 15:37:05 Image size of job updated: 15388
	15  -  MemoryUsage of job (MB)
	14724  -  ResidentSetSize of job (KB)
...
006 (2075.004.000) 2026-05-29 15:47:06 Image size of job updated: 15660
	15  -  MemoryUsage of job (MB)
	14728  -  ResidentSetSize of job (KB)
...
006 (2075.004.000) 2026-05-29 15:52:06 Image size of job updated: 15660
	15  -  MemoryUsage of job (MB)
	14732  -  ResidentSetSize of job (KB)
...
006 (2075.004.000) 2026-05-29 16:17:09 Image size of job updated: 15668
	15  -  MemoryUsage of job (MB)
	14732  -  ResidentSetSize of job (KB)
...
006 (2075.004.000) 2026-05-29 17:12:15 Image size of job updated: 15668
	15  -  MemoryUsage of job (MB)
	14744  -  ResidentSetSize of job (KB)
...
006 (2075.004.000) 2026-05-29 18:27:22 Image size of job updated: 15668
	15  -  MemoryUsage of job (MB)
	15012  -  ResidentSetSize of job (KB)
...
006 (2075.004.000) 2026-05-29 23:22:53 Image size of job updated: 15668
	15  -  MemoryUsage of job (MB)
	15080  -  ResidentSetSize of job (KB)
...
006 (2075.004.000) 2026-05-30 00:38:00 Image size of job updated: 15776
	15  -  MemoryUsage of job (MB)
	15080  -  ResidentSetSize of job (KB)
...
006 (2075.004.000) 2026-05-30 04:13:22 Image size of job updated: 15776
	15  -  MemoryUsage of job (MB)
	15140  -  ResidentSetSize of job (KB)
...
006 (2075.004.000) 2026-05-30 06:08:34 Image size of job updated: 15840
	15  -  MemoryUsage of job (MB)
	15140  -  ResidentSetSize of job (KB)
...
006 (2075.004.000) 2026-05-30 06:58:40 Image size of job updated: 16200
	15  -  MemoryUsage of job (MB)
	15140  -  ResidentSetSize of job (KB)
...
006 (2075.004.000) 2026-05-30 07:18:42 Image size of job updated: 16200
	15  -  MemoryUsage of job (MB)
	15184  -  ResidentSetSize of job (KB)
...
006 (2075.004.000) 2026-05-30 14:39:28 Image size of job updated: 16200
	15  -  MemoryUsage of job (MB)
	15288  -  ResidentSetSize of job (KB)
...
006 (2075.004.000) 2026-05-30 20:25:02 Image size of job updated: 16200
	15  -  MemoryUsage of job (MB)
	15360  -  ResidentSetSize of job (KB)
...
006 (2075.004.000) 2026-05-31 04:10:49 Image size of job updated: 16200
	16  -  MemoryUsage of job (MB)
	15452  -  ResidentSetSize of job (KB)
...
006 (2075.004.000) 2026-05-31 04:25:51 Image size of job updated: 16200
	16  -  MemoryUsage of job (MB)
	15464  -  ResidentSetSize of job (KB)
...
006 (2075.004.000) 2026-05-31 07:01:08 Image size of job updated: 16200
	16  -  MemoryUsage of job (MB)
	15496  -  ResidentSetSize of job (KB)
...
006 (2075.004.000) 2026-05-31 10:31:29 Image size of job updated: 16216
	16  -  MemoryUsage of job (MB)
	15496  -  ResidentSetSize of job (KB)
...
006 (2075.004.000) 2026-05-31 17:57:15 Image size of job updated: 16216
	16  -  MemoryUsage of job (MB)
	15632  -  ResidentSetSize of job (KB)
...
006 (2075.004.000) 2026-05-31 18:12:16 Image size of job updated: 16400
	16  -  MemoryUsage of job (MB)
	15632  -  ResidentSetSize of job (KB)
...
006 (2075.004.000) 2026-05-31 18:42:20 Image size of job updated: 16404
	16  -  MemoryUsage of job (MB)
	15632  -  ResidentSetSize of job (KB)
...
006 (2075.004.000) 2026-05-31 18:52:21 Image size of job updated: 16404
	16  -  MemoryUsage of job (MB)
	15644  -  ResidentSetSize of job (KB)
...
006 (2075.004.000) 2026-05-31 21:27:36 Image size of job updated: 16404
	16  -  MemoryUsage of job (MB)
	15672  -  ResidentSetSize of job (KB)
...
006 (2075.004.000) 2026-05-31 21:52:39 Image size of job updated: 16404
	16  -  MemoryUsage of job (MB)
	15688  -  ResidentSetSize of job (KB)
...
006 (2075.004.000) 2026-06-01 02:33:07 Image size of job updated: 16404
	16  -  MemoryUsage of job (MB)
	15740  -  ResidentSetSize of job (KB)
...
006 (2075.004.000) 2026-06-01 06:13:29 Image size of job updated: 16556
	16  -  MemoryUsage of job (MB)
	15740  -  ResidentSetSize of job (KB)
...
006 (2075.004.000) 2026-06-01 06:18:30 Image size of job updated: 16556
	16  -  MemoryUsage of job (MB)
	15784  -  ResidentSetSize of job (KB)
...
006 (2075.004.000) 2026-06-01 09:38:50 Image size of job updated: 16556
	16  -  MemoryUsage of job (MB)
	15832  -  ResidentSetSize of job (KB)
...
006 (2075.004.000) 2026-06-01 09:53:52 Image size of job updated: 16856
	16  -  MemoryUsage of job (MB)
	15832  -  ResidentSetSize of job (KB)
...
006 (2075.004.000) 2026-06-01 12:49:10 Image size of job updated: 16856
	16  -  MemoryUsage of job (MB)
	15872  -  ResidentSetSize of job (KB)
...
006 (2075.004.000) 2026-06-01 13:04:12 Image size of job updated: 16856
	17  -  MemoryUsage of job (MB)
	16388  -  ResidentSetSize of job (KB)
...
006 (2075.004.000) 2026-06-01 21:20:02 Image size of job updated: 17004
	17  -  MemoryUsage of job (MB)
	16388  -  ResidentSetSize of job (KB)
...
005 (2075.004.000) 2026-06-02 10:27:18 Job terminated.
	(1) Normal termination (return value 0)
		Usr 3 18:36:06, Sys 0 00:10:53  -  Run Remote Usage
		Usr 0 00:00:00, Sys 0 00:00:00  -  Run Local Usage
		Usr 3 18:36:06, Sys 0 00:10:53  -  Total Remote Usage
		Usr 0 00:00:00, Sys 0 00:00:00  -  Total Local Usage
	0  -  Run Bytes Sent By Job
	0  -  Run Bytes Received By Job
	0  -  Total Bytes Sent By Job
	0  -  Total Bytes Received By Job
	Partitionable Resources :    Usage  Request Allocated 
	   Cpus                 :     1.00        1         1 
	   Disk (KB)            :  4000        4000    342046 
	   Memory (MB)          :    17           4      3568 

	Job terminated of its own accord at 2026-06-02T08:27:18Z with exit-code 0.
...
