000 (2075.048.000) 2026-05-29 15:16:50 Job submitted from host: <192.135.33.172:9618?addrs=192.135.33.172-9618&alias=theosrv-01.ca.infn.it&noUDP&sock=schedd_1878_baf3>
...
001 (2075.048.000) 2026-05-29 15:16:55 Job executing on host: <192.135.33.172:9618?addrs=192.135.33.172-9618&alias=theosrv-01.ca.infn.it&noUDP&sock=startd_1878_baf3>
	SlotName: slot49@theosrv-01.ca.infn.it
	CondorScratchDir = "/var/lib/condor/execute/dir_934152"
	Cpus = 1
	Disk = 342046
	Memory = 3568
...
006 (2075.048.000) 2026-05-29 15:17:03 Image size of job updated: 14796
	15  -  MemoryUsage of job (MB)
	14540  -  ResidentSetSize of job (KB)
...
006 (2075.048.000) 2026-05-29 15:22:03 Image size of job updated: 15300
	15  -  MemoryUsage of job (MB)
	14540  -  ResidentSetSize of job (KB)
...
006 (2075.048.000) 2026-05-29 15:52:06 Image size of job updated: 15300
	15  -  MemoryUsage of job (MB)
	14612  -  ResidentSetSize of job (KB)
...
006 (2075.048.000) 2026-05-29 15:57:06 Image size of job updated: 15300
	15  -  MemoryUsage of job (MB)
	14864  -  ResidentSetSize of job (KB)
...
006 (2075.048.000) 2026-05-29 16:52:12 Image size of job updated: 15304
	15  -  MemoryUsage of job (MB)
	14864  -  ResidentSetSize of job (KB)
...
006 (2075.048.000) 2026-05-29 17:52:19 Image size of job updated: 15320
	15  -  MemoryUsage of job (MB)
	14864  -  ResidentSetSize of job (KB)
...
006 (2075.048.000) 2026-05-29 18:07:20 Image size of job updated: 15320
	15  -  MemoryUsage of job (MB)
	14892  -  ResidentSetSize of job (KB)
...
006 (2075.048.000) 2026-05-29 18:12:20 Image size of job updated: 15404
	15  -  MemoryUsage of job (MB)
	14892  -  ResidentSetSize of job (KB)
...
006 (2075.048.000) 2026-05-29 20:57:38 Image size of job updated: 15436
	15  -  MemoryUsage of job (MB)
	14892  -  ResidentSetSize of job (KB)
...
006 (2075.048.000) 2026-05-29 21:17:40 Image size of job updated: 15472
	15  -  MemoryUsage of job (MB)
	14892  -  ResidentSetSize of job (KB)
...
006 (2075.048.000) 2026-05-30 00:53:04 Image size of job updated: 15488
	15  -  MemoryUsage of job (MB)
	14892  -  ResidentSetSize of job (KB)
...
006 (2075.048.000) 2026-05-30 01:13:05 Image size of job updated: 15496
	15  -  MemoryUsage of job (MB)
	14892  -  ResidentSetSize of job (KB)
...
006 (2075.048.000) 2026-05-30 02:03:10 Image size of job updated: 15496
	15  -  MemoryUsage of job (MB)
	14996  -  ResidentSetSize of job (KB)
...
006 (2075.048.000) 2026-05-30 06:33:39 Image size of job updated: 15560
	15  -  MemoryUsage of job (MB)
	14996  -  ResidentSetSize of job (KB)
...
006 (2075.048.000) 2026-05-30 07:13:44 Image size of job updated: 15572
	15  -  MemoryUsage of job (MB)
	14996  -  ResidentSetSize of job (KB)
...
006 (2075.048.000) 2026-05-30 09:23:57 Image size of job updated: 15600
	15  -  MemoryUsage of job (MB)
	14996  -  ResidentSetSize of job (KB)
...
006 (2075.048.000) 2026-05-30 10:04:03 Image size of job updated: 15604
	15  -  MemoryUsage of job (MB)
	14996  -  ResidentSetSize of job (KB)
...
006 (2075.048.000) 2026-05-30 10:59:08 Image size of job updated: 15620
	15  -  MemoryUsage of job (MB)
	14996  -  ResidentSetSize of job (KB)
...
006 (2075.048.000) 2026-05-30 12:14:15 Image size of job updated: 15808
	15  -  MemoryUsage of job (MB)
	14996  -  ResidentSetSize of job (KB)
...
006 (2075.048.000) 2026-05-30 13:04:20 Image size of job updated: 15808
	16  -  MemoryUsage of job (MB)
	15388  -  ResidentSetSize of job (KB)
...
006 (2075.048.000) 2026-05-30 17:44:50 Image size of job updated: 15876
	16  -  MemoryUsage of job (MB)
	15388  -  ResidentSetSize of job (KB)
...
006 (2075.048.000) 2026-05-31 00:15:30 Image size of job updated: 15964
	16  -  MemoryUsage of job (MB)
	15872  -  ResidentSetSize of job (KB)
...
006 (2075.048.000) 2026-05-31 06:11:05 Image size of job updated: 16128
	16  -  MemoryUsage of job (MB)
	15872  -  ResidentSetSize of job (KB)
...
006 (2075.048.000) 2026-05-31 09:21:25 Image size of job updated: 16164
	16  -  MemoryUsage of job (MB)
	15872  -  ResidentSetSize of job (KB)
...
006 (2075.048.000) 2026-05-31 17:07:14 Image size of job updated: 16176
	16  -  MemoryUsage of job (MB)
	15872  -  ResidentSetSize of job (KB)
...
006 (2075.048.000) 2026-06-01 02:18:10 Image size of job updated: 16296
	16  -  MemoryUsage of job (MB)
	15872  -  ResidentSetSize of job (KB)
...
006 (2075.048.000) 2026-06-01 02:23:11 Image size of job updated: 16300
	16  -  MemoryUsage of job (MB)
	15872  -  ResidentSetSize of job (KB)
...
006 (2075.048.000) 2026-06-01 05:23:29 Image size of job updated: 16340
	16  -  MemoryUsage of job (MB)
	15872  -  ResidentSetSize of job (KB)
...
006 (2075.048.000) 2026-06-01 06:03:34 Image size of job updated: 16344
	16  -  MemoryUsage of job (MB)
	15872  -  ResidentSetSize of job (KB)
...
006 (2075.048.000) 2026-06-01 07:08:41 Image size of job updated: 16360
	16  -  MemoryUsage of job (MB)
	15872  -  ResidentSetSize of job (KB)
...
006 (2075.048.000) 2026-06-01 09:13:54 Image size of job updated: 16380
	16  -  MemoryUsage of job (MB)
	15872  -  ResidentSetSize of job (KB)
...
006 (2075.048.000) 2026-06-01 12:29:15 Image size of job updated: 16516
	16  -  MemoryUsage of job (MB)
	15872  -  ResidentSetSize of job (KB)
...
006 (2075.048.000) 2026-06-01 20:00:03 Image size of job updated: 16776
	16  -  MemoryUsage of job (MB)
	15872  -  ResidentSetSize of job (KB)
...
006 (2075.048.000) 2026-06-01 21:25:12 Image size of job updated: 16776
	16  -  MemoryUsage of job (MB)
	15956  -  ResidentSetSize of job (KB)
...
006 (2075.048.000) 2026-06-01 21:35:13 Image size of job updated: 16792
	16  -  MemoryUsage of job (MB)
	15956  -  ResidentSetSize of job (KB)
...
006 (2075.048.000) 2026-06-01 22:40:19 Image size of job updated: 16792
	16  -  MemoryUsage of job (MB)
	16032  -  ResidentSetSize of job (KB)
...
006 (2075.048.000) 2026-06-02 00:10:29 Image size of job updated: 16832
	16  -  MemoryUsage of job (MB)
	16032  -  ResidentSetSize of job (KB)
...
006 (2075.048.000) 2026-06-02 01:35:37 Image size of job updated: 16848
	16  -  MemoryUsage of job (MB)
	16032  -  ResidentSetSize of job (KB)
...
006 (2075.048.000) 2026-06-02 08:21:20 Image size of job updated: 16848
	16  -  MemoryUsage of job (MB)
	16256  -  ResidentSetSize of job (KB)
...
005 (2075.048.000) 2026-06-02 10:33:08 Job terminated.
	(1) Normal termination (return value 0)
		Usr 3 18:41:44, Sys 0 00:11:00  -  Run Remote Usage
		Usr 0 00:00:00, Sys 0 00:00:00  -  Run Local Usage
		Usr 3 18:41:44, Sys 0 00:11:00  -  Total Remote Usage
		Usr 0 00:00:00, Sys 0 00:00:00  -  Total Local Usage
	0  -  Run Bytes Sent By Job
	0  -  Run Bytes Received By Job
	0  -  Total Bytes Sent By Job
	0  -  Total Bytes Received By Job
	Partitionable Resources :    Usage  Request Allocated 
	   Cpus                 :     1.00        1         1 
	   Disk (KB)            :  4000        4000    342046 
	   Memory (MB)          :    16           4      3568 

	Job terminated of its own accord at 2026-06-02T08:33:08Z with exit-code 0.
...
