000 (2075.014.000) 2026-05-29 15:16:50 Job submitted from host: <192.135.33.172:9618?addrs=192.135.33.172-9618&alias=theosrv-01.ca.infn.it&noUDP&sock=schedd_1878_baf3>
...
001 (2075.014.000) 2026-05-29 15:16:55 Job executing on host: <192.135.33.172:9618?addrs=192.135.33.172-9618&alias=theosrv-01.ca.infn.it&noUDP&sock=startd_1878_baf3>
	SlotName: slot15@theosrv-01.ca.infn.it
	CondorScratchDir = "/var/lib/condor/execute/dir_934118"
	Cpus = 1
	Disk = 342046
	Memory = 3568
...
006 (2075.014.000) 2026-05-29 15:17:03 Image size of job updated: 14764
	15  -  MemoryUsage of job (MB)
	14456  -  ResidentSetSize of job (KB)
...
006 (2075.014.000) 2026-05-29 15:22:03 Image size of job updated: 15276
	15  -  MemoryUsage of job (MB)
	14764  -  ResidentSetSize of job (KB)
...
006 (2075.014.000) 2026-05-29 15:32:05 Image size of job updated: 15532
	15  -  MemoryUsage of job (MB)
	14764  -  ResidentSetSize of job (KB)
...
006 (2075.014.000) 2026-05-29 15:47:07 Image size of job updated: 15532
	15  -  MemoryUsage of job (MB)
	15024  -  ResidentSetSize of job (KB)
...
006 (2075.014.000) 2026-05-29 15:57:07 Image size of job updated: 15796
	15  -  MemoryUsage of job (MB)
	15024  -  ResidentSetSize of job (KB)
...
006 (2075.014.000) 2026-05-29 18:12:21 Image size of job updated: 15796
	15  -  MemoryUsage of job (MB)
	15052  -  ResidentSetSize of job (KB)
...
006 (2075.014.000) 2026-05-29 23:52:56 Image size of job updated: 15892
	15  -  MemoryUsage of job (MB)
	15052  -  ResidentSetSize of job (KB)
...
006 (2075.014.000) 2026-05-30 01:38:06 Image size of job updated: 15892
	15  -  MemoryUsage of job (MB)
	15152  -  ResidentSetSize of job (KB)
...
006 (2075.014.000) 2026-05-30 11:04:05 Image size of job updated: 15948
	15  -  MemoryUsage of job (MB)
	15152  -  ResidentSetSize of job (KB)
...
006 (2075.014.000) 2026-05-30 14:09:25 Image size of job updated: 15948
	16  -  MemoryUsage of job (MB)
	15568  -  ResidentSetSize of job (KB)
...
006 (2075.014.000) 2026-05-31 01:05:33 Image size of job updated: 15956
	16  -  MemoryUsage of job (MB)
	15568  -  ResidentSetSize of job (KB)
...
006 (2075.014.000) 2026-05-31 01:10:34 Image size of job updated: 16076
	16  -  MemoryUsage of job (MB)
	15568  -  ResidentSetSize of job (KB)
...
006 (2075.014.000) 2026-05-31 02:00:40 Image size of job updated: 16220
	16  -  MemoryUsage of job (MB)
	15712  -  ResidentSetSize of job (KB)
...
006 (2075.014.000) 2026-05-31 15:02:01 Image size of job updated: 16308
	16  -  MemoryUsage of job (MB)
	15712  -  ResidentSetSize of job (KB)
...
006 (2075.014.000) 2026-05-31 21:02:40 Image size of job updated: 16324
	16  -  MemoryUsage of job (MB)
	15712  -  ResidentSetSize of job (KB)
...
006 (2075.014.000) 2026-06-01 00:07:59 Image size of job updated: 16504
	16  -  MemoryUsage of job (MB)
	15712  -  ResidentSetSize of job (KB)
...
006 (2075.014.000) 2026-06-01 00:23:00 Image size of job updated: 16504
	16  -  MemoryUsage of job (MB)
	15748  -  ResidentSetSize of job (KB)
...
006 (2075.014.000) 2026-06-01 02:53:15 Image size of job updated: 16504
	16  -  MemoryUsage of job (MB)
	16032  -  ResidentSetSize of job (KB)
...
006 (2075.014.000) 2026-06-01 07:53:47 Image size of job updated: 16596
	16  -  MemoryUsage of job (MB)
	16032  -  ResidentSetSize of job (KB)
...
006 (2075.014.000) 2026-06-01 08:28:52 Image size of job updated: 16604
	16  -  MemoryUsage of job (MB)
	16032  -  ResidentSetSize of job (KB)
...
006 (2075.014.000) 2026-06-01 10:04:01 Image size of job updated: 16636
	16  -  MemoryUsage of job (MB)
	16032  -  ResidentSetSize of job (KB)
...
006 (2075.014.000) 2026-06-01 12:14:15 Image size of job updated: 16668
	16  -  MemoryUsage of job (MB)
	16032  -  ResidentSetSize of job (KB)
...
006 (2075.014.000) 2026-06-01 13:19:22 Image size of job updated: 16676
	16  -  MemoryUsage of job (MB)
	16032  -  ResidentSetSize of job (KB)
...
006 (2075.014.000) 2026-06-01 13:49:25 Image size of job updated: 17052
	16  -  MemoryUsage of job (MB)
	16032  -  ResidentSetSize of job (KB)
...
006 (2075.014.000) 2026-06-01 19:40:02 Image size of job updated: 17052
	16  -  MemoryUsage of job (MB)
	16076  -  ResidentSetSize of job (KB)
...
006 (2075.014.000) 2026-06-01 23:35:27 Image size of job updated: 17052
	16  -  MemoryUsage of job (MB)
	16292  -  ResidentSetSize of job (KB)
...
005 (2075.014.000) 2026-06-02 10:15:01 Job terminated.
	(1) Normal termination (return value 0)
		Usr 3 18:23:53, Sys 0 00:10:50  -  Run Remote Usage
		Usr 0 00:00:00, Sys 0 00:00:00  -  Run Local Usage
		Usr 3 18:23:53, Sys 0 00:10:50  -  Total Remote Usage
		Usr 0 00:00:00, Sys 0 00:00:00  -  Total Local Usage
	0  -  Run Bytes Sent By Job
	0  -  Run Bytes Received By Job
	0  -  Total Bytes Sent By Job
	0  -  Total Bytes Received By Job
	Partitionable Resources :    Usage  Request Allocated 
	   Cpus                 :     1.00        1         1 
	   Disk (KB)            :  4000        4000    342046 
	   Memory (MB)          :    16           4      3568 

	Job terminated of its own accord at 2026-06-02T08:15:01Z with exit-code 0.
...
