000 (2075.009.000) 2026-05-29 15:16:50 Job submitted from host: <192.135.33.172:9618?addrs=192.135.33.172-9618&alias=theosrv-01.ca.infn.it&noUDP&sock=schedd_1878_baf3>
...
001 (2075.009.000) 2026-05-29 15:16:55 Job executing on host: <192.135.33.172:9618?addrs=192.135.33.172-9618&alias=theosrv-01.ca.infn.it&noUDP&sock=startd_1878_baf3>
	SlotName: slot10@theosrv-01.ca.infn.it
	CondorScratchDir = "/var/lib/condor/execute/dir_934113"
	Cpus = 1
	Disk = 342046
	Memory = 3568
...
006 (2075.009.000) 2026-05-29 15:17:03 Image size of job updated: 14744
	15  -  MemoryUsage of job (MB)
	14420  -  ResidentSetSize of job (KB)
...
006 (2075.009.000) 2026-05-29 15:22:03 Image size of job updated: 14976
	15  -  MemoryUsage of job (MB)
	14460  -  ResidentSetSize of job (KB)
...
006 (2075.009.000) 2026-05-29 15:27:04 Image size of job updated: 15144
	15  -  MemoryUsage of job (MB)
	14472  -  ResidentSetSize of job (KB)
...
006 (2075.009.000) 2026-05-29 15:32:05 Image size of job updated: 15240
	15  -  MemoryUsage of job (MB)
	14472  -  ResidentSetSize of job (KB)
...
006 (2075.009.000) 2026-05-29 15:47:06 Image size of job updated: 15760
	15  -  MemoryUsage of job (MB)
	14476  -  ResidentSetSize of job (KB)
...
006 (2075.009.000) 2026-05-29 15:52:06 Image size of job updated: 15760
	15  -  MemoryUsage of job (MB)
	14480  -  ResidentSetSize of job (KB)
...
006 (2075.009.000) 2026-05-29 16:02:07 Image size of job updated: 15760
	15  -  MemoryUsage of job (MB)
	14736  -  ResidentSetSize of job (KB)
...
006 (2075.009.000) 2026-05-29 16:07:08 Image size of job updated: 15760
	15  -  MemoryUsage of job (MB)
	14740  -  ResidentSetSize of job (KB)
...
006 (2075.009.000) 2026-05-29 16:27:10 Image size of job updated: 15760
	15  -  MemoryUsage of job (MB)
	14996  -  ResidentSetSize of job (KB)
...
006 (2075.009.000) 2026-05-29 16:37:11 Image size of job updated: 15760
	15  -  MemoryUsage of job (MB)
	15332  -  ResidentSetSize of job (KB)
...
006 (2075.009.000) 2026-05-29 18:12:21 Image size of job updated: 15784
	15  -  MemoryUsage of job (MB)
	15332  -  ResidentSetSize of job (KB)
...
006 (2075.009.000) 2026-05-29 22:32:48 Image size of job updated: 15844
	15  -  MemoryUsage of job (MB)
	15332  -  ResidentSetSize of job (KB)
...
006 (2075.009.000) 2026-05-30 00:43:03 Image size of job updated: 15844
	15  -  MemoryUsage of job (MB)
	15356  -  ResidentSetSize of job (KB)
...
006 (2075.009.000) 2026-05-30 07:48:46 Image size of job updated: 15872
	15  -  MemoryUsage of job (MB)
	15356  -  ResidentSetSize of job (KB)
...
006 (2075.009.000) 2026-05-30 08:13:48 Image size of job updated: 15880
	15  -  MemoryUsage of job (MB)
	15356  -  ResidentSetSize of job (KB)
...
006 (2075.009.000) 2026-05-30 09:03:54 Image size of job updated: 15892
	15  -  MemoryUsage of job (MB)
	15356  -  ResidentSetSize of job (KB)
...
006 (2075.009.000) 2026-05-30 12:44:17 Image size of job updated: 15932
	15  -  MemoryUsage of job (MB)
	15356  -  ResidentSetSize of job (KB)
...
006 (2075.009.000) 2026-05-30 14:04:25 Image size of job updated: 15952
	15  -  MemoryUsage of job (MB)
	15356  -  ResidentSetSize of job (KB)
...
006 (2075.009.000) 2026-05-30 14:34:27 Image size of job updated: 15960
	15  -  MemoryUsage of job (MB)
	15356  -  ResidentSetSize of job (KB)
...
006 (2075.009.000) 2026-05-31 01:25:40 Image size of job updated: 15960
	16  -  MemoryUsage of job (MB)
	15412  -  ResidentSetSize of job (KB)
...
006 (2075.009.000) 2026-05-31 01:30:40 Image size of job updated: 16112
	16  -  MemoryUsage of job (MB)
	15412  -  ResidentSetSize of job (KB)
...
006 (2075.009.000) 2026-05-31 03:50:55 Image size of job updated: 16460
	16  -  MemoryUsage of job (MB)
	15412  -  ResidentSetSize of job (KB)
...
006 (2075.009.000) 2026-05-31 04:20:57 Image size of job updated: 16460
	16  -  MemoryUsage of job (MB)
	15452  -  ResidentSetSize of job (KB)
...
006 (2075.009.000) 2026-05-31 05:36:05 Image size of job updated: 16460
	16  -  MemoryUsage of job (MB)
	15468  -  ResidentSetSize of job (KB)
...
006 (2075.009.000) 2026-05-31 12:31:47 Image size of job updated: 16460
	16  -  MemoryUsage of job (MB)
	15548  -  ResidentSetSize of job (KB)
...
006 (2075.009.000) 2026-05-31 13:31:53 Image size of job updated: 16460
	16  -  MemoryUsage of job (MB)
	15564  -  ResidentSetSize of job (KB)
...
006 (2075.009.000) 2026-05-31 14:52:01 Image size of job updated: 16460
	16  -  MemoryUsage of job (MB)
	15776  -  ResidentSetSize of job (KB)
...
006 (2075.009.000) 2026-06-01 02:38:17 Image size of job updated: 16504
	16  -  MemoryUsage of job (MB)
	15776  -  ResidentSetSize of job (KB)
...
006 (2075.009.000) 2026-06-01 03:38:23 Image size of job updated: 16516
	16  -  MemoryUsage of job (MB)
	15776  -  ResidentSetSize of job (KB)
...
006 (2075.009.000) 2026-06-01 07:43:50 Image size of job updated: 16572
	16  -  MemoryUsage of job (MB)
	15776  -  ResidentSetSize of job (KB)
...
006 (2075.009.000) 2026-06-01 11:19:12 Image size of job updated: 16572
	16  -  MemoryUsage of job (MB)
	16108  -  ResidentSetSize of job (KB)
...
006 (2075.009.000) 2026-06-01 13:54:29 Image size of job updated: 16572
	16  -  MemoryUsage of job (MB)
	16140  -  ResidentSetSize of job (KB)
...
006 (2075.009.000) 2026-06-01 21:55:18 Image size of job updated: 16920
	16  -  MemoryUsage of job (MB)
	16140  -  ResidentSetSize of job (KB)
...
006 (2075.009.000) 2026-06-01 23:50:30 Image size of job updated: 16948
	16  -  MemoryUsage of job (MB)
	16140  -  ResidentSetSize of job (KB)
...
006 (2075.009.000) 2026-06-02 00:05:32 Image size of job updated: 16948
	16  -  MemoryUsage of job (MB)
	16180  -  ResidentSetSize of job (KB)
...
005 (2075.009.000) 2026-06-02 10:22:38 Job terminated.
	(1) Normal termination (return value 0)
		Usr 3 18:31:31, Sys 0 00:10:50  -  Run Remote Usage
		Usr 0 00:00:00, Sys 0 00:00:00  -  Run Local Usage
		Usr 3 18:31:31, Sys 0 00:10:50  -  Total Remote Usage
		Usr 0 00:00:00, Sys 0 00:00:00  -  Total Local Usage
	0  -  Run Bytes Sent By Job
	0  -  Run Bytes Received By Job
	0  -  Total Bytes Sent By Job
	0  -  Total Bytes Received By Job
	Partitionable Resources :    Usage  Request Allocated 
	   Cpus                 :     1.00        1         1 
	   Disk (KB)            :  4000        4000    342046 
	   Memory (MB)          :    16           4      3568 

	Job terminated of its own accord at 2026-06-02T08:22:38Z with exit-code 0.
...
