000 (2076.047.000) 2026-06-03 12:26:59 Job submitted from host: <192.135.33.172:9618?addrs=192.135.33.172-9618&alias=theosrv-01.ca.infn.it&noUDP&sock=schedd_1878_baf3>
...
001 (2076.047.000) 2026-06-03 12:27:01 Job executing on host: <192.135.33.172:9618?addrs=192.135.33.172-9618&alias=theosrv-01.ca.infn.it&noUDP&sock=startd_1878_baf3>
	SlotName: slot48@theosrv-01.ca.infn.it
	CondorScratchDir = "/var/lib/condor/execute/dir_1135587"
	Cpus = 1
	Disk = 342046
	Memory = 3568
...
006 (2076.047.000) 2026-06-03 12:27:09 Image size of job updated: 14724
	15  -  MemoryUsage of job (MB)
	14424  -  ResidentSetSize of job (KB)
...
006 (2076.047.000) 2026-06-03 12:32:09 Image size of job updated: 15248
	15  -  MemoryUsage of job (MB)
	14480  -  ResidentSetSize of job (KB)
...
006 (2076.047.000) 2026-06-03 12:42:11 Image size of job updated: 15248
	15  -  MemoryUsage of job (MB)
	14736  -  ResidentSetSize of job (KB)
...
006 (2076.047.000) 2026-06-03 12:52:12 Image size of job updated: 15416
	15  -  MemoryUsage of job (MB)
	14736  -  ResidentSetSize of job (KB)
...
006 (2076.047.000) 2026-06-03 12:57:13 Image size of job updated: 15416
	15  -  MemoryUsage of job (MB)
	14740  -  ResidentSetSize of job (KB)
...
006 (2076.047.000) 2026-06-03 13:12:14 Image size of job updated: 15416
	15  -  MemoryUsage of job (MB)
	14744  -  ResidentSetSize of job (KB)
...
006 (2076.047.000) 2026-06-03 13:22:14 Image size of job updated: 15512
	15  -  MemoryUsage of job (MB)
	14744  -  ResidentSetSize of job (KB)
...
006 (2076.047.000) 2026-06-03 13:27:16 Image size of job updated: 15516
	15  -  MemoryUsage of job (MB)
	14744  -  ResidentSetSize of job (KB)
...
006 (2076.047.000) 2026-06-03 13:42:17 Image size of job updated: 15516
	15  -  MemoryUsage of job (MB)
	15004  -  ResidentSetSize of job (KB)
...
006 (2076.047.000) 2026-06-03 14:12:20 Image size of job updated: 15524
	15  -  MemoryUsage of job (MB)
	15004  -  ResidentSetSize of job (KB)
...
006 (2076.047.000) 2026-06-03 14:47:24 Image size of job updated: 15524
	15  -  MemoryUsage of job (MB)
	15012  -  ResidentSetSize of job (KB)
...
006 (2076.047.000) 2026-06-03 16:07:33 Image size of job updated: 15548
	15  -  MemoryUsage of job (MB)
	15012  -  ResidentSetSize of job (KB)
...
006 (2076.047.000) 2026-06-03 16:42:36 Image size of job updated: 15552
	15  -  MemoryUsage of job (MB)
	15012  -  ResidentSetSize of job (KB)
...
006 (2076.047.000) 2026-06-03 17:07:40 Image size of job updated: 15560
	15  -  MemoryUsage of job (MB)
	15012  -  ResidentSetSize of job (KB)
...
006 (2076.047.000) 2026-06-03 17:32:41 Image size of job updated: 15816
	15  -  MemoryUsage of job (MB)
	15012  -  ResidentSetSize of job (KB)
...
006 (2076.047.000) 2026-06-03 21:53:09 Image size of job updated: 15816
	15  -  MemoryUsage of job (MB)
	15100  -  ResidentSetSize of job (KB)
...
006 (2076.047.000) 2026-06-03 23:28:18 Image size of job updated: 15816
	15  -  MemoryUsage of job (MB)
	15116  -  ResidentSetSize of job (KB)
...
006 (2076.047.000) 2026-06-04 01:18:30 Image size of job updated: 15816
	15  -  MemoryUsage of job (MB)
	15140  -  ResidentSetSize of job (KB)
...
006 (2076.047.000) 2026-06-04 02:48:39 Image size of job updated: 15816
	15  -  MemoryUsage of job (MB)
	15156  -  ResidentSetSize of job (KB)
...
006 (2076.047.000) 2026-06-04 03:58:47 Image size of job updated: 15816
	15  -  MemoryUsage of job (MB)
	15172  -  ResidentSetSize of job (KB)
...
006 (2076.047.000) 2026-06-04 06:39:04 Image size of job updated: 15880
	15  -  MemoryUsage of job (MB)
	15172  -  ResidentSetSize of job (KB)
...
006 (2076.047.000) 2026-06-04 08:44:18 Image size of job updated: 16156
	15  -  MemoryUsage of job (MB)
	15172  -  ResidentSetSize of job (KB)
...
006 (2076.047.000) 2026-06-04 10:39:29 Image size of job updated: 16156
	15  -  MemoryUsage of job (MB)
	15252  -  ResidentSetSize of job (KB)
...
006 (2076.047.000) 2026-06-04 15:45:00 Image size of job updated: 16156
	15  -  MemoryUsage of job (MB)
	15304  -  ResidentSetSize of job (KB)
...
006 (2076.047.000) 2026-06-04 16:35:05 Image size of job updated: 16156
	15  -  MemoryUsage of job (MB)
	15316  -  ResidentSetSize of job (KB)
...
006 (2076.047.000) 2026-06-04 20:00:28 Image size of job updated: 16156
	15  -  MemoryUsage of job (MB)
	15360  -  ResidentSetSize of job (KB)
...
006 (2076.047.000) 2026-06-04 21:35:38 Image size of job updated: 16156
	16  -  MemoryUsage of job (MB)
	15636  -  ResidentSetSize of job (KB)
...
006 (2076.047.000) 2026-06-05 01:31:02 Image size of job updated: 16192
	16  -  MemoryUsage of job (MB)
	15636  -  ResidentSetSize of job (KB)
...
006 (2076.047.000) 2026-06-05 03:36:15 Image size of job updated: 16216
	16  -  MemoryUsage of job (MB)
	15636  -  ResidentSetSize of job (KB)
...
006 (2076.047.000) 2026-06-05 04:16:20 Image size of job updated: 16220
	16  -  MemoryUsage of job (MB)
	15636  -  ResidentSetSize of job (KB)
...
006 (2076.047.000) 2026-06-05 08:31:46 Image size of job updated: 16276
	16  -  MemoryUsage of job (MB)
	15636  -  ResidentSetSize of job (KB)
...
006 (2076.047.000) 2026-06-05 18:52:49 Image size of job updated: 16392
	16  -  MemoryUsage of job (MB)
	15636  -  ResidentSetSize of job (KB)
...
006 (2076.047.000) 2026-06-05 22:23:10 Image size of job updated: 16392
	16  -  MemoryUsage of job (MB)
	15668  -  ResidentSetSize of job (KB)
...
006 (2076.047.000) 2026-06-06 02:53:38 Image size of job updated: 16396
	16  -  MemoryUsage of job (MB)
	15668  -  ResidentSetSize of job (KB)
...
006 (2076.047.000) 2026-06-06 03:33:42 Image size of job updated: 16496
	16  -  MemoryUsage of job (MB)
	15668  -  ResidentSetSize of job (KB)
...
006 (2076.047.000) 2026-06-06 05:08:53 Image size of job updated: 16496
	16  -  MemoryUsage of job (MB)
	15752  -  ResidentSetSize of job (KB)
...
006 (2076.047.000) 2026-06-06 11:04:28 Image size of job updated: 16496
	16  -  MemoryUsage of job (MB)
	15892  -  ResidentSetSize of job (KB)
...
006 (2076.047.000) 2026-06-06 15:19:53 Image size of job updated: 16540
	16  -  MemoryUsage of job (MB)
	15892  -  ResidentSetSize of job (KB)
...
006 (2076.047.000) 2026-06-06 18:05:10 Image size of job updated: 16572
	16  -  MemoryUsage of job (MB)
	15892  -  ResidentSetSize of job (KB)
...
006 (2076.047.000) 2026-06-06 18:25:12 Image size of job updated: 16572
	16  -  MemoryUsage of job (MB)
	15900  -  ResidentSetSize of job (KB)
...
006 (2076.047.000) 2026-06-06 20:00:22 Image size of job updated: 16572
	16  -  MemoryUsage of job (MB)
	15920  -  ResidentSetSize of job (KB)
...
006 (2076.047.000) 2026-06-06 20:20:25 Image size of job updated: 16596
	16  -  MemoryUsage of job (MB)
	15920  -  ResidentSetSize of job (KB)
...
006 (2076.047.000) 2026-06-06 23:15:42 Image size of job updated: 16728
	16  -  MemoryUsage of job (MB)
	15920  -  ResidentSetSize of job (KB)
...
006 (2076.047.000) 2026-06-06 23:20:42 Image size of job updated: 16728
	16  -  MemoryUsage of job (MB)
	15960  -  ResidentSetSize of job (KB)
...
006 (2076.047.000) 2026-06-07 14:47:18 Image size of job updated: 17080
	16  -  MemoryUsage of job (MB)
	15960  -  ResidentSetSize of job (KB)
...
005 (2076.047.000) 2026-06-07 15:10:11 Job terminated.
	(1) Normal termination (return value 0)
		Usr 4 02:07:09, Sys 0 00:10:57  -  Run Remote Usage
		Usr 0 00:00:00, Sys 0 00:00:00  -  Run Local Usage
		Usr 4 02:07:09, Sys 0 00:10:57  -  Total Remote Usage
		Usr 0 00:00:00, Sys 0 00:00:00  -  Total Local Usage
	0  -  Run Bytes Sent By Job
	0  -  Run Bytes Received By Job
	0  -  Total Bytes Sent By Job
	0  -  Total Bytes Received By Job
	Partitionable Resources :    Usage  Request Allocated 
	   Cpus                 :     1.00        1         1 
	   Disk (KB)            :  4000        4000    342046 
	   Memory (MB)          :    16           4      3568 

	Job terminated of its own accord at 2026-06-07T13:10:11Z with exit-code 0.
...
