000 (2076.053.000) 2026-06-03 12:26:59 Job submitted from host: <192.135.33.172:9618?addrs=192.135.33.172-9618&alias=theosrv-01.ca.infn.it&noUDP&sock=schedd_1878_baf3>
...
001 (2076.053.000) 2026-06-03 12:27:01 Job executing on host: <192.135.33.172:9618?addrs=192.135.33.172-9618&alias=theosrv-01.ca.infn.it&noUDP&sock=startd_1878_baf3>
	SlotName: slot54@theosrv-01.ca.infn.it
	CondorScratchDir = "/var/lib/condor/execute/dir_1135593"
	Cpus = 1
	Disk = 342046
	Memory = 3568
...
006 (2076.053.000) 2026-06-03 12:27:09 Image size of job updated: 14692
	15  -  MemoryUsage of job (MB)
	14672  -  ResidentSetSize of job (KB)
...
006 (2076.053.000) 2026-06-03 12:32:09 Image size of job updated: 15240
	15  -  MemoryUsage of job (MB)
	14672  -  ResidentSetSize of job (KB)
...
006 (2076.053.000) 2026-06-03 12:37:10 Image size of job updated: 15240
	15  -  MemoryUsage of job (MB)
	14728  -  ResidentSetSize of job (KB)
...
006 (2076.053.000) 2026-06-03 12:52:11 Image size of job updated: 15496
	15  -  MemoryUsage of job (MB)
	14728  -  ResidentSetSize of job (KB)
...
006 (2076.053.000) 2026-06-03 13:02:12 Image size of job updated: 15500
	15  -  MemoryUsage of job (MB)
	14728  -  ResidentSetSize of job (KB)
...
006 (2076.053.000) 2026-06-03 13:22:14 Image size of job updated: 15500
	15  -  MemoryUsage of job (MB)
	14740  -  ResidentSetSize of job (KB)
...
006 (2076.053.000) 2026-06-03 13:32:15 Image size of job updated: 15504
	15  -  MemoryUsage of job (MB)
	14740  -  ResidentSetSize of job (KB)
...
006 (2076.053.000) 2026-06-03 13:42:16 Image size of job updated: 15508
	15  -  MemoryUsage of job (MB)
	14740  -  ResidentSetSize of job (KB)
...
006 (2076.053.000) 2026-06-03 14:12:18 Image size of job updated: 15508
	15  -  MemoryUsage of job (MB)
	14748  -  ResidentSetSize of job (KB)
...
006 (2076.053.000) 2026-06-03 15:22:26 Image size of job updated: 15508
	15  -  MemoryUsage of job (MB)
	14764  -  ResidentSetSize of job (KB)
...
006 (2076.053.000) 2026-06-03 15:27:27 Image size of job updated: 15508
	15  -  MemoryUsage of job (MB)
	15016  -  ResidentSetSize of job (KB)
...
006 (2076.053.000) 2026-06-03 16:02:30 Image size of job updated: 15540
	15  -  MemoryUsage of job (MB)
	15016  -  ResidentSetSize of job (KB)
...
006 (2076.053.000) 2026-06-03 17:02:37 Image size of job updated: 15552
	15  -  MemoryUsage of job (MB)
	15016  -  ResidentSetSize of job (KB)
...
006 (2076.053.000) 2026-06-03 18:47:50 Image size of job updated: 15568
	15  -  MemoryUsage of job (MB)
	15016  -  ResidentSetSize of job (KB)
...
006 (2076.053.000) 2026-06-03 18:57:50 Image size of job updated: 15572
	15  -  MemoryUsage of job (MB)
	15016  -  ResidentSetSize of job (KB)
...
006 (2076.053.000) 2026-06-03 20:58:02 Image size of job updated: 15596
	15  -  MemoryUsage of job (MB)
	15016  -  ResidentSetSize of job (KB)
...
006 (2076.053.000) 2026-06-03 22:18:10 Image size of job updated: 15608
	15  -  MemoryUsage of job (MB)
	15016  -  ResidentSetSize of job (KB)
...
006 (2076.053.000) 2026-06-03 22:38:13 Image size of job updated: 15608
	15  -  MemoryUsage of job (MB)
	15100  -  ResidentSetSize of job (KB)
...
006 (2076.053.000) 2026-06-03 23:48:21 Image size of job updated: 15608
	15  -  MemoryUsage of job (MB)
	15116  -  ResidentSetSize of job (KB)
...
006 (2076.053.000) 2026-06-04 00:43:26 Image size of job updated: 15636
	15  -  MemoryUsage of job (MB)
	15116  -  ResidentSetSize of job (KB)
...
006 (2076.053.000) 2026-06-04 00:53:27 Image size of job updated: 15636
	15  -  MemoryUsage of job (MB)
	15128  -  ResidentSetSize of job (KB)
...
006 (2076.053.000) 2026-06-04 01:18:29 Image size of job updated: 15644
	15  -  MemoryUsage of job (MB)
	15128  -  ResidentSetSize of job (KB)
...
006 (2076.053.000) 2026-06-04 01:33:31 Image size of job updated: 15892
	15  -  MemoryUsage of job (MB)
	15128  -  ResidentSetSize of job (KB)
...
006 (2076.053.000) 2026-06-04 04:08:46 Image size of job updated: 15892
	15  -  MemoryUsage of job (MB)
	15168  -  ResidentSetSize of job (KB)
...
006 (2076.053.000) 2026-06-04 08:34:15 Image size of job updated: 15900
	15  -  MemoryUsage of job (MB)
	15168  -  ResidentSetSize of job (KB)
...
006 (2076.053.000) 2026-06-04 08:44:17 Image size of job updated: 15900
	15  -  MemoryUsage of job (MB)
	15220  -  ResidentSetSize of job (KB)
...
006 (2076.053.000) 2026-06-04 10:29:27 Image size of job updated: 15900
	15  -  MemoryUsage of job (MB)
	15236  -  ResidentSetSize of job (KB)
...
006 (2076.053.000) 2026-06-04 11:24:33 Image size of job updated: 16016
	15  -  MemoryUsage of job (MB)
	15236  -  ResidentSetSize of job (KB)
...
006 (2076.053.000) 2026-06-04 11:49:35 Image size of job updated: 16016
	15  -  MemoryUsage of job (MB)
	15260  -  ResidentSetSize of job (KB)
...
006 (2076.053.000) 2026-06-04 12:49:41 Image size of job updated: 16016
	15  -  MemoryUsage of job (MB)
	15268  -  ResidentSetSize of job (KB)
...
006 (2076.053.000) 2026-06-04 17:30:11 Image size of job updated: 16016
	15  -  MemoryUsage of job (MB)
	15320  -  ResidentSetSize of job (KB)
...
006 (2076.053.000) 2026-06-04 20:15:28 Image size of job updated: 16016
	15  -  MemoryUsage of job (MB)
	15352  -  ResidentSetSize of job (KB)
...
006 (2076.053.000) 2026-06-04 21:45:40 Image size of job updated: 16136
	15  -  MemoryUsage of job (MB)
	15352  -  ResidentSetSize of job (KB)
...
006 (2076.053.000) 2026-06-04 23:15:48 Image size of job updated: 16152
	15  -  MemoryUsage of job (MB)
	15352  -  ResidentSetSize of job (KB)
...
006 (2076.053.000) 2026-06-04 23:30:50 Image size of job updated: 16156
	15  -  MemoryUsage of job (MB)
	15352  -  ResidentSetSize of job (KB)
...
006 (2076.053.000) 2026-06-05 01:36:02 Image size of job updated: 16156
	16  -  MemoryUsage of job (MB)
	15416  -  ResidentSetSize of job (KB)
...
006 (2076.053.000) 2026-06-05 02:36:08 Image size of job updated: 16156
	16  -  MemoryUsage of job (MB)
	15428  -  ResidentSetSize of job (KB)
...
006 (2076.053.000) 2026-06-05 03:21:13 Image size of job updated: 16156
	16  -  MemoryUsage of job (MB)
	15432  -  ResidentSetSize of job (KB)
...
006 (2076.053.000) 2026-06-05 03:26:13 Image size of job updated: 16204
	16  -  MemoryUsage of job (MB)
	15432  -  ResidentSetSize of job (KB)
...
006 (2076.053.000) 2026-06-05 07:41:38 Image size of job updated: 16432
	16  -  MemoryUsage of job (MB)
	15432  -  ResidentSetSize of job (KB)
...
006 (2076.053.000) 2026-06-05 08:06:42 Image size of job updated: 16432
	16  -  MemoryUsage of job (MB)
	15488  -  ResidentSetSize of job (KB)
...
006 (2076.053.000) 2026-06-05 09:41:51 Image size of job updated: 16432
	16  -  MemoryUsage of job (MB)
	15508  -  ResidentSetSize of job (KB)
...
006 (2076.053.000) 2026-06-05 10:21:55 Image size of job updated: 16432
	16  -  MemoryUsage of job (MB)
	15524  -  ResidentSetSize of job (KB)
...
006 (2076.053.000) 2026-06-05 11:52:04 Image size of job updated: 16432
	16  -  MemoryUsage of job (MB)
	15536  -  ResidentSetSize of job (KB)
...
006 (2076.053.000) 2026-06-05 16:07:30 Image size of job updated: 16432
	16  -  MemoryUsage of job (MB)
	15580  -  ResidentSetSize of job (KB)
...
006 (2076.053.000) 2026-06-05 17:42:40 Image size of job updated: 16432
	16  -  MemoryUsage of job (MB)
	15604  -  ResidentSetSize of job (KB)
...
006 (2076.053.000) 2026-06-05 20:17:54 Image size of job updated: 16432
	16  -  MemoryUsage of job (MB)
	15636  -  ResidentSetSize of job (KB)
...
006 (2076.053.000) 2026-06-06 02:33:33 Image size of job updated: 16480
	16  -  MemoryUsage of job (MB)
	15636  -  ResidentSetSize of job (KB)
...
006 (2076.053.000) 2026-06-06 05:18:50 Image size of job updated: 16508
	16  -  MemoryUsage of job (MB)
	15636  -  ResidentSetSize of job (KB)
...
006 (2076.053.000) 2026-06-06 07:24:04 Image size of job updated: 16508
	16  -  MemoryUsage of job (MB)
	15768  -  ResidentSetSize of job (KB)
...
006 (2076.053.000) 2026-06-06 08:29:11 Image size of job updated: 16508
	16  -  MemoryUsage of job (MB)
	15776  -  ResidentSetSize of job (KB)
...
006 (2076.053.000) 2026-06-06 11:49:31 Image size of job updated: 16508
	16  -  MemoryUsage of job (MB)
	15816  -  ResidentSetSize of job (KB)
...
006 (2076.053.000) 2026-06-06 13:14:39 Image size of job updated: 16508
	16  -  MemoryUsage of job (MB)
	15836  -  ResidentSetSize of job (KB)
...
006 (2076.053.000) 2026-06-06 14:24:46 Image size of job updated: 16508
	16  -  MemoryUsage of job (MB)
	15844  -  ResidentSetSize of job (KB)
...
006 (2076.053.000) 2026-06-06 14:54:49 Image size of job updated: 16508
	16  -  MemoryUsage of job (MB)
	15856  -  ResidentSetSize of job (KB)
...
006 (2076.053.000) 2026-06-06 20:25:24 Image size of job updated: 16508
	16  -  MemoryUsage of job (MB)
	15916  -  ResidentSetSize of job (KB)
...
006 (2076.053.000) 2026-06-06 20:55:27 Image size of job updated: 16508
	16  -  MemoryUsage of job (MB)
	15924  -  ResidentSetSize of job (KB)
...
006 (2076.053.000) 2026-06-06 21:15:30 Image size of job updated: 16688
	16  -  MemoryUsage of job (MB)
	15924  -  ResidentSetSize of job (KB)
...
006 (2076.053.000) 2026-06-07 01:15:55 Image size of job updated: 16688
	16  -  MemoryUsage of job (MB)
	15972  -  ResidentSetSize of job (KB)
...
006 (2076.053.000) 2026-06-07 03:51:11 Image size of job updated: 16688
	16  -  MemoryUsage of job (MB)
	16004  -  ResidentSetSize of job (KB)
...
006 (2076.053.000) 2026-06-07 04:26:15 Image size of job updated: 16688
	16  -  MemoryUsage of job (MB)
	16008  -  ResidentSetSize of job (KB)
...
006 (2076.053.000) 2026-06-07 06:51:29 Image size of job updated: 16688
	16  -  MemoryUsage of job (MB)
	16040  -  ResidentSetSize of job (KB)
...
006 (2076.053.000) 2026-06-07 06:56:30 Image size of job updated: 16716
	16  -  MemoryUsage of job (MB)
	16040  -  ResidentSetSize of job (KB)
...
006 (2076.053.000) 2026-06-07 07:56:35 Image size of job updated: 16716
	16  -  MemoryUsage of job (MB)
	16056  -  ResidentSetSize of job (KB)
...
006 (2076.053.000) 2026-06-07 08:26:39 Image size of job updated: 16716
	16  -  MemoryUsage of job (MB)
	16312  -  ResidentSetSize of job (KB)
...
005 (2076.053.000) 2026-06-07 14:57:34 Job terminated.
	(1) Normal termination (return value 0)
		Usr 4 01:54:43, Sys 0 00:10:54  -  Run Remote Usage
		Usr 0 00:00:00, Sys 0 00:00:00  -  Run Local Usage
		Usr 4 01:54:43, Sys 0 00:10:54  -  Total Remote Usage
		Usr 0 00:00:00, Sys 0 00:00:00  -  Total Local Usage
	0  -  Run Bytes Sent By Job
	0  -  Run Bytes Received By Job
	0  -  Total Bytes Sent By Job
	0  -  Total Bytes Received By Job
	Partitionable Resources :    Usage  Request Allocated 
	   Cpus                 :     0.71        1         1 
	   Disk (KB)            :  4000        4000    342046 
	   Memory (MB)          :    16           4      3568 

	Job terminated of its own accord at 2026-06-07T12:57:34Z with exit-code 0.
...
