000 (2076.029.000) 2026-06-03 12:26:59 Job submitted from host: <192.135.33.172:9618?addrs=192.135.33.172-9618&alias=theosrv-01.ca.infn.it&noUDP&sock=schedd_1878_baf3>
...
001 (2076.029.000) 2026-06-03 12:27:01 Job executing on host: <192.135.33.172:9618?addrs=192.135.33.172-9618&alias=theosrv-01.ca.infn.it&noUDP&sock=startd_1878_baf3>
	SlotName: slot30@theosrv-01.ca.infn.it
	CondorScratchDir = "/var/lib/condor/execute/dir_1135569"
	Cpus = 1
	Disk = 342046
	Memory = 3568
...
006 (2076.029.000) 2026-06-03 12:27:09 Image size of job updated: 11608
	11  -  MemoryUsage of job (MB)
	11080  -  ResidentSetSize of job (KB)
...
006 (2076.029.000) 2026-06-03 12:32:09 Image size of job updated: 11848
	11  -  MemoryUsage of job (MB)
	11176  -  ResidentSetSize of job (KB)
...
006 (2076.029.000) 2026-06-03 12:37:10 Image size of job updated: 11940
	11  -  MemoryUsage of job (MB)
	11176  -  ResidentSetSize of job (KB)
...
006 (2076.029.000) 2026-06-03 12:42:11 Image size of job updated: 11940
	12  -  MemoryUsage of job (MB)
	11428  -  ResidentSetSize of job (KB)
...
006 (2076.029.000) 2026-06-03 13:07:13 Image size of job updated: 11940
	12  -  MemoryUsage of job (MB)
	11440  -  ResidentSetSize of job (KB)
...
006 (2076.029.000) 2026-06-03 13:12:14 Image size of job updated: 12120
	12  -  MemoryUsage of job (MB)
	11444  -  ResidentSetSize of job (KB)
...
006 (2076.029.000) 2026-06-03 13:27:15 Image size of job updated: 12128
	12  -  MemoryUsage of job (MB)
	11444  -  ResidentSetSize of job (KB)
...
006 (2076.029.000) 2026-06-03 13:52:18 Image size of job updated: 12388
	12  -  MemoryUsage of job (MB)
	11704  -  ResidentSetSize of job (KB)
...
006 (2076.029.000) 2026-06-03 14:57:24 Image size of job updated: 12388
	12  -  MemoryUsage of job (MB)
	11720  -  ResidentSetSize of job (KB)
...
006 (2076.029.000) 2026-06-03 15:52:29 Image size of job updated: 12388
	12  -  MemoryUsage of job (MB)
	11728  -  ResidentSetSize of job (KB)
...
006 (2076.029.000) 2026-06-03 19:07:50 Image size of job updated: 12528
	12  -  MemoryUsage of job (MB)
	11728  -  ResidentSetSize of job (KB)
...
006 (2076.029.000) 2026-06-03 19:57:56 Image size of job updated: 12544
	12  -  MemoryUsage of job (MB)
	11728  -  ResidentSetSize of job (KB)
...
006 (2076.029.000) 2026-06-03 21:48:06 Image size of job updated: 12544
	12  -  MemoryUsage of job (MB)
	11792  -  ResidentSetSize of job (KB)
...
006 (2076.029.000) 2026-06-04 03:43:41 Image size of job updated: 12612
	12  -  MemoryUsage of job (MB)
	11792  -  ResidentSetSize of job (KB)
...
006 (2076.029.000) 2026-06-04 05:48:54 Image size of job updated: 12612
	12  -  MemoryUsage of job (MB)
	11892  -  ResidentSetSize of job (KB)
...
006 (2076.029.000) 2026-06-04 09:49:20 Image size of job updated: 12704
	12  -  MemoryUsage of job (MB)
	11892  -  ResidentSetSize of job (KB)
...
006 (2076.029.000) 2026-06-04 11:09:28 Image size of job updated: 12720
	12  -  MemoryUsage of job (MB)
	12208  -  ResidentSetSize of job (KB)
...
006 (2076.029.000) 2026-06-04 22:55:42 Image size of job updated: 12764
	12  -  MemoryUsage of job (MB)
	12208  -  ResidentSetSize of job (KB)
...
006 (2076.029.000) 2026-06-04 23:55:48 Image size of job updated: 12776
	12  -  MemoryUsage of job (MB)
	12208  -  ResidentSetSize of job (KB)
...
006 (2076.029.000) 2026-06-05 03:11:08 Image size of job updated: 13160
	12  -  MemoryUsage of job (MB)
	12208  -  ResidentSetSize of job (KB)
...
006 (2076.029.000) 2026-06-05 06:51:32 Image size of job updated: 13160
	13  -  MemoryUsage of job (MB)
	12352  -  ResidentSetSize of job (KB)
...
006 (2076.029.000) 2026-06-05 23:03:12 Image size of job updated: 13160
	13  -  MemoryUsage of job (MB)
	12372  -  ResidentSetSize of job (KB)
...
006 (2076.029.000) 2026-06-06 00:28:20 Image size of job updated: 13160
	13  -  MemoryUsage of job (MB)
	12388  -  ResidentSetSize of job (KB)
...
006 (2076.029.000) 2026-06-06 01:18:25 Image size of job updated: 13160
	13  -  MemoryUsage of job (MB)
	12400  -  ResidentSetSize of job (KB)
...
006 (2076.029.000) 2026-06-06 02:23:31 Image size of job updated: 13160
	13  -  MemoryUsage of job (MB)
	12412  -  ResidentSetSize of job (KB)
...
006 (2076.029.000) 2026-06-06 06:48:58 Image size of job updated: 13160
	13  -  MemoryUsage of job (MB)
	12464  -  ResidentSetSize of job (KB)
...
006 (2076.029.000) 2026-06-06 07:19:02 Image size of job updated: 13160
	13  -  MemoryUsage of job (MB)
	12476  -  ResidentSetSize of job (KB)
...
006 (2076.029.000) 2026-06-06 10:54:24 Image size of job updated: 13452
	13  -  MemoryUsage of job (MB)
	12476  -  ResidentSetSize of job (KB)
...
006 (2076.029.000) 2026-06-06 14:39:47 Image size of job updated: 13452
	13  -  MemoryUsage of job (MB)
	12556  -  ResidentSetSize of job (KB)
...
006 (2076.029.000) 2026-06-06 19:35:17 Image size of job updated: 13452
	13  -  MemoryUsage of job (MB)
	12612  -  ResidentSetSize of job (KB)
...
006 (2076.029.000) 2026-06-07 03:36:04 Image size of job updated: 13452
	13  -  MemoryUsage of job (MB)
	12712  -  ResidentSetSize of job (KB)
...
006 (2076.029.000) 2026-06-07 15:02:12 Image size of job updated: 13452
	13  -  MemoryUsage of job (MB)
	12852  -  ResidentSetSize of job (KB)
...
006 (2076.029.000) 2026-06-07 15:07:13 Image size of job updated: 13596
	13  -  MemoryUsage of job (MB)
	12880  -  ResidentSetSize of job (KB)
...
005 (2076.029.000) 2026-06-07 15:08:35 Job terminated.
	(1) Normal termination (return value 0)
		Usr 4 02:05:35, Sys 0 00:10:58  -  Run Remote Usage
		Usr 0 00:00:00, Sys 0 00:00:00  -  Run Local Usage
		Usr 4 02:05:35, Sys 0 00:10:58  -  Total Remote Usage
		Usr 0 00:00:00, Sys 0 00:00:00  -  Total Local Usage
	0  -  Run Bytes Sent By Job
	0  -  Run Bytes Received By Job
	0  -  Total Bytes Sent By Job
	0  -  Total Bytes Received By Job
	Partitionable Resources :    Usage  Request Allocated 
	   Cpus                 :     0.06        1         1 
	   Disk (KB)            :  4000        4000    342046 
	   Memory (MB)          :    13           4      3568 

	Job terminated of its own accord at 2026-06-07T13:08:35Z with exit-code 0.
...
