000 (2067.030.000) 2026-05-15 12:20:01 Job submitted from host: <192.135.33.172:9618?addrs=192.135.33.172-9618&alias=theosrv-01.ca.infn.it&noUDP&sock=schedd_1878_baf3>
...
001 (2067.030.000) 2026-05-15 12:20:02 Job executing on host: <192.135.33.172:9618?addrs=192.135.33.172-9618&alias=theosrv-01.ca.infn.it&noUDP&sock=startd_1878_baf3>
	SlotName: slot61@theosrv-01.ca.infn.it
	CondorScratchDir = "/var/lib/condor/execute/dir_656858"
	Cpus = 1
	Disk = 342046
	Memory = 3568
...
006 (2067.030.000) 2026-05-15 12:20:11 Image size of job updated: 14744
	15  -  MemoryUsage of job (MB)
	14516  -  ResidentSetSize of job (KB)
...
006 (2067.030.000) 2026-05-15 12:45:13 Image size of job updated: 14744
	15  -  MemoryUsage of job (MB)
	14740  -  ResidentSetSize of job (KB)
...
006 (2067.030.000) 2026-05-15 13:05:15 Image size of job updated: 14904
	15  -  MemoryUsage of job (MB)
	14740  -  ResidentSetSize of job (KB)
...
006 (2067.030.000) 2026-05-15 13:20:17 Image size of job updated: 15248
	15  -  MemoryUsage of job (MB)
	14740  -  ResidentSetSize of job (KB)
...
006 (2067.030.000) 2026-05-15 13:30:18 Image size of job updated: 15248
	15  -  MemoryUsage of job (MB)
	14752  -  ResidentSetSize of job (KB)
...
006 (2067.030.000) 2026-05-15 14:20:24 Image size of job updated: 15264
	15  -  MemoryUsage of job (MB)
	14752  -  ResidentSetSize of job (KB)
...
006 (2067.030.000) 2026-05-15 15:15:28 Image size of job updated: 15264
	15  -  MemoryUsage of job (MB)
	14984  -  ResidentSetSize of job (KB)
...
006 (2067.030.000) 2026-05-15 16:30:36 Image size of job updated: 15264
	15  -  MemoryUsage of job (MB)
	15008  -  ResidentSetSize of job (KB)
...
006 (2067.030.000) 2026-05-15 19:50:56 Image size of job updated: 15280
	15  -  MemoryUsage of job (MB)
	15008  -  ResidentSetSize of job (KB)
...
006 (2067.030.000) 2026-05-15 20:21:00 Image size of job updated: 15788
	15  -  MemoryUsage of job (MB)
	15008  -  ResidentSetSize of job (KB)
...
006 (2067.030.000) 2026-05-15 20:41:01 Image size of job updated: 15788
	15  -  MemoryUsage of job (MB)
	15028  -  ResidentSetSize of job (KB)
...
006 (2067.030.000) 2026-05-15 23:11:18 Image size of job updated: 15796
	15  -  MemoryUsage of job (MB)
	15028  -  ResidentSetSize of job (KB)
...
006 (2067.030.000) 2026-05-16 00:36:28 Image size of job updated: 15796
	15  -  MemoryUsage of job (MB)
	15032  -  ResidentSetSize of job (KB)
...
006 (2067.030.000) 2026-05-16 06:37:02 Image size of job updated: 15796
	15  -  MemoryUsage of job (MB)
	15040  -  ResidentSetSize of job (KB)
...
006 (2067.030.000) 2026-05-16 12:42:40 Image size of job updated: 15796
	15  -  MemoryUsage of job (MB)
	15044  -  ResidentSetSize of job (KB)
...
006 (2067.030.000) 2026-05-16 14:02:48 Image size of job updated: 15796
	15  -  MemoryUsage of job (MB)
	15048  -  ResidentSetSize of job (KB)
...
006 (2067.030.000) 2026-05-16 18:08:14 Image size of job updated: 15796
	15  -  MemoryUsage of job (MB)
	15304  -  ResidentSetSize of job (KB)
...
006 (2067.030.000) 2026-05-16 21:58:39 Image size of job updated: 15796
	16  -  MemoryUsage of job (MB)
	15560  -  ResidentSetSize of job (KB)
...
006 (2067.030.000) 2026-05-17 00:58:58 Image size of job updated: 15816
	16  -  MemoryUsage of job (MB)
	15560  -  ResidentSetSize of job (KB)
...
006 (2067.030.000) 2026-05-17 02:44:09 Image size of job updated: 15828
	16  -  MemoryUsage of job (MB)
	15560  -  ResidentSetSize of job (KB)
...
006 (2067.030.000) 2026-05-17 06:59:37 Image size of job updated: 15836
	16  -  MemoryUsage of job (MB)
	15560  -  ResidentSetSize of job (KB)
...
006 (2067.030.000) 2026-05-17 12:10:08 Image size of job updated: 15840
	16  -  MemoryUsage of job (MB)
	15560  -  ResidentSetSize of job (KB)
...
006 (2067.030.000) 2026-05-17 13:15:15 Image size of job updated: 15840
	16  -  MemoryUsage of job (MB)
	15840  -  ResidentSetSize of job (KB)
...
006 (2067.030.000) 2026-05-17 13:20:15 Image size of job updated: 16096
	16  -  MemoryUsage of job (MB)
	15840  -  ResidentSetSize of job (KB)
...
004 (2067.030.000) 2026-05-18 15:29:22 Job was evicted.
	(0) CPU times
		Usr 3 02:44:52, Sys 0 00:06:18  -  Run Remote Usage
		Usr 0 00:00:00, Sys 0 00:00:00  -  Run Local Usage
	0  -  Run Bytes Sent By Job
	0  -  Run Bytes Received By Job
	Partitionable Resources :    Usage  Request Allocated 
	   Cpus                 :     1.00        1         1 
	   Disk (KB)            :  4000        4000    342046 
	   Memory (MB)          :    16           4      3568 
...
009 (2067.030.000) 2026-05-18 15:29:22 Job was aborted.
	via condor_rm (by user sanedda)
...
