000 (2067.057.000) 2026-05-15 12:20:01 Job submitted from host: <192.135.33.172:9618?addrs=192.135.33.172-9618&alias=theosrv-01.ca.infn.it&noUDP&sock=schedd_1878_baf3>
...
001 (2067.057.000) 2026-05-15 13:32:03 Job executing on host: <192.135.33.172:9618?addrs=192.135.33.172-9618&alias=theosrv-01.ca.infn.it&noUDP&sock=startd_1878_baf3>
	SlotName: slot29@theosrv-01.ca.infn.it
	CondorScratchDir = "/var/lib/condor/execute/dir_658934"
	Cpus = 1
	Disk = 342046
	Memory = 3568
...
006 (2067.057.000) 2026-05-15 13:32:12 Image size of job updated: 11512
	11  -  MemoryUsage of job (MB)
	11260  -  ResidentSetSize of job (KB)
...
006 (2067.057.000) 2026-05-15 13:37:13 Image size of job updated: 11776
	12  -  MemoryUsage of job (MB)
	11520  -  ResidentSetSize of job (KB)
...
006 (2067.057.000) 2026-05-15 13:57:15 Image size of job updated: 11864
	12  -  MemoryUsage of job (MB)
	11608  -  ResidentSetSize of job (KB)
...
006 (2067.057.000) 2026-05-15 14:37:19 Image size of job updated: 12028
	12  -  MemoryUsage of job (MB)
	11620  -  ResidentSetSize of job (KB)
...
006 (2067.057.000) 2026-05-15 14:52:21 Image size of job updated: 12120
	12  -  MemoryUsage of job (MB)
	11620  -  ResidentSetSize of job (KB)
...
006 (2067.057.000) 2026-05-15 15:22:24 Image size of job updated: 12120
	12  -  MemoryUsage of job (MB)
	11660  -  ResidentSetSize of job (KB)
...
006 (2067.057.000) 2026-05-15 15:47:27 Image size of job updated: 12128
	12  -  MemoryUsage of job (MB)
	11660  -  ResidentSetSize of job (KB)
...
006 (2067.057.000) 2026-05-15 16:37:32 Image size of job updated: 12128
	12  -  MemoryUsage of job (MB)
	11880  -  ResidentSetSize of job (KB)
...
006 (2067.057.000) 2026-05-15 17:17:36 Image size of job updated: 12140
	12  -  MemoryUsage of job (MB)
	11880  -  ResidentSetSize of job (KB)
...
006 (2067.057.000) 2026-05-15 19:17:47 Image size of job updated: 12140
	12  -  MemoryUsage of job (MB)
	11884  -  ResidentSetSize of job (KB)
...
006 (2067.057.000) 2026-05-15 19:32:49 Image size of job updated: 12144
	12  -  MemoryUsage of job (MB)
	11888  -  ResidentSetSize of job (KB)
...
006 (2067.057.000) 2026-05-15 20:17:54 Image size of job updated: 12144
	12  -  MemoryUsage of job (MB)
	11892  -  ResidentSetSize of job (KB)
...
006 (2067.057.000) 2026-05-15 23:53:16 Image size of job updated: 12164
	12  -  MemoryUsage of job (MB)
	12164  -  ResidentSetSize of job (KB)
...
006 (2067.057.000) 2026-05-15 23:58:17 Image size of job updated: 12420
	12  -  MemoryUsage of job (MB)
	12164  -  ResidentSetSize of job (KB)
...
006 (2067.057.000) 2026-05-16 14:44:51 Image size of job updated: 12428
	12  -  MemoryUsage of job (MB)
	12164  -  ResidentSetSize of job (KB)
...
006 (2067.057.000) 2026-05-16 15:09:53 Image size of job updated: 12428
	12  -  MemoryUsage of job (MB)
	12168  -  ResidentSetSize of job (KB)
...
006 (2067.057.000) 2026-05-16 21:30:34 Image size of job updated: 12432
	12  -  MemoryUsage of job (MB)
	12168  -  ResidentSetSize of job (KB)
...
006 (2067.057.000) 2026-05-16 21:45:35 Image size of job updated: 12432
	12  -  MemoryUsage of job (MB)
	12176  -  ResidentSetSize of job (KB)
...
006 (2067.057.000) 2026-05-16 21:50:36 Image size of job updated: 12688
	12  -  MemoryUsage of job (MB)
	12176  -  ResidentSetSize of job (KB)
...
006 (2067.057.000) 2026-05-17 06:01:26 Image size of job updated: 12700
	12  -  MemoryUsage of job (MB)
	12176  -  ResidentSetSize of job (KB)
...
006 (2067.057.000) 2026-05-17 07:41:36 Image size of job updated: 12700
	12  -  MemoryUsage of job (MB)
	12184  -  ResidentSetSize of job (KB)
...
006 (2067.057.000) 2026-05-17 09:01:45 Image size of job updated: 12700
	12  -  MemoryUsage of job (MB)
	12188  -  ResidentSetSize of job (KB)
...
006 (2067.057.000) 2026-05-17 09:21:46 Image size of job updated: 12708
	12  -  MemoryUsage of job (MB)
	12188  -  ResidentSetSize of job (KB)
...
006 (2067.057.000) 2026-05-17 09:56:50 Image size of job updated: 13216
	12  -  MemoryUsage of job (MB)
	12188  -  ResidentSetSize of job (KB)
...
006 (2067.057.000) 2026-05-17 10:11:51 Image size of job updated: 13216
	12  -  MemoryUsage of job (MB)
	12192  -  ResidentSetSize of job (KB)
...
006 (2067.057.000) 2026-05-18 04:48:47 Image size of job updated: 13216
	12  -  MemoryUsage of job (MB)
	12212  -  ResidentSetSize of job (KB)
...
006 (2067.057.000) 2026-05-18 13:59:44 Image size of job updated: 13216
	12  -  MemoryUsage of job (MB)
	12224  -  ResidentSetSize of job (KB)
...
004 (2067.057.000) 2026-05-18 15:29:23 Job was evicted.
	(0) CPU times
		Usr 3 01:33:20, Sys 0 00:06:11  -  Run Remote Usage
		Usr 0 00:00:00, Sys 0 00:00:00  -  Run Local Usage
	0  -  Run Bytes Sent By Job
	0  -  Run Bytes Received By Job
	Partitionable Resources :    Usage  Request Allocated 
	   Cpus                 :     1.00        1         1 
	   Disk (KB)            :  4000        4000    342046 
	   Memory (MB)          :    12           4      3568 
...
009 (2067.057.000) 2026-05-18 15:29:23 Job was aborted.
	via condor_rm (by user sanedda)
...
