000 (2071.058.000) 2026-05-21 10:45:14 Job submitted from host: <192.135.33.172:9618?addrs=192.135.33.172-9618&alias=theosrv-01.ca.infn.it&noUDP&sock=schedd_1878_baf3>
...
001 (2071.058.000) 2026-05-21 10:45:27 Job executing on host: <192.135.33.172:9618?addrs=192.135.33.172-9618&alias=theosrv-01.ca.infn.it&noUDP&sock=startd_1878_baf3>
	SlotName: slot64@theosrv-01.ca.infn.it
	CondorScratchDir = "/var/lib/condor/execute/dir_757457"
	Cpus = 1
	Disk = 342046
	Memory = 3568
...
006 (2071.058.000) 2026-05-21 10:45:28 Image size of job updated: 4000
	1  -  MemoryUsage of job (MB)
	12  -  ResidentSetSize of job (KB)
...
005 (2071.058.000) 2026-05-21 10:45:28 Job terminated.
	(0) Abnormal termination (signal 6)
	(0) No core file
		Usr 0 00:00:00, Sys 0 00:00:00  -  Run Remote Usage
		Usr 0 00:00:00, Sys 0 00:00:00  -  Run Local Usage
		Usr 0 00:00:00, Sys 0 00:00:00  -  Total Remote Usage
		Usr 0 00:00:00, Sys 0 00:00:00  -  Total Local Usage
	0  -  Run Bytes Sent By Job
	0  -  Run Bytes Received By Job
	0  -  Total Bytes Sent By Job
	0  -  Total Bytes Received By Job
	Partitionable Resources :    Usage  Request Allocated 
	   Cpus                 :                 1         1 
	   Disk (KB)            :     4000     4000    342046 
	   Memory (MB)          :        1        4      3568 

	Job terminated of its own accord at 2026-05-21T08:45:28Z with signal 6.
...
