000 (2070.044.000) 2026-05-19 09:33:09 Job submitted from host: <192.135.33.172:9618?addrs=192.135.33.172-9618&alias=theosrv-01.ca.infn.it&noUDP&sock=schedd_1878_baf3>
...
001 (2070.044.000) 2026-05-19 09:33:11 Job executing on host: <192.135.33.172:9618?addrs=192.135.33.172-9618&alias=theosrv-01.ca.infn.it&noUDP&sock=startd_1878_baf3>
	SlotName: slot46@theosrv-01.ca.infn.it
	CondorScratchDir = "/var/lib/condor/execute/dir_706123"
	Cpus = 1
	Disk = 342046
	Memory = 3568
...
006 (2070.044.000) 2026-05-19 09:33:19 Image size of job updated: 14880
	15  -  MemoryUsage of job (MB)
	14652  -  ResidentSetSize of job (KB)
...
006 (2070.044.000) 2026-05-19 09:38:19 Image size of job updated: 15164
	15  -  MemoryUsage of job (MB)
	14712  -  ResidentSetSize of job (KB)
...
006 (2070.044.000) 2026-05-19 09:43:20 Image size of job updated: 15224
	15  -  MemoryUsage of job (MB)
	14712  -  ResidentSetSize of job (KB)
...
006 (2070.044.000) 2026-05-19 09:48:20 Image size of job updated: 15228
	15  -  MemoryUsage of job (MB)
	14712  -  ResidentSetSize of job (KB)
...
006 (2070.044.000) 2026-05-19 10:03:22 Image size of job updated: 15416
	15  -  MemoryUsage of job (MB)
	14712  -  ResidentSetSize of job (KB)
...
006 (2070.044.000) 2026-05-19 10:23:24 Image size of job updated: 15416
	15  -  MemoryUsage of job (MB)
	14716  -  ResidentSetSize of job (KB)
...
006 (2070.044.000) 2026-05-19 10:38:25 Image size of job updated: 15480
	15  -  MemoryUsage of job (MB)
	14716  -  ResidentSetSize of job (KB)
...
006 (2070.044.000) 2026-05-19 10:48:26 Image size of job updated: 15480
	15  -  MemoryUsage of job (MB)
	14720  -  ResidentSetSize of job (KB)
...
006 (2070.044.000) 2026-05-19 10:53:27 Image size of job updated: 15488
	15  -  MemoryUsage of job (MB)
	14976  -  ResidentSetSize of job (KB)
...
006 (2070.044.000) 2026-05-19 11:13:29 Image size of job updated: 15492
	15  -  MemoryUsage of job (MB)
	14976  -  ResidentSetSize of job (KB)
...
006 (2070.044.000) 2026-05-19 13:23:42 Image size of job updated: 15492
	15  -  MemoryUsage of job (MB)
	14992  -  ResidentSetSize of job (KB)
...
006 (2070.044.000) 2026-05-19 13:28:42 Image size of job updated: 15504
	15  -  MemoryUsage of job (MB)
	14992  -  ResidentSetSize of job (KB)
...
006 (2070.044.000) 2026-05-19 14:13:47 Image size of job updated: 15756
	15  -  MemoryUsage of job (MB)
	14992  -  ResidentSetSize of job (KB)
...
006 (2070.044.000) 2026-05-19 16:44:03 Image size of job updated: 15756
	15  -  MemoryUsage of job (MB)
	15004  -  ResidentSetSize of job (KB)
...
006 (2070.044.000) 2026-05-19 21:29:33 Image size of job updated: 15756
	15  -  MemoryUsage of job (MB)
	15036  -  ResidentSetSize of job (KB)
...
006 (2070.044.000) 2026-05-19 23:39:46 Image size of job updated: 15816
	15  -  MemoryUsage of job (MB)
	15036  -  ResidentSetSize of job (KB)
...
006 (2070.044.000) 2026-05-20 01:50:00 Image size of job updated: 15816
	15  -  MemoryUsage of job (MB)
	15312  -  ResidentSetSize of job (KB)
...
006 (2070.044.000) 2026-05-20 09:55:48 Image size of job updated: 15864
	15  -  MemoryUsage of job (MB)
	15312  -  ResidentSetSize of job (KB)
...
006 (2070.044.000) 2026-05-20 23:22:15 Image size of job updated: 15940
	15  -  MemoryUsage of job (MB)
	15312  -  ResidentSetSize of job (KB)
...
006 (2070.044.000) 2026-05-21 04:27:49 Image size of job updated: 15972
	15  -  MemoryUsage of job (MB)
	15312  -  ResidentSetSize of job (KB)
...
006 (2070.044.000) 2026-05-21 05:07:53 Image size of job updated: 16072
	15  -  MemoryUsage of job (MB)
	15312  -  ResidentSetSize of job (KB)
...
006 (2070.044.000) 2026-05-21 20:19:26 Image size of job updated: 16308
	15  -  MemoryUsage of job (MB)
	15312  -  ResidentSetSize of job (KB)
...
006 (2070.044.000) 2026-05-22 14:21:19 Image size of job updated: 16308
	16  -  MemoryUsage of job (MB)
	15392  -  ResidentSetSize of job (KB)
...
006 (2070.044.000) 2026-05-22 22:17:06 Image size of job updated: 16308
	16  -  MemoryUsage of job (MB)
	15440  -  ResidentSetSize of job (KB)
...
006 (2070.044.000) 2026-05-23 06:27:58 Image size of job updated: 16308
	16  -  MemoryUsage of job (MB)
	15480  -  ResidentSetSize of job (KB)
...
006 (2070.044.000) 2026-05-23 10:03:21 Image size of job updated: 16308
	16  -  MemoryUsage of job (MB)
	15756  -  ResidentSetSize of job (KB)
...
006 (2070.044.000) 2026-05-23 18:29:12 Image size of job updated: 16308
	16  -  MemoryUsage of job (MB)
	15804  -  ResidentSetSize of job (KB)
...
006 (2070.044.000) 2026-05-24 04:15:12 Image size of job updated: 16372
	16  -  MemoryUsage of job (MB)
	15804  -  ResidentSetSize of job (KB)
...
006 (2070.044.000) 2026-05-25 00:27:20 Image size of job updated: 16484
	16  -  MemoryUsage of job (MB)
	15804  -  ResidentSetSize of job (KB)
...
006 (2070.044.000) 2026-05-25 18:54:15 Image size of job updated: 16484
	16  -  MemoryUsage of job (MB)
	15816  -  ResidentSetSize of job (KB)
...
006 (2070.044.000) 2026-05-25 23:34:43 Image size of job updated: 16484
	16  -  MemoryUsage of job (MB)
	15848  -  ResidentSetSize of job (KB)
...
006 (2070.044.000) 2026-05-26 05:15:17 Image size of job updated: 16560
	16  -  MemoryUsage of job (MB)
	15848  -  ResidentSetSize of job (KB)
...
006 (2070.044.000) 2026-05-26 06:50:27 Image size of job updated: 16560
	16  -  MemoryUsage of job (MB)
	15888  -  ResidentSetSize of job (KB)
...
006 (2070.044.000) 2026-05-26 08:55:42 Image size of job updated: 16560
	16  -  MemoryUsage of job (MB)
	15896  -  ResidentSetSize of job (KB)
...
006 (2070.044.000) 2026-05-26 11:35:58 Image size of job updated: 16560
	16  -  MemoryUsage of job (MB)
	15908  -  ResidentSetSize of job (KB)
...
006 (2070.044.000) 2026-05-26 17:16:35 Image size of job updated: 16560
	16  -  MemoryUsage of job (MB)
	15940  -  ResidentSetSize of job (KB)
...
006 (2070.044.000) 2026-05-26 18:06:40 Image size of job updated: 16560
	16  -  MemoryUsage of job (MB)
	15952  -  ResidentSetSize of job (KB)
...
006 (2070.044.000) 2026-05-26 20:11:53 Image size of job updated: 16560
	16  -  MemoryUsage of job (MB)
	16220  -  ResidentSetSize of job (KB)
...
006 (2070.044.000) 2026-05-27 01:52:32 Image size of job updated: 16664
	16  -  MemoryUsage of job (MB)
	16220  -  ResidentSetSize of job (KB)
...
006 (2070.044.000) 2026-05-27 07:53:09 Image size of job updated: 16708
	16  -  MemoryUsage of job (MB)
	16220  -  ResidentSetSize of job (KB)
...
006 (2070.044.000) 2026-05-27 14:08:47 Image size of job updated: 16824
	16  -  MemoryUsage of job (MB)
	16220  -  ResidentSetSize of job (KB)
...
006 (2070.044.000) 2026-05-28 00:14:48 Image size of job updated: 16880
	16  -  MemoryUsage of job (MB)
	16220  -  ResidentSetSize of job (KB)
...
006 (2070.044.000) 2026-05-28 01:54:58 Image size of job updated: 16896
	16  -  MemoryUsage of job (MB)
	16220  -  ResidentSetSize of job (KB)
...
005 (2070.044.000) 2026-05-28 02:06:30 Job terminated.
	(1) Normal termination (return value 0)
		Usr 8 15:18:51, Sys 0 00:21:38  -  Run Remote Usage
		Usr 0 00:00:00, Sys 0 00:00:00  -  Run Local Usage
		Usr 8 15:18:51, Sys 0 00:21:38  -  Total Remote Usage
		Usr 0 00:00:00, Sys 0 00:00:00  -  Total Local Usage
	0  -  Run Bytes Sent By Job
	0  -  Run Bytes Received By Job
	0  -  Total Bytes Sent By Job
	0  -  Total Bytes Received By Job
	Partitionable Resources :    Usage  Request Allocated 
	   Cpus                 :     1.00        1         1 
	   Disk (KB)            :  4000        4000    342046 
	   Memory (MB)          :    16           4      3568 

	Job terminated of its own accord at 2026-05-28T00:06:30Z with exit-code 0.
...
