000 (2070.003.000) 2026-05-19 09:33:09 Job submitted from host: <192.135.33.172:9618?addrs=192.135.33.172-9618&alias=theosrv-01.ca.infn.it&noUDP&sock=schedd_1878_baf3>
...
001 (2070.003.000) 2026-05-19 09:33:11 Job executing on host: <192.135.33.172:9618?addrs=192.135.33.172-9618&alias=theosrv-01.ca.infn.it&noUDP&sock=startd_1878_baf3>
	SlotName: slot5@theosrv-01.ca.infn.it
	CondorScratchDir = "/var/lib/condor/execute/dir_706082"
	Cpus = 1
	Disk = 342046
	Memory = 3568
...
006 (2070.003.000) 2026-05-19 09:33:19 Image size of job updated: 14572
	14  -  MemoryUsage of job (MB)
	14296  -  ResidentSetSize of job (KB)
...
006 (2070.003.000) 2026-05-19 09:38:19 Image size of job updated: 14808
	15  -  MemoryUsage of job (MB)
	14360  -  ResidentSetSize of job (KB)
...
006 (2070.003.000) 2026-05-19 09:43:20 Image size of job updated: 14876
	15  -  MemoryUsage of job (MB)
	14364  -  ResidentSetSize of job (KB)
...
006 (2070.003.000) 2026-05-19 09:48:20 Image size of job updated: 15128
	15  -  MemoryUsage of job (MB)
	14616  -  ResidentSetSize of job (KB)
...
006 (2070.003.000) 2026-05-19 10:03:22 Image size of job updated: 15384
	15  -  MemoryUsage of job (MB)
	14616  -  ResidentSetSize of job (KB)
...
006 (2070.003.000) 2026-05-19 10:38:26 Image size of job updated: 15392
	15  -  MemoryUsage of job (MB)
	14616  -  ResidentSetSize of job (KB)
...
006 (2070.003.000) 2026-05-19 10:48:27 Image size of job updated: 15392
	15  -  MemoryUsage of job (MB)
	14624  -  ResidentSetSize of job (KB)
...
006 (2070.003.000) 2026-05-19 11:13:29 Image size of job updated: 15392
	15  -  MemoryUsage of job (MB)
	14816  -  ResidentSetSize of job (KB)
...
006 (2070.003.000) 2026-05-19 11:23:30 Image size of job updated: 15392
	15  -  MemoryUsage of job (MB)
	14884  -  ResidentSetSize of job (KB)
...
006 (2070.003.000) 2026-05-19 11:33:31 Image size of job updated: 15396
	15  -  MemoryUsage of job (MB)
	14884  -  ResidentSetSize of job (KB)
...
006 (2070.003.000) 2026-05-19 12:53:39 Image size of job updated: 15400
	15  -  MemoryUsage of job (MB)
	14884  -  ResidentSetSize of job (KB)
...
006 (2070.003.000) 2026-05-19 13:08:41 Image size of job updated: 15408
	15  -  MemoryUsage of job (MB)
	14884  -  ResidentSetSize of job (KB)
...
006 (2070.003.000) 2026-05-19 14:08:47 Image size of job updated: 15408
	15  -  MemoryUsage of job (MB)
	14892  -  ResidentSetSize of job (KB)
...
006 (2070.003.000) 2026-05-19 15:33:55 Image size of job updated: 15420
	15  -  MemoryUsage of job (MB)
	14892  -  ResidentSetSize of job (KB)
...
006 (2070.003.000) 2026-05-19 15:43:56 Image size of job updated: 15424
	15  -  MemoryUsage of job (MB)
	14892  -  ResidentSetSize of job (KB)
...
006 (2070.003.000) 2026-05-19 22:14:37 Image size of job updated: 15424
	15  -  MemoryUsage of job (MB)
	14936  -  ResidentSetSize of job (KB)
...
006 (2070.003.000) 2026-05-19 23:09:43 Image size of job updated: 15456
	15  -  MemoryUsage of job (MB)
	14936  -  ResidentSetSize of job (KB)
...
006 (2070.003.000) 2026-05-19 23:14:43 Image size of job updated: 15460
	15  -  MemoryUsage of job (MB)
	14936  -  ResidentSetSize of job (KB)
...
006 (2070.003.000) 2026-05-19 23:24:45 Image size of job updated: 15976
	15  -  MemoryUsage of job (MB)
	14936  -  ResidentSetSize of job (KB)
...
006 (2070.003.000) 2026-05-20 03:55:12 Image size of job updated: 15976
	15  -  MemoryUsage of job (MB)
	14976  -  ResidentSetSize of job (KB)
...
006 (2070.003.000) 2026-05-20 05:40:22 Image size of job updated: 15976
	15  -  MemoryUsage of job (MB)
	14984  -  ResidentSetSize of job (KB)
...
006 (2070.003.000) 2026-05-20 08:35:42 Image size of job updated: 15976
	15  -  MemoryUsage of job (MB)
	14996  -  ResidentSetSize of job (KB)
...
006 (2070.003.000) 2026-05-20 09:45:49 Image size of job updated: 15976
	15  -  MemoryUsage of job (MB)
	15004  -  ResidentSetSize of job (KB)
...
006 (2070.003.000) 2026-05-20 13:41:12 Image size of job updated: 15976
	15  -  MemoryUsage of job (MB)
	15020  -  ResidentSetSize of job (KB)
...
006 (2070.003.000) 2026-05-20 15:01:21 Image size of job updated: 16052
	15  -  MemoryUsage of job (MB)
	15020  -  ResidentSetSize of job (KB)
...
006 (2070.003.000) 2026-05-20 16:36:31 Image size of job updated: 16052
	15  -  MemoryUsage of job (MB)
	15044  -  ResidentSetSize of job (KB)
...
006 (2070.003.000) 2026-05-20 18:11:40 Image size of job updated: 16052
	15  -  MemoryUsage of job (MB)
	15308  -  ResidentSetSize of job (KB)
...
006 (2070.003.000) 2026-05-21 15:18:48 Image size of job updated: 16052
	16  -  MemoryUsage of job (MB)
	15424  -  ResidentSetSize of job (KB)
...
006 (2070.003.000) 2026-05-21 17:04:00 Image size of job updated: 16052
	16  -  MemoryUsage of job (MB)
	15432  -  ResidentSetSize of job (KB)
...
006 (2070.003.000) 2026-05-22 07:40:29 Image size of job updated: 16052
	16  -  MemoryUsage of job (MB)
	15520  -  ResidentSetSize of job (KB)
...
006 (2070.003.000) 2026-05-22 12:00:56 Image size of job updated: 16056
	16  -  MemoryUsage of job (MB)
	15520  -  ResidentSetSize of job (KB)
...
006 (2070.003.000) 2026-05-23 03:22:30 Image size of job updated: 16060
	16  -  MemoryUsage of job (MB)
	15520  -  ResidentSetSize of job (KB)
...
006 (2070.003.000) 2026-05-23 20:09:14 Image size of job updated: 16060
	16  -  MemoryUsage of job (MB)
	15548  -  ResidentSetSize of job (KB)
...
006 (2070.003.000) 2026-05-23 23:54:38 Image size of job updated: 16260
	16  -  MemoryUsage of job (MB)
	15548  -  ResidentSetSize of job (KB)
...
006 (2070.003.000) 2026-05-24 03:35:01 Image size of job updated: 16284
	16  -  MemoryUsage of job (MB)
	15548  -  ResidentSetSize of job (KB)
...
006 (2070.003.000) 2026-05-24 07:00:21 Image size of job updated: 16300
	16  -  MemoryUsage of job (MB)
	15548  -  ResidentSetSize of job (KB)
...
006 (2070.003.000) 2026-05-24 16:41:21 Image size of job updated: 16300
	16  -  MemoryUsage of job (MB)
	15592  -  ResidentSetSize of job (KB)
...
006 (2070.003.000) 2026-05-24 20:36:44 Image size of job updated: 16300
	16  -  MemoryUsage of job (MB)
	15612  -  ResidentSetSize of job (KB)
...
006 (2070.003.000) 2026-05-25 02:37:22 Image size of job updated: 16320
	16  -  MemoryUsage of job (MB)
	15612  -  ResidentSetSize of job (KB)
...
006 (2070.003.000) 2026-05-25 05:57:42 Image size of job updated: 16320
	16  -  MemoryUsage of job (MB)
	15660  -  ResidentSetSize of job (KB)
...
006 (2070.003.000) 2026-05-25 08:22:56 Image size of job updated: 16320
	16  -  MemoryUsage of job (MB)
	15672  -  ResidentSetSize of job (KB)
...
006 (2070.003.000) 2026-05-25 11:08:14 Image size of job updated: 16320
	16  -  MemoryUsage of job (MB)
	15688  -  ResidentSetSize of job (KB)
...
006 (2070.003.000) 2026-05-25 11:18:15 Image size of job updated: 16320
	16  -  MemoryUsage of job (MB)
	15696  -  ResidentSetSize of job (KB)
...
006 (2070.003.000) 2026-05-25 13:28:30 Image size of job updated: 16320
	16  -  MemoryUsage of job (MB)
	15704  -  ResidentSetSize of job (KB)
...
006 (2070.003.000) 2026-05-25 14:53:39 Image size of job updated: 16320
	16  -  MemoryUsage of job (MB)
	15708  -  ResidentSetSize of job (KB)
...
006 (2070.003.000) 2026-05-25 15:08:40 Image size of job updated: 16320
	16  -  MemoryUsage of job (MB)
	15716  -  ResidentSetSize of job (KB)
...
006 (2070.003.000) 2026-05-25 15:48:44 Image size of job updated: 16320
	16  -  MemoryUsage of job (MB)
	15972  -  ResidentSetSize of job (KB)
...
006 (2070.003.000) 2026-05-26 02:19:48 Image size of job updated: 16320
	16  -  MemoryUsage of job (MB)
	16028  -  ResidentSetSize of job (KB)
...
006 (2070.003.000) 2026-05-26 05:25:06 Image size of job updated: 16324
	16  -  MemoryUsage of job (MB)
	16028  -  ResidentSetSize of job (KB)
...
006 (2070.003.000) 2026-05-26 09:55:36 Image size of job updated: 16328
	16  -  MemoryUsage of job (MB)
	16028  -  ResidentSetSize of job (KB)
...
006 (2070.003.000) 2026-05-26 11:25:46 Image size of job updated: 16332
	16  -  MemoryUsage of job (MB)
	16028  -  ResidentSetSize of job (KB)
...
006 (2070.003.000) 2026-05-26 12:10:50 Image size of job updated: 16344
	16  -  MemoryUsage of job (MB)
	16028  -  ResidentSetSize of job (KB)
...
006 (2070.003.000) 2026-05-26 15:16:09 Image size of job updated: 16352
	16  -  MemoryUsage of job (MB)
	16028  -  ResidentSetSize of job (KB)
...
006 (2070.003.000) 2026-05-26 15:46:12 Image size of job updated: 16360
	16  -  MemoryUsage of job (MB)
	16028  -  ResidentSetSize of job (KB)
...
006 (2070.003.000) 2026-05-26 17:01:19 Image size of job updated: 16372
	16  -  MemoryUsage of job (MB)
	16028  -  ResidentSetSize of job (KB)
...
006 (2070.003.000) 2026-05-26 19:11:32 Image size of job updated: 16384
	16  -  MemoryUsage of job (MB)
	16028  -  ResidentSetSize of job (KB)
...
006 (2070.003.000) 2026-05-26 20:26:40 Image size of job updated: 16392
	16  -  MemoryUsage of job (MB)
	16028  -  ResidentSetSize of job (KB)
...
006 (2070.003.000) 2026-05-27 00:17:04 Image size of job updated: 16404
	16  -  MemoryUsage of job (MB)
	16028  -  ResidentSetSize of job (KB)
...
006 (2070.003.000) 2026-05-27 00:37:06 Image size of job updated: 16408
	16  -  MemoryUsage of job (MB)
	16028  -  ResidentSetSize of job (KB)
...
006 (2070.003.000) 2026-05-27 02:17:16 Image size of job updated: 16416
	16  -  MemoryUsage of job (MB)
	16028  -  ResidentSetSize of job (KB)
...
006 (2070.003.000) 2026-05-27 03:07:21 Image size of job updated: 16432
	16  -  MemoryUsage of job (MB)
	16028  -  ResidentSetSize of job (KB)
...
006 (2070.003.000) 2026-05-27 03:42:24 Image size of job updated: 16684
	16  -  MemoryUsage of job (MB)
	16028  -  ResidentSetSize of job (KB)
...
006 (2070.003.000) 2026-05-27 10:03:03 Image size of job updated: 16876
	16  -  MemoryUsage of job (MB)
	16028  -  ResidentSetSize of job (KB)
...
006 (2070.003.000) 2026-05-27 11:28:11 Image size of job updated: 16984
	16  -  MemoryUsage of job (MB)
	16028  -  ResidentSetSize of job (KB)
...
006 (2070.003.000) 2026-05-28 02:14:03 Image size of job updated: 17072
	16  -  MemoryUsage of job (MB)
	16028  -  ResidentSetSize of job (KB)
...
005 (2070.003.000) 2026-05-28 02:14:03 Job terminated.
	(1) Normal termination (return value 0)
		Usr 8 15:26:12, Sys 0 00:21:45  -  Run Remote Usage
		Usr 0 00:00:00, Sys 0 00:00:00  -  Run Local Usage
		Usr 8 15:26:12, Sys 0 00:21:45  -  Total Remote Usage
		Usr 0 00:00:00, Sys 0 00:00:00  -  Total Local Usage
	0  -  Run Bytes Sent By Job
	0  -  Run Bytes Received By Job
	0  -  Total Bytes Sent By Job
	0  -  Total Bytes Received By Job
	Partitionable Resources :    Usage  Request Allocated 
	   Cpus                 :     1.00        1         1 
	   Disk (KB)            :  4000        4000    342046 
	   Memory (MB)          :    16           4      3568 

	Job terminated of its own accord at 2026-05-28T00:14:03Z with exit-code 0.
...
