000 (2070.031.000) 2026-05-19 09:33:09 Job submitted from host: <192.135.33.172:9618?addrs=192.135.33.172-9618&alias=theosrv-01.ca.infn.it&noUDP&sock=schedd_1878_baf3>
...
001 (2070.031.000) 2026-05-19 09:33:11 Job executing on host: <192.135.33.172:9618?addrs=192.135.33.172-9618&alias=theosrv-01.ca.infn.it&noUDP&sock=startd_1878_baf3>
	SlotName: slot33@theosrv-01.ca.infn.it
	CondorScratchDir = "/var/lib/condor/execute/dir_706110"
	Cpus = 1
	Disk = 342046
	Memory = 3568
...
006 (2070.031.000) 2026-05-19 09:33:19 Image size of job updated: 14908
	15  -  MemoryUsage of job (MB)
	14400  -  ResidentSetSize of job (KB)
...
006 (2070.031.000) 2026-05-19 09:38:19 Image size of job updated: 15168
	15  -  MemoryUsage of job (MB)
	14448  -  ResidentSetSize of job (KB)
...
006 (2070.031.000) 2026-05-19 09:43:20 Image size of job updated: 15168
	15  -  MemoryUsage of job (MB)
	14704  -  ResidentSetSize of job (KB)
...
006 (2070.031.000) 2026-05-19 09:48:20 Image size of job updated: 15220
	15  -  MemoryUsage of job (MB)
	14704  -  ResidentSetSize of job (KB)
...
006 (2070.031.000) 2026-05-19 09:53:20 Image size of job updated: 15472
	15  -  MemoryUsage of job (MB)
	14704  -  ResidentSetSize of job (KB)
...
006 (2070.031.000) 2026-05-19 10:03:22 Image size of job updated: 15472
	15  -  MemoryUsage of job (MB)
	14716  -  ResidentSetSize of job (KB)
...
006 (2070.031.000) 2026-05-19 10:08:22 Image size of job updated: 15736
	15  -  MemoryUsage of job (MB)
	14716  -  ResidentSetSize of job (KB)
...
006 (2070.031.000) 2026-05-19 10:38:25 Image size of job updated: 15736
	15  -  MemoryUsage of job (MB)
	14720  -  ResidentSetSize of job (KB)
...
006 (2070.031.000) 2026-05-19 10:43:25 Image size of job updated: 15736
	15  -  MemoryUsage of job (MB)
	14724  -  ResidentSetSize of job (KB)
...
006 (2070.031.000) 2026-05-19 11:23:30 Image size of job updated: 15736
	15  -  MemoryUsage of job (MB)
	14984  -  ResidentSetSize of job (KB)
...
006 (2070.031.000) 2026-05-19 14:23:48 Image size of job updated: 15736
	15  -  MemoryUsage of job (MB)
	14996  -  ResidentSetSize of job (KB)
...
006 (2070.031.000) 2026-05-19 16:39:02 Image size of job updated: 15736
	15  -  MemoryUsage of job (MB)
	15008  -  ResidentSetSize of job (KB)
...
006 (2070.031.000) 2026-05-19 18:49:15 Image size of job updated: 15736
	15  -  MemoryUsage of job (MB)
	15272  -  ResidentSetSize of job (KB)
...
006 (2070.031.000) 2026-05-20 03:15:07 Image size of job updated: 15744
	15  -  MemoryUsage of job (MB)
	15272  -  ResidentSetSize of job (KB)
...
006 (2070.031.000) 2026-05-20 06:35:31 Image size of job updated: 15856
	15  -  MemoryUsage of job (MB)
	15272  -  ResidentSetSize of job (KB)
...
006 (2070.031.000) 2026-05-20 15:16:26 Image size of job updated: 15856
	16  -  MemoryUsage of job (MB)
	15388  -  ResidentSetSize of job (KB)
...
006 (2070.031.000) 2026-05-20 16:41:36 Image size of job updated: 15856
	16  -  MemoryUsage of job (MB)
	15396  -  ResidentSetSize of job (KB)
...
006 (2070.031.000) 2026-05-20 21:52:10 Image size of job updated: 15944
	16  -  MemoryUsage of job (MB)
	15396  -  ResidentSetSize of job (KB)
...
006 (2070.031.000) 2026-05-20 22:57:16 Image size of job updated: 15944
	16  -  MemoryUsage of job (MB)
	15436  -  ResidentSetSize of job (KB)
...
006 (2070.031.000) 2026-05-20 23:12:17 Image size of job updated: 16056
	16  -  MemoryUsage of job (MB)
	15436  -  ResidentSetSize of job (KB)
...
006 (2070.031.000) 2026-05-21 23:34:45 Image size of job updated: 16084
	16  -  MemoryUsage of job (MB)
	15436  -  ResidentSetSize of job (KB)
...
006 (2070.031.000) 2026-05-22 02:10:00 Image size of job updated: 16092
	16  -  MemoryUsage of job (MB)
	15436  -  ResidentSetSize of job (KB)
...
006 (2070.031.000) 2026-05-22 06:55:31 Image size of job updated: 16092
	16  -  MemoryUsage of job (MB)
	15608  -  ResidentSetSize of job (KB)
...
006 (2070.031.000) 2026-05-22 10:10:52 Image size of job updated: 16092
	16  -  MemoryUsage of job (MB)
	15628  -  ResidentSetSize of job (KB)
...
006 (2070.031.000) 2026-05-22 20:16:52 Image size of job updated: 16204
	16  -  MemoryUsage of job (MB)
	15628  -  ResidentSetSize of job (KB)
...
006 (2070.031.000) 2026-05-22 21:27:00 Image size of job updated: 16204
	16  -  MemoryUsage of job (MB)
	15692  -  ResidentSetSize of job (KB)
...
006 (2070.031.000) 2026-05-24 15:11:13 Image size of job updated: 16264
	16  -  MemoryUsage of job (MB)
	15692  -  ResidentSetSize of job (KB)
...
006 (2070.031.000) 2026-05-25 00:07:10 Image size of job updated: 16492
	16  -  MemoryUsage of job (MB)
	15692  -  ResidentSetSize of job (KB)
...
006 (2070.031.000) 2026-05-25 05:02:39 Image size of job updated: 16492
	16  -  MemoryUsage of job (MB)
	15748  -  ResidentSetSize of job (KB)
...
006 (2070.031.000) 2026-05-25 08:28:00 Image size of job updated: 16492
	16  -  MemoryUsage of job (MB)
	15768  -  ResidentSetSize of job (KB)
...
006 (2070.031.000) 2026-05-26 14:41:03 Image size of job updated: 16608
	16  -  MemoryUsage of job (MB)
	15768  -  ResidentSetSize of job (KB)
...
006 (2070.031.000) 2026-05-26 19:26:34 Image size of job updated: 16608
	17  -  MemoryUsage of job (MB)
	16472  -  ResidentSetSize of job (KB)
...
006 (2070.031.000) 2026-05-27 01:17:11 Image size of job updated: 16752
	17  -  MemoryUsage of job (MB)
	16472  -  ResidentSetSize of job (KB)
...
006 (2070.031.000) 2026-05-27 18:03:52 Image size of job updated: 16764
	17  -  MemoryUsage of job (MB)
	16472  -  ResidentSetSize of job (KB)
...
006 (2070.031.000) 2026-05-27 21:44:15 Image size of job updated: 16784
	17  -  MemoryUsage of job (MB)
	16472  -  ResidentSetSize of job (KB)
...
006 (2070.031.000) 2026-05-27 21:49:16 Image size of job updated: 16872
	17  -  MemoryUsage of job (MB)
	16472  -  ResidentSetSize of job (KB)
...
005 (2070.031.000) 2026-05-28 01:54:28 Job terminated.
	(1) Normal termination (return value 0)
		Usr 8 15:06:30, Sys 0 00:21:43  -  Run Remote Usage
		Usr 0 00:00:00, Sys 0 00:00:00  -  Run Local Usage
		Usr 8 15:06:30, Sys 0 00:21:43  -  Total Remote Usage
		Usr 0 00:00:00, Sys 0 00:00:00  -  Total Local Usage
	0  -  Run Bytes Sent By Job
	0  -  Run Bytes Received By Job
	0  -  Total Bytes Sent By Job
	0  -  Total Bytes Received By Job
	Partitionable Resources :    Usage  Request Allocated 
	   Cpus                 :     1.00        1         1 
	   Disk (KB)            :  4000        4000    342046 
	   Memory (MB)          :    17           4      3568 

	Job terminated of its own accord at 2026-05-27T23:54:28Z with exit-code 0.
...
