000 (2067.048.000) 2026-05-15 12:20:01 Job submitted from host: <192.135.33.172:9618?addrs=192.135.33.172-9618&alias=theosrv-01.ca.infn.it&noUDP&sock=schedd_1878_baf3>
...
001 (2067.048.000) 2026-05-15 13:22:02 Job executing on host: <192.135.33.172:9618?addrs=192.135.33.172-9618&alias=theosrv-01.ca.infn.it&noUDP&sock=startd_1878_baf3>
	SlotName: slot56@theosrv-01.ca.infn.it
	CondorScratchDir = "/var/lib/condor/execute/dir_658669"
	Cpus = 1
	Disk = 342046
	Memory = 3568
...
006 (2067.048.000) 2026-05-15 13:22:11 Image size of job updated: 13556
	14  -  MemoryUsage of job (MB)
	13536  -  ResidentSetSize of job (KB)
...
006 (2067.048.000) 2026-05-15 13:32:13 Image size of job updated: 13792
	14  -  MemoryUsage of job (MB)
	13540  -  ResidentSetSize of job (KB)
...
006 (2067.048.000) 2026-05-15 13:47:14 Image size of job updated: 13896
	14  -  MemoryUsage of job (MB)
	13636  -  ResidentSetSize of job (KB)
...
006 (2067.048.000) 2026-05-15 14:12:16 Image size of job updated: 14140
	14  -  MemoryUsage of job (MB)
	14140  -  ResidentSetSize of job (KB)
...
006 (2067.048.000) 2026-05-15 14:22:18 Image size of job updated: 14144
	14  -  MemoryUsage of job (MB)
	14140  -  ResidentSetSize of job (KB)
...
006 (2067.048.000) 2026-05-15 15:22:23 Image size of job updated: 14152
	14  -  MemoryUsage of job (MB)
	14140  -  ResidentSetSize of job (KB)
...
006 (2067.048.000) 2026-05-15 17:17:34 Image size of job updated: 14152
	14  -  MemoryUsage of job (MB)
	14148  -  ResidentSetSize of job (KB)
...
006 (2067.048.000) 2026-05-15 17:22:35 Image size of job updated: 14404
	14  -  MemoryUsage of job (MB)
	14148  -  ResidentSetSize of job (KB)
...
006 (2067.048.000) 2026-05-16 03:18:39 Image size of job updated: 14416
	14  -  MemoryUsage of job (MB)
	14156  -  ResidentSetSize of job (KB)
...
006 (2067.048.000) 2026-05-16 06:28:58 Image size of job updated: 14424
	14  -  MemoryUsage of job (MB)
	14188  -  ResidentSetSize of job (KB)
...
006 (2067.048.000) 2026-05-16 08:49:11 Image size of job updated: 14424
	14  -  MemoryUsage of job (MB)
	14192  -  ResidentSetSize of job (KB)
...
006 (2067.048.000) 2026-05-16 11:24:25 Image size of job updated: 14448
	14  -  MemoryUsage of job (MB)
	14192  -  ResidentSetSize of job (KB)
...
006 (2067.048.000) 2026-05-16 14:54:47 Image size of job updated: 14456
	14  -  MemoryUsage of job (MB)
	14192  -  ResidentSetSize of job (KB)
...
006 (2067.048.000) 2026-05-16 21:00:26 Image size of job updated: 14456
	14  -  MemoryUsage of job (MB)
	14204  -  ResidentSetSize of job (KB)
...
006 (2067.048.000) 2026-05-16 21:05:26 Image size of job updated: 14460
	14  -  MemoryUsage of job (MB)
	14204  -  ResidentSetSize of job (KB)
...
006 (2067.048.000) 2026-05-16 21:55:32 Image size of job updated: 14976
	14  -  MemoryUsage of job (MB)
	14204  -  ResidentSetSize of job (KB)
...
006 (2067.048.000) 2026-05-17 00:00:45 Image size of job updated: 14976
	14  -  MemoryUsage of job (MB)
	14212  -  ResidentSetSize of job (KB)
...
006 (2067.048.000) 2026-05-17 04:06:09 Image size of job updated: 14976
	14  -  MemoryUsage of job (MB)
	14216  -  ResidentSetSize of job (KB)
...
006 (2067.048.000) 2026-05-17 21:32:54 Image size of job updated: 14976
	14  -  MemoryUsage of job (MB)
	14236  -  ResidentSetSize of job (KB)
...
006 (2067.048.000) 2026-05-18 05:48:45 Image size of job updated: 14976
	14  -  MemoryUsage of job (MB)
	14248  -  ResidentSetSize of job (KB)
...
004 (2067.048.000) 2026-05-18 15:29:23 Job was evicted.
	(0) CPU times
		Usr 3 01:43:16, Sys 0 00:06:15  -  Run Remote Usage
		Usr 0 00:00:00, Sys 0 00:00:00  -  Run Local Usage
	0  -  Run Bytes Sent By Job
	0  -  Run Bytes Received By Job
	Partitionable Resources :    Usage  Request Allocated 
	   Cpus                 :     1.00        1         1 
	   Disk (KB)            :  4000        4000    342046 
	   Memory (MB)          :    14           4      3568 
...
009 (2067.048.000) 2026-05-18 15:29:23 Job was aborted.
	via condor_rm (by user sanedda)
...
