000 (2070.057.000) 2026-05-19 09:33:09 Job submitted from host: <192.135.33.172:9618?addrs=192.135.33.172-9618&alias=theosrv-01.ca.infn.it&noUDP&sock=schedd_1878_baf3>
...
001 (2070.057.000) 2026-05-19 09:33:11 Job executing on host: <192.135.33.172:9618?addrs=192.135.33.172-9618&alias=theosrv-01.ca.infn.it&noUDP&sock=startd_1878_baf3>
	SlotName: slot59@theosrv-01.ca.infn.it
	CondorScratchDir = "/var/lib/condor/execute/dir_706136"
	Cpus = 1
	Disk = 342046
	Memory = 3568
...
006 (2070.057.000) 2026-05-19 09:33:19 Image size of job updated: 14792
	15  -  MemoryUsage of job (MB)
	14368  -  ResidentSetSize of job (KB)
...
006 (2070.057.000) 2026-05-19 09:38:20 Image size of job updated: 15188
	15  -  MemoryUsage of job (MB)
	14676  -  ResidentSetSize of job (KB)
...
006 (2070.057.000) 2026-05-19 09:43:21 Image size of job updated: 15444
	15  -  MemoryUsage of job (MB)
	14676  -  ResidentSetSize of job (KB)
...
006 (2070.057.000) 2026-05-19 09:58:22 Image size of job updated: 15452
	15  -  MemoryUsage of job (MB)
	14676  -  ResidentSetSize of job (KB)
...
006 (2070.057.000) 2026-05-19 10:03:23 Image size of job updated: 15452
	15  -  MemoryUsage of job (MB)
	14684  -  ResidentSetSize of job (KB)
...
006 (2070.057.000) 2026-05-19 10:08:23 Image size of job updated: 15452
	15  -  MemoryUsage of job (MB)
	14688  -  ResidentSetSize of job (KB)
...
006 (2070.057.000) 2026-05-19 10:13:24 Image size of job updated: 15452
	15  -  MemoryUsage of job (MB)
	14940  -  ResidentSetSize of job (KB)
...
006 (2070.057.000) 2026-05-19 10:58:28 Image size of job updated: 15452
	15  -  MemoryUsage of job (MB)
	14948  -  ResidentSetSize of job (KB)
...
006 (2070.057.000) 2026-05-19 11:03:29 Image size of job updated: 15460
	15  -  MemoryUsage of job (MB)
	14948  -  ResidentSetSize of job (KB)
...
006 (2070.057.000) 2026-05-19 11:38:32 Image size of job updated: 15464
	15  -  MemoryUsage of job (MB)
	14948  -  ResidentSetSize of job (KB)
...
006 (2070.057.000) 2026-05-19 11:53:34 Image size of job updated: 15472
	15  -  MemoryUsage of job (MB)
	14948  -  ResidentSetSize of job (KB)
...
006 (2070.057.000) 2026-05-19 13:28:44 Image size of job updated: 15476
	15  -  MemoryUsage of job (MB)
	14948  -  ResidentSetSize of job (KB)
...
006 (2070.057.000) 2026-05-19 14:18:49 Image size of job updated: 15988
	15  -  MemoryUsage of job (MB)
	14948  -  ResidentSetSize of job (KB)
...
006 (2070.057.000) 2026-05-19 15:33:57 Image size of job updated: 15988
	15  -  MemoryUsage of job (MB)
	14980  -  ResidentSetSize of job (KB)
...
006 (2070.057.000) 2026-05-19 21:19:31 Image size of job updated: 15988
	15  -  MemoryUsage of job (MB)
	15260  -  ResidentSetSize of job (KB)
...
006 (2070.057.000) 2026-05-21 02:52:43 Image size of job updated: 15988
	16  -  MemoryUsage of job (MB)
	15684  -  ResidentSetSize of job (KB)
...
006 (2070.057.000) 2026-05-21 21:09:33 Image size of job updated: 16052
	16  -  MemoryUsage of job (MB)
	15684  -  ResidentSetSize of job (KB)
...
006 (2070.057.000) 2026-05-22 05:45:24 Image size of job updated: 16100
	16  -  MemoryUsage of job (MB)
	15684  -  ResidentSetSize of job (KB)
...
006 (2070.057.000) 2026-05-22 16:46:31 Image size of job updated: 16160
	16  -  MemoryUsage of job (MB)
	15684  -  ResidentSetSize of job (KB)
...
006 (2070.057.000) 2026-05-23 12:58:34 Image size of job updated: 16188
	16  -  MemoryUsage of job (MB)
	15684  -  ResidentSetSize of job (KB)
...
006 (2070.057.000) 2026-05-23 20:44:21 Image size of job updated: 16228
	16  -  MemoryUsage of job (MB)
	15684  -  ResidentSetSize of job (KB)
...
006 (2070.057.000) 2026-05-24 03:40:04 Image size of job updated: 16356
	16  -  MemoryUsage of job (MB)
	15684  -  ResidentSetSize of job (KB)
...
006 (2070.057.000) 2026-05-24 11:15:50 Image size of job updated: 16392
	16  -  MemoryUsage of job (MB)
	15684  -  ResidentSetSize of job (KB)
...
006 (2070.057.000) 2026-05-24 14:06:07 Image size of job updated: 16392
	16  -  MemoryUsage of job (MB)
	15900  -  ResidentSetSize of job (KB)
...
006 (2070.057.000) 2026-05-24 15:26:16 Image size of job updated: 16392
	16  -  MemoryUsage of job (MB)
	15904  -  ResidentSetSize of job (KB)
...
006 (2070.057.000) 2026-05-25 03:32:32 Image size of job updated: 16392
	16  -  MemoryUsage of job (MB)
	15980  -  ResidentSetSize of job (KB)
...
006 (2070.057.000) 2026-05-25 08:58:04 Image size of job updated: 16516
	16  -  MemoryUsage of job (MB)
	15980  -  ResidentSetSize of job (KB)
...
006 (2070.057.000) 2026-05-25 16:23:49 Image size of job updated: 16560
	16  -  MemoryUsage of job (MB)
	15980  -  ResidentSetSize of job (KB)
...
006 (2070.057.000) 2026-05-26 09:30:32 Image size of job updated: 16560
	16  -  MemoryUsage of job (MB)
	16140  -  ResidentSetSize of job (KB)
...
006 (2070.057.000) 2026-05-26 14:56:07 Image size of job updated: 16688
	16  -  MemoryUsage of job (MB)
	16140  -  ResidentSetSize of job (KB)
...
006 (2070.057.000) 2026-05-26 23:01:57 Image size of job updated: 16732
	16  -  MemoryUsage of job (MB)
	16140  -  ResidentSetSize of job (KB)
...
006 (2070.057.000) 2026-05-28 01:49:41 Image size of job updated: 16884
	16  -  MemoryUsage of job (MB)
	16140  -  ResidentSetSize of job (KB)
...
006 (2070.057.000) 2026-05-28 02:14:42 Image size of job updated: 17144
	16  -  MemoryUsage of job (MB)
	16140  -  ResidentSetSize of job (KB)
...
005 (2070.057.000) 2026-05-28 02:15:38 Job terminated.
	(1) Normal termination (return value 0)
		Usr 8 15:27:39, Sys 0 00:21:51  -  Run Remote Usage
		Usr 0 00:00:00, Sys 0 00:00:00  -  Run Local Usage
		Usr 8 15:27:39, Sys 0 00:21:51  -  Total Remote Usage
		Usr 0 00:00:00, Sys 0 00:00:00  -  Total Local Usage
	0  -  Run Bytes Sent By Job
	0  -  Run Bytes Received By Job
	0  -  Total Bytes Sent By Job
	0  -  Total Bytes Received By Job
	Partitionable Resources :    Usage  Request Allocated 
	   Cpus                 :     1.00        1         1 
	   Disk (KB)            :  4000        4000    342046 
	   Memory (MB)          :    16           4      3568 

	Job terminated of its own accord at 2026-05-28T00:15:38Z with exit-code 0.
...
