000 (2067.042.000) 2026-05-15 12:20:01 Job submitted from host: <192.135.33.172:9618?addrs=192.135.33.172-9618&alias=theosrv-01.ca.infn.it&noUDP&sock=schedd_1878_baf3>
...
001 (2067.042.000) 2026-05-15 12:20:03 Job executing on host: <192.135.33.172:9618?addrs=192.135.33.172-9618&alias=theosrv-01.ca.infn.it&noUDP&sock=startd_1878_baf3>
	SlotName: slot36@theosrv-01.ca.infn.it
	CondorScratchDir = "/var/lib/condor/execute/dir_656919"
	Cpus = 1
	Disk = 342046
	Memory = 3568
...
006 (2067.042.000) 2026-05-15 12:20:11 Image size of job updated: 13556
	14  -  MemoryUsage of job (MB)
	13456  -  ResidentSetSize of job (KB)
...
006 (2067.042.000) 2026-05-15 12:25:11 Image size of job updated: 13716
	14  -  MemoryUsage of job (MB)
	13460  -  ResidentSetSize of job (KB)
...
006 (2067.042.000) 2026-05-15 12:45:13 Image size of job updated: 13804
	14  -  MemoryUsage of job (MB)
	13548  -  ResidentSetSize of job (KB)
...
006 (2067.042.000) 2026-05-15 13:05:16 Image size of job updated: 13804
	14  -  MemoryUsage of job (MB)
	13556  -  ResidentSetSize of job (KB)
...
006 (2067.042.000) 2026-05-15 13:25:18 Image size of job updated: 13812
	14  -  MemoryUsage of job (MB)
	13556  -  ResidentSetSize of job (KB)
...
006 (2067.042.000) 2026-05-15 14:00:22 Image size of job updated: 14068
	14  -  MemoryUsage of job (MB)
	13556  -  ResidentSetSize of job (KB)
...
006 (2067.042.000) 2026-05-15 14:25:24 Image size of job updated: 14068
	14  -  MemoryUsage of job (MB)
	13812  -  ResidentSetSize of job (KB)
...
006 (2067.042.000) 2026-05-15 15:15:29 Image size of job updated: 14324
	14  -  MemoryUsage of job (MB)
	13812  -  ResidentSetSize of job (KB)
...
006 (2067.042.000) 2026-05-15 18:05:46 Image size of job updated: 14324
	14  -  MemoryUsage of job (MB)
	13824  -  ResidentSetSize of job (KB)
...
006 (2067.042.000) 2026-05-15 18:50:52 Image size of job updated: 14344
	14  -  MemoryUsage of job (MB)
	13824  -  ResidentSetSize of job (KB)
...
006 (2067.042.000) 2026-05-15 18:55:52 Image size of job updated: 14344
	14  -  MemoryUsage of job (MB)
	13828  -  ResidentSetSize of job (KB)
...
006 (2067.042.000) 2026-05-15 21:06:05 Image size of job updated: 14344
	14  -  MemoryUsage of job (MB)
	13936  -  ResidentSetSize of job (KB)
...
006 (2067.042.000) 2026-05-15 22:56:16 Image size of job updated: 14348
	14  -  MemoryUsage of job (MB)
	13936  -  ResidentSetSize of job (KB)
...
006 (2067.042.000) 2026-05-16 06:32:02 Image size of job updated: 14348
	14  -  MemoryUsage of job (MB)
	14008  -  ResidentSetSize of job (KB)
...
006 (2067.042.000) 2026-05-16 10:52:30 Image size of job updated: 14348
	14  -  MemoryUsage of job (MB)
	14108  -  ResidentSetSize of job (KB)
...
006 (2067.042.000) 2026-05-16 17:28:09 Image size of job updated: 14368
	14  -  MemoryUsage of job (MB)
	14108  -  ResidentSetSize of job (KB)
...
006 (2067.042.000) 2026-05-16 17:33:10 Image size of job updated: 14480
	14  -  MemoryUsage of job (MB)
	14108  -  ResidentSetSize of job (KB)
...
006 (2067.042.000) 2026-05-17 01:08:57 Image size of job updated: 14556
	14  -  MemoryUsage of job (MB)
	14108  -  ResidentSetSize of job (KB)
...
006 (2067.042.000) 2026-05-17 04:14:16 Image size of job updated: 14556
	14  -  MemoryUsage of job (MB)
	14124  -  ResidentSetSize of job (KB)
...
006 (2067.042.000) 2026-05-17 08:29:41 Image size of job updated: 14560
	14  -  MemoryUsage of job (MB)
	14124  -  ResidentSetSize of job (KB)
...
006 (2067.042.000) 2026-05-17 09:19:46 Image size of job updated: 14648
	14  -  MemoryUsage of job (MB)
	14124  -  ResidentSetSize of job (KB)
...
006 (2067.042.000) 2026-05-17 12:25:06 Image size of job updated: 14652
	14  -  MemoryUsage of job (MB)
	14124  -  ResidentSetSize of job (KB)
...
006 (2067.042.000) 2026-05-17 13:00:09 Image size of job updated: 14652
	14  -  MemoryUsage of job (MB)
	14136  -  ResidentSetSize of job (KB)
...
006 (2067.042.000) 2026-05-17 14:35:19 Image size of job updated: 14656
	14  -  MemoryUsage of job (MB)
	14136  -  ResidentSetSize of job (KB)
...
006 (2067.042.000) 2026-05-17 15:05:22 Image size of job updated: 14664
	14  -  MemoryUsage of job (MB)
	14136  -  ResidentSetSize of job (KB)
...
006 (2067.042.000) 2026-05-17 19:50:49 Image size of job updated: 14664
	14  -  MemoryUsage of job (MB)
	14148  -  ResidentSetSize of job (KB)
...
006 (2067.042.000) 2026-05-17 22:31:05 Image size of job updated: 14916
	14  -  MemoryUsage of job (MB)
	14148  -  ResidentSetSize of job (KB)
...
004 (2067.042.000) 2026-05-18 15:29:23 Job was evicted.
	(0) CPU times
		Usr 3 02:44:56, Sys 0 00:06:17  -  Run Remote Usage
		Usr 0 00:00:00, Sys 0 00:00:00  -  Run Local Usage
	0  -  Run Bytes Sent By Job
	0  -  Run Bytes Received By Job
	Partitionable Resources :    Usage  Request Allocated 
	   Cpus                 :     1.00        1         1 
	   Disk (KB)            :  4000        4000    342046 
	   Memory (MB)          :    14           4      3568 
...
009 (2067.042.000) 2026-05-18 15:29:23 Job was aborted.
	via condor_rm (by user sanedda)
...
