000 (2067.000.000) 2026-05-15 12:20:01 Job submitted from host: <192.135.33.172:9618?addrs=192.135.33.172-9618&alias=theosrv-01.ca.infn.it&noUDP&sock=schedd_1878_baf3>
...
001 (2067.000.000) 2026-05-15 12:20:02 Job executing on host: <192.135.33.172:9618?addrs=192.135.33.172-9618&alias=theosrv-01.ca.infn.it&noUDP&sock=startd_1878_baf3>
	SlotName: slot3@theosrv-01.ca.infn.it
	CondorScratchDir = "/var/lib/condor/execute/dir_656826"
	Cpus = 1
	Disk = 342046
	Memory = 3568
...
006 (2067.000.000) 2026-05-15 12:20:11 Image size of job updated: 11372
	11  -  MemoryUsage of job (MB)
	11144  -  ResidentSetSize of job (KB)
...
006 (2067.000.000) 2026-05-15 12:40:13 Image size of job updated: 11372
	12  -  MemoryUsage of job (MB)
	11348  -  ResidentSetSize of job (KB)
...
006 (2067.000.000) 2026-05-15 12:45:13 Image size of job updated: 11444
	12  -  MemoryUsage of job (MB)
	11444  -  ResidentSetSize of job (KB)
...
006 (2067.000.000) 2026-05-15 13:00:15 Image size of job updated: 11700
	12  -  MemoryUsage of job (MB)
	11444  -  ResidentSetSize of job (KB)
...
006 (2067.000.000) 2026-05-15 13:30:18 Image size of job updated: 11700
	12  -  MemoryUsage of job (MB)
	11448  -  ResidentSetSize of job (KB)
...
006 (2067.000.000) 2026-05-15 13:45:19 Image size of job updated: 11700
	12  -  MemoryUsage of job (MB)
	11700  -  ResidentSetSize of job (KB)
...
006 (2067.000.000) 2026-05-15 15:05:27 Image size of job updated: 11956
	12  -  MemoryUsage of job (MB)
	11700  -  ResidentSetSize of job (KB)
...
006 (2067.000.000) 2026-05-15 18:15:47 Image size of job updated: 12064
	12  -  MemoryUsage of job (MB)
	11700  -  ResidentSetSize of job (KB)
...
006 (2067.000.000) 2026-05-15 18:35:48 Image size of job updated: 12212
	12  -  MemoryUsage of job (MB)
	11700  -  ResidentSetSize of job (KB)
...
006 (2067.000.000) 2026-05-15 21:31:08 Image size of job updated: 12212
	12  -  MemoryUsage of job (MB)
	11708  -  ResidentSetSize of job (KB)
...
006 (2067.000.000) 2026-05-15 21:36:09 Image size of job updated: 12216
	12  -  MemoryUsage of job (MB)
	11708  -  ResidentSetSize of job (KB)
...
006 (2067.000.000) 2026-05-15 23:41:20 Image size of job updated: 12216
	12  -  MemoryUsage of job (MB)
	11724  -  ResidentSetSize of job (KB)
...
006 (2067.000.000) 2026-05-16 00:21:23 Image size of job updated: 12216
	12  -  MemoryUsage of job (MB)
	11804  -  ResidentSetSize of job (KB)
...
006 (2067.000.000) 2026-05-16 00:26:23 Image size of job updated: 12320
	12  -  MemoryUsage of job (MB)
	11804  -  ResidentSetSize of job (KB)
...
006 (2067.000.000) 2026-05-16 06:37:01 Image size of job updated: 12504
	12  -  MemoryUsage of job (MB)
	11804  -  ResidentSetSize of job (KB)
...
006 (2067.000.000) 2026-05-16 07:47:09 Image size of job updated: 12504
	12  -  MemoryUsage of job (MB)
	11992  -  ResidentSetSize of job (KB)
...
006 (2067.000.000) 2026-05-16 12:47:39 Image size of job updated: 12504
	12  -  MemoryUsage of job (MB)
	11996  -  ResidentSetSize of job (KB)
...
006 (2067.000.000) 2026-05-16 18:13:12 Image size of job updated: 12824
	12  -  MemoryUsage of job (MB)
	12256  -  ResidentSetSize of job (KB)
...
004 (2067.000.000) 2026-05-18 13:06:55 Job was evicted.
	(0) CPU times
		Usr 3 00:23:23, Sys 0 00:06:01  -  Run Remote Usage
		Usr 0 00:00:00, Sys 0 00:00:00  -  Run Local Usage
	0  -  Run Bytes Sent By Job
	0  -  Run Bytes Received By Job
	Partitionable Resources :    Usage  Request Allocated 
	   Cpus                 :     0.99        1         1 
	   Disk (KB)            :  4000        4000    342046 
	   Memory (MB)          :    12           4      3568 
...
009 (2067.000.000) 2026-05-18 13:06:55 Job was aborted.
	via condor_rm (by user sanedda)
...
