000 (2070.039.000) 2026-05-19 09:33:09 Job submitted from host: <192.135.33.172:9618?addrs=192.135.33.172-9618&alias=theosrv-01.ca.infn.it&noUDP&sock=schedd_1878_baf3>
...
001 (2070.039.000) 2026-05-19 09:33:11 Job executing on host: <192.135.33.172:9618?addrs=192.135.33.172-9618&alias=theosrv-01.ca.infn.it&noUDP&sock=startd_1878_baf3>
	SlotName: slot41@theosrv-01.ca.infn.it
	CondorScratchDir = "/var/lib/condor/execute/dir_706118"
	Cpus = 1
	Disk = 342046
	Memory = 3568
...
006 (2070.039.000) 2026-05-19 09:33:19 Image size of job updated: 14780
	14  -  MemoryUsage of job (MB)
	14300  -  ResidentSetSize of job (KB)
...
006 (2070.039.000) 2026-05-19 09:38:19 Image size of job updated: 15324
	15  -  MemoryUsage of job (MB)
	14604  -  ResidentSetSize of job (KB)
...
006 (2070.039.000) 2026-05-19 10:03:22 Image size of job updated: 15384
	15  -  MemoryUsage of job (MB)
	14616  -  ResidentSetSize of job (KB)
...
006 (2070.039.000) 2026-05-19 10:18:24 Image size of job updated: 15384
	15  -  MemoryUsage of job (MB)
	14868  -  ResidentSetSize of job (KB)
...
006 (2070.039.000) 2026-05-19 10:53:27 Image size of job updated: 15392
	15  -  MemoryUsage of job (MB)
	14868  -  ResidentSetSize of job (KB)
...
006 (2070.039.000) 2026-05-19 12:48:39 Image size of job updated: 15400
	15  -  MemoryUsage of job (MB)
	14868  -  ResidentSetSize of job (KB)
...
006 (2070.039.000) 2026-05-19 14:03:46 Image size of job updated: 15404
	15  -  MemoryUsage of job (MB)
	14868  -  ResidentSetSize of job (KB)
...
006 (2070.039.000) 2026-05-19 14:28:49 Image size of job updated: 15408
	15  -  MemoryUsage of job (MB)
	14868  -  ResidentSetSize of job (KB)
...
006 (2070.039.000) 2026-05-19 15:53:59 Image size of job updated: 15420
	15  -  MemoryUsage of job (MB)
	14868  -  ResidentSetSize of job (KB)
...
006 (2070.039.000) 2026-05-19 15:58:59 Image size of job updated: 15420
	16  -  MemoryUsage of job (MB)
	15416  -  ResidentSetSize of job (KB)
...
006 (2070.039.000) 2026-05-19 16:03:59 Image size of job updated: 15672
	16  -  MemoryUsage of job (MB)
	15416  -  ResidentSetSize of job (KB)
...
006 (2070.039.000) 2026-05-20 01:24:56 Image size of job updated: 15728
	16  -  MemoryUsage of job (MB)
	15416  -  ResidentSetSize of job (KB)
...
006 (2070.039.000) 2026-05-20 14:01:13 Image size of job updated: 15804
	16  -  MemoryUsage of job (MB)
	15416  -  ResidentSetSize of job (KB)
...
006 (2070.039.000) 2026-05-20 16:11:26 Image size of job updated: 15816
	16  -  MemoryUsage of job (MB)
	15416  -  ResidentSetSize of job (KB)
...
006 (2070.039.000) 2026-05-21 04:57:44 Image size of job updated: 15884
	16  -  MemoryUsage of job (MB)
	15416  -  ResidentSetSize of job (KB)
...
006 (2070.039.000) 2026-05-21 06:07:51 Image size of job updated: 15888
	16  -  MemoryUsage of job (MB)
	15416  -  ResidentSetSize of job (KB)
...
006 (2070.039.000) 2026-05-21 08:08:02 Image size of job updated: 15896
	16  -  MemoryUsage of job (MB)
	15416  -  ResidentSetSize of job (KB)
...
006 (2070.039.000) 2026-05-21 12:03:26 Image size of job updated: 15920
	16  -  MemoryUsage of job (MB)
	15416  -  ResidentSetSize of job (KB)
...
006 (2070.039.000) 2026-05-21 21:39:25 Image size of job updated: 15920
	16  -  MemoryUsage of job (MB)
	15468  -  ResidentSetSize of job (KB)
...
006 (2070.039.000) 2026-05-22 00:39:43 Image size of job updated: 15928
	16  -  MemoryUsage of job (MB)
	15468  -  ResidentSetSize of job (KB)
...
006 (2070.039.000) 2026-05-22 05:00:10 Image size of job updated: 16016
	16  -  MemoryUsage of job (MB)
	15468  -  ResidentSetSize of job (KB)
...
006 (2070.039.000) 2026-05-23 04:07:31 Image size of job updated: 16072
	16  -  MemoryUsage of job (MB)
	15468  -  ResidentSetSize of job (KB)
...
006 (2070.039.000) 2026-05-23 23:44:32 Image size of job updated: 16528
	16  -  MemoryUsage of job (MB)
	15468  -  ResidentSetSize of job (KB)
...
006 (2070.039.000) 2026-05-24 02:54:52 Image size of job updated: 16528
	16  -  MemoryUsage of job (MB)
	15516  -  ResidentSetSize of job (KB)
...
006 (2070.039.000) 2026-05-24 05:05:05 Image size of job updated: 16528
	16  -  MemoryUsage of job (MB)
	15528  -  ResidentSetSize of job (KB)
...
006 (2070.039.000) 2026-05-24 14:26:03 Image size of job updated: 16528
	16  -  MemoryUsage of job (MB)
	15580  -  ResidentSetSize of job (KB)
...
006 (2070.039.000) 2026-05-24 20:36:42 Image size of job updated: 16528
	16  -  MemoryUsage of job (MB)
	15624  -  ResidentSetSize of job (KB)
...
006 (2070.039.000) 2026-05-24 23:52:02 Image size of job updated: 16528
	16  -  MemoryUsage of job (MB)
	15632  -  ResidentSetSize of job (KB)
...
006 (2070.039.000) 2026-05-25 08:52:58 Image size of job updated: 16528
	16  -  MemoryUsage of job (MB)
	15684  -  ResidentSetSize of job (KB)
...
006 (2070.039.000) 2026-05-25 13:13:24 Image size of job updated: 16528
	16  -  MemoryUsage of job (MB)
	15704  -  ResidentSetSize of job (KB)
...
006 (2070.039.000) 2026-05-25 15:18:37 Image size of job updated: 16528
	16  -  MemoryUsage of job (MB)
	15984  -  ResidentSetSize of job (KB)
...
006 (2070.039.000) 2026-05-27 03:32:17 Image size of job updated: 17112
	16  -  MemoryUsage of job (MB)
	15984  -  ResidentSetSize of job (KB)
...
006 (2070.039.000) 2026-05-27 17:48:45 Image size of job updated: 17112
	16  -  MemoryUsage of job (MB)
	15996  -  ResidentSetSize of job (KB)
...
006 (2070.039.000) 2026-05-27 18:28:49 Image size of job updated: 17112
	16  -  MemoryUsage of job (MB)
	16008  -  ResidentSetSize of job (KB)
...
006 (2070.039.000) 2026-05-28 01:54:38 Image size of job updated: 17112
	16  -  MemoryUsage of job (MB)
	16048  -  ResidentSetSize of job (KB)
...
006 (2070.039.000) 2026-05-28 02:19:40 Image size of job updated: 17112
	16  -  MemoryUsage of job (MB)
	16052  -  ResidentSetSize of job (KB)
...
005 (2070.039.000) 2026-05-28 02:21:16 Job terminated.
	(1) Normal termination (return value 0)
		Usr 8 15:33:13, Sys 0 00:21:46  -  Run Remote Usage
		Usr 0 00:00:00, Sys 0 00:00:00  -  Run Local Usage
		Usr 8 15:33:13, Sys 0 00:21:46  -  Total Remote Usage
		Usr 0 00:00:00, Sys 0 00:00:00  -  Total Local Usage
	0  -  Run Bytes Sent By Job
	0  -  Run Bytes Received By Job
	0  -  Total Bytes Sent By Job
	0  -  Total Bytes Received By Job
	Partitionable Resources :    Usage  Request Allocated 
	   Cpus                 :     1.00        1         1 
	   Disk (KB)            :  4000        4000    342046 
	   Memory (MB)          :    16           4      3568 

	Job terminated of its own accord at 2026-05-28T00:21:16Z with exit-code 0.
...
