000 (2067.055.000) 2026-05-15 12:20:01 Job submitted from host: <192.135.33.172:9618?addrs=192.135.33.172-9618&alias=theosrv-01.ca.infn.it&noUDP&sock=schedd_1878_baf3>
...
001 (2067.055.000) 2026-05-15 13:32:03 Job executing on host: <192.135.33.172:9618?addrs=192.135.33.172-9618&alias=theosrv-01.ca.infn.it&noUDP&sock=startd_1878_baf3>
	SlotName: slot23@theosrv-01.ca.infn.it
	CondorScratchDir = "/var/lib/condor/execute/dir_658935"
	Cpus = 1
	Disk = 342046
	Memory = 3568
...
006 (2067.055.000) 2026-05-15 13:32:12 Image size of job updated: 14412
	15  -  MemoryUsage of job (MB)
	14392  -  ResidentSetSize of job (KB)
...
006 (2067.055.000) 2026-05-15 13:42:13 Image size of job updated: 14648
	15  -  MemoryUsage of job (MB)
	14392  -  ResidentSetSize of job (KB)
...
006 (2067.055.000) 2026-05-15 13:57:15 Image size of job updated: 14708
	15  -  MemoryUsage of job (MB)
	14452  -  ResidentSetSize of job (KB)
...
006 (2067.055.000) 2026-05-15 14:12:17 Image size of job updated: 14964
	15  -  MemoryUsage of job (MB)
	14452  -  ResidentSetSize of job (KB)
...
006 (2067.055.000) 2026-05-15 14:17:17 Image size of job updated: 14964
	15  -  MemoryUsage of job (MB)
	14460  -  ResidentSetSize of job (KB)
...
006 (2067.055.000) 2026-05-15 15:22:24 Image size of job updated: 14964
	15  -  MemoryUsage of job (MB)
	14464  -  ResidentSetSize of job (KB)
...
006 (2067.055.000) 2026-05-15 15:27:24 Image size of job updated: 14972
	15  -  MemoryUsage of job (MB)
	14716  -  ResidentSetSize of job (KB)
...
006 (2067.055.000) 2026-05-15 19:07:45 Image size of job updated: 15240
	15  -  MemoryUsage of job (MB)
	14716  -  ResidentSetSize of job (KB)
...
006 (2067.055.000) 2026-05-15 19:47:50 Image size of job updated: 15240
	15  -  MemoryUsage of job (MB)
	14808  -  ResidentSetSize of job (KB)
...
006 (2067.055.000) 2026-05-16 01:38:27 Image size of job updated: 15240
	15  -  MemoryUsage of job (MB)
	15224  -  ResidentSetSize of job (KB)
...
006 (2067.055.000) 2026-05-16 15:19:52 Image size of job updated: 15528
	15  -  MemoryUsage of job (MB)
	15224  -  ResidentSetSize of job (KB)
...
006 (2067.055.000) 2026-05-17 00:10:49 Image size of job updated: 15528
	15  -  MemoryUsage of job (MB)
	15276  -  ResidentSetSize of job (KB)
...
006 (2067.055.000) 2026-05-17 08:51:45 Image size of job updated: 15552
	15  -  MemoryUsage of job (MB)
	15276  -  ResidentSetSize of job (KB)
...
006 (2067.055.000) 2026-05-17 16:02:31 Image size of job updated: 15560
	15  -  MemoryUsage of job (MB)
	15276  -  ResidentSetSize of job (KB)
...
006 (2067.055.000) 2026-05-17 22:33:11 Image size of job updated: 15820
	15  -  MemoryUsage of job (MB)
	15276  -  ResidentSetSize of job (KB)
...
004 (2067.055.000) 2026-05-18 15:29:23 Job was evicted.
	(0) CPU times
		Usr 3 01:33:23, Sys 0 00:06:10  -  Run Remote Usage
		Usr 0 00:00:00, Sys 0 00:00:00  -  Run Local Usage
	0  -  Run Bytes Sent By Job
	0  -  Run Bytes Received By Job
	Partitionable Resources :    Usage  Request Allocated 
	   Cpus                 :     1.00        1         1 
	   Disk (KB)            :  4000        4000    342046 
	   Memory (MB)          :    15           4      3568 
...
009 (2067.055.000) 2026-05-18 15:29:23 Job was aborted.
	via condor_rm (by user sanedda)
...
