000 (2067.052.000) 2026-05-15 12:20:01 Job submitted from host: <192.135.33.172:9618?addrs=192.135.33.172-9618&alias=theosrv-01.ca.infn.it&noUDP&sock=schedd_1878_baf3>
...
001 (2067.052.000) 2026-05-15 13:30:03 Job executing on host: <192.135.33.172:9618?addrs=192.135.33.172-9618&alias=theosrv-01.ca.infn.it&noUDP&sock=startd_1878_baf3>
	SlotName: slot11@theosrv-01.ca.infn.it
	CondorScratchDir = "/var/lib/condor/execute/dir_658890"
	Cpus = 1
	Disk = 342046
	Memory = 3568
...
006 (2067.052.000) 2026-05-15 13:30:11 Image size of job updated: 13472
	13  -  MemoryUsage of job (MB)
	13204  -  ResidentSetSize of job (KB)
...
006 (2067.052.000) 2026-05-15 13:35:12 Image size of job updated: 13472
	14  -  MemoryUsage of job (MB)
	13460  -  ResidentSetSize of job (KB)
...
006 (2067.052.000) 2026-05-15 13:40:13 Image size of job updated: 13716
	14  -  MemoryUsage of job (MB)
	13460  -  ResidentSetSize of job (KB)
...
006 (2067.052.000) 2026-05-15 13:55:14 Image size of job updated: 13812
	14  -  MemoryUsage of job (MB)
	13460  -  ResidentSetSize of job (KB)
...
006 (2067.052.000) 2026-05-15 14:00:14 Image size of job updated: 13812
	14  -  MemoryUsage of job (MB)
	13812  -  ResidentSetSize of job (KB)
...
006 (2067.052.000) 2026-05-15 14:10:15 Image size of job updated: 13816
	14  -  MemoryUsage of job (MB)
	13812  -  ResidentSetSize of job (KB)
...
006 (2067.052.000) 2026-05-15 14:20:16 Image size of job updated: 14324
	14  -  MemoryUsage of job (MB)
	13812  -  ResidentSetSize of job (KB)
...
006 (2067.052.000) 2026-05-15 18:25:44 Image size of job updated: 14324
	14  -  MemoryUsage of job (MB)
	13824  -  ResidentSetSize of job (KB)
...
006 (2067.052.000) 2026-05-15 19:25:49 Image size of job updated: 14324
	14  -  MemoryUsage of job (MB)
	13828  -  ResidentSetSize of job (KB)
...
006 (2067.052.000) 2026-05-15 20:50:58 Image size of job updated: 14324
	14  -  MemoryUsage of job (MB)
	13832  -  ResidentSetSize of job (KB)
...
006 (2067.052.000) 2026-05-15 23:16:15 Image size of job updated: 14324
	14  -  MemoryUsage of job (MB)
	13836  -  ResidentSetSize of job (KB)
...
006 (2067.052.000) 2026-05-15 23:41:17 Image size of job updated: 14348
	14  -  MemoryUsage of job (MB)
	13836  -  ResidentSetSize of job (KB)
...
006 (2067.052.000) 2026-05-16 03:41:43 Image size of job updated: 14348
	14  -  MemoryUsage of job (MB)
	13840  -  ResidentSetSize of job (KB)
...
006 (2067.052.000) 2026-05-16 05:16:52 Image size of job updated: 14348
	14  -  MemoryUsage of job (MB)
	13848  -  ResidentSetSize of job (KB)
...
006 (2067.052.000) 2026-05-16 07:02:04 Image size of job updated: 14348
	14  -  MemoryUsage of job (MB)
	13852  -  ResidentSetSize of job (KB)
...
006 (2067.052.000) 2026-05-16 07:17:05 Image size of job updated: 14348
	14  -  MemoryUsage of job (MB)
	14100  -  ResidentSetSize of job (KB)
...
006 (2067.052.000) 2026-05-16 07:22:06 Image size of job updated: 14520
	14  -  MemoryUsage of job (MB)
	14100  -  ResidentSetSize of job (KB)
...
006 (2067.052.000) 2026-05-16 19:48:20 Image size of job updated: 14520
	14  -  MemoryUsage of job (MB)
	14120  -  ResidentSetSize of job (KB)
...
006 (2067.052.000) 2026-05-16 20:03:22 Image size of job updated: 14544
	14  -  MemoryUsage of job (MB)
	14120  -  ResidentSetSize of job (KB)
...
006 (2067.052.000) 2026-05-16 20:28:25 Image size of job updated: 14544
	14  -  MemoryUsage of job (MB)
	14128  -  ResidentSetSize of job (KB)
...
006 (2067.052.000) 2026-05-17 02:39:03 Image size of job updated: 14544
	14  -  MemoryUsage of job (MB)
	14140  -  ResidentSetSize of job (KB)
...
006 (2067.052.000) 2026-05-17 07:04:30 Image size of job updated: 14648
	14  -  MemoryUsage of job (MB)
	14140  -  ResidentSetSize of job (KB)
...
006 (2067.052.000) 2026-05-17 10:14:48 Image size of job updated: 14652
	14  -  MemoryUsage of job (MB)
	14140  -  ResidentSetSize of job (KB)
...
006 (2067.052.000) 2026-05-17 11:04:53 Image size of job updated: 14656
	14  -  MemoryUsage of job (MB)
	14140  -  ResidentSetSize of job (KB)
...
006 (2067.052.000) 2026-05-17 14:35:15 Image size of job updated: 14656
	15  -  MemoryUsage of job (MB)
	14392  -  ResidentSetSize of job (KB)
...
006 (2067.052.000) 2026-05-17 19:15:44 Image size of job updated: 14660
	15  -  MemoryUsage of job (MB)
	14392  -  ResidentSetSize of job (KB)
...
006 (2067.052.000) 2026-05-17 19:30:45 Image size of job updated: 14920
	15  -  MemoryUsage of job (MB)
	14392  -  ResidentSetSize of job (KB)
...
004 (2067.052.000) 2026-05-18 15:29:23 Job was evicted.
	(0) CPU times
		Usr 3 01:35:23, Sys 0 00:06:08  -  Run Remote Usage
		Usr 0 00:00:00, Sys 0 00:00:00  -  Run Local Usage
	0  -  Run Bytes Sent By Job
	0  -  Run Bytes Received By Job
	Partitionable Resources :    Usage  Request Allocated 
	   Cpus                 :     1.00        1         1 
	   Disk (KB)            :  4000        4000    342046 
	   Memory (MB)          :    15           4      3568 
...
009 (2067.052.000) 2026-05-18 15:29:23 Job was aborted.
	via condor_rm (by user sanedda)
...
