000 (2066.006.000) 2026-05-13 12:01:46 Job submitted from host: <192.135.33.172:9618?addrs=192.135.33.172-9618&alias=theosrv-01.ca.infn.it&noUDP&sock=schedd_1878_baf3>
...
001 (2066.006.000) 2026-05-13 12:02:06 Job executing on host: <192.135.33.172:9618?addrs=192.135.33.172-9618&alias=theosrv-01.ca.infn.it&noUDP&sock=startd_1878_baf3>
	SlotName: slot7@theosrv-01.ca.infn.it
	CondorScratchDir = "/var/lib/condor/execute/dir_481975"
	Cpus = 1
	Disk = 342046
	Memory = 3568
...
006 (2066.006.000) 2026-05-13 12:02:14 Image size of job updated: 15256
	15  -  MemoryUsage of job (MB)
	14472  -  ResidentSetSize of job (KB)
...
006 (2066.006.000) 2026-05-13 12:07:14 Image size of job updated: 15256
	15  -  MemoryUsage of job (MB)
	14784  -  ResidentSetSize of job (KB)
...
006 (2066.006.000) 2026-05-13 12:17:16 Image size of job updated: 15296
	15  -  MemoryUsage of job (MB)
	14784  -  ResidentSetSize of job (KB)
...
006 (2066.006.000) 2026-05-13 12:22:16 Image size of job updated: 15460
	15  -  MemoryUsage of job (MB)
	14784  -  ResidentSetSize of job (KB)
...
006 (2066.006.000) 2026-05-13 12:42:18 Image size of job updated: 15460
	15  -  MemoryUsage of job (MB)
	14796  -  ResidentSetSize of job (KB)
...
006 (2066.006.000) 2026-05-13 13:32:23 Image size of job updated: 15460
	15  -  MemoryUsage of job (MB)
	14808  -  ResidentSetSize of job (KB)
...
006 (2066.006.000) 2026-05-13 14:37:30 Image size of job updated: 15488
	15  -  MemoryUsage of job (MB)
	14808  -  ResidentSetSize of job (KB)
...
006 (2066.006.000) 2026-05-13 15:02:33 Image size of job updated: 15500
	15  -  MemoryUsage of job (MB)
	14808  -  ResidentSetSize of job (KB)
...
006 (2066.006.000) 2026-05-13 15:47:37 Image size of job updated: 15500
	15  -  MemoryUsage of job (MB)
	14836  -  ResidentSetSize of job (KB)
...
006 (2066.006.000) 2026-05-13 16:22:41 Image size of job updated: 15500
	15  -  MemoryUsage of job (MB)
	14844  -  ResidentSetSize of job (KB)
...
006 (2066.006.000) 2026-05-13 16:42:44 Image size of job updated: 15776
	15  -  MemoryUsage of job (MB)
	14844  -  ResidentSetSize of job (KB)
...
006 (2066.006.000) 2026-05-13 18:57:57 Image size of job updated: 15776
	15  -  MemoryUsage of job (MB)
	14876  -  ResidentSetSize of job (KB)
...
006 (2066.006.000) 2026-05-13 20:58:09 Image size of job updated: 15776
	15  -  MemoryUsage of job (MB)
	14900  -  ResidentSetSize of job (KB)
...
006 (2066.006.000) 2026-05-13 21:58:15 Image size of job updated: 15776
	15  -  MemoryUsage of job (MB)
	14924  -  ResidentSetSize of job (KB)
...
006 (2066.006.000) 2026-05-14 00:48:33 Image size of job updated: 15776
	15  -  MemoryUsage of job (MB)
	14960  -  ResidentSetSize of job (KB)
...
006 (2066.006.000) 2026-05-14 01:38:38 Image size of job updated: 15776
	15  -  MemoryUsage of job (MB)
	14968  -  ResidentSetSize of job (KB)
...
006 (2066.006.000) 2026-05-14 01:48:38 Image size of job updated: 15776
	15  -  MemoryUsage of job (MB)
	14972  -  ResidentSetSize of job (KB)
...
006 (2066.006.000) 2026-05-14 02:48:45 Image size of job updated: 15776
	15  -  MemoryUsage of job (MB)
	14988  -  ResidentSetSize of job (KB)
...
006 (2066.006.000) 2026-05-14 05:19:02 Image size of job updated: 15776
	15  -  MemoryUsage of job (MB)
	15020  -  ResidentSetSize of job (KB)
...
006 (2066.006.000) 2026-05-14 07:34:17 Image size of job updated: 15828
	15  -  MemoryUsage of job (MB)
	15020  -  ResidentSetSize of job (KB)
...
006 (2066.006.000) 2026-05-14 09:19:28 Image size of job updated: 16004
	15  -  MemoryUsage of job (MB)
	15020  -  ResidentSetSize of job (KB)
...
006 (2066.006.000) 2026-05-14 10:29:35 Image size of job updated: 16004
	15  -  MemoryUsage of job (MB)
	15100  -  ResidentSetSize of job (KB)
...
006 (2066.006.000) 2026-05-14 13:39:55 Image size of job updated: 16004
	15  -  MemoryUsage of job (MB)
	15136  -  ResidentSetSize of job (KB)
...
006 (2066.006.000) 2026-05-14 14:40:01 Image size of job updated: 16084
	15  -  MemoryUsage of job (MB)
	15136  -  ResidentSetSize of job (KB)
...
006 (2066.006.000) 2026-05-14 15:25:05 Image size of job updated: 16084
	15  -  MemoryUsage of job (MB)
	15160  -  ResidentSetSize of job (KB)
...
006 (2066.006.000) 2026-05-14 16:05:10 Image size of job updated: 16084
	15  -  MemoryUsage of job (MB)
	15176  -  ResidentSetSize of job (KB)
...
006 (2066.006.000) 2026-05-14 16:25:12 Image size of job updated: 16084
	15  -  MemoryUsage of job (MB)
	15180  -  ResidentSetSize of job (KB)
...
006 (2066.006.000) 2026-05-14 17:10:16 Image size of job updated: 16084
	15  -  MemoryUsage of job (MB)
	15188  -  ResidentSetSize of job (KB)
...
006 (2066.006.000) 2026-05-14 18:55:27 Image size of job updated: 16084
	15  -  MemoryUsage of job (MB)
	15212  -  ResidentSetSize of job (KB)
...
006 (2066.006.000) 2026-05-14 19:10:29 Image size of job updated: 16084
	15  -  MemoryUsage of job (MB)
	15220  -  ResidentSetSize of job (KB)
...
006 (2066.006.000) 2026-05-14 21:05:41 Image size of job updated: 16084
	15  -  MemoryUsage of job (MB)
	15236  -  ResidentSetSize of job (KB)
...
006 (2066.006.000) 2026-05-14 21:35:43 Image size of job updated: 16084
	15  -  MemoryUsage of job (MB)
	15248  -  ResidentSetSize of job (KB)
...
006 (2066.006.000) 2026-05-14 21:50:45 Image size of job updated: 16084
	15  -  MemoryUsage of job (MB)
	15252  -  ResidentSetSize of job (KB)
...
006 (2066.006.000) 2026-05-14 22:20:47 Image size of job updated: 16084
	16  -  MemoryUsage of job (MB)
	15516  -  ResidentSetSize of job (KB)
...
006 (2066.006.000) 2026-05-15 05:06:30 Image size of job updated: 16280
	16  -  MemoryUsage of job (MB)
	15516  -  ResidentSetSize of job (KB)
...
006 (2066.006.000) 2026-05-15 06:51:41 Image size of job updated: 16280
	16  -  MemoryUsage of job (MB)
	15640  -  ResidentSetSize of job (KB)
...
006 (2066.006.000) 2026-05-15 07:16:44 Image size of job updated: 16416
	16  -  MemoryUsage of job (MB)
	15640  -  ResidentSetSize of job (KB)
...
006 (2066.006.000) 2026-05-15 07:36:46 Image size of job updated: 16416
	16  -  MemoryUsage of job (MB)
	15656  -  ResidentSetSize of job (KB)
...
006 (2066.006.000) 2026-05-15 07:41:46 Image size of job updated: 16424
	16  -  MemoryUsage of job (MB)
	15656  -  ResidentSetSize of job (KB)
...
006 (2066.006.000) 2026-05-15 08:16:49 Image size of job updated: 16432
	16  -  MemoryUsage of job (MB)
	15656  -  ResidentSetSize of job (KB)
...
006 (2066.006.000) 2026-05-15 08:31:51 Image size of job updated: 16440
	16  -  MemoryUsage of job (MB)
	15656  -  ResidentSetSize of job (KB)
...
006 (2066.006.000) 2026-05-15 08:36:51 Image size of job updated: 16696
	16  -  MemoryUsage of job (MB)
	15656  -  ResidentSetSize of job (KB)
...
006 (2066.006.000) 2026-05-15 09:46:58 Image size of job updated: 16716
	16  -  MemoryUsage of job (MB)
	15656  -  ResidentSetSize of job (KB)
...
006 (2066.006.000) 2026-05-15 09:56:59 Image size of job updated: 16716
	16  -  MemoryUsage of job (MB)
	15692  -  ResidentSetSize of job (KB)
...
006 (2066.006.000) 2026-05-15 10:01:59 Image size of job updated: 16716
	16  -  MemoryUsage of job (MB)
	15696  -  ResidentSetSize of job (KB)
...
006 (2066.006.000) 2026-05-15 10:07:00 Image size of job updated: 16724
	16  -  MemoryUsage of job (MB)
	15696  -  ResidentSetSize of job (KB)
...
006 (2066.006.000) 2026-05-15 10:27:03 Image size of job updated: 16724
	16  -  MemoryUsage of job (MB)
	15704  -  ResidentSetSize of job (KB)
...
006 (2066.006.000) 2026-05-15 11:42:09 Image size of job updated: 16752
	16  -  MemoryUsage of job (MB)
	15704  -  ResidentSetSize of job (KB)
...
006 (2066.006.000) 2026-05-15 12:07:13 Image size of job updated: 16764
	16  -  MemoryUsage of job (MB)
	15704  -  ResidentSetSize of job (KB)
...
006 (2066.006.000) 2026-05-15 13:47:24 Image size of job updated: 16764
	16  -  MemoryUsage of job (MB)
	15736  -  ResidentSetSize of job (KB)
...
006 (2066.006.000) 2026-05-15 13:57:24 Image size of job updated: 16764
	16  -  MemoryUsage of job (MB)
	15764  -  ResidentSetSize of job (KB)
...
006 (2066.006.000) 2026-05-15 14:12:25 Image size of job updated: 16764
	16  -  MemoryUsage of job (MB)
	15996  -  ResidentSetSize of job (KB)
...
006 (2066.006.000) 2026-05-15 14:17:26 Image size of job updated: 16764
	16  -  MemoryUsage of job (MB)
	16256  -  ResidentSetSize of job (KB)
...
006 (2066.006.000) 2026-05-15 16:12:37 Image size of job updated: 16764
	16  -  MemoryUsage of job (MB)
	16296  -  ResidentSetSize of job (KB)
...
006 (2066.006.000) 2026-05-15 18:32:51 Image size of job updated: 17304
	17  -  MemoryUsage of job (MB)
	17300  -  ResidentSetSize of job (KB)
...
006 (2066.006.000) 2026-05-16 17:40:13 Image size of job updated: 17340
	17  -  MemoryUsage of job (MB)
	17300  -  ResidentSetSize of job (KB)
...
005 (2066.006.000) 2026-05-17 05:04:28 Job terminated.
	(1) Normal termination (return value 0)
		Usr 3 16:19:38, Sys 0 00:19:19  -  Run Remote Usage
		Usr 0 00:00:00, Sys 0 00:00:00  -  Run Local Usage
		Usr 3 16:19:38, Sys 0 00:19:19  -  Total Remote Usage
		Usr 0 00:00:00, Sys 0 00:00:00  -  Total Local Usage
	0  -  Run Bytes Sent By Job
	0  -  Run Bytes Received By Job
	0  -  Total Bytes Sent By Job
	0  -  Total Bytes Received By Job
	Partitionable Resources :    Usage  Request Allocated 
	   Cpus                 :     0.90        1         1 
	   Disk (KB)            :  4000        4000    342046 
	   Memory (MB)          :    17           4      3568 

	Job terminated of its own accord at 2026-05-17T03:04:28Z with exit-code 0.
...
