000 (2090.007.000) 2026-06-19 17:01:18 Job submitted from host: <192.135.33.172:9618?addrs=192.135.33.172-9618&alias=theosrv-01.ca.infn.it&noUDP&sock=schedd_1878_baf3>
...
001 (2090.007.000) 2026-06-19 17:01:19 Job executing on host: <192.135.33.172:9618?addrs=192.135.33.172-9618&alias=theosrv-01.ca.infn.it&noUDP&sock=startd_1878_baf3>
	SlotName: slot68@theosrv-01.ca.infn.it
	CondorScratchDir = "/var/lib/condor/execute/dir_1492705"
	Cpus = 1
	Disk = 342046
	Memory = 3568
...
006 (2090.007.000) 2026-06-19 17:01:27 Image size of job updated: 14844
	15  -  MemoryUsage of job (MB)
	14644  -  ResidentSetSize of job (KB)
...
006 (2090.007.000) 2026-06-19 17:06:27 Image size of job updated: 15000
	15  -  MemoryUsage of job (MB)
	14836  -  ResidentSetSize of job (KB)
...
006 (2090.007.000) 2026-06-19 17:16:28 Image size of job updated: 15000
	15  -  MemoryUsage of job (MB)
	14844  -  ResidentSetSize of job (KB)
...
006 (2090.007.000) 2026-06-19 17:21:28 Image size of job updated: 15008
	15  -  MemoryUsage of job (MB)
	14848  -  ResidentSetSize of job (KB)
...
006 (2090.007.000) 2026-06-19 17:26:28 Image size of job updated: 15104
	15  -  MemoryUsage of job (MB)
	14848  -  ResidentSetSize of job (KB)
...
006 (2090.007.000) 2026-06-19 17:36:30 Image size of job updated: 15112
	15  -  MemoryUsage of job (MB)
	14848  -  ResidentSetSize of job (KB)
...
006 (2090.007.000) 2026-06-19 17:41:30 Image size of job updated: 15112
	15  -  MemoryUsage of job (MB)
	14856  -  ResidentSetSize of job (KB)
...
006 (2090.007.000) 2026-06-19 17:51:32 Image size of job updated: 15368
	15  -  MemoryUsage of job (MB)
	14864  -  ResidentSetSize of job (KB)
...
006 (2090.007.000) 2026-06-19 18:06:33 Image size of job updated: 15368
	15  -  MemoryUsage of job (MB)
	14872  -  ResidentSetSize of job (KB)
...
006 (2090.007.000) 2026-06-19 18:21:34 Image size of job updated: 15368
	15  -  MemoryUsage of job (MB)
	14880  -  ResidentSetSize of job (KB)
...
006 (2090.007.000) 2026-06-19 18:36:36 Image size of job updated: 15368
	15  -  MemoryUsage of job (MB)
	14888  -  ResidentSetSize of job (KB)
...
006 (2090.007.000) 2026-06-19 18:51:38 Image size of job updated: 15368
	15  -  MemoryUsage of job (MB)
	14896  -  ResidentSetSize of job (KB)
...
006 (2090.007.000) 2026-06-19 19:01:39 Image size of job updated: 15368
	15  -  MemoryUsage of job (MB)
	15072  -  ResidentSetSize of job (KB)
...
006 (2090.007.000) 2026-06-19 22:47:01 Image size of job updated: 15436
	15  -  MemoryUsage of job (MB)
	15072  -  ResidentSetSize of job (KB)
...
006 (2090.007.000) 2026-06-20 00:37:12 Image size of job updated: 15436
	15  -  MemoryUsage of job (MB)
	15076  -  ResidentSetSize of job (KB)
...
006 (2090.007.000) 2026-06-20 00:42:13 Image size of job updated: 15436
	15  -  MemoryUsage of job (MB)
	15080  -  ResidentSetSize of job (KB)
...
006 (2090.007.000) 2026-06-20 00:52:14 Image size of job updated: 15436
	15  -  MemoryUsage of job (MB)
	15084  -  ResidentSetSize of job (KB)
...
006 (2090.007.000) 2026-06-20 00:57:15 Image size of job updated: 15436
	15  -  MemoryUsage of job (MB)
	15088  -  ResidentSetSize of job (KB)
...
006 (2090.007.000) 2026-06-20 01:07:16 Image size of job updated: 15436
	15  -  MemoryUsage of job (MB)
	15092  -  ResidentSetSize of job (KB)
...
006 (2090.007.000) 2026-06-20 01:12:16 Image size of job updated: 15436
	15  -  MemoryUsage of job (MB)
	15096  -  ResidentSetSize of job (KB)
...
006 (2090.007.000) 2026-06-20 01:22:17 Image size of job updated: 15436
	15  -  MemoryUsage of job (MB)
	15100  -  ResidentSetSize of job (KB)
...
006 (2090.007.000) 2026-06-20 01:32:18 Image size of job updated: 15436
	15  -  MemoryUsage of job (MB)
	15104  -  ResidentSetSize of job (KB)
...
006 (2090.007.000) 2026-06-20 01:42:19 Image size of job updated: 15436
	15  -  MemoryUsage of job (MB)
	15112  -  ResidentSetSize of job (KB)
...
006 (2090.007.000) 2026-06-20 02:07:22 Image size of job updated: 15436
	15  -  MemoryUsage of job (MB)
	15120  -  ResidentSetSize of job (KB)
...
006 (2090.007.000) 2026-06-20 02:12:22 Image size of job updated: 15436
	15  -  MemoryUsage of job (MB)
	15128  -  ResidentSetSize of job (KB)
...
006 (2090.007.000) 2026-06-20 02:27:24 Image size of job updated: 15436
	15  -  MemoryUsage of job (MB)
	15136  -  ResidentSetSize of job (KB)
...
006 (2090.007.000) 2026-06-20 02:42:26 Image size of job updated: 15436
	15  -  MemoryUsage of job (MB)
	15140  -  ResidentSetSize of job (KB)
...
006 (2090.007.000) 2026-06-20 02:57:27 Image size of job updated: 15436
	15  -  MemoryUsage of job (MB)
	15148  -  ResidentSetSize of job (KB)
...
006 (2090.007.000) 2026-06-20 03:12:28 Image size of job updated: 15436
	15  -  MemoryUsage of job (MB)
	15156  -  ResidentSetSize of job (KB)
...
006 (2090.007.000) 2026-06-20 03:17:29 Image size of job updated: 15436
	15  -  MemoryUsage of job (MB)
	15160  -  ResidentSetSize of job (KB)
...
006 (2090.007.000) 2026-06-20 03:32:31 Image size of job updated: 15436
	15  -  MemoryUsage of job (MB)
	15168  -  ResidentSetSize of job (KB)
...
006 (2090.007.000) 2026-06-20 03:47:32 Image size of job updated: 15436
	15  -  MemoryUsage of job (MB)
	15176  -  ResidentSetSize of job (KB)
...
006 (2090.007.000) 2026-06-20 04:02:34 Image size of job updated: 15436
	15  -  MemoryUsage of job (MB)
	15184  -  ResidentSetSize of job (KB)
...
006 (2090.007.000) 2026-06-20 04:17:35 Image size of job updated: 15436
	15  -  MemoryUsage of job (MB)
	15192  -  ResidentSetSize of job (KB)
...
006 (2090.007.000) 2026-06-20 04:32:37 Image size of job updated: 15436
	15  -  MemoryUsage of job (MB)
	15196  -  ResidentSetSize of job (KB)
...
006 (2090.007.000) 2026-06-20 04:37:38 Image size of job updated: 15436
	15  -  MemoryUsage of job (MB)
	15200  -  ResidentSetSize of job (KB)
...
006 (2090.007.000) 2026-06-20 04:47:38 Image size of job updated: 15436
	15  -  MemoryUsage of job (MB)
	15204  -  ResidentSetSize of job (KB)
...
006 (2090.007.000) 2026-06-20 04:52:39 Image size of job updated: 15436
	15  -  MemoryUsage of job (MB)
	15208  -  ResidentSetSize of job (KB)
...
006 (2090.007.000) 2026-06-20 05:02:39 Image size of job updated: 15436
	15  -  MemoryUsage of job (MB)
	15212  -  ResidentSetSize of job (KB)
...
006 (2090.007.000) 2026-06-20 05:07:40 Image size of job updated: 15436
	15  -  MemoryUsage of job (MB)
	15216  -  ResidentSetSize of job (KB)
...
006 (2090.007.000) 2026-06-20 05:17:41 Image size of job updated: 15436
	15  -  MemoryUsage of job (MB)
	15220  -  ResidentSetSize of job (KB)
...
006 (2090.007.000) 2026-06-20 05:22:42 Image size of job updated: 15436
	15  -  MemoryUsage of job (MB)
	15224  -  ResidentSetSize of job (KB)
...
006 (2090.007.000) 2026-06-20 05:32:43 Image size of job updated: 15436
	15  -  MemoryUsage of job (MB)
	15228  -  ResidentSetSize of job (KB)
...
006 (2090.007.000) 2026-06-20 05:37:43 Image size of job updated: 15436
	15  -  MemoryUsage of job (MB)
	15232  -  ResidentSetSize of job (KB)
...
006 (2090.007.000) 2026-06-20 05:52:44 Image size of job updated: 15436
	15  -  MemoryUsage of job (MB)
	15240  -  ResidentSetSize of job (KB)
...
006 (2090.007.000) 2026-06-20 06:07:46 Image size of job updated: 15436
	15  -  MemoryUsage of job (MB)
	15248  -  ResidentSetSize of job (KB)
...
006 (2090.007.000) 2026-06-20 06:12:47 Image size of job updated: 15436
	15  -  MemoryUsage of job (MB)
	15252  -  ResidentSetSize of job (KB)
...
006 (2090.007.000) 2026-06-20 06:32:49 Image size of job updated: 15436
	15  -  MemoryUsage of job (MB)
	15256  -  ResidentSetSize of job (KB)
...
006 (2090.007.000) 2026-06-20 06:42:49 Image size of job updated: 15436
	15  -  MemoryUsage of job (MB)
	15264  -  ResidentSetSize of job (KB)
...
006 (2090.007.000) 2026-06-20 06:52:51 Image size of job updated: 15436
	15  -  MemoryUsage of job (MB)
	15272  -  ResidentSetSize of job (KB)
...
006 (2090.007.000) 2026-06-20 07:07:53 Image size of job updated: 15436
	15  -  MemoryUsage of job (MB)
	15276  -  ResidentSetSize of job (KB)
...
006 (2090.007.000) 2026-06-20 07:12:53 Image size of job updated: 15436
	15  -  MemoryUsage of job (MB)
	15280  -  ResidentSetSize of job (KB)
...
006 (2090.007.000) 2026-06-20 07:22:55 Image size of job updated: 15436
	15  -  MemoryUsage of job (MB)
	15288  -  ResidentSetSize of job (KB)
...
006 (2090.007.000) 2026-06-20 07:32:55 Image size of job updated: 15452
	15  -  MemoryUsage of job (MB)
	15288  -  ResidentSetSize of job (KB)
...
006 (2090.007.000) 2026-06-20 07:37:56 Image size of job updated: 15464
	15  -  MemoryUsage of job (MB)
	15288  -  ResidentSetSize of job (KB)
...
006 (2090.007.000) 2026-06-20 07:42:56 Image size of job updated: 15464
	15  -  MemoryUsage of job (MB)
	15296  -  ResidentSetSize of job (KB)
...
006 (2090.007.000) 2026-06-20 07:52:57 Image size of job updated: 15464
	15  -  MemoryUsage of job (MB)
	15300  -  ResidentSetSize of job (KB)
...
006 (2090.007.000) 2026-06-20 07:57:58 Image size of job updated: 15464
	15  -  MemoryUsage of job (MB)
	15304  -  ResidentSetSize of job (KB)
...
006 (2090.007.000) 2026-06-20 08:02:58 Image size of job updated: 15468
	15  -  MemoryUsage of job (MB)
	15304  -  ResidentSetSize of job (KB)
...
006 (2090.007.000) 2026-06-20 08:07:59 Image size of job updated: 15468
	15  -  MemoryUsage of job (MB)
	15308  -  ResidentSetSize of job (KB)
...
006 (2090.007.000) 2026-06-20 08:13:00 Image size of job updated: 15472
	15  -  MemoryUsage of job (MB)
	15308  -  ResidentSetSize of job (KB)
...
006 (2090.007.000) 2026-06-20 08:23:00 Image size of job updated: 15472
	15  -  MemoryUsage of job (MB)
	15312  -  ResidentSetSize of job (KB)
...
006 (2090.007.000) 2026-06-20 08:28:01 Image size of job updated: 15472
	15  -  MemoryUsage of job (MB)
	15316  -  ResidentSetSize of job (KB)
...
006 (2090.007.000) 2026-06-20 08:33:01 Image size of job updated: 15472
	15  -  MemoryUsage of job (MB)
	15320  -  ResidentSetSize of job (KB)
...
006 (2090.007.000) 2026-06-20 08:38:01 Image size of job updated: 15484
	15  -  MemoryUsage of job (MB)
	15320  -  ResidentSetSize of job (KB)
...
006 (2090.007.000) 2026-06-20 08:43:02 Image size of job updated: 15484
	15  -  MemoryUsage of job (MB)
	15328  -  ResidentSetSize of job (KB)
...
006 (2090.007.000) 2026-06-20 08:53:03 Image size of job updated: 15488
	15  -  MemoryUsage of job (MB)
	15328  -  ResidentSetSize of job (KB)
...
006 (2090.007.000) 2026-06-20 08:58:04 Image size of job updated: 15496
	15  -  MemoryUsage of job (MB)
	15332  -  ResidentSetSize of job (KB)
...
006 (2090.007.000) 2026-06-20 09:03:05 Image size of job updated: 15496
	15  -  MemoryUsage of job (MB)
	15336  -  ResidentSetSize of job (KB)
...
006 (2090.007.000) 2026-06-20 09:08:05 Image size of job updated: 15500
	15  -  MemoryUsage of job (MB)
	15336  -  ResidentSetSize of job (KB)
...
006 (2090.007.000) 2026-06-20 09:13:05 Image size of job updated: 15500
	15  -  MemoryUsage of job (MB)
	15340  -  ResidentSetSize of job (KB)
...
006 (2090.007.000) 2026-06-20 09:18:06 Image size of job updated: 15500
	15  -  MemoryUsage of job (MB)
	15344  -  ResidentSetSize of job (KB)
...
006 (2090.007.000) 2026-06-20 09:23:06 Image size of job updated: 15504
	15  -  MemoryUsage of job (MB)
	15344  -  ResidentSetSize of job (KB)
...
006 (2090.007.000) 2026-06-20 09:33:07 Image size of job updated: 15512
	15  -  MemoryUsage of job (MB)
	15352  -  ResidentSetSize of job (KB)
...
006 (2090.007.000) 2026-06-20 09:38:08 Image size of job updated: 15528
	15  -  MemoryUsage of job (MB)
	15352  -  ResidentSetSize of job (KB)
...
006 (2090.007.000) 2026-06-20 09:43:08 Image size of job updated: 15528
	15  -  MemoryUsage of job (MB)
	15360  -  ResidentSetSize of job (KB)
...
006 (2090.007.000) 2026-06-20 09:48:09 Image size of job updated: 15872
	16  -  MemoryUsage of job (MB)
	15364  -  ResidentSetSize of job (KB)
...
006 (2090.007.000) 2026-06-20 10:03:10 Image size of job updated: 15872
	16  -  MemoryUsage of job (MB)
	15368  -  ResidentSetSize of job (KB)
...
006 (2090.007.000) 2026-06-20 10:18:11 Image size of job updated: 15872
	16  -  MemoryUsage of job (MB)
	15376  -  ResidentSetSize of job (KB)
...
006 (2090.007.000) 2026-06-20 10:23:12 Image size of job updated: 15872
	16  -  MemoryUsage of job (MB)
	15380  -  ResidentSetSize of job (KB)
...
006 (2090.007.000) 2026-06-20 10:33:13 Image size of job updated: 15872
	16  -  MemoryUsage of job (MB)
	15384  -  ResidentSetSize of job (KB)
...
006 (2090.007.000) 2026-06-20 10:53:15 Image size of job updated: 15872
	16  -  MemoryUsage of job (MB)
	15400  -  ResidentSetSize of job (KB)
...
006 (2090.007.000) 2026-06-20 11:08:16 Image size of job updated: 15872
	16  -  MemoryUsage of job (MB)
	15404  -  ResidentSetSize of job (KB)
...
006 (2090.007.000) 2026-06-20 11:18:18 Image size of job updated: 15872
	16  -  MemoryUsage of job (MB)
	15408  -  ResidentSetSize of job (KB)
...
006 (2090.007.000) 2026-06-20 11:23:18 Image size of job updated: 15872
	16  -  MemoryUsage of job (MB)
	15412  -  ResidentSetSize of job (KB)
...
006 (2090.007.000) 2026-06-20 11:33:20 Image size of job updated: 15872
	16  -  MemoryUsage of job (MB)
	15416  -  ResidentSetSize of job (KB)
...
006 (2090.007.000) 2026-06-20 11:38:20 Image size of job updated: 15872
	16  -  MemoryUsage of job (MB)
	15420  -  ResidentSetSize of job (KB)
...
006 (2090.007.000) 2026-06-20 11:48:22 Image size of job updated: 15872
	16  -  MemoryUsage of job (MB)
	15424  -  ResidentSetSize of job (KB)
...
006 (2090.007.000) 2026-06-20 12:08:23 Image size of job updated: 15872
	16  -  MemoryUsage of job (MB)
	15432  -  ResidentSetSize of job (KB)
...
006 (2090.007.000) 2026-06-20 12:18:24 Image size of job updated: 16112
	16  -  MemoryUsage of job (MB)
	15432  -  ResidentSetSize of job (KB)
...
006 (2090.007.000) 2026-06-20 12:43:27 Image size of job updated: 16128
	16  -  MemoryUsage of job (MB)
	15432  -  ResidentSetSize of job (KB)
...
006 (2090.007.000) 2026-06-20 12:58:29 Image size of job updated: 16132
	16  -  MemoryUsage of job (MB)
	15432  -  ResidentSetSize of job (KB)
...
006 (2090.007.000) 2026-06-20 13:18:31 Image size of job updated: 16140
	16  -  MemoryUsage of job (MB)
	15432  -  ResidentSetSize of job (KB)
...
006 (2090.007.000) 2026-06-20 13:38:33 Image size of job updated: 16156
	16  -  MemoryUsage of job (MB)
	15432  -  ResidentSetSize of job (KB)
...
006 (2090.007.000) 2026-06-20 13:58:35 Image size of job updated: 16168
	16  -  MemoryUsage of job (MB)
	15432  -  ResidentSetSize of job (KB)
...
006 (2090.007.000) 2026-06-20 14:28:38 Image size of job updated: 16168
	16  -  MemoryUsage of job (MB)
	15508  -  ResidentSetSize of job (KB)
...
006 (2090.007.000) 2026-06-20 14:43:39 Image size of job updated: 16188
	16  -  MemoryUsage of job (MB)
	15508  -  ResidentSetSize of job (KB)
...
006 (2090.007.000) 2026-06-20 15:23:45 Image size of job updated: 16188
	16  -  MemoryUsage of job (MB)
	15540  -  ResidentSetSize of job (KB)
...
006 (2090.007.000) 2026-06-20 15:58:49 Image size of job updated: 16236
	16  -  MemoryUsage of job (MB)
	15540  -  ResidentSetSize of job (KB)
...
006 (2090.007.000) 2026-06-20 16:33:52 Image size of job updated: 16252
	16  -  MemoryUsage of job (MB)
	15540  -  ResidentSetSize of job (KB)
...
006 (2090.007.000) 2026-06-20 17:23:57 Image size of job updated: 16284
	16  -  MemoryUsage of job (MB)
	15540  -  ResidentSetSize of job (KB)
...
006 (2090.007.000) 2026-06-20 17:48:59 Image size of job updated: 16296
	16  -  MemoryUsage of job (MB)
	15540  -  ResidentSetSize of job (KB)
...
006 (2090.007.000) 2026-06-20 18:04:00 Image size of job updated: 16300
	16  -  MemoryUsage of job (MB)
	15540  -  ResidentSetSize of job (KB)
...
006 (2090.007.000) 2026-06-20 19:14:08 Image size of job updated: 16344
	16  -  MemoryUsage of job (MB)
	15540  -  ResidentSetSize of job (KB)
...
006 (2090.007.000) 2026-06-20 19:34:10 Image size of job updated: 16352
	16  -  MemoryUsage of job (MB)
	15540  -  ResidentSetSize of job (KB)
...
006 (2090.007.000) 2026-06-20 19:44:11 Image size of job updated: 16356
	16  -  MemoryUsage of job (MB)
	15540  -  ResidentSetSize of job (KB)
...
006 (2090.007.000) 2026-06-20 19:49:12 Image size of job updated: 16356
	16  -  MemoryUsage of job (MB)
	15688  -  ResidentSetSize of job (KB)
...
006 (2090.007.000) 2026-06-20 20:39:17 Image size of job updated: 16384
	16  -  MemoryUsage of job (MB)
	15688  -  ResidentSetSize of job (KB)
...
006 (2090.007.000) 2026-06-20 21:34:23 Image size of job updated: 16416
	16  -  MemoryUsage of job (MB)
	15688  -  ResidentSetSize of job (KB)
...
006 (2090.007.000) 2026-06-20 22:29:28 Image size of job updated: 16452
	16  -  MemoryUsage of job (MB)
	15688  -  ResidentSetSize of job (KB)
...
006 (2090.007.000) 2026-06-20 22:49:30 Image size of job updated: 16460
	16  -  MemoryUsage of job (MB)
	15688  -  ResidentSetSize of job (KB)
...
006 (2090.007.000) 2026-06-20 23:19:34 Image size of job updated: 16460
	16  -  MemoryUsage of job (MB)
	15804  -  ResidentSetSize of job (KB)
...
006 (2090.007.000) 2026-06-20 23:49:38 Image size of job updated: 16488
	16  -  MemoryUsage of job (MB)
	15804  -  ResidentSetSize of job (KB)
...
006 (2090.007.000) 2026-06-21 00:14:41 Image size of job updated: 16512
	16  -  MemoryUsage of job (MB)
	15804  -  ResidentSetSize of job (KB)
...
006 (2090.007.000) 2026-06-21 00:54:45 Image size of job updated: 16528
	16  -  MemoryUsage of job (MB)
	15804  -  ResidentSetSize of job (KB)
...
006 (2090.007.000) 2026-06-21 00:59:45 Image size of job updated: 16528
	16  -  MemoryUsage of job (MB)
	15860  -  ResidentSetSize of job (KB)
...
006 (2090.007.000) 2026-06-21 01:24:49 Image size of job updated: 16544
	16  -  MemoryUsage of job (MB)
	15860  -  ResidentSetSize of job (KB)
...
006 (2090.007.000) 2026-06-21 01:39:50 Image size of job updated: 16556
	16  -  MemoryUsage of job (MB)
	15860  -  ResidentSetSize of job (KB)
...
006 (2090.007.000) 2026-06-21 02:34:56 Image size of job updated: 16556
	16  -  MemoryUsage of job (MB)
	15912  -  ResidentSetSize of job (KB)
...
006 (2090.007.000) 2026-06-21 02:44:56 Image size of job updated: 16588
	16  -  MemoryUsage of job (MB)
	15912  -  ResidentSetSize of job (KB)
...
006 (2090.007.000) 2026-06-21 03:30:01 Image size of job updated: 16616
	16  -  MemoryUsage of job (MB)
	15912  -  ResidentSetSize of job (KB)
...
006 (2090.007.000) 2026-06-21 04:10:05 Image size of job updated: 16892
	16  -  MemoryUsage of job (MB)
	15912  -  ResidentSetSize of job (KB)
...
006 (2090.007.000) 2026-06-21 04:30:08 Image size of job updated: 16892
	16  -  MemoryUsage of job (MB)
	15976  -  ResidentSetSize of job (KB)
...
006 (2090.007.000) 2026-06-21 04:45:09 Image size of job updated: 16912
	16  -  MemoryUsage of job (MB)
	15984  -  ResidentSetSize of job (KB)
...
006 (2090.007.000) 2026-06-21 05:00:10 Image size of job updated: 16912
	16  -  MemoryUsage of job (MB)
	15992  -  ResidentSetSize of job (KB)
...
006 (2090.007.000) 2026-06-21 05:25:13 Image size of job updated: 16912
	16  -  MemoryUsage of job (MB)
	16012  -  ResidentSetSize of job (KB)
...
006 (2090.007.000) 2026-06-21 06:20:18 Image size of job updated: 16912
	16  -  MemoryUsage of job (MB)
	16040  -  ResidentSetSize of job (KB)
...
006 (2090.007.000) 2026-06-21 07:20:24 Image size of job updated: 17000
	16  -  MemoryUsage of job (MB)
	16040  -  ResidentSetSize of job (KB)
...
006 (2090.007.000) 2026-06-21 08:10:29 Image size of job updated: 17000
	16  -  MemoryUsage of job (MB)
	16096  -  ResidentSetSize of job (KB)
...
006 (2090.007.000) 2026-06-21 09:05:34 Image size of job updated: 17052
	16  -  MemoryUsage of job (MB)
	16128  -  ResidentSetSize of job (KB)
...
006 (2090.007.000) 2026-06-21 09:35:38 Image size of job updated: 17052
	16  -  MemoryUsage of job (MB)
	16144  -  ResidentSetSize of job (KB)
...
006 (2090.007.000) 2026-06-21 09:45:39 Image size of job updated: 17052
	17  -  MemoryUsage of job (MB)
	16408  -  ResidentSetSize of job (KB)
...
005 (2090.007.000) 2026-06-21 13:28:56 Job terminated.
	(1) Normal termination (return value 0)
		Usr 1 20:07:29, Sys 0 00:09:00  -  Run Remote Usage
		Usr 0 00:00:00, Sys 0 00:00:00  -  Run Local Usage
		Usr 1 20:07:29, Sys 0 00:09:00  -  Total Remote Usage
		Usr 0 00:00:00, Sys 0 00:00:00  -  Total Local Usage
	0  -  Run Bytes Sent By Job
	0  -  Run Bytes Received By Job
	0  -  Total Bytes Sent By Job
	0  -  Total Bytes Received By Job
	Partitionable Resources :    Usage  Request Allocated 
	   Cpus                 :     1.00        1         1 
	   Disk (KB)            :  4000        4000    342046 
	   Memory (MB)          :    17           4      3568 

	Job terminated of its own accord at 2026-06-21T11:28:56Z with exit-code 0.
...
