000 (2066.004.000) 2026-05-13 12:01:46 Job submitted from host: <192.135.33.172:9618?addrs=192.135.33.172-9618&alias=theosrv-01.ca.infn.it&noUDP&sock=schedd_1878_baf3>
...
001 (2066.004.000) 2026-05-13 12:02:06 Job executing on host: <192.135.33.172:9618?addrs=192.135.33.172-9618&alias=theosrv-01.ca.infn.it&noUDP&sock=startd_1878_baf3>
	SlotName: slot5@theosrv-01.ca.infn.it
	CondorScratchDir = "/var/lib/condor/execute/dir_481973"
	Cpus = 1
	Disk = 342046
	Memory = 3568
...
006 (2066.004.000) 2026-05-13 12:02:14 Image size of job updated: 14944
	15  -  MemoryUsage of job (MB)
	14412  -  ResidentSetSize of job (KB)
...
006 (2066.004.000) 2026-05-13 12:07:14 Image size of job updated: 14992
	15  -  MemoryUsage of job (MB)
	14480  -  ResidentSetSize of job (KB)
...
006 (2066.004.000) 2026-05-13 12:12:14 Image size of job updated: 15156
	15  -  MemoryUsage of job (MB)
	14736  -  ResidentSetSize of job (KB)
...
006 (2066.004.000) 2026-05-13 12:27:15 Image size of job updated: 15408
	15  -  MemoryUsage of job (MB)
	14744  -  ResidentSetSize of job (KB)
...
006 (2066.004.000) 2026-05-13 12:52:19 Image size of job updated: 15424
	15  -  MemoryUsage of job (MB)
	14744  -  ResidentSetSize of job (KB)
...
006 (2066.004.000) 2026-05-13 13:27:22 Image size of job updated: 15424
	15  -  MemoryUsage of job (MB)
	14764  -  ResidentSetSize of job (KB)
...
006 (2066.004.000) 2026-05-13 14:02:26 Image size of job updated: 15424
	15  -  MemoryUsage of job (MB)
	14780  -  ResidentSetSize of job (KB)
...
006 (2066.004.000) 2026-05-13 14:12:27 Image size of job updated: 15464
	15  -  MemoryUsage of job (MB)
	14780  -  ResidentSetSize of job (KB)
...
006 (2066.004.000) 2026-05-13 14:17:27 Image size of job updated: 15464
	15  -  MemoryUsage of job (MB)
	14784  -  ResidentSetSize of job (KB)
...
006 (2066.004.000) 2026-05-13 14:32:29 Image size of job updated: 15464
	15  -  MemoryUsage of job (MB)
	14792  -  ResidentSetSize of job (KB)
...
006 (2066.004.000) 2026-05-13 15:12:32 Image size of job updated: 15464
	15  -  MemoryUsage of job (MB)
	14808  -  ResidentSetSize of job (KB)
...
006 (2066.004.000) 2026-05-13 15:47:36 Image size of job updated: 15492
	15  -  MemoryUsage of job (MB)
	14808  -  ResidentSetSize of job (KB)
...
006 (2066.004.000) 2026-05-13 15:52:37 Image size of job updated: 15752
	15  -  MemoryUsage of job (MB)
	14808  -  ResidentSetSize of job (KB)
...
006 (2066.004.000) 2026-05-13 15:57:37 Image size of job updated: 15752
	15  -  MemoryUsage of job (MB)
	14824  -  ResidentSetSize of job (KB)
...
006 (2066.004.000) 2026-05-13 16:47:42 Image size of job updated: 15752
	15  -  MemoryUsage of job (MB)
	14848  -  ResidentSetSize of job (KB)
...
006 (2066.004.000) 2026-05-13 17:32:47 Image size of job updated: 15752
	15  -  MemoryUsage of job (MB)
	14860  -  ResidentSetSize of job (KB)
...
006 (2066.004.000) 2026-05-13 18:47:54 Image size of job updated: 15752
	15  -  MemoryUsage of job (MB)
	14896  -  ResidentSetSize of job (KB)
...
006 (2066.004.000) 2026-05-13 19:17:57 Image size of job updated: 15752
	15  -  MemoryUsage of job (MB)
	14904  -  ResidentSetSize of job (KB)
...
006 (2066.004.000) 2026-05-13 19:32:59 Image size of job updated: 15752
	15  -  MemoryUsage of job (MB)
	14912  -  ResidentSetSize of job (KB)
...
006 (2066.004.000) 2026-05-13 21:13:10 Image size of job updated: 15752
	15  -  MemoryUsage of job (MB)
	14956  -  ResidentSetSize of job (KB)
...
006 (2066.004.000) 2026-05-13 22:08:15 Image size of job updated: 15752
	15  -  MemoryUsage of job (MB)
	14972  -  ResidentSetSize of job (KB)
...
006 (2066.004.000) 2026-05-13 22:33:19 Image size of job updated: 15752
	15  -  MemoryUsage of job (MB)
	14988  -  ResidentSetSize of job (KB)
...
006 (2066.004.000) 2026-05-13 23:33:24 Image size of job updated: 15752
	15  -  MemoryUsage of job (MB)
	15008  -  ResidentSetSize of job (KB)
...
006 (2066.004.000) 2026-05-13 23:53:26 Image size of job updated: 15752
	15  -  MemoryUsage of job (MB)
	15016  -  ResidentSetSize of job (KB)
...
006 (2066.004.000) 2026-05-14 01:23:35 Image size of job updated: 15752
	15  -  MemoryUsage of job (MB)
	15056  -  ResidentSetSize of job (KB)
...
006 (2066.004.000) 2026-05-14 01:58:39 Image size of job updated: 15752
	15  -  MemoryUsage of job (MB)
	15064  -  ResidentSetSize of job (KB)
...
006 (2066.004.000) 2026-05-14 02:18:41 Image size of job updated: 15752
	15  -  MemoryUsage of job (MB)
	15072  -  ResidentSetSize of job (KB)
...
006 (2066.004.000) 2026-05-14 02:43:44 Image size of job updated: 15756
	15  -  MemoryUsage of job (MB)
	15072  -  ResidentSetSize of job (KB)
...
006 (2066.004.000) 2026-05-14 03:08:46 Image size of job updated: 15768
	15  -  MemoryUsage of job (MB)
	15072  -  ResidentSetSize of job (KB)
...
006 (2066.004.000) 2026-05-14 03:13:47 Image size of job updated: 16020
	15  -  MemoryUsage of job (MB)
	15072  -  ResidentSetSize of job (KB)
...
006 (2066.004.000) 2026-05-14 03:33:49 Image size of job updated: 16020
	15  -  MemoryUsage of job (MB)
	15184  -  ResidentSetSize of job (KB)
...
006 (2066.004.000) 2026-05-14 07:29:14 Image size of job updated: 16020
	15  -  MemoryUsage of job (MB)
	15200  -  ResidentSetSize of job (KB)
...
006 (2066.004.000) 2026-05-14 08:04:18 Image size of job updated: 16020
	15  -  MemoryUsage of job (MB)
	15212  -  ResidentSetSize of job (KB)
...
006 (2066.004.000) 2026-05-14 08:09:18 Image size of job updated: 16020
	15  -  MemoryUsage of job (MB)
	15220  -  ResidentSetSize of job (KB)
...
006 (2066.004.000) 2026-05-14 08:29:20 Image size of job updated: 16020
	15  -  MemoryUsage of job (MB)
	15228  -  ResidentSetSize of job (KB)
...
006 (2066.004.000) 2026-05-14 09:54:29 Image size of job updated: 16020
	15  -  MemoryUsage of job (MB)
	15260  -  ResidentSetSize of job (KB)
...
006 (2066.004.000) 2026-05-14 10:14:31 Image size of job updated: 16020
	15  -  MemoryUsage of job (MB)
	15268  -  ResidentSetSize of job (KB)
...
006 (2066.004.000) 2026-05-14 11:29:38 Image size of job updated: 16064
	15  -  MemoryUsage of job (MB)
	15268  -  ResidentSetSize of job (KB)
...
006 (2066.004.000) 2026-05-14 11:49:41 Image size of job updated: 16064
	15  -  MemoryUsage of job (MB)
	15304  -  ResidentSetSize of job (KB)
...
006 (2066.004.000) 2026-05-14 12:14:43 Image size of job updated: 16064
	15  -  MemoryUsage of job (MB)
	15316  -  ResidentSetSize of job (KB)
...
006 (2066.004.000) 2026-05-14 12:39:46 Image size of job updated: 16064
	15  -  MemoryUsage of job (MB)
	15324  -  ResidentSetSize of job (KB)
...
006 (2066.004.000) 2026-05-14 13:14:50 Image size of job updated: 16064
	15  -  MemoryUsage of job (MB)
	15340  -  ResidentSetSize of job (KB)
...
006 (2066.004.000) 2026-05-14 13:44:52 Image size of job updated: 16064
	15  -  MemoryUsage of job (MB)
	15352  -  ResidentSetSize of job (KB)
...
006 (2066.004.000) 2026-05-14 15:05:00 Image size of job updated: 16064
	16  -  MemoryUsage of job (MB)
	15380  -  ResidentSetSize of job (KB)
...
006 (2066.004.000) 2026-05-14 15:35:03 Image size of job updated: 16068
	16  -  MemoryUsage of job (MB)
	15380  -  ResidentSetSize of job (KB)
...
006 (2066.004.000) 2026-05-14 16:10:06 Image size of job updated: 16080
	16  -  MemoryUsage of job (MB)
	15408  -  ResidentSetSize of job (KB)
...
006 (2066.004.000) 2026-05-14 16:20:08 Image size of job updated: 16080
	16  -  MemoryUsage of job (MB)
	15416  -  ResidentSetSize of job (KB)
...
006 (2066.004.000) 2026-05-14 16:35:10 Image size of job updated: 16088
	16  -  MemoryUsage of job (MB)
	15416  -  ResidentSetSize of job (KB)
...
006 (2066.004.000) 2026-05-14 17:00:11 Image size of job updated: 16100
	16  -  MemoryUsage of job (MB)
	15416  -  ResidentSetSize of job (KB)
...
006 (2066.004.000) 2026-05-14 17:25:15 Image size of job updated: 16104
	16  -  MemoryUsage of job (MB)
	15416  -  ResidentSetSize of job (KB)
...
006 (2066.004.000) 2026-05-14 18:15:20 Image size of job updated: 16128
	16  -  MemoryUsage of job (MB)
	15416  -  ResidentSetSize of job (KB)
...
006 (2066.004.000) 2026-05-14 18:45:22 Image size of job updated: 16148
	16  -  MemoryUsage of job (MB)
	15416  -  ResidentSetSize of job (KB)
...
006 (2066.004.000) 2026-05-14 19:30:26 Image size of job updated: 16156
	16  -  MemoryUsage of job (MB)
	15416  -  ResidentSetSize of job (KB)
...
006 (2066.004.000) 2026-05-14 19:35:27 Image size of job updated: 16420
	16  -  MemoryUsage of job (MB)
	15416  -  ResidentSetSize of job (KB)
...
006 (2066.004.000) 2026-05-14 19:50:29 Image size of job updated: 16420
	16  -  MemoryUsage of job (MB)
	15496  -  ResidentSetSize of job (KB)
...
006 (2066.004.000) 2026-05-14 20:15:32 Image size of job updated: 16420
	16  -  MemoryUsage of job (MB)
	15508  -  ResidentSetSize of job (KB)
...
006 (2066.004.000) 2026-05-14 20:40:35 Image size of job updated: 16420
	16  -  MemoryUsage of job (MB)
	15628  -  ResidentSetSize of job (KB)
...
006 (2066.004.000) 2026-05-15 01:26:03 Image size of job updated: 16420
	16  -  MemoryUsage of job (MB)
	15632  -  ResidentSetSize of job (KB)
...
006 (2066.004.000) 2026-05-15 02:16:08 Image size of job updated: 16420
	16  -  MemoryUsage of job (MB)
	15908  -  ResidentSetSize of job (KB)
...
006 (2066.004.000) 2026-05-15 06:06:33 Image size of job updated: 16452
	16  -  MemoryUsage of job (MB)
	15908  -  ResidentSetSize of job (KB)
...
006 (2066.004.000) 2026-05-15 06:41:37 Image size of job updated: 16452
	16  -  MemoryUsage of job (MB)
	16012  -  ResidentSetSize of job (KB)
...
006 (2066.004.000) 2026-05-15 06:51:38 Image size of job updated: 16524
	16  -  MemoryUsage of job (MB)
	16012  -  ResidentSetSize of job (KB)
...
006 (2066.004.000) 2026-05-15 06:56:39 Image size of job updated: 16532
	16  -  MemoryUsage of job (MB)
	16012  -  ResidentSetSize of job (KB)
...
006 (2066.004.000) 2026-05-15 07:01:40 Image size of job updated: 16540
	16  -  MemoryUsage of job (MB)
	16012  -  ResidentSetSize of job (KB)
...
006 (2066.004.000) 2026-05-15 07:16:42 Image size of job updated: 17056
	16  -  MemoryUsage of job (MB)
	16012  -  ResidentSetSize of job (KB)
...
006 (2066.004.000) 2026-05-15 07:26:42 Image size of job updated: 17060
	16  -  MemoryUsage of job (MB)
	16012  -  ResidentSetSize of job (KB)
...
006 (2066.004.000) 2026-05-15 09:06:52 Image size of job updated: 17128
	16  -  MemoryUsage of job (MB)
	16012  -  ResidentSetSize of job (KB)
...
006 (2066.004.000) 2026-05-15 10:11:59 Image size of job updated: 17160
	16  -  MemoryUsage of job (MB)
	16012  -  ResidentSetSize of job (KB)
...
006 (2066.004.000) 2026-05-15 10:27:00 Image size of job updated: 17160
	16  -  MemoryUsage of job (MB)
	16144  -  ResidentSetSize of job (KB)
...
006 (2066.004.000) 2026-05-15 10:37:01 Image size of job updated: 17160
	16  -  MemoryUsage of job (MB)
	16152  -  ResidentSetSize of job (KB)
...
006 (2066.004.000) 2026-05-15 11:17:05 Image size of job updated: 17204
	16  -  MemoryUsage of job (MB)
	16152  -  ResidentSetSize of job (KB)
...
006 (2066.004.000) 2026-05-15 11:27:06 Image size of job updated: 17204
	16  -  MemoryUsage of job (MB)
	16180  -  ResidentSetSize of job (KB)
...
006 (2066.004.000) 2026-05-15 11:37:07 Image size of job updated: 17724
	16  -  MemoryUsage of job (MB)
	16180  -  ResidentSetSize of job (KB)
...
006 (2066.004.000) 2026-05-15 11:42:08 Image size of job updated: 17724
	16  -  MemoryUsage of job (MB)
	16204  -  ResidentSetSize of job (KB)
...
005 (2066.004.000) 2026-05-15 13:28:43 Job terminated.
	(1) Normal termination (return value 0)
		Usr 2 00:59:17, Sys 0 00:13:15  -  Run Remote Usage
		Usr 0 00:00:00, Sys 0 00:00:00  -  Run Local Usage
		Usr 2 00:59:17, Sys 0 00:13:15  -  Total Remote Usage
		Usr 0 00:00:00, Sys 0 00:00:00  -  Total Local Usage
	0  -  Run Bytes Sent By Job
	0  -  Run Bytes Received By Job
	0  -  Total Bytes Sent By Job
	0  -  Total Bytes Received By Job
	Partitionable Resources :    Usage  Request Allocated 
	   Cpus                 :     0.79        1         1 
	   Disk (KB)            :  4000        4000    342046 
	   Memory (MB)          :    16           4      3568 

	Job terminated of its own accord at 2026-05-15T11:28:43Z with exit-code 0.
...
