000 (2089.003.000) 2026-06-18 15:38:34 Job submitted from host: <192.135.33.172:9618?addrs=192.135.33.172-9618&alias=theosrv-01.ca.infn.it&noUDP&sock=schedd_1878_baf3>
...
001 (2089.003.000) 2026-06-18 15:38:50 Job executing on host: <192.135.33.172:9618?addrs=192.135.33.172-9618&alias=theosrv-01.ca.infn.it&noUDP&sock=startd_1878_baf3>
	SlotName: slot5@theosrv-01.ca.infn.it
	CondorScratchDir = "/var/lib/condor/execute/dir_1379968"
	Cpus = 1
	Disk = 342046
	Memory = 3568
...
006 (2089.003.000) 2026-06-18 15:38:59 Image size of job updated: 14968
	15  -  MemoryUsage of job (MB)
	14704  -  ResidentSetSize of job (KB)
...
006 (2089.003.000) 2026-06-18 15:44:00 Image size of job updated: 15184
	15  -  MemoryUsage of job (MB)
	14704  -  ResidentSetSize of job (KB)
...
006 (2089.003.000) 2026-06-18 15:54:01 Image size of job updated: 15196
	15  -  MemoryUsage of job (MB)
	14704  -  ResidentSetSize of job (KB)
...
006 (2089.003.000) 2026-06-18 16:09:02 Image size of job updated: 15196
	15  -  MemoryUsage of job (MB)
	14776  -  ResidentSetSize of job (KB)
...
006 (2089.003.000) 2026-06-18 16:14:02 Image size of job updated: 15204
	15  -  MemoryUsage of job (MB)
	15032  -  ResidentSetSize of job (KB)
...
006 (2089.003.000) 2026-06-18 16:19:03 Image size of job updated: 15208
	15  -  MemoryUsage of job (MB)
	15032  -  ResidentSetSize of job (KB)
...
006 (2089.003.000) 2026-06-18 16:24:04 Image size of job updated: 15452
	15  -  MemoryUsage of job (MB)
	15032  -  ResidentSetSize of job (KB)
...
006 (2089.003.000) 2026-06-18 16:54:07 Image size of job updated: 15468
	15  -  MemoryUsage of job (MB)
	15032  -  ResidentSetSize of job (KB)
...
006 (2089.003.000) 2026-06-18 17:24:09 Image size of job updated: 15484
	15  -  MemoryUsage of job (MB)
	15032  -  ResidentSetSize of job (KB)
...
006 (2089.003.000) 2026-06-18 17:39:11 Image size of job updated: 15500
	15  -  MemoryUsage of job (MB)
	15032  -  ResidentSetSize of job (KB)
...
006 (2089.003.000) 2026-06-18 18:04:13 Image size of job updated: 15508
	15  -  MemoryUsage of job (MB)
	15032  -  ResidentSetSize of job (KB)
...
006 (2089.003.000) 2026-06-18 18:14:14 Image size of job updated: 15516
	15  -  MemoryUsage of job (MB)
	15032  -  ResidentSetSize of job (KB)
...
006 (2089.003.000) 2026-06-18 19:14:20 Image size of job updated: 15552
	15  -  MemoryUsage of job (MB)
	15032  -  ResidentSetSize of job (KB)
...
006 (2089.003.000) 2026-06-18 19:44:23 Image size of job updated: 15568
	15  -  MemoryUsage of job (MB)
	15032  -  ResidentSetSize of job (KB)
...
006 (2089.003.000) 2026-06-18 19:54:24 Image size of job updated: 15596
	15  -  MemoryUsage of job (MB)
	15032  -  ResidentSetSize of job (KB)
...
006 (2089.003.000) 2026-06-18 20:54:30 Image size of job updated: 15608
	15  -  MemoryUsage of job (MB)
	15032  -  ResidentSetSize of job (KB)
...
006 (2089.003.000) 2026-06-18 22:04:37 Image size of job updated: 15644
	15  -  MemoryUsage of job (MB)
	15032  -  ResidentSetSize of job (KB)
...
006 (2089.003.000) 2026-06-18 22:49:42 Image size of job updated: 15668
	15  -  MemoryUsage of job (MB)
	15032  -  ResidentSetSize of job (KB)
...
006 (2089.003.000) 2026-06-18 23:19:45 Image size of job updated: 15684
	15  -  MemoryUsage of job (MB)
	15032  -  ResidentSetSize of job (KB)
...
006 (2089.003.000) 2026-06-19 00:04:49 Image size of job updated: 15708
	15  -  MemoryUsage of job (MB)
	15032  -  ResidentSetSize of job (KB)
...
006 (2089.003.000) 2026-06-19 00:29:52 Image size of job updated: 15728
	15  -  MemoryUsage of job (MB)
	15032  -  ResidentSetSize of job (KB)
...
006 (2089.003.000) 2026-06-19 00:44:53 Image size of job updated: 15736
	15  -  MemoryUsage of job (MB)
	15032  -  ResidentSetSize of job (KB)
...
006 (2089.003.000) 2026-06-19 00:54:54 Image size of job updated: 15736
	15  -  MemoryUsage of job (MB)
	15064  -  ResidentSetSize of job (KB)
...
006 (2089.003.000) 2026-06-19 01:09:56 Image size of job updated: 15752
	15  -  MemoryUsage of job (MB)
	15064  -  ResidentSetSize of job (KB)
...
006 (2089.003.000) 2026-06-19 01:39:58 Image size of job updated: 15768
	15  -  MemoryUsage of job (MB)
	15064  -  ResidentSetSize of job (KB)
...
006 (2089.003.000) 2026-06-19 01:55:00 Image size of job updated: 15768
	15  -  MemoryUsage of job (MB)
	15096  -  ResidentSetSize of job (KB)
...
006 (2089.003.000) 2026-06-19 02:05:02 Image size of job updated: 15780
	15  -  MemoryUsage of job (MB)
	15096  -  ResidentSetSize of job (KB)
...
006 (2089.003.000) 2026-06-19 02:25:03 Image size of job updated: 15788
	15  -  MemoryUsage of job (MB)
	15112  -  ResidentSetSize of job (KB)
...
006 (2089.003.000) 2026-06-19 02:45:05 Image size of job updated: 15796
	15  -  MemoryUsage of job (MB)
	15112  -  ResidentSetSize of job (KB)
...
006 (2089.003.000) 2026-06-19 02:50:06 Image size of job updated: 15804
	15  -  MemoryUsage of job (MB)
	15112  -  ResidentSetSize of job (KB)
...
006 (2089.003.000) 2026-06-19 02:55:07 Image size of job updated: 15808
	15  -  MemoryUsage of job (MB)
	15112  -  ResidentSetSize of job (KB)
...
006 (2089.003.000) 2026-06-19 04:00:13 Image size of job updated: 15808
	15  -  MemoryUsage of job (MB)
	15168  -  ResidentSetSize of job (KB)
...
006 (2089.003.000) 2026-06-19 04:15:14 Image size of job updated: 15876
	15  -  MemoryUsage of job (MB)
	15168  -  ResidentSetSize of job (KB)
...
006 (2089.003.000) 2026-06-19 05:15:20 Image size of job updated: 15884
	15  -  MemoryUsage of job (MB)
	15168  -  ResidentSetSize of job (KB)
...
006 (2089.003.000) 2026-06-19 05:35:22 Image size of job updated: 15884
	15  -  MemoryUsage of job (MB)
	15216  -  ResidentSetSize of job (KB)
...
006 (2089.003.000) 2026-06-19 05:40:23 Image size of job updated: 15900
	15  -  MemoryUsage of job (MB)
	15216  -  ResidentSetSize of job (KB)
...
006 (2089.003.000) 2026-06-19 06:40:29 Image size of job updated: 15936
	15  -  MemoryUsage of job (MB)
	15216  -  ResidentSetSize of job (KB)
...
006 (2089.003.000) 2026-06-19 07:10:33 Image size of job updated: 15952
	15  -  MemoryUsage of job (MB)
	15272  -  ResidentSetSize of job (KB)
...
006 (2089.003.000) 2026-06-19 07:45:37 Image size of job updated: 15952
	15  -  MemoryUsage of job (MB)
	15288  -  ResidentSetSize of job (KB)
...
006 (2089.003.000) 2026-06-19 07:50:38 Image size of job updated: 15968
	15  -  MemoryUsage of job (MB)
	15288  -  ResidentSetSize of job (KB)
...
006 (2089.003.000) 2026-06-19 08:00:39 Image size of job updated: 16232
	15  -  MemoryUsage of job (MB)
	15288  -  ResidentSetSize of job (KB)
...
006 (2089.003.000) 2026-06-19 08:10:41 Image size of job updated: 16232
	15  -  MemoryUsage of job (MB)
	15304  -  ResidentSetSize of job (KB)
...
006 (2089.003.000) 2026-06-19 08:30:42 Image size of job updated: 16232
	15  -  MemoryUsage of job (MB)
	15316  -  ResidentSetSize of job (KB)
...
006 (2089.003.000) 2026-06-19 08:55:45 Image size of job updated: 16232
	15  -  MemoryUsage of job (MB)
	15328  -  ResidentSetSize of job (KB)
...
006 (2089.003.000) 2026-06-19 09:00:46 Image size of job updated: 16232
	15  -  MemoryUsage of job (MB)
	15332  -  ResidentSetSize of job (KB)
...
006 (2089.003.000) 2026-06-19 09:05:46 Image size of job updated: 16232
	15  -  MemoryUsage of job (MB)
	15336  -  ResidentSetSize of job (KB)
...
006 (2089.003.000) 2026-06-19 09:25:47 Image size of job updated: 16232
	15  -  MemoryUsage of job (MB)
	15344  -  ResidentSetSize of job (KB)
...
006 (2089.003.000) 2026-06-19 09:30:48 Image size of job updated: 16232
	15  -  MemoryUsage of job (MB)
	15348  -  ResidentSetSize of job (KB)
...
006 (2089.003.000) 2026-06-19 09:50:51 Image size of job updated: 16300
	15  -  MemoryUsage of job (MB)
	15360  -  ResidentSetSize of job (KB)
...
006 (2089.003.000) 2026-06-19 10:05:52 Image size of job updated: 16300
	16  -  MemoryUsage of job (MB)
	15788  -  ResidentSetSize of job (KB)
...
006 (2089.003.000) 2026-06-19 13:01:10 Image size of job updated: 16392
	16  -  MemoryUsage of job (MB)
	15788  -  ResidentSetSize of job (KB)
...
006 (2089.003.000) 2026-06-19 14:16:19 Image size of job updated: 16436
	16  -  MemoryUsage of job (MB)
	15788  -  ResidentSetSize of job (KB)
...
006 (2089.003.000) 2026-06-19 15:36:26 Image size of job updated: 16484
	16  -  MemoryUsage of job (MB)
	15788  -  ResidentSetSize of job (KB)
...
006 (2089.003.000) 2026-06-19 16:41:33 Image size of job updated: 16484
	16  -  MemoryUsage of job (MB)
	15836  -  ResidentSetSize of job (KB)
...
006 (2089.003.000) 2026-06-19 22:17:08 Image size of job updated: 16484
	16  -  MemoryUsage of job (MB)
	16016  -  ResidentSetSize of job (KB)
...
006 (2089.003.000) 2026-06-20 06:22:59 Image size of job updated: 16484
	16  -  MemoryUsage of job (MB)
	16020  -  ResidentSetSize of job (KB)
...
006 (2089.003.000) 2026-06-20 06:27:59 Image size of job updated: 16484
	16  -  MemoryUsage of job (MB)
	16024  -  ResidentSetSize of job (KB)
...
006 (2089.003.000) 2026-06-20 06:43:01 Image size of job updated: 16484
	16  -  MemoryUsage of job (MB)
	16032  -  ResidentSetSize of job (KB)
...
006 (2089.003.000) 2026-06-20 07:03:03 Image size of job updated: 16484
	16  -  MemoryUsage of job (MB)
	16040  -  ResidentSetSize of job (KB)
...
006 (2089.003.000) 2026-06-20 07:13:04 Image size of job updated: 16484
	16  -  MemoryUsage of job (MB)
	16044  -  ResidentSetSize of job (KB)
...
006 (2089.003.000) 2026-06-20 07:18:04 Image size of job updated: 16484
	16  -  MemoryUsage of job (MB)
	16048  -  ResidentSetSize of job (KB)
...
006 (2089.003.000) 2026-06-20 07:38:07 Image size of job updated: 16484
	16  -  MemoryUsage of job (MB)
	16056  -  ResidentSetSize of job (KB)
...
006 (2089.003.000) 2026-06-20 07:43:08 Image size of job updated: 16484
	16  -  MemoryUsage of job (MB)
	16060  -  ResidentSetSize of job (KB)
...
006 (2089.003.000) 2026-06-20 07:48:08 Image size of job updated: 16484
	16  -  MemoryUsage of job (MB)
	16064  -  ResidentSetSize of job (KB)
...
006 (2089.003.000) 2026-06-20 07:58:09 Image size of job updated: 16484
	16  -  MemoryUsage of job (MB)
	16080  -  ResidentSetSize of job (KB)
...
006 (2089.003.000) 2026-06-20 08:28:12 Image size of job updated: 16484
	16  -  MemoryUsage of job (MB)
	16084  -  ResidentSetSize of job (KB)
...
006 (2089.003.000) 2026-06-20 08:48:14 Image size of job updated: 16484
	16  -  MemoryUsage of job (MB)
	16096  -  ResidentSetSize of job (KB)
...
006 (2089.003.000) 2026-06-20 08:58:14 Image size of job updated: 16484
	16  -  MemoryUsage of job (MB)
	16100  -  ResidentSetSize of job (KB)
...
006 (2089.003.000) 2026-06-20 09:03:16 Image size of job updated: 16484
	16  -  MemoryUsage of job (MB)
	16104  -  ResidentSetSize of job (KB)
...
006 (2089.003.000) 2026-06-20 09:18:17 Image size of job updated: 16484
	16  -  MemoryUsage of job (MB)
	16112  -  ResidentSetSize of job (KB)
...
006 (2089.003.000) 2026-06-20 09:33:19 Image size of job updated: 16484
	16  -  MemoryUsage of job (MB)
	16116  -  ResidentSetSize of job (KB)
...
006 (2089.003.000) 2026-06-20 09:38:20 Image size of job updated: 16484
	16  -  MemoryUsage of job (MB)
	16120  -  ResidentSetSize of job (KB)
...
006 (2089.003.000) 2026-06-20 09:48:20 Image size of job updated: 16484
	16  -  MemoryUsage of job (MB)
	16124  -  ResidentSetSize of job (KB)
...
006 (2089.003.000) 2026-06-20 09:53:22 Image size of job updated: 16484
	16  -  MemoryUsage of job (MB)
	16128  -  ResidentSetSize of job (KB)
...
006 (2089.003.000) 2026-06-20 10:03:22 Image size of job updated: 16484
	16  -  MemoryUsage of job (MB)
	16136  -  ResidentSetSize of job (KB)
...
006 (2089.003.000) 2026-06-20 10:18:24 Image size of job updated: 16484
	16  -  MemoryUsage of job (MB)
	16140  -  ResidentSetSize of job (KB)
...
006 (2089.003.000) 2026-06-20 10:28:26 Image size of job updated: 16484
	16  -  MemoryUsage of job (MB)
	16144  -  ResidentSetSize of job (KB)
...
006 (2089.003.000) 2026-06-20 10:33:26 Image size of job updated: 16484
	16  -  MemoryUsage of job (MB)
	16148  -  ResidentSetSize of job (KB)
...
006 (2089.003.000) 2026-06-20 10:38:26 Image size of job updated: 16484
	16  -  MemoryUsage of job (MB)
	16152  -  ResidentSetSize of job (KB)
...
006 (2089.003.000) 2026-06-20 10:48:27 Image size of job updated: 16484
	16  -  MemoryUsage of job (MB)
	16156  -  ResidentSetSize of job (KB)
...
006 (2089.003.000) 2026-06-20 10:53:27 Image size of job updated: 16484
	16  -  MemoryUsage of job (MB)
	16160  -  ResidentSetSize of job (KB)
...
006 (2089.003.000) 2026-06-20 11:03:29 Image size of job updated: 16484
	16  -  MemoryUsage of job (MB)
	16164  -  ResidentSetSize of job (KB)
...
006 (2089.003.000) 2026-06-20 11:08:29 Image size of job updated: 16484
	16  -  MemoryUsage of job (MB)
	16168  -  ResidentSetSize of job (KB)
...
006 (2089.003.000) 2026-06-20 11:33:32 Image size of job updated: 16484
	16  -  MemoryUsage of job (MB)
	16176  -  ResidentSetSize of job (KB)
...
006 (2089.003.000) 2026-06-20 11:38:32 Image size of job updated: 16484
	16  -  MemoryUsage of job (MB)
	16184  -  ResidentSetSize of job (KB)
...
006 (2089.003.000) 2026-06-20 11:53:34 Image size of job updated: 16484
	16  -  MemoryUsage of job (MB)
	16192  -  ResidentSetSize of job (KB)
...
005 (2089.003.000) 2026-06-20 11:56:08 Job terminated.
	(1) Normal termination (return value 0)
		Usr 1 19:57:26, Sys 0 00:08:56  -  Run Remote Usage
		Usr 0 00:00:00, Sys 0 00:00:00  -  Run Local Usage
		Usr 1 19:57:26, Sys 0 00:08:56  -  Total Remote Usage
		Usr 0 00:00:00, Sys 0 00:00:00  -  Total Local Usage
	0  -  Run Bytes Sent By Job
	0  -  Run Bytes Received By Job
	0  -  Total Bytes Sent By Job
	0  -  Total Bytes Received By Job
	Partitionable Resources :    Usage  Request Allocated 
	   Cpus                 :     1.00        1         1 
	   Disk (KB)            :  4000        4000    342046 
	   Memory (MB)          :    16           4      3568 

	Job terminated of its own accord at 2026-06-20T09:56:08Z with exit-code 0.
...
