000 (2066.044.000) 2026-05-13 12:01:46 Job submitted from host: <192.135.33.172:9618?addrs=192.135.33.172-9618&alias=theosrv-01.ca.infn.it&noUDP&sock=schedd_1878_baf3>
...
001 (2066.044.000) 2026-05-13 12:02:06 Job executing on host: <192.135.33.172:9618?addrs=192.135.33.172-9618&alias=theosrv-01.ca.infn.it&noUDP&sock=startd_1878_baf3>
	SlotName: slot45@theosrv-01.ca.infn.it
	CondorScratchDir = "/var/lib/condor/execute/dir_482013"
	Cpus = 1
	Disk = 342046
	Memory = 3568
...
006 (2066.044.000) 2026-05-13 12:02:14 Image size of job updated: 14964
	15  -  MemoryUsage of job (MB)
	14676  -  ResidentSetSize of job (KB)
...
006 (2066.044.000) 2026-05-13 12:07:14 Image size of job updated: 14992
	15  -  MemoryUsage of job (MB)
	14676  -  ResidentSetSize of job (KB)
...
006 (2066.044.000) 2026-05-13 12:12:14 Image size of job updated: 14992
	15  -  MemoryUsage of job (MB)
	14732  -  ResidentSetSize of job (KB)
...
006 (2066.044.000) 2026-05-13 12:17:15 Image size of job updated: 15160
	15  -  MemoryUsage of job (MB)
	14732  -  ResidentSetSize of job (KB)
...
006 (2066.044.000) 2026-05-13 12:27:15 Image size of job updated: 15164
	15  -  MemoryUsage of job (MB)
	14732  -  ResidentSetSize of job (KB)
...
006 (2066.044.000) 2026-05-13 12:32:16 Image size of job updated: 15168
	15  -  MemoryUsage of job (MB)
	14732  -  ResidentSetSize of job (KB)
...
006 (2066.044.000) 2026-05-13 12:37:17 Image size of job updated: 15172
	15  -  MemoryUsage of job (MB)
	14748  -  ResidentSetSize of job (KB)
...
006 (2066.044.000) 2026-05-13 12:52:19 Image size of job updated: 15176
	15  -  MemoryUsage of job (MB)
	14748  -  ResidentSetSize of job (KB)
...
006 (2066.044.000) 2026-05-13 12:57:19 Image size of job updated: 15180
	15  -  MemoryUsage of job (MB)
	14748  -  ResidentSetSize of job (KB)
...
006 (2066.044.000) 2026-05-13 13:02:19 Image size of job updated: 15188
	15  -  MemoryUsage of job (MB)
	14748  -  ResidentSetSize of job (KB)
...
006 (2066.044.000) 2026-05-13 13:17:20 Image size of job updated: 15280
	15  -  MemoryUsage of job (MB)
	14768  -  ResidentSetSize of job (KB)
...
006 (2066.044.000) 2026-05-13 13:37:23 Image size of job updated: 15280
	15  -  MemoryUsage of job (MB)
	14776  -  ResidentSetSize of job (KB)
...
006 (2066.044.000) 2026-05-13 14:52:30 Image size of job updated: 15280
	15  -  MemoryUsage of job (MB)
	14812  -  ResidentSetSize of job (KB)
...
006 (2066.044.000) 2026-05-13 15:17:33 Image size of job updated: 15336
	15  -  MemoryUsage of job (MB)
	14812  -  ResidentSetSize of job (KB)
...
006 (2066.044.000) 2026-05-13 15:57:37 Image size of job updated: 15336
	15  -  MemoryUsage of job (MB)
	14848  -  ResidentSetSize of job (KB)
...
006 (2066.044.000) 2026-05-13 16:57:43 Image size of job updated: 15556
	15  -  MemoryUsage of job (MB)
	14876  -  ResidentSetSize of job (KB)
...
006 (2066.044.000) 2026-05-13 17:07:44 Image size of job updated: 15556
	15  -  MemoryUsage of job (MB)
	14880  -  ResidentSetSize of job (KB)
...
006 (2066.044.000) 2026-05-13 18:07:52 Image size of job updated: 15556
	15  -  MemoryUsage of job (MB)
	14908  -  ResidentSetSize of job (KB)
...
006 (2066.044.000) 2026-05-13 18:27:54 Image size of job updated: 15612
	15  -  MemoryUsage of job (MB)
	14908  -  ResidentSetSize of job (KB)
...
006 (2066.044.000) 2026-05-13 19:17:59 Image size of job updated: 15612
	15  -  MemoryUsage of job (MB)
	14944  -  ResidentSetSize of job (KB)
...
006 (2066.044.000) 2026-05-13 20:23:06 Image size of job updated: 15612
	15  -  MemoryUsage of job (MB)
	14980  -  ResidentSetSize of job (KB)
...
006 (2066.044.000) 2026-05-13 20:58:09 Image size of job updated: 15612
	15  -  MemoryUsage of job (MB)
	15004  -  ResidentSetSize of job (KB)
...
006 (2066.044.000) 2026-05-13 22:23:18 Image size of job updated: 15612
	15  -  MemoryUsage of job (MB)
	15040  -  ResidentSetSize of job (KB)
...
006 (2066.044.000) 2026-05-13 23:38:26 Image size of job updated: 15612
	15  -  MemoryUsage of job (MB)
	15076  -  ResidentSetSize of job (KB)
...
006 (2066.044.000) 2026-05-13 23:43:26 Image size of job updated: 15612
	15  -  MemoryUsage of job (MB)
	15080  -  ResidentSetSize of job (KB)
...
006 (2066.044.000) 2026-05-13 23:48:26 Image size of job updated: 15612
	15  -  MemoryUsage of job (MB)
	15084  -  ResidentSetSize of job (KB)
...
006 (2066.044.000) 2026-05-14 00:08:29 Image size of job updated: 15612
	15  -  MemoryUsage of job (MB)
	15096  -  ResidentSetSize of job (KB)
...
006 (2066.044.000) 2026-05-14 00:28:31 Image size of job updated: 15612
	15  -  MemoryUsage of job (MB)
	15104  -  ResidentSetSize of job (KB)
...
006 (2066.044.000) 2026-05-14 00:58:34 Image size of job updated: 15612
	15  -  MemoryUsage of job (MB)
	15116  -  ResidentSetSize of job (KB)
...
006 (2066.044.000) 2026-05-14 02:13:41 Image size of job updated: 15612
	15  -  MemoryUsage of job (MB)
	15152  -  ResidentSetSize of job (KB)
...
006 (2066.044.000) 2026-05-14 02:23:42 Image size of job updated: 15612
	15  -  MemoryUsage of job (MB)
	15160  -  ResidentSetSize of job (KB)
...
006 (2066.044.000) 2026-05-14 03:33:50 Image size of job updated: 15872
	15  -  MemoryUsage of job (MB)
	15160  -  ResidentSetSize of job (KB)
...
006 (2066.044.000) 2026-05-14 03:43:50 Image size of job updated: 15872
	15  -  MemoryUsage of job (MB)
	15200  -  ResidentSetSize of job (KB)
...
006 (2066.044.000) 2026-05-14 04:53:58 Image size of job updated: 15916
	15  -  MemoryUsage of job (MB)
	15200  -  ResidentSetSize of job (KB)
...
006 (2066.044.000) 2026-05-14 07:09:14 Image size of job updated: 15916
	15  -  MemoryUsage of job (MB)
	15296  -  ResidentSetSize of job (KB)
...
006 (2066.044.000) 2026-05-14 07:14:14 Image size of job updated: 15972
	15  -  MemoryUsage of job (MB)
	15296  -  ResidentSetSize of job (KB)
...
006 (2066.044.000) 2026-05-14 07:34:15 Image size of job updated: 15972
	15  -  MemoryUsage of job (MB)
	15312  -  ResidentSetSize of job (KB)
...
006 (2066.044.000) 2026-05-14 08:09:19 Image size of job updated: 15972
	15  -  MemoryUsage of job (MB)
	15328  -  ResidentSetSize of job (KB)
...
006 (2066.044.000) 2026-05-14 10:04:32 Image size of job updated: 16060
	15  -  MemoryUsage of job (MB)
	15328  -  ResidentSetSize of job (KB)
...
006 (2066.044.000) 2026-05-14 10:19:34 Image size of job updated: 16068
	15  -  MemoryUsage of job (MB)
	15328  -  ResidentSetSize of job (KB)
...
006 (2066.044.000) 2026-05-14 10:49:37 Image size of job updated: 16088
	15  -  MemoryUsage of job (MB)
	15328  -  ResidentSetSize of job (KB)
...
006 (2066.044.000) 2026-05-14 11:04:39 Image size of job updated: 16088
	16  -  MemoryUsage of job (MB)
	15668  -  ResidentSetSize of job (KB)
...
006 (2066.044.000) 2026-05-14 11:49:43 Image size of job updated: 16136
	16  -  MemoryUsage of job (MB)
	15668  -  ResidentSetSize of job (KB)
...
006 (2066.044.000) 2026-05-14 13:54:56 Image size of job updated: 16352
	16  -  MemoryUsage of job (MB)
	15668  -  ResidentSetSize of job (KB)
...
006 (2066.044.000) 2026-05-14 20:15:36 Image size of job updated: 16360
	16  -  MemoryUsage of job (MB)
	15668  -  ResidentSetSize of job (KB)
...
006 (2066.044.000) 2026-05-14 20:25:37 Image size of job updated: 16360
	16  -  MemoryUsage of job (MB)
	15684  -  ResidentSetSize of job (KB)
...
006 (2066.044.000) 2026-05-14 20:35:38 Image size of job updated: 16376
	16  -  MemoryUsage of job (MB)
	15684  -  ResidentSetSize of job (KB)
...
006 (2066.044.000) 2026-05-14 21:15:42 Image size of job updated: 16376
	16  -  MemoryUsage of job (MB)
	15712  -  ResidentSetSize of job (KB)
...
006 (2066.044.000) 2026-05-14 21:45:45 Image size of job updated: 16400
	16  -  MemoryUsage of job (MB)
	15712  -  ResidentSetSize of job (KB)
...
006 (2066.044.000) 2026-05-14 22:15:48 Image size of job updated: 16412
	16  -  MemoryUsage of job (MB)
	15712  -  ResidentSetSize of job (KB)
...
006 (2066.044.000) 2026-05-14 22:35:50 Image size of job updated: 16424
	16  -  MemoryUsage of job (MB)
	15712  -  ResidentSetSize of job (KB)
...
006 (2066.044.000) 2026-05-14 22:40:51 Image size of job updated: 16680
	16  -  MemoryUsage of job (MB)
	15712  -  ResidentSetSize of job (KB)
...
006 (2066.044.000) 2026-05-15 00:56:06 Image size of job updated: 16680
	16  -  MemoryUsage of job (MB)
	15816  -  ResidentSetSize of job (KB)
...
006 (2066.044.000) 2026-05-15 01:31:10 Image size of job updated: 16680
	16  -  MemoryUsage of job (MB)
	15832  -  ResidentSetSize of job (KB)
...
006 (2066.044.000) 2026-05-15 02:41:18 Image size of job updated: 16680
	16  -  MemoryUsage of job (MB)
	15868  -  ResidentSetSize of job (KB)
...
006 (2066.044.000) 2026-05-15 03:06:21 Image size of job updated: 16680
	16  -  MemoryUsage of job (MB)
	15880  -  ResidentSetSize of job (KB)
...
006 (2066.044.000) 2026-05-15 04:11:27 Image size of job updated: 16680
	16  -  MemoryUsage of job (MB)
	15908  -  ResidentSetSize of job (KB)
...
006 (2066.044.000) 2026-05-15 05:26:35 Image size of job updated: 16680
	16  -  MemoryUsage of job (MB)
	15948  -  ResidentSetSize of job (KB)
...
006 (2066.044.000) 2026-05-15 06:41:42 Image size of job updated: 16680
	16  -  MemoryUsage of job (MB)
	15984  -  ResidentSetSize of job (KB)
...
005 (2066.044.000) 2026-05-15 06:45:52 Job terminated.
	(1) Normal termination (return value 0)
		Usr 1 18:20:10, Sys 0 00:11:09  -  Run Remote Usage
		Usr 0 00:00:00, Sys 0 00:00:00  -  Run Local Usage
		Usr 1 18:20:10, Sys 0 00:11:09  -  Total Remote Usage
		Usr 0 00:00:00, Sys 0 00:00:00  -  Total Local Usage
	0  -  Run Bytes Sent By Job
	0  -  Run Bytes Received By Job
	0  -  Total Bytes Sent By Job
	0  -  Total Bytes Received By Job
	Partitionable Resources :    Usage  Request Allocated 
	   Cpus                 :     0.99        1         1 
	   Disk (KB)            :  4000        4000    342046 
	   Memory (MB)          :    16           4      3568 

	Job terminated of its own accord at 2026-05-15T04:45:52Z with exit-code 0.
...
