000 (2090.022.000) 2026-06-19 17:01:18 Job submitted from host: <192.135.33.172:9618?addrs=192.135.33.172-9618&alias=theosrv-01.ca.infn.it&noUDP&sock=schedd_1878_baf3>
...
001 (2090.022.000) 2026-06-20 11:56:32 Job executing on host: <192.135.33.172:9618?addrs=192.135.33.172-9618&alias=theosrv-01.ca.infn.it&noUDP&sock=startd_1878_baf3>
	SlotName: slot5@theosrv-01.ca.infn.it
	CondorScratchDir = "/var/lib/condor/execute/dir_1583966"
	Cpus = 1
	Disk = 342046
	Memory = 3568
...
006 (2090.022.000) 2026-06-20 11:56:41 Image size of job updated: 11332
	12  -  MemoryUsage of job (MB)
	11332  -  ResidentSetSize of job (KB)
...
006 (2090.022.000) 2026-06-20 12:01:42 Image size of job updated: 11700
	12  -  MemoryUsage of job (MB)
	11444  -  ResidentSetSize of job (KB)
...
006 (2090.022.000) 2026-06-20 12:06:43 Image size of job updated: 11888
	12  -  MemoryUsage of job (MB)
	11444  -  ResidentSetSize of job (KB)
...
006 (2090.022.000) 2026-06-20 12:11:43 Image size of job updated: 11888
	12  -  MemoryUsage of job (MB)
	11452  -  ResidentSetSize of job (KB)
...
006 (2090.022.000) 2026-06-20 12:21:44 Image size of job updated: 12128
	12  -  MemoryUsage of job (MB)
	11452  -  ResidentSetSize of job (KB)
...
006 (2090.022.000) 2026-06-20 12:41:46 Image size of job updated: 12136
	12  -  MemoryUsage of job (MB)
	11452  -  ResidentSetSize of job (KB)
...
006 (2090.022.000) 2026-06-20 12:46:46 Image size of job updated: 12144
	12  -  MemoryUsage of job (MB)
	11452  -  ResidentSetSize of job (KB)
...
006 (2090.022.000) 2026-06-20 12:56:48 Image size of job updated: 12156
	12  -  MemoryUsage of job (MB)
	11452  -  ResidentSetSize of job (KB)
...
006 (2090.022.000) 2026-06-20 13:11:50 Image size of job updated: 12160
	12  -  MemoryUsage of job (MB)
	11452  -  ResidentSetSize of job (KB)
...
006 (2090.022.000) 2026-06-20 13:16:50 Image size of job updated: 12164
	12  -  MemoryUsage of job (MB)
	11452  -  ResidentSetSize of job (KB)
...
006 (2090.022.000) 2026-06-20 13:21:50 Image size of job updated: 12188
	12  -  MemoryUsage of job (MB)
	11452  -  ResidentSetSize of job (KB)
...
006 (2090.022.000) 2026-06-20 14:11:55 Image size of job updated: 12196
	12  -  MemoryUsage of job (MB)
	11452  -  ResidentSetSize of job (KB)
...
006 (2090.022.000) 2026-06-20 14:31:57 Image size of job updated: 12200
	12  -  MemoryUsage of job (MB)
	11452  -  ResidentSetSize of job (KB)
...
006 (2090.022.000) 2026-06-20 14:41:58 Image size of job updated: 12232
	12  -  MemoryUsage of job (MB)
	11452  -  ResidentSetSize of job (KB)
...
006 (2090.022.000) 2026-06-20 15:27:03 Image size of job updated: 12492
	12  -  MemoryUsage of job (MB)
	11452  -  ResidentSetSize of job (KB)
...
006 (2090.022.000) 2026-06-20 16:17:08 Image size of job updated: 12492
	12  -  MemoryUsage of job (MB)
	11584  -  ResidentSetSize of job (KB)
...
006 (2090.022.000) 2026-06-20 17:02:12 Image size of job updated: 12492
	12  -  MemoryUsage of job (MB)
	11616  -  ResidentSetSize of job (KB)
...
006 (2090.022.000) 2026-06-20 18:47:23 Image size of job updated: 12492
	12  -  MemoryUsage of job (MB)
	11676  -  ResidentSetSize of job (KB)
...
006 (2090.022.000) 2026-06-20 18:52:23 Image size of job updated: 12492
	12  -  MemoryUsage of job (MB)
	11848  -  ResidentSetSize of job (KB)
...
006 (2090.022.000) 2026-06-20 22:32:48 Image size of job updated: 12728
	12  -  MemoryUsage of job (MB)
	11848  -  ResidentSetSize of job (KB)
...
006 (2090.022.000) 2026-06-21 00:33:00 Image size of job updated: 12728
	12  -  MemoryUsage of job (MB)
	11868  -  ResidentSetSize of job (KB)
...
006 (2090.022.000) 2026-06-21 00:53:02 Image size of job updated: 12728
	12  -  MemoryUsage of job (MB)
	11876  -  ResidentSetSize of job (KB)
...
006 (2090.022.000) 2026-06-21 02:08:09 Image size of job updated: 12728
	12  -  MemoryUsage of job (MB)
	11924  -  ResidentSetSize of job (KB)
...
006 (2090.022.000) 2026-06-21 04:08:21 Image size of job updated: 12728
	12  -  MemoryUsage of job (MB)
	11992  -  ResidentSetSize of job (KB)
...
006 (2090.022.000) 2026-06-21 04:48:25 Image size of job updated: 12944
	12  -  MemoryUsage of job (MB)
	12012  -  ResidentSetSize of job (KB)
...
006 (2090.022.000) 2026-06-21 05:03:27 Image size of job updated: 12944
	12  -  MemoryUsage of job (MB)
	12020  -  ResidentSetSize of job (KB)
...
006 (2090.022.000) 2026-06-21 05:18:29 Image size of job updated: 12944
	12  -  MemoryUsage of job (MB)
	12192  -  ResidentSetSize of job (KB)
...
006 (2090.022.000) 2026-06-21 06:08:34 Image size of job updated: 12988
	12  -  MemoryUsage of job (MB)
	12192  -  ResidentSetSize of job (KB)
...
006 (2090.022.000) 2026-06-21 06:33:35 Image size of job updated: 12988
	13  -  MemoryUsage of job (MB)
	12324  -  ResidentSetSize of job (KB)
...
006 (2090.022.000) 2026-06-21 09:13:53 Image size of job updated: 13096
	13  -  MemoryUsage of job (MB)
	12324  -  ResidentSetSize of job (KB)
...
006 (2090.022.000) 2026-06-21 09:48:57 Image size of job updated: 13108
	13  -  MemoryUsage of job (MB)
	12324  -  ResidentSetSize of job (KB)
...
006 (2090.022.000) 2026-06-21 12:54:15 Image size of job updated: 13212
	13  -  MemoryUsage of job (MB)
	12324  -  ResidentSetSize of job (KB)
...
006 (2090.022.000) 2026-06-21 13:24:18 Image size of job updated: 13228
	13  -  MemoryUsage of job (MB)
	12324  -  ResidentSetSize of job (KB)
...
006 (2090.022.000) 2026-06-21 13:39:20 Image size of job updated: 13328
	13  -  MemoryUsage of job (MB)
	12324  -  ResidentSetSize of job (KB)
...
006 (2090.022.000) 2026-06-21 13:44:20 Image size of job updated: 13340
	13  -  MemoryUsage of job (MB)
	13084  -  ResidentSetSize of job (KB)
...
006 (2090.022.000) 2026-06-21 14:04:23 Image size of job updated: 13348
	13  -  MemoryUsage of job (MB)
	13084  -  ResidentSetSize of job (KB)
...
006 (2090.022.000) 2026-06-21 14:14:24 Image size of job updated: 13612
	13  -  MemoryUsage of job (MB)
	13084  -  ResidentSetSize of job (KB)
...
006 (2090.022.000) 2026-06-21 16:44:38 Image size of job updated: 13708
	13  -  MemoryUsage of job (MB)
	13084  -  ResidentSetSize of job (KB)
...
006 (2090.022.000) 2026-06-21 16:49:38 Image size of job updated: 13872
	13  -  MemoryUsage of job (MB)
	13084  -  ResidentSetSize of job (KB)
...
006 (2090.022.000) 2026-06-22 03:30:48 Image size of job updated: 13872
	13  -  MemoryUsage of job (MB)
	13100  -  ResidentSetSize of job (KB)
...
005 (2090.022.000) 2026-06-22 04:33:08 Job terminated.
	(1) Normal termination (return value 0)
		Usr 1 16:15:09, Sys 0 00:10:21  -  Run Remote Usage
		Usr 0 00:00:00, Sys 0 00:00:00  -  Run Local Usage
		Usr 1 16:15:09, Sys 0 00:10:21  -  Total Remote Usage
		Usr 0 00:00:00, Sys 0 00:00:00  -  Total Local Usage
	0  -  Run Bytes Sent By Job
	0  -  Run Bytes Received By Job
	0  -  Total Bytes Sent By Job
	0  -  Total Bytes Received By Job
	Partitionable Resources :    Usage  Request Allocated 
	   Cpus                 :     1.00        1         1 
	   Disk (KB)            :  4000        4000    342046 
	   Memory (MB)          :    13           4      3568 

	Job terminated of its own accord at 2026-06-22T02:33:08Z with exit-code 0.
...
