000 (2089.021.000) 2026-06-18 15:38:34 Job submitted from host: <192.135.33.172:9618?addrs=192.135.33.172-9618&alias=theosrv-01.ca.infn.it&noUDP&sock=schedd_1878_baf3>
...
001 (2089.021.000) 2026-06-18 15:38:50 Job executing on host: <192.135.33.172:9618?addrs=192.135.33.172-9618&alias=theosrv-01.ca.infn.it&noUDP&sock=startd_1878_baf3>
	SlotName: slot23@theosrv-01.ca.infn.it
	CondorScratchDir = "/var/lib/condor/execute/dir_1379986"
	Cpus = 1
	Disk = 342046
	Memory = 3568
...
006 (2089.021.000) 2026-06-18 15:38:59 Image size of job updated: 15172
	15  -  MemoryUsage of job (MB)
	14356  -  ResidentSetSize of job (KB)
...
006 (2089.021.000) 2026-06-18 15:44:00 Image size of job updated: 15172
	15  -  MemoryUsage of job (MB)
	14496  -  ResidentSetSize of job (KB)
...
006 (2089.021.000) 2026-06-18 15:54:01 Image size of job updated: 15184
	15  -  MemoryUsage of job (MB)
	14496  -  ResidentSetSize of job (KB)
...
006 (2089.021.000) 2026-06-18 15:59:01 Image size of job updated: 15184
	15  -  MemoryUsage of job (MB)
	14688  -  ResidentSetSize of job (KB)
...
006 (2089.021.000) 2026-06-18 16:04:02 Image size of job updated: 15184
	15  -  MemoryUsage of job (MB)
	14692  -  ResidentSetSize of job (KB)
...
006 (2089.021.000) 2026-06-18 16:09:02 Image size of job updated: 15184
	15  -  MemoryUsage of job (MB)
	14700  -  ResidentSetSize of job (KB)
...
006 (2089.021.000) 2026-06-18 16:49:06 Image size of job updated: 15184
	15  -  MemoryUsage of job (MB)
	14716  -  ResidentSetSize of job (KB)
...
006 (2089.021.000) 2026-06-18 17:29:11 Image size of job updated: 15252
	15  -  MemoryUsage of job (MB)
	14716  -  ResidentSetSize of job (KB)
...
006 (2089.021.000) 2026-06-18 17:54:12 Image size of job updated: 15252
	15  -  MemoryUsage of job (MB)
	14756  -  ResidentSetSize of job (KB)
...
006 (2089.021.000) 2026-06-18 18:04:14 Image size of job updated: 15268
	15  -  MemoryUsage of job (MB)
	14756  -  ResidentSetSize of job (KB)
...
006 (2089.021.000) 2026-06-18 18:14:15 Image size of job updated: 15268
	15  -  MemoryUsage of job (MB)
	14764  -  ResidentSetSize of job (KB)
...
006 (2089.021.000) 2026-06-18 18:59:19 Image size of job updated: 15268
	15  -  MemoryUsage of job (MB)
	14788  -  ResidentSetSize of job (KB)
...
006 (2089.021.000) 2026-06-18 19:04:20 Image size of job updated: 15308
	15  -  MemoryUsage of job (MB)
	14788  -  ResidentSetSize of job (KB)
...
006 (2089.021.000) 2026-06-18 19:34:22 Image size of job updated: 15308
	15  -  MemoryUsage of job (MB)
	14812  -  ResidentSetSize of job (KB)
...
006 (2089.021.000) 2026-06-18 20:24:27 Image size of job updated: 15352
	15  -  MemoryUsage of job (MB)
	14812  -  ResidentSetSize of job (KB)
...
006 (2089.021.000) 2026-06-18 21:04:32 Image size of job updated: 15540
	15  -  MemoryUsage of job (MB)
	14812  -  ResidentSetSize of job (KB)
...
006 (2089.021.000) 2026-06-18 21:19:33 Image size of job updated: 15540
	15  -  MemoryUsage of job (MB)
	14872  -  ResidentSetSize of job (KB)
...
006 (2089.021.000) 2026-06-18 21:34:35 Image size of job updated: 15564
	15  -  MemoryUsage of job (MB)
	14872  -  ResidentSetSize of job (KB)
...
006 (2089.021.000) 2026-06-18 22:24:40 Image size of job updated: 15564
	15  -  MemoryUsage of job (MB)
	14920  -  ResidentSetSize of job (KB)
...
006 (2089.021.000) 2026-06-18 23:34:48 Image size of job updated: 15632
	15  -  MemoryUsage of job (MB)
	14952  -  ResidentSetSize of job (KB)
...
006 (2089.021.000) 2026-06-19 00:29:53 Image size of job updated: 15632
	15  -  MemoryUsage of job (MB)
	14984  -  ResidentSetSize of job (KB)
...
006 (2089.021.000) 2026-06-19 02:35:06 Image size of job updated: 15632
	15  -  MemoryUsage of job (MB)
	15056  -  ResidentSetSize of job (KB)
...
006 (2089.021.000) 2026-06-19 02:55:08 Image size of job updated: 15632
	15  -  MemoryUsage of job (MB)
	15068  -  ResidentSetSize of job (KB)
...
006 (2089.021.000) 2026-06-19 03:55:13 Image size of job updated: 15772
	15  -  MemoryUsage of job (MB)
	15068  -  ResidentSetSize of job (KB)
...
006 (2089.021.000) 2026-06-19 04:10:15 Image size of job updated: 15772
	15  -  MemoryUsage of job (MB)
	15108  -  ResidentSetSize of job (KB)
...
006 (2089.021.000) 2026-06-19 04:45:19 Image size of job updated: 15804
	15  -  MemoryUsage of job (MB)
	15108  -  ResidentSetSize of job (KB)
...
006 (2089.021.000) 2026-06-19 05:30:23 Image size of job updated: 15860
	15  -  MemoryUsage of job (MB)
	15108  -  ResidentSetSize of job (KB)
...
006 (2089.021.000) 2026-06-19 06:05:27 Image size of job updated: 15860
	15  -  MemoryUsage of job (MB)
	15172  -  ResidentSetSize of job (KB)
...
006 (2089.021.000) 2026-06-19 06:40:30 Image size of job updated: 15872
	15  -  MemoryUsage of job (MB)
	15172  -  ResidentSetSize of job (KB)
...
006 (2089.021.000) 2026-06-19 07:25:35 Image size of job updated: 15896
	15  -  MemoryUsage of job (MB)
	15172  -  ResidentSetSize of job (KB)
...
006 (2089.021.000) 2026-06-19 07:40:37 Image size of job updated: 15904
	15  -  MemoryUsage of job (MB)
	15172  -  ResidentSetSize of job (KB)
...
006 (2089.021.000) 2026-06-19 07:55:38 Image size of job updated: 16004
	15  -  MemoryUsage of job (MB)
	15172  -  ResidentSetSize of job (KB)
...
006 (2089.021.000) 2026-06-19 08:10:39 Image size of job updated: 16004
	15  -  MemoryUsage of job (MB)
	15248  -  ResidentSetSize of job (KB)
...
006 (2089.021.000) 2026-06-19 08:35:42 Image size of job updated: 16004
	15  -  MemoryUsage of job (MB)
	15260  -  ResidentSetSize of job (KB)
...
006 (2089.021.000) 2026-06-19 09:25:48 Image size of job updated: 16216
	15  -  MemoryUsage of job (MB)
	15260  -  ResidentSetSize of job (KB)
...
006 (2089.021.000) 2026-06-19 09:35:49 Image size of job updated: 16216
	15  -  MemoryUsage of job (MB)
	15292  -  ResidentSetSize of job (KB)
...
006 (2089.021.000) 2026-06-19 09:55:51 Image size of job updated: 16216
	15  -  MemoryUsage of job (MB)
	15304  -  ResidentSetSize of job (KB)
...
006 (2089.021.000) 2026-06-19 10:25:55 Image size of job updated: 16216
	16  -  MemoryUsage of job (MB)
	15652  -  ResidentSetSize of job (KB)
...
006 (2089.021.000) 2026-06-19 12:31:09 Image size of job updated: 16416
	16  -  MemoryUsage of job (MB)
	15652  -  ResidentSetSize of job (KB)
...
006 (2089.021.000) 2026-06-19 13:21:14 Image size of job updated: 16416
	16  -  MemoryUsage of job (MB)
	15784  -  ResidentSetSize of job (KB)
...
006 (2089.021.000) 2026-06-19 15:26:28 Image size of job updated: 16512
	16  -  MemoryUsage of job (MB)
	15784  -  ResidentSetSize of job (KB)
...
006 (2089.021.000) 2026-06-19 17:41:41 Image size of job updated: 16512
	16  -  MemoryUsage of job (MB)
	15816  -  ResidentSetSize of job (KB)
...
006 (2089.021.000) 2026-06-19 21:32:06 Image size of job updated: 16512
	16  -  MemoryUsage of job (MB)
	15848  -  ResidentSetSize of job (KB)
...
006 (2089.021.000) 2026-06-20 03:07:41 Image size of job updated: 16512
	16  -  MemoryUsage of job (MB)
	15852  -  ResidentSetSize of job (KB)
...
006 (2089.021.000) 2026-06-20 03:32:44 Image size of job updated: 16512
	16  -  MemoryUsage of job (MB)
	15864  -  ResidentSetSize of job (KB)
...
006 (2089.021.000) 2026-06-20 03:42:45 Image size of job updated: 16512
	16  -  MemoryUsage of job (MB)
	15872  -  ResidentSetSize of job (KB)
...
006 (2089.021.000) 2026-06-20 03:57:47 Image size of job updated: 16512
	16  -  MemoryUsage of job (MB)
	15880  -  ResidentSetSize of job (KB)
...
006 (2089.021.000) 2026-06-20 04:12:48 Image size of job updated: 16512
	16  -  MemoryUsage of job (MB)
	15888  -  ResidentSetSize of job (KB)
...
006 (2089.021.000) 2026-06-20 04:27:50 Image size of job updated: 16512
	16  -  MemoryUsage of job (MB)
	15896  -  ResidentSetSize of job (KB)
...
006 (2089.021.000) 2026-06-20 04:47:52 Image size of job updated: 16512
	16  -  MemoryUsage of job (MB)
	15904  -  ResidentSetSize of job (KB)
...
006 (2089.021.000) 2026-06-20 04:57:53 Image size of job updated: 16512
	16  -  MemoryUsage of job (MB)
	15908  -  ResidentSetSize of job (KB)
...
006 (2089.021.000) 2026-06-20 05:02:53 Image size of job updated: 16512
	16  -  MemoryUsage of job (MB)
	15912  -  ResidentSetSize of job (KB)
...
006 (2089.021.000) 2026-06-20 05:12:54 Image size of job updated: 16512
	16  -  MemoryUsage of job (MB)
	15916  -  ResidentSetSize of job (KB)
...
006 (2089.021.000) 2026-06-20 05:17:55 Image size of job updated: 16512
	16  -  MemoryUsage of job (MB)
	15920  -  ResidentSetSize of job (KB)
...
006 (2089.021.000) 2026-06-20 05:27:56 Image size of job updated: 16512
	16  -  MemoryUsage of job (MB)
	15924  -  ResidentSetSize of job (KB)
...
006 (2089.021.000) 2026-06-20 05:32:57 Image size of job updated: 16512
	16  -  MemoryUsage of job (MB)
	15928  -  ResidentSetSize of job (KB)
...
006 (2089.021.000) 2026-06-20 05:42:57 Image size of job updated: 16512
	16  -  MemoryUsage of job (MB)
	15932  -  ResidentSetSize of job (KB)
...
006 (2089.021.000) 2026-06-20 05:47:58 Image size of job updated: 16512
	16  -  MemoryUsage of job (MB)
	15936  -  ResidentSetSize of job (KB)
...
006 (2089.021.000) 2026-06-20 05:57:58 Image size of job updated: 16512
	16  -  MemoryUsage of job (MB)
	15940  -  ResidentSetSize of job (KB)
...
006 (2089.021.000) 2026-06-20 06:02:59 Image size of job updated: 16512
	16  -  MemoryUsage of job (MB)
	15944  -  ResidentSetSize of job (KB)
...
006 (2089.021.000) 2026-06-20 06:18:01 Image size of job updated: 16512
	16  -  MemoryUsage of job (MB)
	15952  -  ResidentSetSize of job (KB)
...
006 (2089.021.000) 2026-06-20 06:33:02 Image size of job updated: 16512
	16  -  MemoryUsage of job (MB)
	15960  -  ResidentSetSize of job (KB)
...
006 (2089.021.000) 2026-06-20 06:48:03 Image size of job updated: 16512
	16  -  MemoryUsage of job (MB)
	15968  -  ResidentSetSize of job (KB)
...
006 (2089.021.000) 2026-06-20 07:03:05 Image size of job updated: 16512
	16  -  MemoryUsage of job (MB)
	15988  -  ResidentSetSize of job (KB)
...
006 (2089.021.000) 2026-06-20 07:38:08 Image size of job updated: 16512
	16  -  MemoryUsage of job (MB)
	15992  -  ResidentSetSize of job (KB)
...
006 (2089.021.000) 2026-06-20 07:48:10 Image size of job updated: 16512
	16  -  MemoryUsage of job (MB)
	15996  -  ResidentSetSize of job (KB)
...
006 (2089.021.000) 2026-06-20 07:58:11 Image size of job updated: 16512
	16  -  MemoryUsage of job (MB)
	16000  -  ResidentSetSize of job (KB)
...
006 (2089.021.000) 2026-06-20 08:03:12 Image size of job updated: 16512
	16  -  MemoryUsage of job (MB)
	16004  -  ResidentSetSize of job (KB)
...
006 (2089.021.000) 2026-06-20 08:08:12 Image size of job updated: 16512
	16  -  MemoryUsage of job (MB)
	16008  -  ResidentSetSize of job (KB)
...
006 (2089.021.000) 2026-06-20 08:18:14 Image size of job updated: 16512
	16  -  MemoryUsage of job (MB)
	16012  -  ResidentSetSize of job (KB)
...
006 (2089.021.000) 2026-06-20 08:23:14 Image size of job updated: 16512
	16  -  MemoryUsage of job (MB)
	16016  -  ResidentSetSize of job (KB)
...
006 (2089.021.000) 2026-06-20 08:38:15 Image size of job updated: 16512
	16  -  MemoryUsage of job (MB)
	16024  -  ResidentSetSize of job (KB)
...
006 (2089.021.000) 2026-06-20 08:53:17 Image size of job updated: 16512
	16  -  MemoryUsage of job (MB)
	16044  -  ResidentSetSize of job (KB)
...
006 (2089.021.000) 2026-06-20 09:33:21 Image size of job updated: 16512
	16  -  MemoryUsage of job (MB)
	16052  -  ResidentSetSize of job (KB)
...
006 (2089.021.000) 2026-06-20 09:43:23 Image size of job updated: 16512
	16  -  MemoryUsage of job (MB)
	16056  -  ResidentSetSize of job (KB)
...
006 (2089.021.000) 2026-06-20 10:03:25 Image size of job updated: 16512
	16  -  MemoryUsage of job (MB)
	16064  -  ResidentSetSize of job (KB)
...
006 (2089.021.000) 2026-06-20 10:13:26 Image size of job updated: 16512
	16  -  MemoryUsage of job (MB)
	16072  -  ResidentSetSize of job (KB)
...
006 (2089.021.000) 2026-06-20 10:23:26 Image size of job updated: 16512
	16  -  MemoryUsage of job (MB)
	16076  -  ResidentSetSize of job (KB)
...
006 (2089.021.000) 2026-06-20 10:33:28 Image size of job updated: 16512
	16  -  MemoryUsage of job (MB)
	16080  -  ResidentSetSize of job (KB)
...
006 (2089.021.000) 2026-06-20 10:43:29 Image size of job updated: 16512
	16  -  MemoryUsage of job (MB)
	16088  -  ResidentSetSize of job (KB)
...
006 (2089.021.000) 2026-06-20 10:53:30 Image size of job updated: 16512
	16  -  MemoryUsage of job (MB)
	16104  -  ResidentSetSize of job (KB)
...
006 (2089.021.000) 2026-06-20 11:28:33 Image size of job updated: 16512
	16  -  MemoryUsage of job (MB)
	16108  -  ResidentSetSize of job (KB)
...
006 (2089.021.000) 2026-06-20 11:33:34 Image size of job updated: 16512
	16  -  MemoryUsage of job (MB)
	16112  -  ResidentSetSize of job (KB)
...
006 (2089.021.000) 2026-06-20 11:43:35 Image size of job updated: 16512
	16  -  MemoryUsage of job (MB)
	16116  -  ResidentSetSize of job (KB)
...
006 (2089.021.000) 2026-06-20 11:48:36 Image size of job updated: 16512
	16  -  MemoryUsage of job (MB)
	16120  -  ResidentSetSize of job (KB)
...
005 (2089.021.000) 2026-06-20 11:49:56 Job terminated.
	(1) Normal termination (return value 0)
		Usr 1 19:51:08, Sys 0 00:08:54  -  Run Remote Usage
		Usr 0 00:00:00, Sys 0 00:00:00  -  Run Local Usage
		Usr 1 19:51:08, Sys 0 00:08:54  -  Total Remote Usage
		Usr 0 00:00:00, Sys 0 00:00:00  -  Total Local Usage
	0  -  Run Bytes Sent By Job
	0  -  Run Bytes Received By Job
	0  -  Total Bytes Sent By Job
	0  -  Total Bytes Received By Job
	Partitionable Resources :    Usage  Request Allocated 
	   Cpus                 :     0.76        1         1 
	   Disk (KB)            :  4000        4000    342046 
	   Memory (MB)          :    16           4      3568 

	Job terminated of its own accord at 2026-06-20T09:49:55Z with exit-code 0.
...
