000 (2090.044.000) 2026-06-19 17:01:18 Job submitted from host: <192.135.33.172:9618?addrs=192.135.33.172-9618&alias=theosrv-01.ca.infn.it&noUDP&sock=schedd_1878_baf3>
...
001 (2090.044.000) 2026-06-20 12:03:33 Job executing on host: <192.135.33.172:9618?addrs=192.135.33.172-9618&alias=theosrv-01.ca.infn.it&noUDP&sock=startd_1878_baf3>
	SlotName: slot38@theosrv-01.ca.infn.it
	CondorScratchDir = "/var/lib/condor/execute/dir_1584611"
	Cpus = 1
	Disk = 342046
	Memory = 3568
...
006 (2090.044.000) 2026-06-20 12:03:42 Image size of job updated: 13472
	14  -  MemoryUsage of job (MB)
	13456  -  ResidentSetSize of job (KB)
...
006 (2090.044.000) 2026-06-20 12:08:43 Image size of job updated: 13812
	14  -  MemoryUsage of job (MB)
	13556  -  ResidentSetSize of job (KB)
...
006 (2090.044.000) 2026-06-20 12:13:44 Image size of job updated: 13892
	14  -  MemoryUsage of job (MB)
	13556  -  ResidentSetSize of job (KB)
...
006 (2090.044.000) 2026-06-20 12:18:44 Image size of job updated: 14236
	14  -  MemoryUsage of job (MB)
	13556  -  ResidentSetSize of job (KB)
...
006 (2090.044.000) 2026-06-20 12:48:48 Image size of job updated: 14256
	14  -  MemoryUsage of job (MB)
	13556  -  ResidentSetSize of job (KB)
...
006 (2090.044.000) 2026-06-20 12:53:48 Image size of job updated: 14264
	14  -  MemoryUsage of job (MB)
	13592  -  ResidentSetSize of job (KB)
...
006 (2090.044.000) 2026-06-20 13:08:50 Image size of job updated: 14276
	14  -  MemoryUsage of job (MB)
	13592  -  ResidentSetSize of job (KB)
...
006 (2090.044.000) 2026-06-20 13:23:52 Image size of job updated: 14284
	14  -  MemoryUsage of job (MB)
	13592  -  ResidentSetSize of job (KB)
...
006 (2090.044.000) 2026-06-20 14:49:00 Image size of job updated: 14332
	14  -  MemoryUsage of job (MB)
	13592  -  ResidentSetSize of job (KB)
...
006 (2090.044.000) 2026-06-20 15:34:05 Image size of job updated: 14352
	14  -  MemoryUsage of job (MB)
	13592  -  ResidentSetSize of job (KB)
...
006 (2090.044.000) 2026-06-20 16:09:08 Image size of job updated: 14352
	14  -  MemoryUsage of job (MB)
	13700  -  ResidentSetSize of job (KB)
...
006 (2090.044.000) 2026-06-20 16:24:10 Image size of job updated: 14384
	14  -  MemoryUsage of job (MB)
	13700  -  ResidentSetSize of job (KB)
...
006 (2090.044.000) 2026-06-20 16:34:11 Image size of job updated: 14388
	14  -  MemoryUsage of job (MB)
	13700  -  ResidentSetSize of job (KB)
...
006 (2090.044.000) 2026-06-20 17:04:13 Image size of job updated: 14388
	14  -  MemoryUsage of job (MB)
	13728  -  ResidentSetSize of job (KB)
...
006 (2090.044.000) 2026-06-20 17:39:17 Image size of job updated: 14424
	14  -  MemoryUsage of job (MB)
	13728  -  ResidentSetSize of job (KB)
...
006 (2090.044.000) 2026-06-20 19:04:27 Image size of job updated: 14476
	14  -  MemoryUsage of job (MB)
	13728  -  ResidentSetSize of job (KB)
...
006 (2090.044.000) 2026-06-20 19:09:28 Image size of job updated: 14480
	14  -  MemoryUsage of job (MB)
	13728  -  ResidentSetSize of job (KB)
...
006 (2090.044.000) 2026-06-20 20:29:36 Image size of job updated: 14520
	14  -  MemoryUsage of job (MB)
	13728  -  ResidentSetSize of job (KB)
...
006 (2090.044.000) 2026-06-20 21:29:42 Image size of job updated: 14520
	14  -  MemoryUsage of job (MB)
	13884  -  ResidentSetSize of job (KB)
...
006 (2090.044.000) 2026-06-20 22:24:48 Image size of job updated: 14588
	14  -  MemoryUsage of job (MB)
	13884  -  ResidentSetSize of job (KB)
...
006 (2090.044.000) 2026-06-20 22:44:51 Image size of job updated: 14588
	14  -  MemoryUsage of job (MB)
	13924  -  ResidentSetSize of job (KB)
...
006 (2090.044.000) 2026-06-20 22:49:51 Image size of job updated: 14600
	14  -  MemoryUsage of job (MB)
	13924  -  ResidentSetSize of job (KB)
...
006 (2090.044.000) 2026-06-20 22:54:51 Image size of job updated: 14608
	14  -  MemoryUsage of job (MB)
	13924  -  ResidentSetSize of job (KB)
...
006 (2090.044.000) 2026-06-20 23:59:57 Image size of job updated: 14636
	14  -  MemoryUsage of job (MB)
	13924  -  ResidentSetSize of job (KB)
...
006 (2090.044.000) 2026-06-21 00:55:03 Image size of job updated: 14668
	14  -  MemoryUsage of job (MB)
	13924  -  ResidentSetSize of job (KB)
...
006 (2090.044.000) 2026-06-21 01:05:04 Image size of job updated: 14668
	14  -  MemoryUsage of job (MB)
	14004  -  ResidentSetSize of job (KB)
...
006 (2090.044.000) 2026-06-21 02:10:12 Image size of job updated: 14708
	14  -  MemoryUsage of job (MB)
	14004  -  ResidentSetSize of job (KB)
...
006 (2090.044.000) 2026-06-21 02:35:14 Image size of job updated: 14724
	14  -  MemoryUsage of job (MB)
	14004  -  ResidentSetSize of job (KB)
...
006 (2090.044.000) 2026-06-21 03:30:20 Image size of job updated: 14752
	14  -  MemoryUsage of job (MB)
	14004  -  ResidentSetSize of job (KB)
...
006 (2090.044.000) 2026-06-21 03:40:21 Image size of job updated: 14752
	14  -  MemoryUsage of job (MB)
	14100  -  ResidentSetSize of job (KB)
...
006 (2090.044.000) 2026-06-21 04:00:23 Image size of job updated: 14780
	14  -  MemoryUsage of job (MB)
	14100  -  ResidentSetSize of job (KB)
...
006 (2090.044.000) 2026-06-21 04:20:25 Image size of job updated: 14808
	14  -  MemoryUsage of job (MB)
	14100  -  ResidentSetSize of job (KB)
...
006 (2090.044.000) 2026-06-21 04:25:25 Image size of job updated: 15044
	14  -  MemoryUsage of job (MB)
	14112  -  ResidentSetSize of job (KB)
...
006 (2090.044.000) 2026-06-21 05:20:31 Image size of job updated: 15076
	14  -  MemoryUsage of job (MB)
	14112  -  ResidentSetSize of job (KB)
...
006 (2090.044.000) 2026-06-21 06:00:35 Image size of job updated: 15076
	14  -  MemoryUsage of job (MB)
	14164  -  ResidentSetSize of job (KB)
...
006 (2090.044.000) 2026-06-21 06:55:40 Image size of job updated: 15076
	14  -  MemoryUsage of job (MB)
	14200  -  ResidentSetSize of job (KB)
...
006 (2090.044.000) 2026-06-21 07:25:43 Image size of job updated: 15076
	14  -  MemoryUsage of job (MB)
	14220  -  ResidentSetSize of job (KB)
...
006 (2090.044.000) 2026-06-21 07:40:45 Image size of job updated: 15076
	14  -  MemoryUsage of job (MB)
	14224  -  ResidentSetSize of job (KB)
...
006 (2090.044.000) 2026-06-21 07:50:46 Image size of job updated: 15076
	14  -  MemoryUsage of job (MB)
	14228  -  ResidentSetSize of job (KB)
...
006 (2090.044.000) 2026-06-21 08:10:48 Image size of job updated: 15076
	14  -  MemoryUsage of job (MB)
	14240  -  ResidentSetSize of job (KB)
...
006 (2090.044.000) 2026-06-21 08:35:50 Image size of job updated: 15076
	14  -  MemoryUsage of job (MB)
	14256  -  ResidentSetSize of job (KB)
...
006 (2090.044.000) 2026-06-21 08:45:52 Image size of job updated: 15076
	14  -  MemoryUsage of job (MB)
	14272  -  ResidentSetSize of job (KB)
...
006 (2090.044.000) 2026-06-21 09:05:53 Image size of job updated: 15076
	14  -  MemoryUsage of job (MB)
	14276  -  ResidentSetSize of job (KB)
...
006 (2090.044.000) 2026-06-21 09:25:55 Image size of job updated: 15076
	14  -  MemoryUsage of job (MB)
	14280  -  ResidentSetSize of job (KB)
...
006 (2090.044.000) 2026-06-21 10:36:02 Image size of job updated: 15076
	14  -  MemoryUsage of job (MB)
	14320  -  ResidentSetSize of job (KB)
...
006 (2090.044.000) 2026-06-21 11:01:05 Image size of job updated: 15076
	15  -  MemoryUsage of job (MB)
	14444  -  ResidentSetSize of job (KB)
...
006 (2090.044.000) 2026-06-21 11:26:08 Image size of job updated: 15272
	15  -  MemoryUsage of job (MB)
	14444  -  ResidentSetSize of job (KB)
...
006 (2090.044.000) 2026-06-21 12:31:14 Image size of job updated: 15312
	15  -  MemoryUsage of job (MB)
	14444  -  ResidentSetSize of job (KB)
...
006 (2090.044.000) 2026-06-21 13:16:20 Image size of job updated: 15336
	15  -  MemoryUsage of job (MB)
	14444  -  ResidentSetSize of job (KB)
...
006 (2090.044.000) 2026-06-21 13:36:22 Image size of job updated: 15336
	15  -  MemoryUsage of job (MB)
	14684  -  ResidentSetSize of job (KB)
...
006 (2090.044.000) 2026-06-21 13:41:23 Image size of job updated: 15452
	15  -  MemoryUsage of job (MB)
	14940  -  ResidentSetSize of job (KB)
...
006 (2090.044.000) 2026-06-21 13:56:24 Image size of job updated: 15544
	15  -  MemoryUsage of job (MB)
	14940  -  ResidentSetSize of job (KB)
...
006 (2090.044.000) 2026-06-21 14:21:27 Image size of job updated: 15728
	15  -  MemoryUsage of job (MB)
	14940  -  ResidentSetSize of job (KB)
...
006 (2090.044.000) 2026-06-21 17:36:46 Image size of job updated: 15728
	15  -  MemoryUsage of job (MB)
	15008  -  ResidentSetSize of job (KB)
...
006 (2090.044.000) 2026-06-21 17:46:47 Image size of job updated: 15864
	15  -  MemoryUsage of job (MB)
	15008  -  ResidentSetSize of job (KB)
...
006 (2090.044.000) 2026-06-21 23:22:23 Image size of job updated: 15864
	15  -  MemoryUsage of job (MB)
	15060  -  ResidentSetSize of job (KB)
...
006 (2090.044.000) 2026-06-22 00:07:28 Image size of job updated: 15864
	15  -  MemoryUsage of job (MB)
	15092  -  ResidentSetSize of job (KB)
...
006 (2090.044.000) 2026-06-22 01:47:39 Image size of job updated: 15912
	15  -  MemoryUsage of job (MB)
	15092  -  ResidentSetSize of job (KB)
...
006 (2090.044.000) 2026-06-22 01:52:39 Image size of job updated: 15924
	15  -  MemoryUsage of job (MB)
	15092  -  ResidentSetSize of job (KB)
...
006 (2090.044.000) 2026-06-22 02:47:44 Image size of job updated: 15924
	15  -  MemoryUsage of job (MB)
	15192  -  ResidentSetSize of job (KB)
...
006 (2090.044.000) 2026-06-22 02:52:45 Image size of job updated: 15924
	16  -  MemoryUsage of job (MB)
	15452  -  ResidentSetSize of job (KB)
...
006 (2090.044.000) 2026-06-22 03:22:48 Image size of job updated: 15980
	16  -  MemoryUsage of job (MB)
	15452  -  ResidentSetSize of job (KB)
...
006 (2090.044.000) 2026-06-22 03:37:49 Image size of job updated: 15988
	16  -  MemoryUsage of job (MB)
	15452  -  ResidentSetSize of job (KB)
...
006 (2090.044.000) 2026-06-22 04:07:53 Image size of job updated: 16012
	16  -  MemoryUsage of job (MB)
	15452  -  ResidentSetSize of job (KB)
...
005 (2090.044.000) 2026-06-22 04:26:09 Job terminated.
	(1) Normal termination (return value 0)
		Usr 1 16:01:05, Sys 0 00:10:29  -  Run Remote Usage
		Usr 0 00:00:00, Sys 0 00:00:00  -  Run Local Usage
		Usr 1 16:01:05, Sys 0 00:10:29  -  Total Remote Usage
		Usr 0 00:00:00, Sys 0 00:00:00  -  Total Local Usage
	0  -  Run Bytes Sent By Job
	0  -  Run Bytes Received By Job
	0  -  Total Bytes Sent By Job
	0  -  Total Bytes Received By Job
	Partitionable Resources :    Usage  Request Allocated 
	   Cpus                 :     0.99        1         1 
	   Disk (KB)            :  4000        4000    342046 
	   Memory (MB)          :    16           4      3568 

	Job terminated of its own accord at 2026-06-22T02:26:09Z with exit-code 0.
...
