000 (2089.001.000) 2026-06-18 15:38:34 Job submitted from host: <192.135.33.172:9618?addrs=192.135.33.172-9618&alias=theosrv-01.ca.infn.it&noUDP&sock=schedd_1878_baf3>
...
001 (2089.001.000) 2026-06-18 15:38:50 Job executing on host: <192.135.33.172:9618?addrs=192.135.33.172-9618&alias=theosrv-01.ca.infn.it&noUDP&sock=startd_1878_baf3>
	SlotName: slot3@theosrv-01.ca.infn.it
	CondorScratchDir = "/var/lib/condor/execute/dir_1379965"
	Cpus = 1
	Disk = 342046
	Memory = 3568
...
006 (2089.001.000) 2026-06-18 15:38:58 Image size of job updated: 11428
	11  -  MemoryUsage of job (MB)
	11088  -  ResidentSetSize of job (KB)
...
006 (2089.001.000) 2026-06-18 15:43:58 Image size of job updated: 11888
	11  -  MemoryUsage of job (MB)
	11184  -  ResidentSetSize of job (KB)
...
006 (2089.001.000) 2026-06-18 15:53:59 Image size of job updated: 11952
	11  -  MemoryUsage of job (MB)
	11200  -  ResidentSetSize of job (KB)
...
006 (2089.001.000) 2026-06-18 16:09:01 Image size of job updated: 11952
	11  -  MemoryUsage of job (MB)
	11208  -  ResidentSetSize of job (KB)
...
006 (2089.001.000) 2026-06-18 16:24:03 Image size of job updated: 11952
	11  -  MemoryUsage of job (MB)
	11216  -  ResidentSetSize of job (KB)
...
006 (2089.001.000) 2026-06-18 16:34:03 Image size of job updated: 11980
	11  -  MemoryUsage of job (MB)
	11216  -  ResidentSetSize of job (KB)
...
006 (2089.001.000) 2026-06-18 16:39:04 Image size of job updated: 11980
	11  -  MemoryUsage of job (MB)
	11224  -  ResidentSetSize of job (KB)
...
006 (2089.001.000) 2026-06-18 16:54:05 Image size of job updated: 11980
	11  -  MemoryUsage of job (MB)
	11232  -  ResidentSetSize of job (KB)
...
006 (2089.001.000) 2026-06-18 17:09:07 Image size of job updated: 11980
	11  -  MemoryUsage of job (MB)
	11240  -  ResidentSetSize of job (KB)
...
006 (2089.001.000) 2026-06-18 17:24:08 Image size of job updated: 11980
	11  -  MemoryUsage of job (MB)
	11248  -  ResidentSetSize of job (KB)
...
006 (2089.001.000) 2026-06-18 17:39:09 Image size of job updated: 11980
	11  -  MemoryUsage of job (MB)
	11256  -  ResidentSetSize of job (KB)
...
006 (2089.001.000) 2026-06-18 17:49:11 Image size of job updated: 11980
	11  -  MemoryUsage of job (MB)
	11264  -  ResidentSetSize of job (KB)
...
006 (2089.001.000) 2026-06-18 17:54:11 Image size of job updated: 11980
	12  -  MemoryUsage of job (MB)
	11520  -  ResidentSetSize of job (KB)
...
006 (2089.001.000) 2026-06-18 18:19:15 Image size of job updated: 12036
	12  -  MemoryUsage of job (MB)
	11520  -  ResidentSetSize of job (KB)
...
006 (2089.001.000) 2026-06-18 18:24:15 Image size of job updated: 12212
	12  -  MemoryUsage of job (MB)
	11520  -  ResidentSetSize of job (KB)
...
006 (2089.001.000) 2026-06-18 20:34:28 Image size of job updated: 12280
	12  -  MemoryUsage of job (MB)
	11520  -  ResidentSetSize of job (KB)
...
006 (2089.001.000) 2026-06-18 22:59:43 Image size of job updated: 12364
	12  -  MemoryUsage of job (MB)
	11520  -  ResidentSetSize of job (KB)
...
006 (2089.001.000) 2026-06-19 01:50:02 Image size of job updated: 12364
	12  -  MemoryUsage of job (MB)
	11528  -  ResidentSetSize of job (KB)
...
006 (2089.001.000) 2026-06-19 02:00:02 Image size of job updated: 12364
	12  -  MemoryUsage of job (MB)
	11532  -  ResidentSetSize of job (KB)
...
006 (2089.001.000) 2026-06-19 02:05:03 Image size of job updated: 12364
	12  -  MemoryUsage of job (MB)
	11536  -  ResidentSetSize of job (KB)
...
006 (2089.001.000) 2026-06-19 02:15:03 Image size of job updated: 12364
	12  -  MemoryUsage of job (MB)
	11792  -  ResidentSetSize of job (KB)
...
006 (2089.001.000) 2026-06-19 02:35:06 Image size of job updated: 12480
	12  -  MemoryUsage of job (MB)
	11804  -  ResidentSetSize of job (KB)
...
006 (2089.001.000) 2026-06-19 03:05:08 Image size of job updated: 12480
	12  -  MemoryUsage of job (MB)
	11820  -  ResidentSetSize of job (KB)
...
006 (2089.001.000) 2026-06-19 03:30:12 Image size of job updated: 12480
	12  -  MemoryUsage of job (MB)
	11832  -  ResidentSetSize of job (KB)
...
006 (2089.001.000) 2026-06-19 03:55:13 Image size of job updated: 12480
	12  -  MemoryUsage of job (MB)
	11956  -  ResidentSetSize of job (KB)
...
006 (2089.001.000) 2026-06-19 04:10:15 Image size of job updated: 12532
	12  -  MemoryUsage of job (MB)
	11956  -  ResidentSetSize of job (KB)
...
006 (2089.001.000) 2026-06-19 06:00:28 Image size of job updated: 12596
	12  -  MemoryUsage of job (MB)
	11956  -  ResidentSetSize of job (KB)
...
006 (2089.001.000) 2026-06-19 07:10:35 Image size of job updated: 12596
	12  -  MemoryUsage of job (MB)
	11964  -  ResidentSetSize of job (KB)
...
006 (2089.001.000) 2026-06-19 07:25:36 Image size of job updated: 12644
	12  -  MemoryUsage of job (MB)
	11964  -  ResidentSetSize of job (KB)
...
006 (2089.001.000) 2026-06-19 07:35:37 Image size of job updated: 12644
	12  -  MemoryUsage of job (MB)
	11976  -  ResidentSetSize of job (KB)
...
006 (2089.001.000) 2026-06-19 07:45:38 Image size of job updated: 12644
	12  -  MemoryUsage of job (MB)
	11984  -  ResidentSetSize of job (KB)
...
006 (2089.001.000) 2026-06-19 07:50:39 Image size of job updated: 12680
	12  -  MemoryUsage of job (MB)
	11984  -  ResidentSetSize of job (KB)
...
006 (2089.001.000) 2026-06-19 07:55:40 Image size of job updated: 12680
	12  -  MemoryUsage of job (MB)
	12000  -  ResidentSetSize of job (KB)
...
006 (2089.001.000) 2026-06-19 08:30:43 Image size of job updated: 12680
	12  -  MemoryUsage of job (MB)
	12020  -  ResidentSetSize of job (KB)
...
006 (2089.001.000) 2026-06-19 08:35:43 Image size of job updated: 12692
	12  -  MemoryUsage of job (MB)
	12024  -  ResidentSetSize of job (KB)
...
006 (2089.001.000) 2026-06-19 08:55:45 Image size of job updated: 12708
	12  -  MemoryUsage of job (MB)
	12032  -  ResidentSetSize of job (KB)
...
006 (2089.001.000) 2026-06-19 09:20:48 Image size of job updated: 12720
	13  -  MemoryUsage of job (MB)
	12304  -  ResidentSetSize of job (KB)
...
006 (2089.001.000) 2026-06-19 09:25:48 Image size of job updated: 12724
	13  -  MemoryUsage of job (MB)
	12304  -  ResidentSetSize of job (KB)
...
006 (2089.001.000) 2026-06-19 09:30:49 Image size of job updated: 12728
	13  -  MemoryUsage of job (MB)
	12304  -  ResidentSetSize of job (KB)
...
006 (2089.001.000) 2026-06-19 09:40:50 Image size of job updated: 12728
	13  -  MemoryUsage of job (MB)
	12316  -  ResidentSetSize of job (KB)
...
006 (2089.001.000) 2026-06-19 09:45:50 Image size of job updated: 12912
	13  -  MemoryUsage of job (MB)
	12316  -  ResidentSetSize of job (KB)
...
006 (2089.001.000) 2026-06-19 13:51:16 Image size of job updated: 12968
	13  -  MemoryUsage of job (MB)
	12456  -  ResidentSetSize of job (KB)
...
006 (2089.001.000) 2026-06-19 15:06:24 Image size of job updated: 13008
	13  -  MemoryUsage of job (MB)
	12456  -  ResidentSetSize of job (KB)
...
006 (2089.001.000) 2026-06-19 15:26:26 Image size of job updated: 13016
	13  -  MemoryUsage of job (MB)
	12456  -  ResidentSetSize of job (KB)
...
006 (2089.001.000) 2026-06-19 19:36:52 Image size of job updated: 13016
	13  -  MemoryUsage of job (MB)
	12640  -  ResidentSetSize of job (KB)
...
006 (2089.001.000) 2026-06-20 03:27:40 Image size of job updated: 13040
	13  -  MemoryUsage of job (MB)
	12640  -  ResidentSetSize of job (KB)
...
006 (2089.001.000) 2026-06-20 04:02:44 Image size of job updated: 13040
	13  -  MemoryUsage of job (MB)
	12648  -  ResidentSetSize of job (KB)
...
006 (2089.001.000) 2026-06-20 04:17:45 Image size of job updated: 13040
	13  -  MemoryUsage of job (MB)
	12652  -  ResidentSetSize of job (KB)
...
006 (2089.001.000) 2026-06-20 04:22:46 Image size of job updated: 13040
	13  -  MemoryUsage of job (MB)
	12656  -  ResidentSetSize of job (KB)
...
006 (2089.001.000) 2026-06-20 04:37:47 Image size of job updated: 13040
	13  -  MemoryUsage of job (MB)
	12664  -  ResidentSetSize of job (KB)
...
006 (2089.001.000) 2026-06-20 05:02:50 Image size of job updated: 13040
	13  -  MemoryUsage of job (MB)
	12676  -  ResidentSetSize of job (KB)
...
006 (2089.001.000) 2026-06-20 05:07:50 Image size of job updated: 13040
	13  -  MemoryUsage of job (MB)
	12680  -  ResidentSetSize of job (KB)
...
006 (2089.001.000) 2026-06-20 05:22:51 Image size of job updated: 13040
	13  -  MemoryUsage of job (MB)
	12688  -  ResidentSetSize of job (KB)
...
006 (2089.001.000) 2026-06-20 05:42:54 Image size of job updated: 13040
	13  -  MemoryUsage of job (MB)
	12696  -  ResidentSetSize of job (KB)
...
006 (2089.001.000) 2026-06-20 05:52:55 Image size of job updated: 13040
	13  -  MemoryUsage of job (MB)
	12704  -  ResidentSetSize of job (KB)
...
006 (2089.001.000) 2026-06-20 06:07:56 Image size of job updated: 13040
	13  -  MemoryUsage of job (MB)
	12708  -  ResidentSetSize of job (KB)
...
006 (2089.001.000) 2026-06-20 06:48:00 Image size of job updated: 13040
	13  -  MemoryUsage of job (MB)
	12728  -  ResidentSetSize of job (KB)
...
006 (2089.001.000) 2026-06-20 08:23:10 Image size of job updated: 13040
	13  -  MemoryUsage of job (MB)
	12776  -  ResidentSetSize of job (KB)
...
006 (2089.001.000) 2026-06-20 08:28:10 Image size of job updated: 13040
	13  -  MemoryUsage of job (MB)
	12780  -  ResidentSetSize of job (KB)
...
006 (2089.001.000) 2026-06-20 08:33:11 Image size of job updated: 13040
	13  -  MemoryUsage of job (MB)
	12784  -  ResidentSetSize of job (KB)
...
006 (2089.001.000) 2026-06-20 08:43:11 Image size of job updated: 13040
	13  -  MemoryUsage of job (MB)
	12788  -  ResidentSetSize of job (KB)
...
006 (2089.001.000) 2026-06-20 08:48:13 Image size of job updated: 13040
	13  -  MemoryUsage of job (MB)
	12792  -  ResidentSetSize of job (KB)
...
006 (2089.001.000) 2026-06-20 08:58:13 Image size of job updated: 13040
	13  -  MemoryUsage of job (MB)
	12796  -  ResidentSetSize of job (KB)
...
006 (2089.001.000) 2026-06-20 09:08:15 Image size of job updated: 13040
	13  -  MemoryUsage of job (MB)
	12800  -  ResidentSetSize of job (KB)
...
006 (2089.001.000) 2026-06-20 09:18:16 Image size of job updated: 13040
	13  -  MemoryUsage of job (MB)
	12808  -  ResidentSetSize of job (KB)
...
006 (2089.001.000) 2026-06-20 09:28:17 Image size of job updated: 13040
	13  -  MemoryUsage of job (MB)
	12812  -  ResidentSetSize of job (KB)
...
006 (2089.001.000) 2026-06-20 09:33:17 Image size of job updated: 13040
	13  -  MemoryUsage of job (MB)
	12816  -  ResidentSetSize of job (KB)
...
006 (2089.001.000) 2026-06-20 09:48:19 Image size of job updated: 13080
	13  -  MemoryUsage of job (MB)
	12824  -  ResidentSetSize of job (KB)
...
006 (2089.001.000) 2026-06-20 10:03:21 Image size of job updated: 13080
	13  -  MemoryUsage of job (MB)
	12828  -  ResidentSetSize of job (KB)
...
006 (2089.001.000) 2026-06-20 10:08:22 Image size of job updated: 13080
	13  -  MemoryUsage of job (MB)
	12832  -  ResidentSetSize of job (KB)
...
006 (2089.001.000) 2026-06-20 10:13:23 Image size of job updated: 13080
	13  -  MemoryUsage of job (MB)
	12836  -  ResidentSetSize of job (KB)
...
006 (2089.001.000) 2026-06-20 10:23:23 Image size of job updated: 13080
	13  -  MemoryUsage of job (MB)
	12840  -  ResidentSetSize of job (KB)
...
006 (2089.001.000) 2026-06-20 10:28:24 Image size of job updated: 13096
	13  -  MemoryUsage of job (MB)
	12840  -  ResidentSetSize of job (KB)
...
006 (2089.001.000) 2026-06-20 10:33:24 Image size of job updated: 13096
	13  -  MemoryUsage of job (MB)
	12844  -  ResidentSetSize of job (KB)
...
006 (2089.001.000) 2026-06-20 10:38:24 Image size of job updated: 13104
	13  -  MemoryUsage of job (MB)
	12848  -  ResidentSetSize of job (KB)
...
006 (2089.001.000) 2026-06-20 10:48:26 Image size of job updated: 13104
	13  -  MemoryUsage of job (MB)
	12852  -  ResidentSetSize of job (KB)
...
006 (2089.001.000) 2026-06-20 10:53:26 Image size of job updated: 13268
	13  -  MemoryUsage of job (MB)
	12856  -  ResidentSetSize of job (KB)
...
006 (2089.001.000) 2026-06-20 10:58:27 Image size of job updated: 13276
	13  -  MemoryUsage of job (MB)
	12868  -  ResidentSetSize of job (KB)
...
006 (2089.001.000) 2026-06-20 11:13:28 Image size of job updated: 13280
	13  -  MemoryUsage of job (MB)
	12868  -  ResidentSetSize of job (KB)
...
006 (2089.001.000) 2026-06-20 11:23:29 Image size of job updated: 13280
	13  -  MemoryUsage of job (MB)
	12872  -  ResidentSetSize of job (KB)
...
006 (2089.001.000) 2026-06-20 11:33:30 Image size of job updated: 13292
	13  -  MemoryUsage of job (MB)
	12876  -  ResidentSetSize of job (KB)
...
006 (2089.001.000) 2026-06-20 11:38:31 Image size of job updated: 13292
	13  -  MemoryUsage of job (MB)
	12880  -  ResidentSetSize of job (KB)
...
006 (2089.001.000) 2026-06-20 11:48:32 Image size of job updated: 13296
	13  -  MemoryUsage of job (MB)
	12892  -  ResidentSetSize of job (KB)
...
005 (2089.001.000) 2026-06-20 11:52:10 Job terminated.
	(1) Normal termination (return value 0)
		Usr 1 19:53:25, Sys 0 00:08:56  -  Run Remote Usage
		Usr 0 00:00:00, Sys 0 00:00:00  -  Run Local Usage
		Usr 1 19:53:25, Sys 0 00:08:56  -  Total Remote Usage
		Usr 0 00:00:00, Sys 0 00:00:00  -  Total Local Usage
	0  -  Run Bytes Sent By Job
	0  -  Run Bytes Received By Job
	0  -  Total Bytes Sent By Job
	0  -  Total Bytes Received By Job
	Partitionable Resources :    Usage  Request Allocated 
	   Cpus                 :     0.99        1         1 
	   Disk (KB)            :  4000        4000    342046 
	   Memory (MB)          :    13           4      3568 

	Job terminated of its own accord at 2026-06-20T09:52:10Z with exit-code 0.
...
