000 (2090.033.000) 2026-06-19 17:01:18 Job submitted from host: <192.135.33.172:9618?addrs=192.135.33.172-9618&alias=theosrv-01.ca.infn.it&noUDP&sock=schedd_1878_baf3>
...
001 (2090.033.000) 2026-06-20 12:01:33 Job executing on host: <192.135.33.172:9618?addrs=192.135.33.172-9618&alias=theosrv-01.ca.infn.it&noUDP&sock=startd_1878_baf3>
	SlotName: slot57@theosrv-01.ca.infn.it
	CondorScratchDir = "/var/lib/condor/execute/dir_1584415"
	Cpus = 1
	Disk = 342046
	Memory = 3568
...
006 (2090.033.000) 2026-06-20 12:01:41 Image size of job updated: 11352
	11  -  MemoryUsage of job (MB)
	11124  -  ResidentSetSize of job (KB)
...
006 (2090.033.000) 2026-06-20 12:06:41 Image size of job updated: 12052
	11  -  MemoryUsage of job (MB)
	11180  -  ResidentSetSize of job (KB)
...
006 (2090.033.000) 2026-06-20 12:11:41 Image size of job updated: 12052
	12  -  MemoryUsage of job (MB)
	11436  -  ResidentSetSize of job (KB)
...
006 (2090.033.000) 2026-06-20 12:16:42 Image size of job updated: 12112
	12  -  MemoryUsage of job (MB)
	11436  -  ResidentSetSize of job (KB)
...
006 (2090.033.000) 2026-06-20 13:01:46 Image size of job updated: 12152
	12  -  MemoryUsage of job (MB)
	11436  -  ResidentSetSize of job (KB)
...
006 (2090.033.000) 2026-06-20 14:11:53 Image size of job updated: 12188
	12  -  MemoryUsage of job (MB)
	11436  -  ResidentSetSize of job (KB)
...
006 (2090.033.000) 2026-06-20 15:22:01 Image size of job updated: 12188
	12  -  MemoryUsage of job (MB)
	11552  -  ResidentSetSize of job (KB)
...
006 (2090.033.000) 2026-06-20 15:32:01 Image size of job updated: 12232
	12  -  MemoryUsage of job (MB)
	11552  -  ResidentSetSize of job (KB)
...
006 (2090.033.000) 2026-06-20 15:42:02 Image size of job updated: 12232
	12  -  MemoryUsage of job (MB)
	11568  -  ResidentSetSize of job (KB)
...
006 (2090.033.000) 2026-06-20 18:07:17 Image size of job updated: 12232
	12  -  MemoryUsage of job (MB)
	11648  -  ResidentSetSize of job (KB)
...
006 (2090.033.000) 2026-06-20 18:27:19 Image size of job updated: 12332
	12  -  MemoryUsage of job (MB)
	11648  -  ResidentSetSize of job (KB)
...
006 (2090.033.000) 2026-06-20 18:32:19 Image size of job updated: 12332
	12  -  MemoryUsage of job (MB)
	11664  -  ResidentSetSize of job (KB)
...
006 (2090.033.000) 2026-06-20 18:37:20 Image size of job updated: 12332
	12  -  MemoryUsage of job (MB)
	11668  -  ResidentSetSize of job (KB)
...
006 (2090.033.000) 2026-06-20 19:42:26 Image size of job updated: 12332
	12  -  MemoryUsage of job (MB)
	11704  -  ResidentSetSize of job (KB)
...
006 (2090.033.000) 2026-06-20 20:07:29 Image size of job updated: 12388
	12  -  MemoryUsage of job (MB)
	11704  -  ResidentSetSize of job (KB)
...
006 (2090.033.000) 2026-06-20 21:17:36 Image size of job updated: 12432
	12  -  MemoryUsage of job (MB)
	11756  -  ResidentSetSize of job (KB)
...
006 (2090.033.000) 2026-06-20 21:32:37 Image size of job updated: 12436
	12  -  MemoryUsage of job (MB)
	11756  -  ResidentSetSize of job (KB)
...
006 (2090.033.000) 2026-06-20 22:37:44 Image size of job updated: 12436
	12  -  MemoryUsage of job (MB)
	11800  -  ResidentSetSize of job (KB)
...
006 (2090.033.000) 2026-06-20 23:42:51 Image size of job updated: 12436
	12  -  MemoryUsage of job (MB)
	11832  -  ResidentSetSize of job (KB)
...
006 (2090.033.000) 2026-06-20 23:57:53 Image size of job updated: 12436
	12  -  MemoryUsage of job (MB)
	11840  -  ResidentSetSize of job (KB)
...
006 (2090.033.000) 2026-06-21 02:43:09 Image size of job updated: 12612
	12  -  MemoryUsage of job (MB)
	11840  -  ResidentSetSize of job (KB)
...
006 (2090.033.000) 2026-06-21 03:08:11 Image size of job updated: 12628
	12  -  MemoryUsage of job (MB)
	11840  -  ResidentSetSize of job (KB)
...
006 (2090.033.000) 2026-06-21 03:13:12 Image size of job updated: 12632
	12  -  MemoryUsage of job (MB)
	11840  -  ResidentSetSize of job (KB)
...
006 (2090.033.000) 2026-06-21 03:28:13 Image size of job updated: 12640
	12  -  MemoryUsage of job (MB)
	11840  -  ResidentSetSize of job (KB)
...
006 (2090.033.000) 2026-06-21 03:33:14 Image size of job updated: 12640
	12  -  MemoryUsage of job (MB)
	11968  -  ResidentSetSize of job (KB)
...
006 (2090.033.000) 2026-06-21 04:08:18 Image size of job updated: 12664
	12  -  MemoryUsage of job (MB)
	11988  -  ResidentSetSize of job (KB)
...
006 (2090.033.000) 2026-06-21 04:28:19 Image size of job updated: 12696
	12  -  MemoryUsage of job (MB)
	11988  -  ResidentSetSize of job (KB)
...
006 (2090.033.000) 2026-06-21 04:33:19 Image size of job updated: 12696
	12  -  MemoryUsage of job (MB)
	12004  -  ResidentSetSize of job (KB)
...
006 (2090.033.000) 2026-06-21 04:53:22 Image size of job updated: 12716
	12  -  MemoryUsage of job (MB)
	12004  -  ResidentSetSize of job (KB)
...
006 (2090.033.000) 2026-06-21 05:53:27 Image size of job updated: 12724
	12  -  MemoryUsage of job (MB)
	12004  -  ResidentSetSize of job (KB)
...
006 (2090.033.000) 2026-06-21 06:03:29 Image size of job updated: 12980
	12  -  MemoryUsage of job (MB)
	12004  -  ResidentSetSize of job (KB)
...
006 (2090.033.000) 2026-06-21 06:08:29 Image size of job updated: 12980
	12  -  MemoryUsage of job (MB)
	12056  -  ResidentSetSize of job (KB)
...
006 (2090.033.000) 2026-06-21 06:18:31 Image size of job updated: 12980
	12  -  MemoryUsage of job (MB)
	12168  -  ResidentSetSize of job (KB)
...
006 (2090.033.000) 2026-06-21 07:48:40 Image size of job updated: 12980
	13  -  MemoryUsage of job (MB)
	12368  -  ResidentSetSize of job (KB)
...
006 (2090.033.000) 2026-06-21 08:38:46 Image size of job updated: 13064
	13  -  MemoryUsage of job (MB)
	12368  -  ResidentSetSize of job (KB)
...
006 (2090.033.000) 2026-06-21 13:29:15 Image size of job updated: 13072
	13  -  MemoryUsage of job (MB)
	12368  -  ResidentSetSize of job (KB)
...
006 (2090.033.000) 2026-06-21 13:34:16 Image size of job updated: 13504
	13  -  MemoryUsage of job (MB)
	12368  -  ResidentSetSize of job (KB)
...
006 (2090.033.000) 2026-06-21 14:04:18 Image size of job updated: 13504
	13  -  MemoryUsage of job (MB)
	12592  -  ResidentSetSize of job (KB)
...
006 (2090.033.000) 2026-06-21 14:14:19 Image size of job updated: 13620
	13  -  MemoryUsage of job (MB)
	12592  -  ResidentSetSize of job (KB)
...
006 (2090.033.000) 2026-06-21 15:24:26 Image size of job updated: 13620
	13  -  MemoryUsage of job (MB)
	12644  -  ResidentSetSize of job (KB)
...
006 (2090.033.000) 2026-06-21 15:39:27 Image size of job updated: 13620
	13  -  MemoryUsage of job (MB)
	12652  -  ResidentSetSize of job (KB)
...
006 (2090.033.000) 2026-06-21 15:49:29 Image size of job updated: 13620
	13  -  MemoryUsage of job (MB)
	12660  -  ResidentSetSize of job (KB)
...
006 (2090.033.000) 2026-06-21 16:19:32 Image size of job updated: 13700
	13  -  MemoryUsage of job (MB)
	12660  -  ResidentSetSize of job (KB)
...
006 (2090.033.000) 2026-06-21 16:29:32 Image size of job updated: 13700
	13  -  MemoryUsage of job (MB)
	12688  -  ResidentSetSize of job (KB)
...
006 (2090.033.000) 2026-06-21 18:09:42 Image size of job updated: 13700
	13  -  MemoryUsage of job (MB)
	12756  -  ResidentSetSize of job (KB)
...
006 (2090.033.000) 2026-06-21 18:44:46 Image size of job updated: 13700
	13  -  MemoryUsage of job (MB)
	12772  -  ResidentSetSize of job (KB)
...
006 (2090.033.000) 2026-06-21 20:55:02 Image size of job updated: 13700
	13  -  MemoryUsage of job (MB)
	12868  -  ResidentSetSize of job (KB)
...
006 (2090.033.000) 2026-06-21 21:15:04 Image size of job updated: 13700
	13  -  MemoryUsage of job (MB)
	12872  -  ResidentSetSize of job (KB)
...
006 (2090.033.000) 2026-06-21 21:25:06 Image size of job updated: 13700
	13  -  MemoryUsage of job (MB)
	12876  -  ResidentSetSize of job (KB)
...
006 (2090.033.000) 2026-06-21 21:30:06 Image size of job updated: 13700
	13  -  MemoryUsage of job (MB)
	12880  -  ResidentSetSize of job (KB)
...
006 (2090.033.000) 2026-06-21 21:40:08 Image size of job updated: 13700
	13  -  MemoryUsage of job (MB)
	12888  -  ResidentSetSize of job (KB)
...
006 (2090.033.000) 2026-06-21 23:55:21 Image size of job updated: 13744
	13  -  MemoryUsage of job (MB)
	12888  -  ResidentSetSize of job (KB)
...
006 (2090.033.000) 2026-06-22 00:40:25 Image size of job updated: 13744
	13  -  MemoryUsage of job (MB)
	13000  -  ResidentSetSize of job (KB)
...
006 (2090.033.000) 2026-06-22 01:55:33 Image size of job updated: 13812
	13  -  MemoryUsage of job (MB)
	13000  -  ResidentSetSize of job (KB)
...
006 (2090.033.000) 2026-06-22 02:20:35 Image size of job updated: 13832
	13  -  MemoryUsage of job (MB)
	13000  -  ResidentSetSize of job (KB)
...
006 (2090.033.000) 2026-06-22 02:30:36 Image size of job updated: 13832
	13  -  MemoryUsage of job (MB)
	13072  -  ResidentSetSize of job (KB)
...
006 (2090.033.000) 2026-06-22 02:40:38 Image size of job updated: 13832
	13  -  MemoryUsage of job (MB)
	13080  -  ResidentSetSize of job (KB)
...
006 (2090.033.000) 2026-06-22 04:00:46 Image size of job updated: 13896
	13  -  MemoryUsage of job (MB)
	13080  -  ResidentSetSize of job (KB)
...
006 (2090.033.000) 2026-06-22 04:20:49 Image size of job updated: 13912
	13  -  MemoryUsage of job (MB)
	13080  -  ResidentSetSize of job (KB)
...
005 (2090.033.000) 2026-06-22 04:30:17 Job terminated.
	(1) Normal termination (return value 0)
		Usr 1 16:07:06, Sys 0 00:10:32  -  Run Remote Usage
		Usr 0 00:00:00, Sys 0 00:00:00  -  Run Local Usage
		Usr 1 16:07:06, Sys 0 00:10:32  -  Total Remote Usage
		Usr 0 00:00:00, Sys 0 00:00:00  -  Total Local Usage
	0  -  Run Bytes Sent By Job
	0  -  Run Bytes Received By Job
	0  -  Total Bytes Sent By Job
	0  -  Total Bytes Received By Job
	Partitionable Resources :    Usage  Request Allocated 
	   Cpus                 :     0.92        1         1 
	   Disk (KB)            :  4000        4000    342046 
	   Memory (MB)          :    13           4      3568 

	Job terminated of its own accord at 2026-06-22T02:30:17Z with exit-code 0.
...
