000 (2090.039.000) 2026-06-19 17:01:18 Job submitted from host: <192.135.33.172:9618?addrs=192.135.33.172-9618&alias=theosrv-01.ca.infn.it&noUDP&sock=schedd_1878_baf3>
...
001 (2090.039.000) 2026-06-20 12:03:33 Job executing on host: <192.135.33.172:9618?addrs=192.135.33.172-9618&alias=theosrv-01.ca.infn.it&noUDP&sock=startd_1878_baf3>
	SlotName: slot20@theosrv-01.ca.infn.it
	CondorScratchDir = "/var/lib/condor/execute/dir_1584606"
	Cpus = 1
	Disk = 342046
	Memory = 3568
...
006 (2090.039.000) 2026-06-20 12:03:42 Image size of job updated: 13660
	14  -  MemoryUsage of job (MB)
	13452  -  ResidentSetSize of job (KB)
...
006 (2090.039.000) 2026-06-20 12:08:43 Image size of job updated: 13848
	14  -  MemoryUsage of job (MB)
	13452  -  ResidentSetSize of job (KB)
...
006 (2090.039.000) 2026-06-20 12:13:44 Image size of job updated: 14052
	14  -  MemoryUsage of job (MB)
	13452  -  ResidentSetSize of job (KB)
...
006 (2090.039.000) 2026-06-20 12:53:47 Image size of job updated: 14088
	14  -  MemoryUsage of job (MB)
	13452  -  ResidentSetSize of job (KB)
...
006 (2090.039.000) 2026-06-20 13:13:49 Image size of job updated: 14260
	14  -  MemoryUsage of job (MB)
	13452  -  ResidentSetSize of job (KB)
...
006 (2090.039.000) 2026-06-20 13:38:52 Image size of job updated: 14260
	14  -  MemoryUsage of job (MB)
	13600  -  ResidentSetSize of job (KB)
...
006 (2090.039.000) 2026-06-20 14:23:57 Image size of job updated: 14260
	14  -  MemoryUsage of job (MB)
	13624  -  ResidentSetSize of job (KB)
...
006 (2090.039.000) 2026-06-20 14:38:58 Image size of job updated: 14260
	14  -  MemoryUsage of job (MB)
	13632  -  ResidentSetSize of job (KB)
...
006 (2090.039.000) 2026-06-20 17:09:13 Image size of job updated: 14260
	14  -  MemoryUsage of job (MB)
	13720  -  ResidentSetSize of job (KB)
...
006 (2090.039.000) 2026-06-20 18:24:21 Image size of job updated: 14432
	14  -  MemoryUsage of job (MB)
	13720  -  ResidentSetSize of job (KB)
...
006 (2090.039.000) 2026-06-20 20:19:32 Image size of job updated: 14432
	14  -  MemoryUsage of job (MB)
	13824  -  ResidentSetSize of job (KB)
...
006 (2090.039.000) 2026-06-20 20:49:36 Image size of job updated: 14432
	14  -  MemoryUsage of job (MB)
	13840  -  ResidentSetSize of job (KB)
...
006 (2090.039.000) 2026-06-20 21:09:37 Image size of job updated: 14524
	14  -  MemoryUsage of job (MB)
	13840  -  ResidentSetSize of job (KB)
...
006 (2090.039.000) 2026-06-20 21:49:42 Image size of job updated: 14524
	14  -  MemoryUsage of job (MB)
	13872  -  ResidentSetSize of job (KB)
...
006 (2090.039.000) 2026-06-21 01:15:03 Image size of job updated: 14664
	14  -  MemoryUsage of job (MB)
	13872  -  ResidentSetSize of job (KB)
...
006 (2090.039.000) 2026-06-21 02:05:09 Image size of job updated: 14664
	14  -  MemoryUsage of job (MB)
	14020  -  ResidentSetSize of job (KB)
...
006 (2090.039.000) 2026-06-21 02:15:09 Image size of job updated: 14664
	14  -  MemoryUsage of job (MB)
	14024  -  ResidentSetSize of job (KB)
...
006 (2090.039.000) 2026-06-21 03:35:18 Image size of job updated: 14664
	14  -  MemoryUsage of job (MB)
	14080  -  ResidentSetSize of job (KB)
...
006 (2090.039.000) 2026-06-21 04:25:23 Image size of job updated: 14784
	14  -  MemoryUsage of job (MB)
	14212  -  ResidentSetSize of job (KB)
...
006 (2090.039.000) 2026-06-21 04:35:25 Image size of job updated: 14792
	14  -  MemoryUsage of job (MB)
	14212  -  ResidentSetSize of job (KB)
...
006 (2090.039.000) 2026-06-21 05:15:28 Image size of job updated: 14812
	14  -  MemoryUsage of job (MB)
	14212  -  ResidentSetSize of job (KB)
...
006 (2090.039.000) 2026-06-21 06:10:34 Image size of job updated: 14852
	14  -  MemoryUsage of job (MB)
	14212  -  ResidentSetSize of job (KB)
...
006 (2090.039.000) 2026-06-21 06:35:36 Image size of job updated: 14860
	14  -  MemoryUsage of job (MB)
	14212  -  ResidentSetSize of job (KB)
...
006 (2090.039.000) 2026-06-21 06:45:37 Image size of job updated: 15124
	14  -  MemoryUsage of job (MB)
	14212  -  ResidentSetSize of job (KB)
...
006 (2090.039.000) 2026-06-21 10:10:58 Image size of job updated: 15124
	14  -  MemoryUsage of job (MB)
	14304  -  ResidentSetSize of job (KB)
...
006 (2090.039.000) 2026-06-21 13:21:16 Image size of job updated: 15124
	15  -  MemoryUsage of job (MB)
	14412  -  ResidentSetSize of job (KB)
...
006 (2090.039.000) 2026-06-21 13:31:18 Image size of job updated: 15184
	15  -  MemoryUsage of job (MB)
	14412  -  ResidentSetSize of job (KB)
...
006 (2090.039.000) 2026-06-21 13:36:18 Image size of job updated: 15444
	15  -  MemoryUsage of job (MB)
	14432  -  ResidentSetSize of job (KB)
...
006 (2090.039.000) 2026-06-21 13:41:19 Image size of job updated: 15960
	15  -  MemoryUsage of job (MB)
	14432  -  ResidentSetSize of job (KB)
...
006 (2090.039.000) 2026-06-21 14:16:22 Image size of job updated: 15960
	15  -  MemoryUsage of job (MB)
	14444  -  ResidentSetSize of job (KB)
...
006 (2090.039.000) 2026-06-21 14:21:23 Image size of job updated: 15960
	15  -  MemoryUsage of job (MB)
	14448  -  ResidentSetSize of job (KB)
...
006 (2090.039.000) 2026-06-21 14:26:23 Image size of job updated: 15960
	15  -  MemoryUsage of job (MB)
	14452  -  ResidentSetSize of job (KB)
...
006 (2090.039.000) 2026-06-21 14:41:25 Image size of job updated: 15960
	15  -  MemoryUsage of job (MB)
	14464  -  ResidentSetSize of job (KB)
...
006 (2090.039.000) 2026-06-21 14:56:26 Image size of job updated: 15960
	15  -  MemoryUsage of job (MB)
	14472  -  ResidentSetSize of job (KB)
...
006 (2090.039.000) 2026-06-21 15:06:27 Image size of job updated: 15960
	15  -  MemoryUsage of job (MB)
	14476  -  ResidentSetSize of job (KB)
...
006 (2090.039.000) 2026-06-21 15:16:28 Image size of job updated: 15960
	15  -  MemoryUsage of job (MB)
	14484  -  ResidentSetSize of job (KB)
...
006 (2090.039.000) 2026-06-21 15:26:30 Image size of job updated: 15960
	15  -  MemoryUsage of job (MB)
	14492  -  ResidentSetSize of job (KB)
...
006 (2090.039.000) 2026-06-21 15:41:31 Image size of job updated: 15960
	15  -  MemoryUsage of job (MB)
	14500  -  ResidentSetSize of job (KB)
...
006 (2090.039.000) 2026-06-21 15:46:31 Image size of job updated: 15960
	15  -  MemoryUsage of job (MB)
	14504  -  ResidentSetSize of job (KB)
...
006 (2090.039.000) 2026-06-21 16:01:33 Image size of job updated: 15960
	15  -  MemoryUsage of job (MB)
	14512  -  ResidentSetSize of job (KB)
...
006 (2090.039.000) 2026-06-21 16:11:33 Image size of job updated: 16064
	15  -  MemoryUsage of job (MB)
	14512  -  ResidentSetSize of job (KB)
...
006 (2090.039.000) 2026-06-21 16:31:36 Image size of job updated: 16064
	15  -  MemoryUsage of job (MB)
	14788  -  ResidentSetSize of job (KB)
...
006 (2090.039.000) 2026-06-21 17:11:39 Image size of job updated: 16092
	15  -  MemoryUsage of job (MB)
	14788  -  ResidentSetSize of job (KB)
...
006 (2090.039.000) 2026-06-21 20:37:01 Image size of job updated: 16092
	15  -  MemoryUsage of job (MB)
	14944  -  ResidentSetSize of job (KB)
...
006 (2090.039.000) 2026-06-21 21:27:06 Image size of job updated: 16092
	15  -  MemoryUsage of job (MB)
	14976  -  ResidentSetSize of job (KB)
...
006 (2090.039.000) 2026-06-21 22:57:15 Image size of job updated: 16092
	15  -  MemoryUsage of job (MB)
	15040  -  ResidentSetSize of job (KB)
...
006 (2090.039.000) 2026-06-22 00:12:23 Image size of job updated: 16092
	15  -  MemoryUsage of job (MB)
	15084  -  ResidentSetSize of job (KB)
...
006 (2090.039.000) 2026-06-22 01:42:32 Image size of job updated: 16092
	15  -  MemoryUsage of job (MB)
	15144  -  ResidentSetSize of job (KB)
...
006 (2090.039.000) 2026-06-22 04:32:50 Image size of job updated: 16272
	15  -  MemoryUsage of job (MB)
	15144  -  ResidentSetSize of job (KB)
...
005 (2090.039.000) 2026-06-22 04:34:12 Job terminated.
	(1) Normal termination (return value 0)
		Usr 1 16:09:08, Sys 0 00:10:27  -  Run Remote Usage
		Usr 0 00:00:00, Sys 0 00:00:00  -  Run Local Usage
		Usr 1 16:09:08, Sys 0 00:10:27  -  Total Remote Usage
		Usr 0 00:00:00, Sys 0 00:00:00  -  Total Local Usage
	0  -  Run Bytes Sent By Job
	0  -  Run Bytes Received By Job
	0  -  Total Bytes Sent By Job
	0  -  Total Bytes Received By Job
	Partitionable Resources :    Usage  Request Allocated 
	   Cpus                 :     0.99        1         1 
	   Disk (KB)            :  4000        4000    342046 
	   Memory (MB)          :    15           4      3568 

	Job terminated of its own accord at 2026-06-22T02:34:12Z with exit-code 0.
...
