000 (2066.039.000) 2026-05-13 12:01:46 Job submitted from host: <192.135.33.172:9618?addrs=192.135.33.172-9618&alias=theosrv-01.ca.infn.it&noUDP&sock=schedd_1878_baf3>
...
001 (2066.039.000) 2026-05-13 12:02:06 Job executing on host: <192.135.33.172:9618?addrs=192.135.33.172-9618&alias=theosrv-01.ca.infn.it&noUDP&sock=startd_1878_baf3>
	SlotName: slot40@theosrv-01.ca.infn.it
	CondorScratchDir = "/var/lib/condor/execute/dir_482008"
	Cpus = 1
	Disk = 342046
	Memory = 3568
...
006 (2066.039.000) 2026-05-13 12:02:14 Image size of job updated: 14988
	15  -  MemoryUsage of job (MB)
	14428  -  ResidentSetSize of job (KB)
...
006 (2066.039.000) 2026-05-13 12:07:14 Image size of job updated: 15164
	15  -  MemoryUsage of job (MB)
	14488  -  ResidentSetSize of job (KB)
...
006 (2066.039.000) 2026-05-13 12:12:14 Image size of job updated: 15256
	15  -  MemoryUsage of job (MB)
	14488  -  ResidentSetSize of job (KB)
...
006 (2066.039.000) 2026-05-13 12:17:15 Image size of job updated: 15420
	15  -  MemoryUsage of job (MB)
	14492  -  ResidentSetSize of job (KB)
...
006 (2066.039.000) 2026-05-13 12:22:15 Image size of job updated: 15420
	15  -  MemoryUsage of job (MB)
	14496  -  ResidentSetSize of job (KB)
...
006 (2066.039.000) 2026-05-13 12:27:15 Image size of job updated: 15420
	15  -  MemoryUsage of job (MB)
	14500  -  ResidentSetSize of job (KB)
...
006 (2066.039.000) 2026-05-13 12:32:16 Image size of job updated: 15420
	15  -  MemoryUsage of job (MB)
	14504  -  ResidentSetSize of job (KB)
...
006 (2066.039.000) 2026-05-13 12:37:17 Image size of job updated: 15432
	15  -  MemoryUsage of job (MB)
	14688  -  ResidentSetSize of job (KB)
...
006 (2066.039.000) 2026-05-13 12:52:19 Image size of job updated: 15436
	15  -  MemoryUsage of job (MB)
	14764  -  ResidentSetSize of job (KB)
...
006 (2066.039.000) 2026-05-13 13:32:22 Image size of job updated: 15436
	15  -  MemoryUsage of job (MB)
	14784  -  ResidentSetSize of job (KB)
...
006 (2066.039.000) 2026-05-13 13:42:24 Image size of job updated: 15436
	15  -  MemoryUsage of job (MB)
	14788  -  ResidentSetSize of job (KB)
...
006 (2066.039.000) 2026-05-13 13:52:24 Image size of job updated: 15436
	15  -  MemoryUsage of job (MB)
	14792  -  ResidentSetSize of job (KB)
...
006 (2066.039.000) 2026-05-13 14:12:26 Image size of job updated: 15436
	15  -  MemoryUsage of job (MB)
	14804  -  ResidentSetSize of job (KB)
...
006 (2066.039.000) 2026-05-13 14:17:27 Image size of job updated: 15480
	15  -  MemoryUsage of job (MB)
	14804  -  ResidentSetSize of job (KB)
...
006 (2066.039.000) 2026-05-13 14:22:27 Image size of job updated: 15480
	15  -  MemoryUsage of job (MB)
	14808  -  ResidentSetSize of job (KB)
...
006 (2066.039.000) 2026-05-13 14:27:28 Image size of job updated: 15496
	15  -  MemoryUsage of job (MB)
	14808  -  ResidentSetSize of job (KB)
...
006 (2066.039.000) 2026-05-13 14:32:29 Image size of job updated: 15496
	15  -  MemoryUsage of job (MB)
	14812  -  ResidentSetSize of job (KB)
...
006 (2066.039.000) 2026-05-13 15:12:32 Image size of job updated: 15512
	15  -  MemoryUsage of job (MB)
	14812  -  ResidentSetSize of job (KB)
...
006 (2066.039.000) 2026-05-13 15:17:33 Image size of job updated: 15512
	15  -  MemoryUsage of job (MB)
	14836  -  ResidentSetSize of job (KB)
...
006 (2066.039.000) 2026-05-13 15:27:34 Image size of job updated: 15512
	15  -  MemoryUsage of job (MB)
	14840  -  ResidentSetSize of job (KB)
...
006 (2066.039.000) 2026-05-13 15:32:34 Image size of job updated: 15516
	15  -  MemoryUsage of job (MB)
	14840  -  ResidentSetSize of job (KB)
...
006 (2066.039.000) 2026-05-13 15:57:37 Image size of job updated: 15516
	15  -  MemoryUsage of job (MB)
	15108  -  ResidentSetSize of job (KB)
...
006 (2066.039.000) 2026-05-13 16:42:42 Image size of job updated: 15552
	15  -  MemoryUsage of job (MB)
	15108  -  ResidentSetSize of job (KB)
...
006 (2066.039.000) 2026-05-13 16:52:42 Image size of job updated: 15556
	15  -  MemoryUsage of job (MB)
	15108  -  ResidentSetSize of job (KB)
...
006 (2066.039.000) 2026-05-13 17:32:47 Image size of job updated: 15576
	15  -  MemoryUsage of job (MB)
	15108  -  ResidentSetSize of job (KB)
...
006 (2066.039.000) 2026-05-13 18:07:51 Image size of job updated: 15592
	15  -  MemoryUsage of job (MB)
	15108  -  ResidentSetSize of job (KB)
...
006 (2066.039.000) 2026-05-13 18:22:52 Image size of job updated: 15596
	15  -  MemoryUsage of job (MB)
	15108  -  ResidentSetSize of job (KB)
...
006 (2066.039.000) 2026-05-13 18:37:53 Image size of job updated: 15608
	15  -  MemoryUsage of job (MB)
	15108  -  ResidentSetSize of job (KB)
...
006 (2066.039.000) 2026-05-13 19:17:57 Image size of job updated: 15628
	15  -  MemoryUsage of job (MB)
	15108  -  ResidentSetSize of job (KB)
...
006 (2066.039.000) 2026-05-13 19:32:59 Image size of job updated: 15636
	15  -  MemoryUsage of job (MB)
	15108  -  ResidentSetSize of job (KB)
...
006 (2066.039.000) 2026-05-13 19:48:01 Image size of job updated: 15640
	15  -  MemoryUsage of job (MB)
	15108  -  ResidentSetSize of job (KB)
...
006 (2066.039.000) 2026-05-13 19:53:01 Image size of job updated: 15644
	15  -  MemoryUsage of job (MB)
	15108  -  ResidentSetSize of job (KB)
...
006 (2066.039.000) 2026-05-13 22:33:17 Image size of job updated: 15644
	15  -  MemoryUsage of job (MB)
	15148  -  ResidentSetSize of job (KB)
...
006 (2066.039.000) 2026-05-13 23:13:21 Image size of job updated: 15736
	15  -  MemoryUsage of job (MB)
	15148  -  ResidentSetSize of job (KB)
...
006 (2066.039.000) 2026-05-13 23:18:22 Image size of job updated: 15752
	15  -  MemoryUsage of job (MB)
	15148  -  ResidentSetSize of job (KB)
...
006 (2066.039.000) 2026-05-13 23:38:24 Image size of job updated: 15756
	15  -  MemoryUsage of job (MB)
	15148  -  ResidentSetSize of job (KB)
...
006 (2066.039.000) 2026-05-14 01:18:34 Image size of job updated: 15796
	15  -  MemoryUsage of job (MB)
	15148  -  ResidentSetSize of job (KB)
...
006 (2066.039.000) 2026-05-14 01:23:34 Image size of job updated: 15800
	15  -  MemoryUsage of job (MB)
	15148  -  ResidentSetSize of job (KB)
...
006 (2066.039.000) 2026-05-14 01:28:34 Image size of job updated: 15804
	15  -  MemoryUsage of job (MB)
	15148  -  ResidentSetSize of job (KB)
...
006 (2066.039.000) 2026-05-14 01:33:35 Image size of job updated: 15808
	15  -  MemoryUsage of job (MB)
	15148  -  ResidentSetSize of job (KB)
...
006 (2066.039.000) 2026-05-14 02:13:39 Image size of job updated: 15828
	15  -  MemoryUsage of job (MB)
	15148  -  ResidentSetSize of job (KB)
...
006 (2066.039.000) 2026-05-14 04:53:56 Image size of job updated: 15904
	15  -  MemoryUsage of job (MB)
	15148  -  ResidentSetSize of job (KB)
...
006 (2066.039.000) 2026-05-14 05:03:57 Image size of job updated: 15908
	15  -  MemoryUsage of job (MB)
	15148  -  ResidentSetSize of job (KB)
...
006 (2066.039.000) 2026-05-14 05:29:01 Image size of job updated: 15920
	15  -  MemoryUsage of job (MB)
	15148  -  ResidentSetSize of job (KB)
...
006 (2066.039.000) 2026-05-14 05:39:01 Image size of job updated: 15920
	15  -  MemoryUsage of job (MB)
	15256  -  ResidentSetSize of job (KB)
...
006 (2066.039.000) 2026-05-14 05:54:03 Image size of job updated: 15932
	15  -  MemoryUsage of job (MB)
	15256  -  ResidentSetSize of job (KB)
...
006 (2066.039.000) 2026-05-14 05:59:03 Image size of job updated: 15936
	15  -  MemoryUsage of job (MB)
	15256  -  ResidentSetSize of job (KB)
...
006 (2066.039.000) 2026-05-14 06:14:04 Image size of job updated: 15936
	15  -  MemoryUsage of job (MB)
	15268  -  ResidentSetSize of job (KB)
...
006 (2066.039.000) 2026-05-14 06:19:05 Image size of job updated: 15940
	15  -  MemoryUsage of job (MB)
	15268  -  ResidentSetSize of job (KB)
...
006 (2066.039.000) 2026-05-14 06:24:06 Image size of job updated: 15952
	15  -  MemoryUsage of job (MB)
	15268  -  ResidentSetSize of job (KB)
...
006 (2066.039.000) 2026-05-14 06:44:08 Image size of job updated: 15956
	15  -  MemoryUsage of job (MB)
	15268  -  ResidentSetSize of job (KB)
...
006 (2066.039.000) 2026-05-14 06:59:09 Image size of job updated: 15964
	15  -  MemoryUsage of job (MB)
	15268  -  ResidentSetSize of job (KB)
...
006 (2066.039.000) 2026-05-14 07:09:10 Image size of job updated: 16224
	15  -  MemoryUsage of job (MB)
	15268  -  ResidentSetSize of job (KB)
...
006 (2066.039.000) 2026-05-14 07:29:13 Image size of job updated: 16224
	15  -  MemoryUsage of job (MB)
	15308  -  ResidentSetSize of job (KB)
...
006 (2066.039.000) 2026-05-14 07:59:15 Image size of job updated: 16224
	15  -  MemoryUsage of job (MB)
	15324  -  ResidentSetSize of job (KB)
...
006 (2066.039.000) 2026-05-14 08:29:18 Image size of job updated: 16224
	15  -  MemoryUsage of job (MB)
	15336  -  ResidentSetSize of job (KB)
...
006 (2066.039.000) 2026-05-14 08:49:20 Image size of job updated: 16224
	15  -  MemoryUsage of job (MB)
	15344  -  ResidentSetSize of job (KB)
...
006 (2066.039.000) 2026-05-14 09:14:23 Image size of job updated: 16288
	15  -  MemoryUsage of job (MB)
	15344  -  ResidentSetSize of job (KB)
...
006 (2066.039.000) 2026-05-14 10:19:30 Image size of job updated: 16288
	16  -  MemoryUsage of job (MB)
	15388  -  ResidentSetSize of job (KB)
...
006 (2066.039.000) 2026-05-14 13:34:51 Image size of job updated: 16288
	16  -  MemoryUsage of job (MB)
	15484  -  ResidentSetSize of job (KB)
...
006 (2066.039.000) 2026-05-14 14:24:56 Image size of job updated: 16288
	16  -  MemoryUsage of job (MB)
	15512  -  ResidentSetSize of job (KB)
...
006 (2066.039.000) 2026-05-14 15:45:03 Image size of job updated: 16288
	16  -  MemoryUsage of job (MB)
	15532  -  ResidentSetSize of job (KB)
...
006 (2066.039.000) 2026-05-14 16:00:05 Image size of job updated: 16288
	16  -  MemoryUsage of job (MB)
	15552  -  ResidentSetSize of job (KB)
...
006 (2066.039.000) 2026-05-14 16:25:08 Image size of job updated: 16288
	16  -  MemoryUsage of job (MB)
	15568  -  ResidentSetSize of job (KB)
...
006 (2066.039.000) 2026-05-14 16:40:10 Image size of job updated: 16288
	16  -  MemoryUsage of job (MB)
	15572  -  ResidentSetSize of job (KB)
...
006 (2066.039.000) 2026-05-14 16:50:11 Image size of job updated: 16288
	16  -  MemoryUsage of job (MB)
	15580  -  ResidentSetSize of job (KB)
...
006 (2066.039.000) 2026-05-14 18:05:20 Image size of job updated: 16292
	16  -  MemoryUsage of job (MB)
	15580  -  ResidentSetSize of job (KB)
...
006 (2066.039.000) 2026-05-14 18:10:20 Image size of job updated: 16292
	16  -  MemoryUsage of job (MB)
	15616  -  ResidentSetSize of job (KB)
...
006 (2066.039.000) 2026-05-14 18:30:22 Image size of job updated: 16300
	16  -  MemoryUsage of job (MB)
	15628  -  ResidentSetSize of job (KB)
...
006 (2066.039.000) 2026-05-14 19:00:25 Image size of job updated: 16312
	16  -  MemoryUsage of job (MB)
	15628  -  ResidentSetSize of job (KB)
...
006 (2066.039.000) 2026-05-14 19:15:26 Image size of job updated: 16316
	16  -  MemoryUsage of job (MB)
	15628  -  ResidentSetSize of job (KB)
...
006 (2066.039.000) 2026-05-14 19:20:27 Image size of job updated: 16316
	16  -  MemoryUsage of job (MB)
	15652  -  ResidentSetSize of job (KB)
...
006 (2066.039.000) 2026-05-14 19:45:30 Image size of job updated: 16336
	16  -  MemoryUsage of job (MB)
	15664  -  ResidentSetSize of job (KB)
...
006 (2066.039.000) 2026-05-14 20:05:31 Image size of job updated: 16348
	16  -  MemoryUsage of job (MB)
	15664  -  ResidentSetSize of job (KB)
...
006 (2066.039.000) 2026-05-14 20:30:35 Image size of job updated: 16356
	16  -  MemoryUsage of job (MB)
	15664  -  ResidentSetSize of job (KB)
...
006 (2066.039.000) 2026-05-14 20:40:35 Image size of job updated: 16364
	16  -  MemoryUsage of job (MB)
	15664  -  ResidentSetSize of job (KB)
...
006 (2066.039.000) 2026-05-14 21:05:38 Image size of job updated: 16376
	16  -  MemoryUsage of job (MB)
	15700  -  ResidentSetSize of job (KB)
...
006 (2066.039.000) 2026-05-14 21:15:39 Image size of job updated: 16376
	16  -  MemoryUsage of job (MB)
	15704  -  ResidentSetSize of job (KB)
...
006 (2066.039.000) 2026-05-14 21:20:40 Image size of job updated: 16376
	16  -  MemoryUsage of job (MB)
	15708  -  ResidentSetSize of job (KB)
...
006 (2066.039.000) 2026-05-14 21:30:40 Image size of job updated: 16388
	16  -  MemoryUsage of job (MB)
	15712  -  ResidentSetSize of job (KB)
...
006 (2066.039.000) 2026-05-14 21:55:43 Image size of job updated: 16392
	16  -  MemoryUsage of job (MB)
	15712  -  ResidentSetSize of job (KB)
...
006 (2066.039.000) 2026-05-14 22:05:44 Image size of job updated: 16404
	16  -  MemoryUsage of job (MB)
	15712  -  ResidentSetSize of job (KB)
...
006 (2066.039.000) 2026-05-14 22:25:47 Image size of job updated: 16404
	16  -  MemoryUsage of job (MB)
	15740  -  ResidentSetSize of job (KB)
...
006 (2066.039.000) 2026-05-14 22:55:49 Image size of job updated: 16432
	16  -  MemoryUsage of job (MB)
	15740  -  ResidentSetSize of job (KB)
...
006 (2066.039.000) 2026-05-14 23:25:52 Image size of job updated: 16444
	16  -  MemoryUsage of job (MB)
	15768  -  ResidentSetSize of job (KB)
...
006 (2066.039.000) 2026-05-14 23:30:53 Image size of job updated: 16696
	16  -  MemoryUsage of job (MB)
	15768  -  ResidentSetSize of job (KB)
...
006 (2066.039.000) 2026-05-15 01:06:02 Image size of job updated: 16696
	16  -  MemoryUsage of job (MB)
	15816  -  ResidentSetSize of job (KB)
...
006 (2066.039.000) 2026-05-15 02:26:10 Image size of job updated: 16696
	16  -  MemoryUsage of job (MB)
	15856  -  ResidentSetSize of job (KB)
...
006 (2066.039.000) 2026-05-15 03:01:13 Image size of job updated: 16696
	16  -  MemoryUsage of job (MB)
	15872  -  ResidentSetSize of job (KB)
...
006 (2066.039.000) 2026-05-15 03:56:19 Image size of job updated: 16696
	16  -  MemoryUsage of job (MB)
	15900  -  ResidentSetSize of job (KB)
...
006 (2066.039.000) 2026-05-15 04:36:23 Image size of job updated: 16696
	16  -  MemoryUsage of job (MB)
	15920  -  ResidentSetSize of job (KB)
...
006 (2066.039.000) 2026-05-15 05:11:27 Image size of job updated: 16696
	16  -  MemoryUsage of job (MB)
	15936  -  ResidentSetSize of job (KB)
...
006 (2066.039.000) 2026-05-15 05:31:28 Image size of job updated: 16696
	16  -  MemoryUsage of job (MB)
	15948  -  ResidentSetSize of job (KB)
...
006 (2066.039.000) 2026-05-15 06:50:39 Image size of job updated: 16752
	16  -  MemoryUsage of job (MB)
	15948  -  ResidentSetSize of job (KB)
...
005 (2066.039.000) 2026-05-15 06:50:39 Job terminated.
	(1) Normal termination (return value 0)
		Usr 1 18:25:06, Sys 0 00:11:06  -  Run Remote Usage
		Usr 0 00:00:00, Sys 0 00:00:00  -  Run Local Usage
		Usr 1 18:25:06, Sys 0 00:11:06  -  Total Remote Usage
		Usr 0 00:00:00, Sys 0 00:00:00  -  Total Local Usage
	0  -  Run Bytes Sent By Job
	0  -  Run Bytes Received By Job
	0  -  Total Bytes Sent By Job
	0  -  Total Bytes Received By Job
	Partitionable Resources :    Usage  Request Allocated 
	   Cpus                 :     1.00        1         1 
	   Disk (KB)            :  4000        4000    342046 
	   Memory (MB)          :    16           4      3568 

	Job terminated of its own accord at 2026-05-15T04:50:39Z with exit-code 0.
...
