000 (2066.053.000) 2026-05-13 12:01:46 Job submitted from host: <192.135.33.172:9618?addrs=192.135.33.172-9618&alias=theosrv-01.ca.infn.it&noUDP&sock=schedd_1878_baf3>
...
001 (2066.053.000) 2026-05-13 12:02:06 Job executing on host: <192.135.33.172:9618?addrs=192.135.33.172-9618&alias=theosrv-01.ca.infn.it&noUDP&sock=startd_1878_baf3>
	SlotName: slot54@theosrv-01.ca.infn.it
	CondorScratchDir = "/var/lib/condor/execute/dir_482022"
	Cpus = 1
	Disk = 342046
	Memory = 3568
...
006 (2066.053.000) 2026-05-13 12:02:14 Image size of job updated: 14880
	15  -  MemoryUsage of job (MB)
	14352  -  ResidentSetSize of job (KB)
...
006 (2066.053.000) 2026-05-13 12:07:14 Image size of job updated: 15088
	15  -  MemoryUsage of job (MB)
	14672  -  ResidentSetSize of job (KB)
...
006 (2066.053.000) 2026-05-13 12:17:15 Image size of job updated: 15096
	15  -  MemoryUsage of job (MB)
	14672  -  ResidentSetSize of job (KB)
...
006 (2066.053.000) 2026-05-13 12:22:15 Image size of job updated: 15096
	15  -  MemoryUsage of job (MB)
	14676  -  ResidentSetSize of job (KB)
...
006 (2066.053.000) 2026-05-13 12:27:15 Image size of job updated: 15096
	15  -  MemoryUsage of job (MB)
	14680  -  ResidentSetSize of job (KB)
...
006 (2066.053.000) 2026-05-13 12:32:16 Image size of job updated: 15104
	15  -  MemoryUsage of job (MB)
	14680  -  ResidentSetSize of job (KB)
...
006 (2066.053.000) 2026-05-13 12:42:17 Image size of job updated: 15112
	15  -  MemoryUsage of job (MB)
	14680  -  ResidentSetSize of job (KB)
...
006 (2066.053.000) 2026-05-13 13:02:19 Image size of job updated: 15116
	15  -  MemoryUsage of job (MB)
	14692  -  ResidentSetSize of job (KB)
...
006 (2066.053.000) 2026-05-13 13:07:20 Image size of job updated: 15120
	15  -  MemoryUsage of job (MB)
	14692  -  ResidentSetSize of job (KB)
...
006 (2066.053.000) 2026-05-13 13:12:20 Image size of job updated: 15128
	15  -  MemoryUsage of job (MB)
	14692  -  ResidentSetSize of job (KB)
...
006 (2066.053.000) 2026-05-13 13:22:21 Image size of job updated: 15136
	15  -  MemoryUsage of job (MB)
	14692  -  ResidentSetSize of job (KB)
...
006 (2066.053.000) 2026-05-13 13:37:23 Image size of job updated: 15140
	15  -  MemoryUsage of job (MB)
	14692  -  ResidentSetSize of job (KB)
...
006 (2066.053.000) 2026-05-13 13:42:24 Image size of job updated: 15144
	15  -  MemoryUsage of job (MB)
	14692  -  ResidentSetSize of job (KB)
...
006 (2066.053.000) 2026-05-13 14:02:26 Image size of job updated: 15152
	15  -  MemoryUsage of job (MB)
	14692  -  ResidentSetSize of job (KB)
...
006 (2066.053.000) 2026-05-13 14:12:27 Image size of job updated: 15180
	15  -  MemoryUsage of job (MB)
	14692  -  ResidentSetSize of job (KB)
...
006 (2066.053.000) 2026-05-13 14:17:27 Image size of job updated: 15180
	15  -  MemoryUsage of job (MB)
	14732  -  ResidentSetSize of job (KB)
...
006 (2066.053.000) 2026-05-13 14:27:28 Image size of job updated: 15180
	15  -  MemoryUsage of job (MB)
	14988  -  ResidentSetSize of job (KB)
...
006 (2066.053.000) 2026-05-13 15:12:32 Image size of job updated: 15188
	15  -  MemoryUsage of job (MB)
	14988  -  ResidentSetSize of job (KB)
...
006 (2066.053.000) 2026-05-13 15:27:34 Image size of job updated: 15192
	15  -  MemoryUsage of job (MB)
	14988  -  ResidentSetSize of job (KB)
...
006 (2066.053.000) 2026-05-13 15:37:36 Image size of job updated: 15204
	15  -  MemoryUsage of job (MB)
	14988  -  ResidentSetSize of job (KB)
...
006 (2066.053.000) 2026-05-13 15:52:37 Image size of job updated: 15456
	15  -  MemoryUsage of job (MB)
	14988  -  ResidentSetSize of job (KB)
...
006 (2066.053.000) 2026-05-13 17:42:48 Image size of job updated: 15508
	15  -  MemoryUsage of job (MB)
	14988  -  ResidentSetSize of job (KB)
...
006 (2066.053.000) 2026-05-13 21:28:12 Image size of job updated: 15608
	15  -  MemoryUsage of job (MB)
	14988  -  ResidentSetSize of job (KB)
...
006 (2066.053.000) 2026-05-13 23:58:27 Image size of job updated: 15608
	15  -  MemoryUsage of job (MB)
	14992  -  ResidentSetSize of job (KB)
...
006 (2066.053.000) 2026-05-14 00:08:28 Image size of job updated: 15608
	15  -  MemoryUsage of job (MB)
	14996  -  ResidentSetSize of job (KB)
...
006 (2066.053.000) 2026-05-14 00:23:29 Image size of job updated: 15608
	15  -  MemoryUsage of job (MB)
	15016  -  ResidentSetSize of job (KB)
...
006 (2066.053.000) 2026-05-14 00:53:32 Image size of job updated: 15696
	15  -  MemoryUsage of job (MB)
	15016  -  ResidentSetSize of job (KB)
...
006 (2066.053.000) 2026-05-14 01:48:38 Image size of job updated: 15696
	15  -  MemoryUsage of job (MB)
	15040  -  ResidentSetSize of job (KB)
...
006 (2066.053.000) 2026-05-14 02:03:39 Image size of job updated: 15696
	15  -  MemoryUsage of job (MB)
	15044  -  ResidentSetSize of job (KB)
...
006 (2066.053.000) 2026-05-14 02:48:44 Image size of job updated: 15696
	15  -  MemoryUsage of job (MB)
	15060  -  ResidentSetSize of job (KB)
...
006 (2066.053.000) 2026-05-14 03:13:47 Image size of job updated: 15696
	15  -  MemoryUsage of job (MB)
	15072  -  ResidentSetSize of job (KB)
...
006 (2066.053.000) 2026-05-14 03:33:50 Image size of job updated: 15696
	15  -  MemoryUsage of job (MB)
	15080  -  ResidentSetSize of job (KB)
...
006 (2066.053.000) 2026-05-14 04:13:53 Image size of job updated: 15696
	15  -  MemoryUsage of job (MB)
	15100  -  ResidentSetSize of job (KB)
...
006 (2066.053.000) 2026-05-14 05:19:00 Image size of job updated: 15696
	15  -  MemoryUsage of job (MB)
	15128  -  ResidentSetSize of job (KB)
...
006 (2066.053.000) 2026-05-14 05:39:02 Image size of job updated: 15812
	15  -  MemoryUsage of job (MB)
	15136  -  ResidentSetSize of job (KB)
...
006 (2066.053.000) 2026-05-14 05:59:05 Image size of job updated: 15812
	15  -  MemoryUsage of job (MB)
	15144  -  ResidentSetSize of job (KB)
...
006 (2066.053.000) 2026-05-14 06:04:06 Image size of job updated: 15908
	15  -  MemoryUsage of job (MB)
	15144  -  ResidentSetSize of job (KB)
...
006 (2066.053.000) 2026-05-14 06:19:07 Image size of job updated: 15908
	15  -  MemoryUsage of job (MB)
	15152  -  ResidentSetSize of job (KB)
...
006 (2066.053.000) 2026-05-14 06:44:09 Image size of job updated: 16100
	15  -  MemoryUsage of job (MB)
	15152  -  ResidentSetSize of job (KB)
...
006 (2066.053.000) 2026-05-14 09:29:26 Image size of job updated: 16100
	15  -  MemoryUsage of job (MB)
	15232  -  ResidentSetSize of job (KB)
...
006 (2066.053.000) 2026-05-14 10:09:30 Image size of job updated: 16100
	15  -  MemoryUsage of job (MB)
	15248  -  ResidentSetSize of job (KB)
...
006 (2066.053.000) 2026-05-14 10:34:32 Image size of job updated: 16100
	15  -  MemoryUsage of job (MB)
	15260  -  ResidentSetSize of job (KB)
...
006 (2066.053.000) 2026-05-14 10:44:33 Image size of job updated: 16100
	15  -  MemoryUsage of job (MB)
	15264  -  ResidentSetSize of job (KB)
...
006 (2066.053.000) 2026-05-14 11:04:36 Image size of job updated: 16100
	15  -  MemoryUsage of job (MB)
	15272  -  ResidentSetSize of job (KB)
...
006 (2066.053.000) 2026-05-14 13:19:49 Image size of job updated: 16100
	15  -  MemoryUsage of job (MB)
	15336  -  ResidentSetSize of job (KB)
...
006 (2066.053.000) 2026-05-14 14:14:54 Image size of job updated: 16100
	15  -  MemoryUsage of job (MB)
	15356  -  ResidentSetSize of job (KB)
...
006 (2066.053.000) 2026-05-14 15:04:59 Image size of job updated: 16100
	16  -  MemoryUsage of job (MB)
	15376  -  ResidentSetSize of job (KB)
...
006 (2066.053.000) 2026-05-14 15:45:04 Image size of job updated: 16164
	16  -  MemoryUsage of job (MB)
	15376  -  ResidentSetSize of job (KB)
...
006 (2066.053.000) 2026-05-14 15:50:04 Image size of job updated: 16164
	16  -  MemoryUsage of job (MB)
	15396  -  ResidentSetSize of job (KB)
...
006 (2066.053.000) 2026-05-14 16:05:06 Image size of job updated: 16164
	16  -  MemoryUsage of job (MB)
	15404  -  ResidentSetSize of job (KB)
...
006 (2066.053.000) 2026-05-14 17:30:14 Image size of job updated: 16164
	16  -  MemoryUsage of job (MB)
	15440  -  ResidentSetSize of job (KB)
...
006 (2066.053.000) 2026-05-14 18:50:23 Image size of job updated: 16164
	16  -  MemoryUsage of job (MB)
	15472  -  ResidentSetSize of job (KB)
...
006 (2066.053.000) 2026-05-14 19:25:27 Image size of job updated: 16168
	16  -  MemoryUsage of job (MB)
	15472  -  ResidentSetSize of job (KB)
...
006 (2066.053.000) 2026-05-14 19:45:29 Image size of job updated: 16172
	16  -  MemoryUsage of job (MB)
	15472  -  ResidentSetSize of job (KB)
...
006 (2066.053.000) 2026-05-14 20:05:31 Image size of job updated: 16172
	16  -  MemoryUsage of job (MB)
	15508  -  ResidentSetSize of job (KB)
...
006 (2066.053.000) 2026-05-14 21:05:38 Image size of job updated: 16172
	16  -  MemoryUsage of job (MB)
	15528  -  ResidentSetSize of job (KB)
...
006 (2066.053.000) 2026-05-14 21:20:40 Image size of job updated: 16172
	16  -  MemoryUsage of job (MB)
	15536  -  ResidentSetSize of job (KB)
...
006 (2066.053.000) 2026-05-14 21:45:42 Image size of job updated: 16172
	16  -  MemoryUsage of job (MB)
	15548  -  ResidentSetSize of job (KB)
...
006 (2066.053.000) 2026-05-14 22:05:44 Image size of job updated: 16172
	16  -  MemoryUsage of job (MB)
	15556  -  ResidentSetSize of job (KB)
...
006 (2066.053.000) 2026-05-14 23:40:53 Image size of job updated: 16172
	16  -  MemoryUsage of job (MB)
	15596  -  ResidentSetSize of job (KB)
...
006 (2066.053.000) 2026-05-15 00:15:57 Image size of job updated: 16172
	16  -  MemoryUsage of job (MB)
	15868  -  ResidentSetSize of job (KB)
...
006 (2066.053.000) 2026-05-15 00:30:58 Image size of job updated: 16172
	16  -  MemoryUsage of job (MB)
	15876  -  ResidentSetSize of job (KB)
...
006 (2066.053.000) 2026-05-15 00:46:00 Image size of job updated: 16172
	16  -  MemoryUsage of job (MB)
	15880  -  ResidentSetSize of job (KB)
...
006 (2066.053.000) 2026-05-15 00:56:02 Image size of job updated: 16652
	16  -  MemoryUsage of job (MB)
	15880  -  ResidentSetSize of job (KB)
...
006 (2066.053.000) 2026-05-15 06:51:38 Image size of job updated: 16804
	16  -  MemoryUsage of job (MB)
	15880  -  ResidentSetSize of job (KB)
...
006 (2066.053.000) 2026-05-15 06:56:39 Image size of job updated: 16808
	16  -  MemoryUsage of job (MB)
	15880  -  ResidentSetSize of job (KB)
...
006 (2066.053.000) 2026-05-15 07:11:40 Image size of job updated: 16812
	16  -  MemoryUsage of job (MB)
	15880  -  ResidentSetSize of job (KB)
...
006 (2066.053.000) 2026-05-15 07:16:41 Image size of job updated: 17076
	16  -  MemoryUsage of job (MB)
	15880  -  ResidentSetSize of job (KB)
...
006 (2066.053.000) 2026-05-15 07:46:44 Image size of job updated: 17076
	16  -  MemoryUsage of job (MB)
	16064  -  ResidentSetSize of job (KB)
...
006 (2066.053.000) 2026-05-15 08:11:46 Image size of job updated: 17076
	16  -  MemoryUsage of job (MB)
	16084  -  ResidentSetSize of job (KB)
...
006 (2066.053.000) 2026-05-15 08:31:48 Image size of job updated: 17112
	16  -  MemoryUsage of job (MB)
	16084  -  ResidentSetSize of job (KB)
...
006 (2066.053.000) 2026-05-15 09:01:51 Image size of job updated: 17112
	16  -  MemoryUsage of job (MB)
	16116  -  ResidentSetSize of job (KB)
...
006 (2066.053.000) 2026-05-15 09:11:52 Image size of job updated: 17132
	16  -  MemoryUsage of job (MB)
	16116  -  ResidentSetSize of job (KB)
...
006 (2066.053.000) 2026-05-15 09:16:53 Image size of job updated: 17132
	16  -  MemoryUsage of job (MB)
	16120  -  ResidentSetSize of job (KB)
...
006 (2066.053.000) 2026-05-15 09:26:54 Image size of job updated: 17152
	16  -  MemoryUsage of job (MB)
	16120  -  ResidentSetSize of job (KB)
...
006 (2066.053.000) 2026-05-15 10:01:57 Image size of job updated: 17164
	16  -  MemoryUsage of job (MB)
	16120  -  ResidentSetSize of job (KB)
...
006 (2066.053.000) 2026-05-15 10:32:00 Image size of job updated: 17164
	16  -  MemoryUsage of job (MB)
	16164  -  ResidentSetSize of job (KB)
...
005 (2066.053.000) 2026-05-15 11:16:01 Job terminated.
	(1) Normal termination (return value 0)
		Usr 1 22:47:39, Sys 0 00:12:43  -  Run Remote Usage
		Usr 0 00:00:00, Sys 0 00:00:00  -  Run Local Usage
		Usr 1 22:47:39, Sys 0 00:12:43  -  Total Remote Usage
		Usr 0 00:00:00, Sys 0 00:00:00  -  Total Local Usage
	0  -  Run Bytes Sent By Job
	0  -  Run Bytes Received By Job
	0  -  Total Bytes Sent By Job
	0  -  Total Bytes Received By Job
	Partitionable Resources :    Usage  Request Allocated 
	   Cpus                 :     1.00        1         1 
	   Disk (KB)            :  4000        4000    342046 
	   Memory (MB)          :    16           4      3568 

	Job terminated of its own accord at 2026-05-15T09:16:01Z with exit-code 0.
...
