000 (2066.028.000) 2026-05-13 12:01:46 Job submitted from host: <192.135.33.172:9618?addrs=192.135.33.172-9618&alias=theosrv-01.ca.infn.it&noUDP&sock=schedd_1878_baf3>
...
001 (2066.028.000) 2026-05-13 12:02:06 Job executing on host: <192.135.33.172:9618?addrs=192.135.33.172-9618&alias=theosrv-01.ca.infn.it&noUDP&sock=startd_1878_baf3>
	SlotName: slot29@theosrv-01.ca.infn.it
	CondorScratchDir = "/var/lib/condor/execute/dir_481997"
	Cpus = 1
	Disk = 342046
	Memory = 3568
...
006 (2066.028.000) 2026-05-13 12:02:14 Image size of job updated: 13536
	13  -  MemoryUsage of job (MB)
	13288  -  ResidentSetSize of job (KB)
...
006 (2066.028.000) 2026-05-13 12:07:14 Image size of job updated: 14060
	14  -  MemoryUsage of job (MB)
	13388  -  ResidentSetSize of job (KB)
...
006 (2066.028.000) 2026-05-13 12:12:14 Image size of job updated: 14412
	14  -  MemoryUsage of job (MB)
	13388  -  ResidentSetSize of job (KB)
...
006 (2066.028.000) 2026-05-13 12:22:15 Image size of job updated: 14412
	14  -  MemoryUsage of job (MB)
	13396  -  ResidentSetSize of job (KB)
...
006 (2066.028.000) 2026-05-13 12:27:15 Image size of job updated: 14412
	14  -  MemoryUsage of job (MB)
	13404  -  ResidentSetSize of job (KB)
...
006 (2066.028.000) 2026-05-13 12:42:17 Image size of job updated: 14412
	14  -  MemoryUsage of job (MB)
	13408  -  ResidentSetSize of job (KB)
...
006 (2066.028.000) 2026-05-13 12:52:19 Image size of job updated: 14412
	14  -  MemoryUsage of job (MB)
	13412  -  ResidentSetSize of job (KB)
...
006 (2066.028.000) 2026-05-13 12:57:19 Image size of job updated: 14412
	14  -  MemoryUsage of job (MB)
	13416  -  ResidentSetSize of job (KB)
...
006 (2066.028.000) 2026-05-13 13:17:20 Image size of job updated: 14412
	14  -  MemoryUsage of job (MB)
	13676  -  ResidentSetSize of job (KB)
...
006 (2066.028.000) 2026-05-13 14:02:25 Image size of job updated: 14412
	14  -  MemoryUsage of job (MB)
	13692  -  ResidentSetSize of job (KB)
...
006 (2066.028.000) 2026-05-13 16:17:39 Image size of job updated: 14428
	14  -  MemoryUsage of job (MB)
	13692  -  ResidentSetSize of job (KB)
...
006 (2066.028.000) 2026-05-13 17:07:44 Image size of job updated: 14428
	14  -  MemoryUsage of job (MB)
	13776  -  ResidentSetSize of job (KB)
...
006 (2066.028.000) 2026-05-13 17:47:48 Image size of job updated: 14428
	14  -  MemoryUsage of job (MB)
	13792  -  ResidentSetSize of job (KB)
...
006 (2066.028.000) 2026-05-13 17:52:49 Image size of job updated: 14428
	14  -  MemoryUsage of job (MB)
	13796  -  ResidentSetSize of job (KB)
...
006 (2066.028.000) 2026-05-13 18:02:50 Image size of job updated: 14428
	14  -  MemoryUsage of job (MB)
	13800  -  ResidentSetSize of job (KB)
...
006 (2066.028.000) 2026-05-13 19:43:01 Image size of job updated: 14428
	14  -  MemoryUsage of job (MB)
	13840  -  ResidentSetSize of job (KB)
...
006 (2066.028.000) 2026-05-13 19:53:02 Image size of job updated: 14520
	14  -  MemoryUsage of job (MB)
	13840  -  ResidentSetSize of job (KB)
...
006 (2066.028.000) 2026-05-13 20:18:05 Image size of job updated: 14528
	14  -  MemoryUsage of job (MB)
	13840  -  ResidentSetSize of job (KB)
...
006 (2066.028.000) 2026-05-13 21:23:12 Image size of job updated: 14560
	14  -  MemoryUsage of job (MB)
	13840  -  ResidentSetSize of job (KB)
...
006 (2066.028.000) 2026-05-13 21:28:13 Image size of job updated: 14560
	14  -  MemoryUsage of job (MB)
	14012  -  ResidentSetSize of job (KB)
...
006 (2066.028.000) 2026-05-13 21:33:13 Image size of job updated: 14564
	14  -  MemoryUsage of job (MB)
	14048  -  ResidentSetSize of job (KB)
...
006 (2066.028.000) 2026-05-13 22:08:17 Image size of job updated: 14572
	14  -  MemoryUsage of job (MB)
	14048  -  ResidentSetSize of job (KB)
...
006 (2066.028.000) 2026-05-14 01:53:39 Image size of job updated: 14660
	14  -  MemoryUsage of job (MB)
	14048  -  ResidentSetSize of job (KB)
...
006 (2066.028.000) 2026-05-14 02:08:41 Image size of job updated: 14668
	15  -  MemoryUsage of job (MB)
	14352  -  ResidentSetSize of job (KB)
...
006 (2066.028.000) 2026-05-14 02:43:44 Image size of job updated: 14684
	15  -  MemoryUsage of job (MB)
	14352  -  ResidentSetSize of job (KB)
...
006 (2066.028.000) 2026-05-14 04:08:53 Image size of job updated: 14720
	15  -  MemoryUsage of job (MB)
	14352  -  ResidentSetSize of job (KB)
...
006 (2066.028.000) 2026-05-14 04:58:58 Image size of job updated: 14748
	15  -  MemoryUsage of job (MB)
	14352  -  ResidentSetSize of job (KB)
...
006 (2066.028.000) 2026-05-14 05:08:58 Image size of job updated: 14756
	15  -  MemoryUsage of job (MB)
	14352  -  ResidentSetSize of job (KB)
...
006 (2066.028.000) 2026-05-14 05:39:02 Image size of job updated: 14760
	15  -  MemoryUsage of job (MB)
	14352  -  ResidentSetSize of job (KB)
...
006 (2066.028.000) 2026-05-14 05:44:02 Image size of job updated: 14764
	15  -  MemoryUsage of job (MB)
	14352  -  ResidentSetSize of job (KB)
...
006 (2066.028.000) 2026-05-14 05:49:03 Image size of job updated: 14772
	15  -  MemoryUsage of job (MB)
	14352  -  ResidentSetSize of job (KB)
...
006 (2066.028.000) 2026-05-14 06:14:05 Image size of job updated: 14780
	15  -  MemoryUsage of job (MB)
	14352  -  ResidentSetSize of job (KB)
...
006 (2066.028.000) 2026-05-14 06:19:06 Image size of job updated: 15036
	15  -  MemoryUsage of job (MB)
	14352  -  ResidentSetSize of job (KB)
...
006 (2066.028.000) 2026-05-14 06:44:08 Image size of job updated: 15036
	15  -  MemoryUsage of job (MB)
	14372  -  ResidentSetSize of job (KB)
...
006 (2066.028.000) 2026-05-14 07:24:13 Image size of job updated: 15156
	15  -  MemoryUsage of job (MB)
	14372  -  ResidentSetSize of job (KB)
...
006 (2066.028.000) 2026-05-14 18:10:21 Image size of job updated: 15156
	15  -  MemoryUsage of job (MB)
	14392  -  ResidentSetSize of job (KB)
...
006 (2066.028.000) 2026-05-14 18:25:23 Image size of job updated: 15156
	15  -  MemoryUsage of job (MB)
	14400  -  ResidentSetSize of job (KB)
...
006 (2066.028.000) 2026-05-14 19:15:28 Image size of job updated: 15188
	15  -  MemoryUsage of job (MB)
	14400  -  ResidentSetSize of job (KB)
...
006 (2066.028.000) 2026-05-14 20:40:36 Image size of job updated: 15188
	15  -  MemoryUsage of job (MB)
	14452  -  ResidentSetSize of job (KB)
...
006 (2066.028.000) 2026-05-14 22:35:48 Image size of job updated: 15188
	15  -  MemoryUsage of job (MB)
	14496  -  ResidentSetSize of job (KB)
...
006 (2066.028.000) 2026-05-14 23:40:55 Image size of job updated: 15196
	15  -  MemoryUsage of job (MB)
	14496  -  ResidentSetSize of job (KB)
...
006 (2066.028.000) 2026-05-15 00:20:59 Image size of job updated: 15216
	15  -  MemoryUsage of job (MB)
	14496  -  ResidentSetSize of job (KB)
...
006 (2066.028.000) 2026-05-15 00:56:02 Image size of job updated: 15228
	15  -  MemoryUsage of job (MB)
	14496  -  ResidentSetSize of job (KB)
...
006 (2066.028.000) 2026-05-15 01:11:04 Image size of job updated: 15488
	15  -  MemoryUsage of job (MB)
	14496  -  ResidentSetSize of job (KB)
...
006 (2066.028.000) 2026-05-15 03:01:16 Image size of job updated: 15488
	15  -  MemoryUsage of job (MB)
	14608  -  ResidentSetSize of job (KB)
...
006 (2066.028.000) 2026-05-15 03:16:18 Image size of job updated: 15488
	15  -  MemoryUsage of job (MB)
	14612  -  ResidentSetSize of job (KB)
...
006 (2066.028.000) 2026-05-15 03:26:20 Image size of job updated: 15488
	15  -  MemoryUsage of job (MB)
	14620  -  ResidentSetSize of job (KB)
...
006 (2066.028.000) 2026-05-15 05:31:33 Image size of job updated: 15488
	15  -  MemoryUsage of job (MB)
	14664  -  ResidentSetSize of job (KB)
...
006 (2066.028.000) 2026-05-15 05:46:35 Image size of job updated: 15488
	15  -  MemoryUsage of job (MB)
	14672  -  ResidentSetSize of job (KB)
...
006 (2066.028.000) 2026-05-15 06:21:38 Image size of job updated: 15488
	15  -  MemoryUsage of job (MB)
	14684  -  ResidentSetSize of job (KB)
...
006 (2066.028.000) 2026-05-15 06:51:41 Image size of job updated: 15488
	15  -  MemoryUsage of job (MB)
	14696  -  ResidentSetSize of job (KB)
...
006 (2066.028.000) 2026-05-15 06:56:41 Image size of job updated: 15724
	15  -  MemoryUsage of job (MB)
	14700  -  ResidentSetSize of job (KB)
...
006 (2066.028.000) 2026-05-15 07:01:42 Image size of job updated: 15724
	15  -  MemoryUsage of job (MB)
	14708  -  ResidentSetSize of job (KB)
...
006 (2066.028.000) 2026-05-15 07:06:43 Image size of job updated: 15724
	15  -  MemoryUsage of job (MB)
	14960  -  ResidentSetSize of job (KB)
...
006 (2066.028.000) 2026-05-15 07:11:43 Image size of job updated: 15728
	15  -  MemoryUsage of job (MB)
	14960  -  ResidentSetSize of job (KB)
...
006 (2066.028.000) 2026-05-15 07:21:45 Image size of job updated: 15748
	15  -  MemoryUsage of job (MB)
	14960  -  ResidentSetSize of job (KB)
...
006 (2066.028.000) 2026-05-15 07:41:46 Image size of job updated: 15756
	15  -  MemoryUsage of job (MB)
	14960  -  ResidentSetSize of job (KB)
...
006 (2066.028.000) 2026-05-15 07:51:47 Image size of job updated: 15988
	15  -  MemoryUsage of job (MB)
	14960  -  ResidentSetSize of job (KB)
...
006 (2066.028.000) 2026-05-15 09:16:56 Image size of job updated: 15988
	15  -  MemoryUsage of job (MB)
	15028  -  ResidentSetSize of job (KB)
...
006 (2066.028.000) 2026-05-15 09:46:58 Image size of job updated: 15988
	15  -  MemoryUsage of job (MB)
	15300  -  ResidentSetSize of job (KB)
...
006 (2066.028.000) 2026-05-15 10:02:00 Image size of job updated: 16076
	15  -  MemoryUsage of job (MB)
	15300  -  ResidentSetSize of job (KB)
...
006 (2066.028.000) 2026-05-15 10:47:05 Image size of job updated: 16076
	15  -  MemoryUsage of job (MB)
	15336  -  ResidentSetSize of job (KB)
...
006 (2066.028.000) 2026-05-15 11:02:07 Image size of job updated: 16200
	15  -  MemoryUsage of job (MB)
	15336  -  ResidentSetSize of job (KB)
...
005 (2066.028.000) 2026-05-15 13:31:42 Job terminated.
	(1) Normal termination (return value 0)
		Usr 2 01:02:09, Sys 0 00:13:15  -  Run Remote Usage
		Usr 0 00:00:00, Sys 0 00:00:00  -  Run Local Usage
		Usr 2 01:02:09, Sys 0 00:13:15  -  Total Remote Usage
		Usr 0 00:00:00, Sys 0 00:00:00  -  Total Local Usage
	0  -  Run Bytes Sent By Job
	0  -  Run Bytes Received By Job
	0  -  Total Bytes Sent By Job
	0  -  Total Bytes Received By Job
	Partitionable Resources :    Usage  Request Allocated 
	   Cpus                 :     0.71        1         1 
	   Disk (KB)            :  4000        4000    342046 
	   Memory (MB)          :    15           4      3568 

	Job terminated of its own accord at 2026-05-15T11:31:42Z with exit-code 0.
...
