000 (2089.010.000) 2026-06-18 15:38:34 Job submitted from host: <192.135.33.172:9618?addrs=192.135.33.172-9618&alias=theosrv-01.ca.infn.it&noUDP&sock=schedd_1878_baf3>
...
001 (2089.010.000) 2026-06-18 15:38:50 Job executing on host: <192.135.33.172:9618?addrs=192.135.33.172-9618&alias=theosrv-01.ca.infn.it&noUDP&sock=startd_1878_baf3>
	SlotName: slot12@theosrv-01.ca.infn.it
	CondorScratchDir = "/var/lib/condor/execute/dir_1379975"
	Cpus = 1
	Disk = 342046
	Memory = 3568
...
006 (2089.010.000) 2026-06-18 15:38:59 Image size of job updated: 14680
	15  -  MemoryUsage of job (MB)
	14652  -  ResidentSetSize of job (KB)
...
006 (2089.010.000) 2026-06-18 15:44:00 Image size of job updated: 15156
	15  -  MemoryUsage of job (MB)
	14652  -  ResidentSetSize of job (KB)
...
006 (2089.010.000) 2026-06-18 15:49:01 Image size of job updated: 15172
	15  -  MemoryUsage of job (MB)
	14652  -  ResidentSetSize of job (KB)
...
006 (2089.010.000) 2026-06-18 16:04:02 Image size of job updated: 15656
	15  -  MemoryUsage of job (MB)
	14652  -  ResidentSetSize of job (KB)
...
006 (2089.010.000) 2026-06-18 16:14:02 Image size of job updated: 15656
	15  -  MemoryUsage of job (MB)
	14736  -  ResidentSetSize of job (KB)
...
006 (2089.010.000) 2026-06-18 16:24:04 Image size of job updated: 15656
	15  -  MemoryUsage of job (MB)
	14744  -  ResidentSetSize of job (KB)
...
006 (2089.010.000) 2026-06-18 17:09:08 Image size of job updated: 15656
	15  -  MemoryUsage of job (MB)
	14768  -  ResidentSetSize of job (KB)
...
006 (2089.010.000) 2026-06-18 19:04:20 Image size of job updated: 15656
	15  -  MemoryUsage of job (MB)
	14832  -  ResidentSetSize of job (KB)
...
006 (2089.010.000) 2026-06-18 20:09:27 Image size of job updated: 15656
	15  -  MemoryUsage of job (MB)
	15120  -  ResidentSetSize of job (KB)
...
006 (2089.010.000) 2026-06-18 23:49:49 Image size of job updated: 15912
	15  -  MemoryUsage of job (MB)
	15120  -  ResidentSetSize of job (KB)
...
006 (2089.010.000) 2026-06-19 01:09:57 Image size of job updated: 15912
	15  -  MemoryUsage of job (MB)
	15288  -  ResidentSetSize of job (KB)
...
006 (2089.010.000) 2026-06-19 07:35:36 Image size of job updated: 15940
	15  -  MemoryUsage of job (MB)
	15288  -  ResidentSetSize of job (KB)
...
006 (2089.010.000) 2026-06-19 08:00:38 Image size of job updated: 16188
	15  -  MemoryUsage of job (MB)
	15288  -  ResidentSetSize of job (KB)
...
006 (2089.010.000) 2026-06-19 08:55:44 Image size of job updated: 16188
	15  -  MemoryUsage of job (MB)
	15292  -  ResidentSetSize of job (KB)
...
006 (2089.010.000) 2026-06-19 09:00:45 Image size of job updated: 16188
	16  -  MemoryUsage of job (MB)
	15544  -  ResidentSetSize of job (KB)
...
006 (2089.010.000) 2026-06-19 09:35:48 Image size of job updated: 16244
	16  -  MemoryUsage of job (MB)
	15544  -  ResidentSetSize of job (KB)
...
006 (2089.010.000) 2026-06-19 12:16:04 Image size of job updated: 16584
	16  -  MemoryUsage of job (MB)
	15544  -  ResidentSetSize of job (KB)
...
006 (2089.010.000) 2026-06-19 13:31:11 Image size of job updated: 16584
	16  -  MemoryUsage of job (MB)
	15640  -  ResidentSetSize of job (KB)
...
006 (2089.010.000) 2026-06-19 16:51:31 Image size of job updated: 16584
	16  -  MemoryUsage of job (MB)
	15812  -  ResidentSetSize of job (KB)
...
006 (2089.010.000) 2026-06-20 01:07:23 Image size of job updated: 16584
	16  -  MemoryUsage of job (MB)
	15820  -  ResidentSetSize of job (KB)
...
006 (2089.010.000) 2026-06-20 01:12:23 Image size of job updated: 16584
	16  -  MemoryUsage of job (MB)
	15824  -  ResidentSetSize of job (KB)
...
006 (2089.010.000) 2026-06-20 01:22:24 Image size of job updated: 16584
	16  -  MemoryUsage of job (MB)
	15828  -  ResidentSetSize of job (KB)
...
006 (2089.010.000) 2026-06-20 01:27:24 Image size of job updated: 16584
	16  -  MemoryUsage of job (MB)
	15832  -  ResidentSetSize of job (KB)
...
006 (2089.010.000) 2026-06-20 01:37:25 Image size of job updated: 16584
	16  -  MemoryUsage of job (MB)
	15836  -  ResidentSetSize of job (KB)
...
006 (2089.010.000) 2026-06-20 01:42:26 Image size of job updated: 16584
	16  -  MemoryUsage of job (MB)
	15840  -  ResidentSetSize of job (KB)
...
006 (2089.010.000) 2026-06-20 01:52:27 Image size of job updated: 16584
	16  -  MemoryUsage of job (MB)
	15844  -  ResidentSetSize of job (KB)
...
006 (2089.010.000) 2026-06-20 01:57:28 Image size of job updated: 16584
	16  -  MemoryUsage of job (MB)
	15848  -  ResidentSetSize of job (KB)
...
006 (2089.010.000) 2026-06-20 02:07:29 Image size of job updated: 16584
	16  -  MemoryUsage of job (MB)
	15852  -  ResidentSetSize of job (KB)
...
006 (2089.010.000) 2026-06-20 02:17:30 Image size of job updated: 16584
	16  -  MemoryUsage of job (MB)
	15856  -  ResidentSetSize of job (KB)
...
006 (2089.010.000) 2026-06-20 02:52:33 Image size of job updated: 16584
	16  -  MemoryUsage of job (MB)
	15872  -  ResidentSetSize of job (KB)
...
006 (2089.010.000) 2026-06-20 03:07:35 Image size of job updated: 16584
	16  -  MemoryUsage of job (MB)
	16136  -  ResidentSetSize of job (KB)
...
006 (2089.010.000) 2026-06-20 10:13:19 Image size of job updated: 16608
	16  -  MemoryUsage of job (MB)
	16136  -  ResidentSetSize of job (KB)
...
006 (2089.010.000) 2026-06-20 11:43:28 Image size of job updated: 16608
	16  -  MemoryUsage of job (MB)
	16144  -  ResidentSetSize of job (KB)
...
006 (2089.010.000) 2026-06-20 11:53:29 Image size of job updated: 16608
	16  -  MemoryUsage of job (MB)
	16148  -  ResidentSetSize of job (KB)
...
006 (2089.010.000) 2026-06-20 12:03:29 Image size of job updated: 16916
	16  -  MemoryUsage of job (MB)
	16148  -  ResidentSetSize of job (KB)
...
006 (2089.010.000) 2026-06-20 12:08:30 Image size of job updated: 16916
	16  -  MemoryUsage of job (MB)
	16156  -  ResidentSetSize of job (KB)
...
005 (2089.010.000) 2026-06-20 12:12:02 Job terminated.
	(1) Normal termination (return value 0)
		Usr 1 20:13:24, Sys 0 00:08:44  -  Run Remote Usage
		Usr 0 00:00:00, Sys 0 00:00:00  -  Run Local Usage
		Usr 1 20:13:24, Sys 0 00:08:44  -  Total Remote Usage
		Usr 0 00:00:00, Sys 0 00:00:00  -  Total Local Usage
	0  -  Run Bytes Sent By Job
	0  -  Run Bytes Received By Job
	0  -  Total Bytes Sent By Job
	0  -  Total Bytes Received By Job
	Partitionable Resources :    Usage  Request Allocated 
	   Cpus                 :     1.00        1         1 
	   Disk (KB)            :  4000        4000    342046 
	   Memory (MB)          :    16           4      3568 

	Job terminated of its own accord at 2026-06-20T10:12:02Z with exit-code 0.
...
