000 (2066.041.000) 2026-05-13 12:01:46 Job submitted from host: <192.135.33.172:9618?addrs=192.135.33.172-9618&alias=theosrv-01.ca.infn.it&noUDP&sock=schedd_1878_baf3>
...
001 (2066.041.000) 2026-05-13 12:02:06 Job executing on host: <192.135.33.172:9618?addrs=192.135.33.172-9618&alias=theosrv-01.ca.infn.it&noUDP&sock=startd_1878_baf3>
	SlotName: slot42@theosrv-01.ca.infn.it
	CondorScratchDir = "/var/lib/condor/execute/dir_482010"
	Cpus = 1
	Disk = 342046
	Memory = 3568
...
006 (2066.041.000) 2026-05-13 12:02:14 Image size of job updated: 15108
	15  -  MemoryUsage of job (MB)
	14428  -  ResidentSetSize of job (KB)
...
006 (2066.041.000) 2026-05-13 12:07:14 Image size of job updated: 15160
	15  -  MemoryUsage of job (MB)
	15000  -  ResidentSetSize of job (KB)
...
006 (2066.041.000) 2026-05-13 12:12:14 Image size of job updated: 15424
	15  -  MemoryUsage of job (MB)
	15000  -  ResidentSetSize of job (KB)
...
006 (2066.041.000) 2026-05-13 12:27:15 Image size of job updated: 15428
	15  -  MemoryUsage of job (MB)
	15000  -  ResidentSetSize of job (KB)
...
006 (2066.041.000) 2026-05-13 15:02:33 Image size of job updated: 15492
	15  -  MemoryUsage of job (MB)
	15000  -  ResidentSetSize of job (KB)
...
006 (2066.041.000) 2026-05-13 15:47:37 Image size of job updated: 15512
	15  -  MemoryUsage of job (MB)
	15000  -  ResidentSetSize of job (KB)
...
006 (2066.041.000) 2026-05-13 16:17:40 Image size of job updated: 15524
	15  -  MemoryUsage of job (MB)
	15000  -  ResidentSetSize of job (KB)
...
006 (2066.041.000) 2026-05-13 16:37:42 Image size of job updated: 15536
	15  -  MemoryUsage of job (MB)
	15000  -  ResidentSetSize of job (KB)
...
006 (2066.041.000) 2026-05-13 16:47:43 Image size of job updated: 15540
	15  -  MemoryUsage of job (MB)
	15000  -  ResidentSetSize of job (KB)
...
006 (2066.041.000) 2026-05-13 18:17:52 Image size of job updated: 15572
	15  -  MemoryUsage of job (MB)
	15000  -  ResidentSetSize of job (KB)
...
006 (2066.041.000) 2026-05-13 18:47:55 Image size of job updated: 15584
	15  -  MemoryUsage of job (MB)
	15000  -  ResidentSetSize of job (KB)
...
006 (2066.041.000) 2026-05-13 18:52:56 Image size of job updated: 15588
	15  -  MemoryUsage of job (MB)
	15000  -  ResidentSetSize of job (KB)
...
006 (2066.041.000) 2026-05-13 19:07:57 Image size of job updated: 15600
	15  -  MemoryUsage of job (MB)
	15000  -  ResidentSetSize of job (KB)
...
006 (2066.041.000) 2026-05-13 19:27:59 Image size of job updated: 15608
	15  -  MemoryUsage of job (MB)
	15000  -  ResidentSetSize of job (KB)
...
006 (2066.041.000) 2026-05-13 19:58:02 Image size of job updated: 15620
	15  -  MemoryUsage of job (MB)
	15000  -  ResidentSetSize of job (KB)
...
006 (2066.041.000) 2026-05-13 21:43:15 Image size of job updated: 15660
	15  -  MemoryUsage of job (MB)
	15000  -  ResidentSetSize of job (KB)
...
006 (2066.041.000) 2026-05-13 22:23:18 Image size of job updated: 15660
	15  -  MemoryUsage of job (MB)
	15256  -  ResidentSetSize of job (KB)
...
006 (2066.041.000) 2026-05-13 23:48:26 Image size of job updated: 15716
	15  -  MemoryUsage of job (MB)
	15256  -  ResidentSetSize of job (KB)
...
006 (2066.041.000) 2026-05-14 00:28:31 Image size of job updated: 15736
	15  -  MemoryUsage of job (MB)
	15256  -  ResidentSetSize of job (KB)
...
006 (2066.041.000) 2026-05-14 01:43:38 Image size of job updated: 15764
	15  -  MemoryUsage of job (MB)
	15256  -  ResidentSetSize of job (KB)
...
006 (2066.041.000) 2026-05-14 01:53:40 Image size of job updated: 15776
	15  -  MemoryUsage of job (MB)
	15256  -  ResidentSetSize of job (KB)
...
006 (2066.041.000) 2026-05-14 02:33:43 Image size of job updated: 15788
	15  -  MemoryUsage of job (MB)
	15256  -  ResidentSetSize of job (KB)
...
006 (2066.041.000) 2026-05-14 02:38:44 Image size of job updated: 15804
	15  -  MemoryUsage of job (MB)
	15256  -  ResidentSetSize of job (KB)
...
006 (2066.041.000) 2026-05-14 03:18:48 Image size of job updated: 15808
	15  -  MemoryUsage of job (MB)
	15256  -  ResidentSetSize of job (KB)
...
006 (2066.041.000) 2026-05-14 03:23:48 Image size of job updated: 15812
	15  -  MemoryUsage of job (MB)
	15256  -  ResidentSetSize of job (KB)
...
006 (2066.041.000) 2026-05-14 03:53:51 Image size of job updated: 15820
	15  -  MemoryUsage of job (MB)
	15256  -  ResidentSetSize of job (KB)
...
006 (2066.041.000) 2026-05-14 04:43:57 Image size of job updated: 15840
	15  -  MemoryUsage of job (MB)
	15256  -  ResidentSetSize of job (KB)
...
006 (2066.041.000) 2026-05-14 04:48:57 Image size of job updated: 15852
	15  -  MemoryUsage of job (MB)
	15256  -  ResidentSetSize of job (KB)
...
006 (2066.041.000) 2026-05-14 05:19:01 Image size of job updated: 15860
	15  -  MemoryUsage of job (MB)
	15256  -  ResidentSetSize of job (KB)
...
006 (2066.041.000) 2026-05-14 06:04:07 Image size of job updated: 15876
	15  -  MemoryUsage of job (MB)
	15256  -  ResidentSetSize of job (KB)
...
006 (2066.041.000) 2026-05-14 06:14:08 Image size of job updated: 15884
	15  -  MemoryUsage of job (MB)
	15256  -  ResidentSetSize of job (KB)
...
006 (2066.041.000) 2026-05-14 06:29:09 Image size of job updated: 15888
	15  -  MemoryUsage of job (MB)
	15256  -  ResidentSetSize of job (KB)
...
006 (2066.041.000) 2026-05-14 06:54:12 Image size of job updated: 15896
	15  -  MemoryUsage of job (MB)
	15256  -  ResidentSetSize of job (KB)
...
006 (2066.041.000) 2026-05-14 07:09:14 Image size of job updated: 15908
	15  -  MemoryUsage of job (MB)
	15256  -  ResidentSetSize of job (KB)
...
006 (2066.041.000) 2026-05-14 07:54:18 Image size of job updated: 15924
	15  -  MemoryUsage of job (MB)
	15256  -  ResidentSetSize of job (KB)
...
006 (2066.041.000) 2026-05-14 07:59:19 Image size of job updated: 16200
	15  -  MemoryUsage of job (MB)
	15256  -  ResidentSetSize of job (KB)
...
006 (2066.041.000) 2026-05-14 08:59:24 Image size of job updated: 16208
	15  -  MemoryUsage of job (MB)
	15256  -  ResidentSetSize of job (KB)
...
006 (2066.041.000) 2026-05-14 09:04:25 Image size of job updated: 16208
	15  -  MemoryUsage of job (MB)
	15280  -  ResidentSetSize of job (KB)
...
006 (2066.041.000) 2026-05-14 09:09:25 Image size of job updated: 16216
	15  -  MemoryUsage of job (MB)
	15280  -  ResidentSetSize of job (KB)
...
006 (2066.041.000) 2026-05-14 09:19:26 Image size of job updated: 16216
	16  -  MemoryUsage of job (MB)
	15540  -  ResidentSetSize of job (KB)
...
006 (2066.041.000) 2026-05-14 11:14:38 Image size of job updated: 16216
	16  -  MemoryUsage of job (MB)
	15588  -  ResidentSetSize of job (KB)
...
006 (2066.041.000) 2026-05-14 17:20:16 Image size of job updated: 16424
	16  -  MemoryUsage of job (MB)
	15588  -  ResidentSetSize of job (KB)
...
006 (2066.041.000) 2026-05-14 20:30:36 Image size of job updated: 16500
	16  -  MemoryUsage of job (MB)
	15588  -  ResidentSetSize of job (KB)
...
006 (2066.041.000) 2026-05-14 21:10:39 Image size of job updated: 16520
	16  -  MemoryUsage of job (MB)
	15588  -  ResidentSetSize of job (KB)
...
006 (2066.041.000) 2026-05-14 23:00:51 Image size of job updated: 16520
	16  -  MemoryUsage of job (MB)
	15636  -  ResidentSetSize of job (KB)
...
006 (2066.041.000) 2026-05-14 23:20:53 Image size of job updated: 16520
	16  -  MemoryUsage of job (MB)
	15900  -  ResidentSetSize of job (KB)
...
006 (2066.041.000) 2026-05-15 06:51:38 Image size of job updated: 16604
	16  -  MemoryUsage of job (MB)
	15900  -  ResidentSetSize of job (KB)
...
006 (2066.041.000) 2026-05-15 06:56:39 Image size of job updated: 17112
	16  -  MemoryUsage of job (MB)
	15900  -  ResidentSetSize of job (KB)
...
006 (2066.041.000) 2026-05-15 07:06:40 Image size of job updated: 17120
	16  -  MemoryUsage of job (MB)
	15900  -  ResidentSetSize of job (KB)
...
006 (2066.041.000) 2026-05-15 07:31:42 Image size of job updated: 17132
	16  -  MemoryUsage of job (MB)
	15900  -  ResidentSetSize of job (KB)
...
006 (2066.041.000) 2026-05-15 07:36:43 Image size of job updated: 17132
	16  -  MemoryUsage of job (MB)
	16372  -  ResidentSetSize of job (KB)
...
006 (2066.041.000) 2026-05-15 09:26:53 Image size of job updated: 17196
	16  -  MemoryUsage of job (MB)
	16372  -  ResidentSetSize of job (KB)
...
006 (2066.041.000) 2026-05-15 09:41:55 Image size of job updated: 17208
	16  -  MemoryUsage of job (MB)
	16372  -  ResidentSetSize of job (KB)
...
006 (2066.041.000) 2026-05-15 10:11:58 Image size of job updated: 17220
	16  -  MemoryUsage of job (MB)
	16372  -  ResidentSetSize of job (KB)
...
005 (2066.041.000) 2026-05-15 11:12:27 Job terminated.
	(1) Normal termination (return value 0)
		Usr 1 22:44:00, Sys 0 00:12:36  -  Run Remote Usage
		Usr 0 00:00:00, Sys 0 00:00:00  -  Run Local Usage
		Usr 1 22:44:00, Sys 0 00:12:36  -  Total Remote Usage
		Usr 0 00:00:00, Sys 0 00:00:00  -  Total Local Usage
	0  -  Run Bytes Sent By Job
	0  -  Run Bytes Received By Job
	0  -  Total Bytes Sent By Job
	0  -  Total Bytes Received By Job
	Partitionable Resources :    Usage  Request Allocated 
	   Cpus                 :     1.00        1         1 
	   Disk (KB)            :  4000        4000    342046 
	   Memory (MB)          :    16           4      3568 

	Job terminated of its own accord at 2026-05-15T09:12:27Z with exit-code 0.
...
