000 (2090.051.000) 2026-06-19 17:01:18 Job submitted from host: <192.135.33.172:9618?addrs=192.135.33.172-9618&alias=theosrv-01.ca.infn.it&noUDP&sock=schedd_1878_baf3>
...
001 (2090.051.000) 2026-06-20 12:06:33 Job executing on host: <192.135.33.172:9618?addrs=192.135.33.172-9618&alias=theosrv-01.ca.infn.it&noUDP&sock=startd_1878_baf3>
	SlotName: slot19@theosrv-01.ca.infn.it
	CondorScratchDir = "/var/lib/condor/execute/dir_1584885"
	Cpus = 1
	Disk = 342046
	Memory = 3568
...
006 (2090.051.000) 2026-06-20 12:06:42 Image size of job updated: 13616
	14  -  MemoryUsage of job (MB)
	13452  -  ResidentSetSize of job (KB)
...
006 (2090.051.000) 2026-06-20 12:11:43 Image size of job updated: 14056
	14  -  MemoryUsage of job (MB)
	13800  -  ResidentSetSize of job (KB)
...
006 (2090.051.000) 2026-06-20 12:21:43 Image size of job updated: 14236
	14  -  MemoryUsage of job (MB)
	13800  -  ResidentSetSize of job (KB)
...
006 (2090.051.000) 2026-06-20 12:51:46 Image size of job updated: 14256
	14  -  MemoryUsage of job (MB)
	13800  -  ResidentSetSize of job (KB)
...
006 (2090.051.000) 2026-06-20 14:26:56 Image size of job updated: 14308
	14  -  MemoryUsage of job (MB)
	13800  -  ResidentSetSize of job (KB)
...
006 (2090.051.000) 2026-06-20 18:42:21 Image size of job updated: 14308
	14  -  MemoryUsage of job (MB)
	14032  -  ResidentSetSize of job (KB)
...
006 (2090.051.000) 2026-06-20 20:57:34 Image size of job updated: 14356
	14  -  MemoryUsage of job (MB)
	14032  -  ResidentSetSize of job (KB)
...
006 (2090.051.000) 2026-06-20 21:22:37 Image size of job updated: 14540
	14  -  MemoryUsage of job (MB)
	14032  -  ResidentSetSize of job (KB)
...
006 (2090.051.000) 2026-06-20 22:12:42 Image size of job updated: 14572
	14  -  MemoryUsage of job (MB)
	14032  -  ResidentSetSize of job (KB)
...
006 (2090.051.000) 2026-06-21 01:28:01 Image size of job updated: 14676
	14  -  MemoryUsage of job (MB)
	14032  -  ResidentSetSize of job (KB)
...
006 (2090.051.000) 2026-06-21 04:03:17 Image size of job updated: 14768
	14  -  MemoryUsage of job (MB)
	14032  -  ResidentSetSize of job (KB)
...
006 (2090.051.000) 2026-06-21 04:08:17 Image size of job updated: 14780
	14  -  MemoryUsage of job (MB)
	14032  -  ResidentSetSize of job (KB)
...
006 (2090.051.000) 2026-06-21 04:18:18 Image size of job updated: 14780
	14  -  MemoryUsage of job (MB)
	14096  -  ResidentSetSize of job (KB)
...
006 (2090.051.000) 2026-06-21 04:48:21 Image size of job updated: 14780
	14  -  MemoryUsage of job (MB)
	14112  -  ResidentSetSize of job (KB)
...
006 (2090.051.000) 2026-06-21 05:08:23 Image size of job updated: 14796
	14  -  MemoryUsage of job (MB)
	14112  -  ResidentSetSize of job (KB)
...
006 (2090.051.000) 2026-06-21 05:18:23 Image size of job updated: 14812
	14  -  MemoryUsage of job (MB)
	14112  -  ResidentSetSize of job (KB)
...
006 (2090.051.000) 2026-06-21 06:33:32 Image size of job updated: 14848
	14  -  MemoryUsage of job (MB)
	14112  -  ResidentSetSize of job (KB)
...
006 (2090.051.000) 2026-06-21 06:48:33 Image size of job updated: 14856
	14  -  MemoryUsage of job (MB)
	14112  -  ResidentSetSize of job (KB)
...
006 (2090.051.000) 2026-06-21 07:28:37 Image size of job updated: 15148
	14  -  MemoryUsage of job (MB)
	14112  -  ResidentSetSize of job (KB)
...
006 (2090.051.000) 2026-06-21 07:33:38 Image size of job updated: 15148
	14  -  MemoryUsage of job (MB)
	14204  -  ResidentSetSize of job (KB)
...
006 (2090.051.000) 2026-06-21 08:38:45 Image size of job updated: 15148
	14  -  MemoryUsage of job (MB)
	14240  -  ResidentSetSize of job (KB)
...
006 (2090.051.000) 2026-06-21 09:03:48 Image size of job updated: 15148
	14  -  MemoryUsage of job (MB)
	14256  -  ResidentSetSize of job (KB)
...
006 (2090.051.000) 2026-06-21 10:18:55 Image size of job updated: 15148
	14  -  MemoryUsage of job (MB)
	14296  -  ResidentSetSize of job (KB)
...
006 (2090.051.000) 2026-06-21 11:04:00 Image size of job updated: 15148
	14  -  MemoryUsage of job (MB)
	14308  -  ResidentSetSize of job (KB)
...
006 (2090.051.000) 2026-06-21 11:09:00 Image size of job updated: 15148
	14  -  MemoryUsage of job (MB)
	14324  -  ResidentSetSize of job (KB)
...
006 (2090.051.000) 2026-06-21 11:19:01 Image size of job updated: 15148
	14  -  MemoryUsage of job (MB)
	14332  -  ResidentSetSize of job (KB)
...
006 (2090.051.000) 2026-06-21 13:24:14 Image size of job updated: 15164
	14  -  MemoryUsage of job (MB)
	14332  -  ResidentSetSize of job (KB)
...
006 (2090.051.000) 2026-06-21 13:29:15 Image size of job updated: 15168
	14  -  MemoryUsage of job (MB)
	14332  -  ResidentSetSize of job (KB)
...
006 (2090.051.000) 2026-06-21 13:34:15 Image size of job updated: 15428
	15  -  MemoryUsage of job (MB)
	14352  -  ResidentSetSize of job (KB)
...
006 (2090.051.000) 2026-06-21 13:44:16 Image size of job updated: 15428
	15  -  MemoryUsage of job (MB)
	14668  -  ResidentSetSize of job (KB)
...
006 (2090.051.000) 2026-06-21 13:54:16 Image size of job updated: 15428
	15  -  MemoryUsage of job (MB)
	14688  -  ResidentSetSize of job (KB)
...
006 (2090.051.000) 2026-06-21 14:09:18 Image size of job updated: 15452
	15  -  MemoryUsage of job (MB)
	14688  -  ResidentSetSize of job (KB)
...
006 (2090.051.000) 2026-06-21 14:49:22 Image size of job updated: 15480
	15  -  MemoryUsage of job (MB)
	14688  -  ResidentSetSize of job (KB)
...
006 (2090.051.000) 2026-06-21 15:04:24 Image size of job updated: 15488
	15  -  MemoryUsage of job (MB)
	14688  -  ResidentSetSize of job (KB)
...
006 (2090.051.000) 2026-06-21 15:19:25 Image size of job updated: 15488
	15  -  MemoryUsage of job (MB)
	14736  -  ResidentSetSize of job (KB)
...
006 (2090.051.000) 2026-06-21 15:29:26 Image size of job updated: 15488
	15  -  MemoryUsage of job (MB)
	15248  -  ResidentSetSize of job (KB)
...
006 (2090.051.000) 2026-06-21 15:49:28 Image size of job updated: 15516
	15  -  MemoryUsage of job (MB)
	15248  -  ResidentSetSize of job (KB)
...
006 (2090.051.000) 2026-06-21 15:59:30 Image size of job updated: 15528
	15  -  MemoryUsage of job (MB)
	15248  -  ResidentSetSize of job (KB)
...
006 (2090.051.000) 2026-06-21 16:24:31 Image size of job updated: 15540
	15  -  MemoryUsage of job (MB)
	15248  -  ResidentSetSize of job (KB)
...
006 (2090.051.000) 2026-06-21 16:34:33 Image size of job updated: 15548
	15  -  MemoryUsage of job (MB)
	15248  -  ResidentSetSize of job (KB)
...
006 (2090.051.000) 2026-06-21 16:49:35 Image size of job updated: 15556
	15  -  MemoryUsage of job (MB)
	15248  -  ResidentSetSize of job (KB)
...
006 (2090.051.000) 2026-06-21 16:59:36 Image size of job updated: 15640
	15  -  MemoryUsage of job (MB)
	15248  -  ResidentSetSize of job (KB)
...
006 (2090.051.000) 2026-06-21 17:09:37 Image size of job updated: 15816
	15  -  MemoryUsage of job (MB)
	15248  -  ResidentSetSize of job (KB)
...
006 (2090.051.000) 2026-06-21 17:19:39 Image size of job updated: 15816
	15  -  MemoryUsage of job (MB)
	15320  -  ResidentSetSize of job (KB)
...
006 (2090.051.000) 2026-06-21 17:49:42 Image size of job updated: 15844
	15  -  MemoryUsage of job (MB)
	15320  -  ResidentSetSize of job (KB)
...
006 (2090.051.000) 2026-06-21 19:39:54 Image size of job updated: 15912
	15  -  MemoryUsage of job (MB)
	15320  -  ResidentSetSize of job (KB)
...
006 (2090.051.000) 2026-06-22 04:30:50 Image size of job updated: 15940
	15  -  MemoryUsage of job (MB)
	15320  -  ResidentSetSize of job (KB)
...
005 (2090.051.000) 2026-06-22 04:32:51 Job terminated.
	(1) Normal termination (return value 0)
		Usr 1 16:04:44, Sys 0 00:10:28  -  Run Remote Usage
		Usr 0 00:00:00, Sys 0 00:00:00  -  Run Local Usage
		Usr 1 16:04:44, Sys 0 00:10:28  -  Total Remote Usage
		Usr 0 00:00:00, Sys 0 00:00:00  -  Total Local Usage
	0  -  Run Bytes Sent By Job
	0  -  Run Bytes Received By Job
	0  -  Total Bytes Sent By Job
	0  -  Total Bytes Received By Job
	Partitionable Resources :    Usage  Request Allocated 
	   Cpus                 :     0.99        1         1 
	   Disk (KB)            :  4000        4000    342046 
	   Memory (MB)          :    15           4      3568 

	Job terminated of its own accord at 2026-06-22T02:32:51Z with exit-code 0.
...
