000 (2089.031.000) 2026-06-18 15:38:34 Job submitted from host: <192.135.33.172:9618?addrs=192.135.33.172-9618&alias=theosrv-01.ca.infn.it&noUDP&sock=schedd_1878_baf3>
...
001 (2089.031.000) 2026-06-18 15:38:50 Job executing on host: <192.135.33.172:9618?addrs=192.135.33.172-9618&alias=theosrv-01.ca.infn.it&noUDP&sock=startd_1878_baf3>
	SlotName: slot33@theosrv-01.ca.infn.it
	CondorScratchDir = "/var/lib/condor/execute/dir_1379996"
	Cpus = 1
	Disk = 342046
	Memory = 3568
...
006 (2089.031.000) 2026-06-18 15:38:59 Image size of job updated: 14824
	15  -  MemoryUsage of job (MB)
	14408  -  ResidentSetSize of job (KB)
...
006 (2089.031.000) 2026-06-18 15:44:00 Image size of job updated: 15404
	15  -  MemoryUsage of job (MB)
	14468  -  ResidentSetSize of job (KB)
...
006 (2089.031.000) 2026-06-18 15:49:01 Image size of job updated: 15404
	15  -  MemoryUsage of job (MB)
	14720  -  ResidentSetSize of job (KB)
...
006 (2089.031.000) 2026-06-18 16:14:02 Image size of job updated: 15420
	15  -  MemoryUsage of job (MB)
	14720  -  ResidentSetSize of job (KB)
...
006 (2089.031.000) 2026-06-18 16:39:06 Image size of job updated: 15420
	15  -  MemoryUsage of job (MB)
	14756  -  ResidentSetSize of job (KB)
...
006 (2089.031.000) 2026-06-18 16:59:07 Image size of job updated: 15692
	15  -  MemoryUsage of job (MB)
	14756  -  ResidentSetSize of job (KB)
...
006 (2089.031.000) 2026-06-18 17:59:13 Image size of job updated: 15692
	15  -  MemoryUsage of job (MB)
	14816  -  ResidentSetSize of job (KB)
...
006 (2089.031.000) 2026-06-18 18:19:16 Image size of job updated: 15692
	15  -  MemoryUsage of job (MB)
	14820  -  ResidentSetSize of job (KB)
...
006 (2089.031.000) 2026-06-18 18:34:17 Image size of job updated: 15692
	15  -  MemoryUsage of job (MB)
	14828  -  ResidentSetSize of job (KB)
...
006 (2089.031.000) 2026-06-18 19:24:22 Image size of job updated: 15692
	15  -  MemoryUsage of job (MB)
	14852  -  ResidentSetSize of job (KB)
...
006 (2089.031.000) 2026-06-19 00:09:53 Image size of job updated: 15692
	15  -  MemoryUsage of job (MB)
	15012  -  ResidentSetSize of job (KB)
...
006 (2089.031.000) 2026-06-19 00:24:55 Image size of job updated: 15700
	15  -  MemoryUsage of job (MB)
	15024  -  ResidentSetSize of job (KB)
...
006 (2089.031.000) 2026-06-19 01:09:59 Image size of job updated: 15716
	15  -  MemoryUsage of job (MB)
	15024  -  ResidentSetSize of job (KB)
...
006 (2089.031.000) 2026-06-19 01:20:00 Image size of job updated: 15728
	15  -  MemoryUsage of job (MB)
	15024  -  ResidentSetSize of job (KB)
...
006 (2089.031.000) 2026-06-19 01:35:01 Image size of job updated: 15736
	15  -  MemoryUsage of job (MB)
	15024  -  ResidentSetSize of job (KB)
...
006 (2089.031.000) 2026-06-19 01:50:03 Image size of job updated: 15760
	15  -  MemoryUsage of job (MB)
	15024  -  ResidentSetSize of job (KB)
...
006 (2089.031.000) 2026-06-19 02:05:05 Image size of job updated: 15760
	15  -  MemoryUsage of job (MB)
	15072  -  ResidentSetSize of job (KB)
...
006 (2089.031.000) 2026-06-19 02:30:06 Image size of job updated: 15768
	15  -  MemoryUsage of job (MB)
	15072  -  ResidentSetSize of job (KB)
...
006 (2089.031.000) 2026-06-19 03:10:11 Image size of job updated: 15768
	15  -  MemoryUsage of job (MB)
	15112  -  ResidentSetSize of job (KB)
...
006 (2089.031.000) 2026-06-19 03:20:11 Image size of job updated: 15816
	15  -  MemoryUsage of job (MB)
	15112  -  ResidentSetSize of job (KB)
...
006 (2089.031.000) 2026-06-19 04:05:16 Image size of job updated: 15816
	15  -  MemoryUsage of job (MB)
	15136  -  ResidentSetSize of job (KB)
...
006 (2089.031.000) 2026-06-19 04:15:18 Image size of job updated: 15824
	15  -  MemoryUsage of job (MB)
	15136  -  ResidentSetSize of job (KB)
...
006 (2089.031.000) 2026-06-19 04:45:21 Image size of job updated: 15840
	15  -  MemoryUsage of job (MB)
	15136  -  ResidentSetSize of job (KB)
...
006 (2089.031.000) 2026-06-19 04:50:22 Image size of job updated: 15840
	15  -  MemoryUsage of job (MB)
	15168  -  ResidentSetSize of job (KB)
...
006 (2089.031.000) 2026-06-19 05:00:22 Image size of job updated: 15848
	15  -  MemoryUsage of job (MB)
	15168  -  ResidentSetSize of job (KB)
...
006 (2089.031.000) 2026-06-19 05:10:23 Image size of job updated: 15848
	15  -  MemoryUsage of job (MB)
	15176  -  ResidentSetSize of job (KB)
...
006 (2089.031.000) 2026-06-19 05:20:24 Image size of job updated: 15848
	15  -  MemoryUsage of job (MB)
	15184  -  ResidentSetSize of job (KB)
...
006 (2089.031.000) 2026-06-19 05:40:27 Image size of job updated: 15872
	15  -  MemoryUsage of job (MB)
	15184  -  ResidentSetSize of job (KB)
...
006 (2089.031.000) 2026-06-19 06:00:28 Image size of job updated: 15880
	15  -  MemoryUsage of job (MB)
	15184  -  ResidentSetSize of job (KB)
...
006 (2089.031.000) 2026-06-19 07:00:34 Image size of job updated: 16172
	15  -  MemoryUsage of job (MB)
	15184  -  ResidentSetSize of job (KB)
...
006 (2089.031.000) 2026-06-19 07:40:38 Image size of job updated: 16172
	15  -  MemoryUsage of job (MB)
	15260  -  ResidentSetSize of job (KB)
...
006 (2089.031.000) 2026-06-19 08:15:42 Image size of job updated: 16172
	15  -  MemoryUsage of job (MB)
	15284  -  ResidentSetSize of job (KB)
...
006 (2089.031.000) 2026-06-19 08:40:44 Image size of job updated: 16172
	15  -  MemoryUsage of job (MB)
	15292  -  ResidentSetSize of job (KB)
...
006 (2089.031.000) 2026-06-19 09:25:48 Image size of job updated: 16172
	15  -  MemoryUsage of job (MB)
	15324  -  ResidentSetSize of job (KB)
...
006 (2089.031.000) 2026-06-19 10:40:57 Image size of job updated: 16172
	16  -  MemoryUsage of job (MB)
	15620  -  ResidentSetSize of job (KB)
...
006 (2089.031.000) 2026-06-19 11:41:02 Image size of job updated: 16328
	16  -  MemoryUsage of job (MB)
	15620  -  ResidentSetSize of job (KB)
...
006 (2089.031.000) 2026-06-19 12:31:07 Image size of job updated: 16356
	16  -  MemoryUsage of job (MB)
	15620  -  ResidentSetSize of job (KB)
...
006 (2089.031.000) 2026-06-19 14:26:19 Image size of job updated: 16416
	16  -  MemoryUsage of job (MB)
	15620  -  ResidentSetSize of job (KB)
...
006 (2089.031.000) 2026-06-19 18:41:46 Image size of job updated: 16416
	16  -  MemoryUsage of job (MB)
	15624  -  ResidentSetSize of job (KB)
...
006 (2089.031.000) 2026-06-19 18:56:48 Image size of job updated: 16416
	16  -  MemoryUsage of job (MB)
	15632  -  ResidentSetSize of job (KB)
...
006 (2089.031.000) 2026-06-19 19:06:48 Image size of job updated: 16416
	16  -  MemoryUsage of job (MB)
	15636  -  ResidentSetSize of job (KB)
...
006 (2089.031.000) 2026-06-19 19:11:49 Image size of job updated: 16416
	16  -  MemoryUsage of job (MB)
	15640  -  ResidentSetSize of job (KB)
...
006 (2089.031.000) 2026-06-19 19:26:51 Image size of job updated: 16416
	16  -  MemoryUsage of job (MB)
	15648  -  ResidentSetSize of job (KB)
...
006 (2089.031.000) 2026-06-19 19:36:52 Image size of job updated: 16416
	16  -  MemoryUsage of job (MB)
	15652  -  ResidentSetSize of job (KB)
...
006 (2089.031.000) 2026-06-19 19:46:53 Image size of job updated: 16416
	16  -  MemoryUsage of job (MB)
	15664  -  ResidentSetSize of job (KB)
...
006 (2089.031.000) 2026-06-19 20:11:55 Image size of job updated: 16416
	16  -  MemoryUsage of job (MB)
	15672  -  ResidentSetSize of job (KB)
...
006 (2089.031.000) 2026-06-19 20:26:57 Image size of job updated: 16416
	16  -  MemoryUsage of job (MB)
	15676  -  ResidentSetSize of job (KB)
...
006 (2089.031.000) 2026-06-19 20:31:57 Image size of job updated: 16416
	16  -  MemoryUsage of job (MB)
	15680  -  ResidentSetSize of job (KB)
...
006 (2089.031.000) 2026-06-19 20:41:58 Image size of job updated: 16416
	16  -  MemoryUsage of job (MB)
	15684  -  ResidentSetSize of job (KB)
...
006 (2089.031.000) 2026-06-19 20:46:58 Image size of job updated: 16416
	16  -  MemoryUsage of job (MB)
	15688  -  ResidentSetSize of job (KB)
...
006 (2089.031.000) 2026-06-19 21:02:00 Image size of job updated: 16416
	16  -  MemoryUsage of job (MB)
	15696  -  ResidentSetSize of job (KB)
...
006 (2089.031.000) 2026-06-19 21:12:02 Image size of job updated: 16416
	16  -  MemoryUsage of job (MB)
	15700  -  ResidentSetSize of job (KB)
...
006 (2089.031.000) 2026-06-19 21:27:03 Image size of job updated: 16416
	16  -  MemoryUsage of job (MB)
	15708  -  ResidentSetSize of job (KB)
...
006 (2089.031.000) 2026-06-19 21:32:03 Image size of job updated: 16416
	16  -  MemoryUsage of job (MB)
	15712  -  ResidentSetSize of job (KB)
...
006 (2089.031.000) 2026-06-19 21:52:05 Image size of job updated: 16416
	16  -  MemoryUsage of job (MB)
	15720  -  ResidentSetSize of job (KB)
...
006 (2089.031.000) 2026-06-19 22:02:07 Image size of job updated: 16416
	16  -  MemoryUsage of job (MB)
	15728  -  ResidentSetSize of job (KB)
...
006 (2089.031.000) 2026-06-19 22:17:09 Image size of job updated: 16416
	16  -  MemoryUsage of job (MB)
	15736  -  ResidentSetSize of job (KB)
...
006 (2089.031.000) 2026-06-19 22:32:11 Image size of job updated: 16416
	16  -  MemoryUsage of job (MB)
	15744  -  ResidentSetSize of job (KB)
...
006 (2089.031.000) 2026-06-19 22:52:13 Image size of job updated: 16416
	16  -  MemoryUsage of job (MB)
	15752  -  ResidentSetSize of job (KB)
...
006 (2089.031.000) 2026-06-19 23:07:15 Image size of job updated: 16416
	16  -  MemoryUsage of job (MB)
	15760  -  ResidentSetSize of job (KB)
...
006 (2089.031.000) 2026-06-19 23:22:16 Image size of job updated: 16416
	16  -  MemoryUsage of job (MB)
	15768  -  ResidentSetSize of job (KB)
...
006 (2089.031.000) 2026-06-19 23:52:19 Image size of job updated: 16416
	16  -  MemoryUsage of job (MB)
	15784  -  ResidentSetSize of job (KB)
...
006 (2089.031.000) 2026-06-20 00:07:20 Image size of job updated: 16416
	16  -  MemoryUsage of job (MB)
	15792  -  ResidentSetSize of job (KB)
...
006 (2089.031.000) 2026-06-20 00:22:21 Image size of job updated: 16416
	16  -  MemoryUsage of job (MB)
	15800  -  ResidentSetSize of job (KB)
...
006 (2089.031.000) 2026-06-20 00:27:22 Image size of job updated: 16416
	16  -  MemoryUsage of job (MB)
	15812  -  ResidentSetSize of job (KB)
...
006 (2089.031.000) 2026-06-20 00:52:25 Image size of job updated: 16416
	16  -  MemoryUsage of job (MB)
	15820  -  ResidentSetSize of job (KB)
...
006 (2089.031.000) 2026-06-20 01:07:26 Image size of job updated: 16416
	16  -  MemoryUsage of job (MB)
	15824  -  ResidentSetSize of job (KB)
...
006 (2089.031.000) 2026-06-20 01:22:28 Image size of job updated: 16416
	16  -  MemoryUsage of job (MB)
	15828  -  ResidentSetSize of job (KB)
...
006 (2089.031.000) 2026-06-20 01:32:29 Image size of job updated: 16416
	16  -  MemoryUsage of job (MB)
	15832  -  ResidentSetSize of job (KB)
...
006 (2089.031.000) 2026-06-20 01:42:30 Image size of job updated: 16416
	16  -  MemoryUsage of job (MB)
	15840  -  ResidentSetSize of job (KB)
...
006 (2089.031.000) 2026-06-20 01:52:31 Image size of job updated: 16416
	16  -  MemoryUsage of job (MB)
	15844  -  ResidentSetSize of job (KB)
...
006 (2089.031.000) 2026-06-20 01:57:31 Image size of job updated: 16416
	16  -  MemoryUsage of job (MB)
	15848  -  ResidentSetSize of job (KB)
...
006 (2089.031.000) 2026-06-20 02:17:33 Image size of job updated: 16416
	16  -  MemoryUsage of job (MB)
	15856  -  ResidentSetSize of job (KB)
...
006 (2089.031.000) 2026-06-20 02:37:36 Image size of job updated: 16416
	16  -  MemoryUsage of job (MB)
	15864  -  ResidentSetSize of job (KB)
...
006 (2089.031.000) 2026-06-20 02:42:37 Image size of job updated: 16416
	16  -  MemoryUsage of job (MB)
	15876  -  ResidentSetSize of job (KB)
...
006 (2089.031.000) 2026-06-20 03:02:38 Image size of job updated: 16416
	16  -  MemoryUsage of job (MB)
	15880  -  ResidentSetSize of job (KB)
...
006 (2089.031.000) 2026-06-20 03:12:39 Image size of job updated: 16416
	16  -  MemoryUsage of job (MB)
	15884  -  ResidentSetSize of job (KB)
...
006 (2089.031.000) 2026-06-20 03:17:40 Image size of job updated: 16416
	16  -  MemoryUsage of job (MB)
	15888  -  ResidentSetSize of job (KB)
...
006 (2089.031.000) 2026-06-20 03:32:42 Image size of job updated: 16416
	16  -  MemoryUsage of job (MB)
	15908  -  ResidentSetSize of job (KB)
...
006 (2089.031.000) 2026-06-20 04:07:45 Image size of job updated: 16416
	16  -  MemoryUsage of job (MB)
	15912  -  ResidentSetSize of job (KB)
...
006 (2089.031.000) 2026-06-20 04:22:47 Image size of job updated: 16416
	16  -  MemoryUsage of job (MB)
	15920  -  ResidentSetSize of job (KB)
...
006 (2089.031.000) 2026-06-20 04:32:47 Image size of job updated: 16416
	16  -  MemoryUsage of job (MB)
	15924  -  ResidentSetSize of job (KB)
...
006 (2089.031.000) 2026-06-20 04:42:48 Image size of job updated: 16416
	16  -  MemoryUsage of job (MB)
	15928  -  ResidentSetSize of job (KB)
...
006 (2089.031.000) 2026-06-20 04:52:49 Image size of job updated: 16416
	16  -  MemoryUsage of job (MB)
	15936  -  ResidentSetSize of job (KB)
...
006 (2089.031.000) 2026-06-20 05:17:52 Image size of job updated: 16416
	16  -  MemoryUsage of job (MB)
	15948  -  ResidentSetSize of job (KB)
...
006 (2089.031.000) 2026-06-20 05:22:52 Image size of job updated: 16416
	16  -  MemoryUsage of job (MB)
	15952  -  ResidentSetSize of job (KB)
...
006 (2089.031.000) 2026-06-20 05:37:53 Image size of job updated: 16416
	16  -  MemoryUsage of job (MB)
	15960  -  ResidentSetSize of job (KB)
...
006 (2089.031.000) 2026-06-20 06:07:57 Image size of job updated: 16416
	16  -  MemoryUsage of job (MB)
	15972  -  ResidentSetSize of job (KB)
...
006 (2089.031.000) 2026-06-20 06:12:58 Image size of job updated: 16416
	16  -  MemoryUsage of job (MB)
	15976  -  ResidentSetSize of job (KB)
...
006 (2089.031.000) 2026-06-20 06:17:59 Image size of job updated: 16416
	16  -  MemoryUsage of job (MB)
	15988  -  ResidentSetSize of job (KB)
...
006 (2089.031.000) 2026-06-20 06:43:00 Image size of job updated: 16416
	16  -  MemoryUsage of job (MB)
	15992  -  ResidentSetSize of job (KB)
...
006 (2089.031.000) 2026-06-20 06:58:02 Image size of job updated: 16416
	16  -  MemoryUsage of job (MB)
	16000  -  ResidentSetSize of job (KB)
...
006 (2089.031.000) 2026-06-20 07:13:04 Image size of job updated: 16416
	16  -  MemoryUsage of job (MB)
	16008  -  ResidentSetSize of job (KB)
...
006 (2089.031.000) 2026-06-20 07:23:05 Image size of job updated: 16416
	16  -  MemoryUsage of job (MB)
	16012  -  ResidentSetSize of job (KB)
...
006 (2089.031.000) 2026-06-20 07:28:05 Image size of job updated: 16416
	16  -  MemoryUsage of job (MB)
	16020  -  ResidentSetSize of job (KB)
...
006 (2089.031.000) 2026-06-20 07:48:07 Image size of job updated: 16416
	16  -  MemoryUsage of job (MB)
	16024  -  ResidentSetSize of job (KB)
...
006 (2089.031.000) 2026-06-20 07:53:08 Image size of job updated: 16416
	16  -  MemoryUsage of job (MB)
	16028  -  ResidentSetSize of job (KB)
...
006 (2089.031.000) 2026-06-20 07:58:09 Image size of job updated: 16448
	16  -  MemoryUsage of job (MB)
	16028  -  ResidentSetSize of job (KB)
...
006 (2089.031.000) 2026-06-20 08:03:09 Image size of job updated: 16448
	16  -  MemoryUsage of job (MB)
	16032  -  ResidentSetSize of job (KB)
...
006 (2089.031.000) 2026-06-20 08:13:10 Image size of job updated: 16448
	16  -  MemoryUsage of job (MB)
	16036  -  ResidentSetSize of job (KB)
...
006 (2089.031.000) 2026-06-20 08:18:10 Image size of job updated: 16448
	16  -  MemoryUsage of job (MB)
	16040  -  ResidentSetSize of job (KB)
...
006 (2089.031.000) 2026-06-20 08:28:11 Image size of job updated: 16448
	16  -  MemoryUsage of job (MB)
	16044  -  ResidentSetSize of job (KB)
...
006 (2089.031.000) 2026-06-20 08:33:12 Image size of job updated: 16448
	16  -  MemoryUsage of job (MB)
	16048  -  ResidentSetSize of job (KB)
...
006 (2089.031.000) 2026-06-20 08:48:14 Image size of job updated: 16448
	16  -  MemoryUsage of job (MB)
	16056  -  ResidentSetSize of job (KB)
...
006 (2089.031.000) 2026-06-20 08:58:14 Image size of job updated: 16448
	16  -  MemoryUsage of job (MB)
	16060  -  ResidentSetSize of job (KB)
...
006 (2089.031.000) 2026-06-20 09:03:15 Image size of job updated: 16448
	16  -  MemoryUsage of job (MB)
	16064  -  ResidentSetSize of job (KB)
...
006 (2089.031.000) 2026-06-20 09:13:15 Image size of job updated: 16448
	16  -  MemoryUsage of job (MB)
	16068  -  ResidentSetSize of job (KB)
...
006 (2089.031.000) 2026-06-20 09:23:17 Image size of job updated: 16448
	16  -  MemoryUsage of job (MB)
	16072  -  ResidentSetSize of job (KB)
...
006 (2089.031.000) 2026-06-20 09:33:18 Image size of job updated: 16448
	16  -  MemoryUsage of job (MB)
	16076  -  ResidentSetSize of job (KB)
...
006 (2089.031.000) 2026-06-20 09:43:19 Image size of job updated: 16448
	16  -  MemoryUsage of job (MB)
	16084  -  ResidentSetSize of job (KB)
...
006 (2089.031.000) 2026-06-20 09:58:20 Image size of job updated: 16448
	16  -  MemoryUsage of job (MB)
	16092  -  ResidentSetSize of job (KB)
...
006 (2089.031.000) 2026-06-20 10:23:23 Image size of job updated: 16448
	16  -  MemoryUsage of job (MB)
	16104  -  ResidentSetSize of job (KB)
...
006 (2089.031.000) 2026-06-20 10:38:25 Image size of job updated: 16448
	16  -  MemoryUsage of job (MB)
	16116  -  ResidentSetSize of job (KB)
...
006 (2089.031.000) 2026-06-20 10:48:26 Image size of job updated: 16448
	16  -  MemoryUsage of job (MB)
	16128  -  ResidentSetSize of job (KB)
...
006 (2089.031.000) 2026-06-20 11:18:29 Image size of job updated: 16448
	16  -  MemoryUsage of job (MB)
	16136  -  ResidentSetSize of job (KB)
...
006 (2089.031.000) 2026-06-20 11:33:31 Image size of job updated: 16448
	16  -  MemoryUsage of job (MB)
	16140  -  ResidentSetSize of job (KB)
...
006 (2089.031.000) 2026-06-20 11:43:31 Image size of job updated: 16448
	16  -  MemoryUsage of job (MB)
	16144  -  ResidentSetSize of job (KB)
...
006 (2089.031.000) 2026-06-20 11:48:32 Image size of job updated: 16448
	16  -  MemoryUsage of job (MB)
	16148  -  ResidentSetSize of job (KB)
...
006 (2089.031.000) 2026-06-20 11:58:32 Image size of job updated: 16448
	16  -  MemoryUsage of job (MB)
	16156  -  ResidentSetSize of job (KB)
...
006 (2089.031.000) 2026-06-20 12:03:33 Image size of job updated: 16668
	16  -  MemoryUsage of job (MB)
	16156  -  ResidentSetSize of job (KB)
...
005 (2089.031.000) 2026-06-20 12:10:11 Job terminated.
	(1) Normal termination (return value 0)
		Usr 1 20:11:38, Sys 0 00:08:43  -  Run Remote Usage
		Usr 0 00:00:00, Sys 0 00:00:00  -  Run Local Usage
		Usr 1 20:11:38, Sys 0 00:08:43  -  Total Remote Usage
		Usr 0 00:00:00, Sys 0 00:00:00  -  Total Local Usage
	0  -  Run Bytes Sent By Job
	0  -  Run Bytes Received By Job
	0  -  Total Bytes Sent By Job
	0  -  Total Bytes Received By Job
	Partitionable Resources :    Usage  Request Allocated 
	   Cpus                 :     1.00        1         1 
	   Disk (KB)            :  4000        4000    342046 
	   Memory (MB)          :    16           4      3568 

	Job terminated of its own accord at 2026-06-20T10:10:11Z with exit-code 0.
...
