000 (2066.024.000) 2026-05-13 12:01:46 Job submitted from host: <192.135.33.172:9618?addrs=192.135.33.172-9618&alias=theosrv-01.ca.infn.it&noUDP&sock=schedd_1878_baf3>
...
001 (2066.024.000) 2026-05-13 12:02:06 Job executing on host: <192.135.33.172:9618?addrs=192.135.33.172-9618&alias=theosrv-01.ca.infn.it&noUDP&sock=startd_1878_baf3>
	SlotName: slot25@theosrv-01.ca.infn.it
	CondorScratchDir = "/var/lib/condor/execute/dir_481993"
	Cpus = 1
	Disk = 342046
	Memory = 3568
...
006 (2066.024.000) 2026-05-13 12:02:14 Image size of job updated: 14644
	15  -  MemoryUsage of job (MB)
	14644  -  ResidentSetSize of job (KB)
...
006 (2066.024.000) 2026-05-13 12:07:14 Image size of job updated: 15216
	15  -  MemoryUsage of job (MB)
	14644  -  ResidentSetSize of job (KB)
...
006 (2066.024.000) 2026-05-13 12:12:15 Image size of job updated: 15216
	15  -  MemoryUsage of job (MB)
	14704  -  ResidentSetSize of job (KB)
...
006 (2066.024.000) 2026-05-13 12:17:16 Image size of job updated: 15384
	15  -  MemoryUsage of job (MB)
	14704  -  ResidentSetSize of job (KB)
...
006 (2066.024.000) 2026-05-13 12:37:17 Image size of job updated: 15384
	15  -  MemoryUsage of job (MB)
	14708  -  ResidentSetSize of job (KB)
...
006 (2066.024.000) 2026-05-13 12:47:18 Image size of job updated: 15384
	15  -  MemoryUsage of job (MB)
	14972  -  ResidentSetSize of job (KB)
...
006 (2066.024.000) 2026-05-13 15:12:33 Image size of job updated: 15516
	15  -  MemoryUsage of job (MB)
	14972  -  ResidentSetSize of job (KB)
...
006 (2066.024.000) 2026-05-13 19:38:01 Image size of job updated: 15516
	15  -  MemoryUsage of job (MB)
	15064  -  ResidentSetSize of job (KB)
...
006 (2066.024.000) 2026-05-13 21:23:12 Image size of job updated: 15520
	15  -  MemoryUsage of job (MB)
	15064  -  ResidentSetSize of job (KB)
...
006 (2066.024.000) 2026-05-14 01:18:36 Image size of job updated: 15560
	15  -  MemoryUsage of job (MB)
	15064  -  ResidentSetSize of job (KB)
...
006 (2066.024.000) 2026-05-14 05:19:00 Image size of job updated: 15624
	15  -  MemoryUsage of job (MB)
	15064  -  ResidentSetSize of job (KB)
...
006 (2066.024.000) 2026-05-14 05:59:04 Image size of job updated: 15624
	15  -  MemoryUsage of job (MB)
	15208  -  ResidentSetSize of job (KB)
...
006 (2066.024.000) 2026-05-14 10:14:31 Image size of job updated: 15684
	15  -  MemoryUsage of job (MB)
	15208  -  ResidentSetSize of job (KB)
...
006 (2066.024.000) 2026-05-14 10:49:34 Image size of job updated: 15696
	15  -  MemoryUsage of job (MB)
	15208  -  ResidentSetSize of job (KB)
...
006 (2066.024.000) 2026-05-14 14:54:59 Image size of job updated: 15696
	15  -  MemoryUsage of job (MB)
	15328  -  ResidentSetSize of job (KB)
...
006 (2066.024.000) 2026-05-14 16:55:11 Image size of job updated: 15776
	15  -  MemoryUsage of job (MB)
	15328  -  ResidentSetSize of job (KB)
...
006 (2066.024.000) 2026-05-14 17:20:14 Image size of job updated: 15784
	15  -  MemoryUsage of job (MB)
	15328  -  ResidentSetSize of job (KB)
...
006 (2066.024.000) 2026-05-14 22:20:47 Image size of job updated: 15856
	15  -  MemoryUsage of job (MB)
	15328  -  ResidentSetSize of job (KB)
...
006 (2066.024.000) 2026-05-15 00:51:02 Image size of job updated: 15856
	16  -  MemoryUsage of job (MB)
	15464  -  ResidentSetSize of job (KB)
...
006 (2066.024.000) 2026-05-15 01:21:05 Image size of job updated: 15888
	16  -  MemoryUsage of job (MB)
	15464  -  ResidentSetSize of job (KB)
...
006 (2066.024.000) 2026-05-15 02:21:13 Image size of job updated: 15908
	16  -  MemoryUsage of job (MB)
	15464  -  ResidentSetSize of job (KB)
...
006 (2066.024.000) 2026-05-15 05:06:31 Image size of job updated: 15948
	16  -  MemoryUsage of job (MB)
	15464  -  ResidentSetSize of job (KB)
...
006 (2066.024.000) 2026-05-15 06:51:41 Image size of job updated: 16064
	16  -  MemoryUsage of job (MB)
	15464  -  ResidentSetSize of job (KB)
...
006 (2066.024.000) 2026-05-15 06:56:42 Image size of job updated: 16320
	16  -  MemoryUsage of job (MB)
	15552  -  ResidentSetSize of job (KB)
...
006 (2066.024.000) 2026-05-15 07:11:43 Image size of job updated: 16584
	16  -  MemoryUsage of job (MB)
	15552  -  ResidentSetSize of job (KB)
...
006 (2066.024.000) 2026-05-15 07:36:46 Image size of job updated: 16584
	16  -  MemoryUsage of job (MB)
	15564  -  ResidentSetSize of job (KB)
...
006 (2066.024.000) 2026-05-15 08:51:53 Image size of job updated: 16584
	16  -  MemoryUsage of job (MB)
	15596  -  ResidentSetSize of job (KB)
...
006 (2066.024.000) 2026-05-15 09:06:54 Image size of job updated: 16620
	16  -  MemoryUsage of job (MB)
	15596  -  ResidentSetSize of job (KB)
...
006 (2066.024.000) 2026-05-15 09:31:58 Image size of job updated: 16628
	16  -  MemoryUsage of job (MB)
	15596  -  ResidentSetSize of job (KB)
...
006 (2066.024.000) 2026-05-15 10:22:03 Image size of job updated: 16628
	16  -  MemoryUsage of job (MB)
	15624  -  ResidentSetSize of job (KB)
...
006 (2066.024.000) 2026-05-15 10:27:03 Image size of job updated: 16628
	16  -  MemoryUsage of job (MB)
	15628  -  ResidentSetSize of job (KB)
...
006 (2066.024.000) 2026-05-15 11:17:08 Image size of job updated: 16920
	16  -  MemoryUsage of job (MB)
	15628  -  ResidentSetSize of job (KB)
...
006 (2066.024.000) 2026-05-15 13:47:24 Image size of job updated: 16920
	16  -  MemoryUsage of job (MB)
	15680  -  ResidentSetSize of job (KB)
...
006 (2066.024.000) 2026-05-15 14:42:29 Image size of job updated: 16920
	16  -  MemoryUsage of job (MB)
	15688  -  ResidentSetSize of job (KB)
...
006 (2066.024.000) 2026-05-15 15:17:32 Image size of job updated: 16920
	16  -  MemoryUsage of job (MB)
	15700  -  ResidentSetSize of job (KB)
...
006 (2066.024.000) 2026-05-15 15:57:38 Image size of job updated: 16920
	16  -  MemoryUsage of job (MB)
	15792  -  ResidentSetSize of job (KB)
...
006 (2066.024.000) 2026-05-15 18:12:52 Image size of job updated: 16920
	16  -  MemoryUsage of job (MB)
	15820  -  ResidentSetSize of job (KB)
...
006 (2066.024.000) 2026-05-15 18:52:56 Image size of job updated: 16920
	16  -  MemoryUsage of job (MB)
	16000  -  ResidentSetSize of job (KB)
...
006 (2066.024.000) 2026-05-15 19:12:57 Image size of job updated: 16920
	16  -  MemoryUsage of job (MB)
	16012  -  ResidentSetSize of job (KB)
...
006 (2066.024.000) 2026-05-15 19:17:58 Image size of job updated: 16920
	16  -  MemoryUsage of job (MB)
	16248  -  ResidentSetSize of job (KB)
...
006 (2066.024.000) 2026-05-16 00:03:27 Image size of job updated: 16920
	16  -  MemoryUsage of job (MB)
	16376  -  ResidentSetSize of job (KB)
...
006 (2066.024.000) 2026-05-16 12:49:41 Image size of job updated: 16920
	17  -  MemoryUsage of job (MB)
	16404  -  ResidentSetSize of job (KB)
...
006 (2066.024.000) 2026-05-16 17:20:11 Image size of job updated: 17072
	17  -  MemoryUsage of job (MB)
	16816  -  ResidentSetSize of job (KB)
...
005 (2066.024.000) 2026-05-17 05:46:35 Job terminated.
	(1) Normal termination (return value 0)
		Usr 3 17:01:25, Sys 0 00:19:38  -  Run Remote Usage
		Usr 0 00:00:00, Sys 0 00:00:00  -  Run Local Usage
		Usr 3 17:01:25, Sys 0 00:19:38  -  Total Remote Usage
		Usr 0 00:00:00, Sys 0 00:00:00  -  Total Local Usage
	0  -  Run Bytes Sent By Job
	0  -  Run Bytes Received By Job
	0  -  Total Bytes Sent By Job
	0  -  Total Bytes Received By Job
	Partitionable Resources :    Usage  Request Allocated 
	   Cpus                 :     0.99        1         1 
	   Disk (KB)            :  4000        4000    342046 
	   Memory (MB)          :    17           4      3568 

	Job terminated of its own accord at 2026-05-17T03:46:35Z with exit-code 0.
...
