000 (2066.007.000) 2026-05-13 12:01:46 Job submitted from host: <192.135.33.172:9618?addrs=192.135.33.172-9618&alias=theosrv-01.ca.infn.it&noUDP&sock=schedd_1878_baf3>
...
001 (2066.007.000) 2026-05-13 12:02:06 Job executing on host: <192.135.33.172:9618?addrs=192.135.33.172-9618&alias=theosrv-01.ca.infn.it&noUDP&sock=startd_1878_baf3>
	SlotName: slot8@theosrv-01.ca.infn.it
	CondorScratchDir = "/var/lib/condor/execute/dir_481976"
	Cpus = 1
	Disk = 342046
	Memory = 3568
...
006 (2066.007.000) 2026-05-13 12:02:14 Image size of job updated: 15076
	14  -  MemoryUsage of job (MB)
	14296  -  ResidentSetSize of job (KB)
...
006 (2066.007.000) 2026-05-13 12:07:14 Image size of job updated: 15076
	15  -  MemoryUsage of job (MB)
	14360  -  ResidentSetSize of job (KB)
...
006 (2066.007.000) 2026-05-13 12:17:15 Image size of job updated: 15076
	15  -  MemoryUsage of job (MB)
	14616  -  ResidentSetSize of job (KB)
...
006 (2066.007.000) 2026-05-13 12:27:15 Image size of job updated: 15132
	15  -  MemoryUsage of job (MB)
	14616  -  ResidentSetSize of job (KB)
...
006 (2066.007.000) 2026-05-13 13:12:20 Image size of job updated: 15132
	15  -  MemoryUsage of job (MB)
	14640  -  ResidentSetSize of job (KB)
...
006 (2066.007.000) 2026-05-13 14:52:30 Image size of job updated: 15132
	15  -  MemoryUsage of job (MB)
	14688  -  ResidentSetSize of job (KB)
...
006 (2066.007.000) 2026-05-13 15:47:35 Image size of job updated: 15164
	15  -  MemoryUsage of job (MB)
	14688  -  ResidentSetSize of job (KB)
...
006 (2066.007.000) 2026-05-13 16:07:38 Image size of job updated: 15164
	15  -  MemoryUsage of job (MB)
	14720  -  ResidentSetSize of job (KB)
...
006 (2066.007.000) 2026-05-13 16:57:43 Image size of job updated: 15248
	15  -  MemoryUsage of job (MB)
	14996  -  ResidentSetSize of job (KB)
...
006 (2066.007.000) 2026-05-13 19:02:57 Image size of job updated: 15724
	15  -  MemoryUsage of job (MB)
	14996  -  ResidentSetSize of job (KB)
...
006 (2066.007.000) 2026-05-13 23:48:26 Image size of job updated: 15724
	15  -  MemoryUsage of job (MB)
	15160  -  ResidentSetSize of job (KB)
...
006 (2066.007.000) 2026-05-14 10:04:30 Image size of job updated: 15724
	16  -  MemoryUsage of job (MB)
	15404  -  ResidentSetSize of job (KB)
...
006 (2066.007.000) 2026-05-14 11:09:36 Image size of job updated: 15860
	16  -  MemoryUsage of job (MB)
	15404  -  ResidentSetSize of job (KB)
...
006 (2066.007.000) 2026-05-14 12:54:46 Image size of job updated: 15896
	16  -  MemoryUsage of job (MB)
	15404  -  ResidentSetSize of job (KB)
...
006 (2066.007.000) 2026-05-14 13:29:50 Image size of job updated: 15916
	16  -  MemoryUsage of job (MB)
	15404  -  ResidentSetSize of job (KB)
...
006 (2066.007.000) 2026-05-14 14:04:54 Image size of job updated: 15928
	16  -  MemoryUsage of job (MB)
	15404  -  ResidentSetSize of job (KB)
...
006 (2066.007.000) 2026-05-14 16:15:06 Image size of job updated: 15980
	16  -  MemoryUsage of job (MB)
	15404  -  ResidentSetSize of job (KB)
...
006 (2066.007.000) 2026-05-14 16:25:08 Image size of job updated: 15988
	16  -  MemoryUsage of job (MB)
	15404  -  ResidentSetSize of job (KB)
...
006 (2066.007.000) 2026-05-14 17:25:14 Image size of job updated: 16012
	16  -  MemoryUsage of job (MB)
	15404  -  ResidentSetSize of job (KB)
...
006 (2066.007.000) 2026-05-14 20:30:35 Image size of job updated: 16012
	16  -  MemoryUsage of job (MB)
	15412  -  ResidentSetSize of job (KB)
...
006 (2066.007.000) 2026-05-14 20:50:38 Image size of job updated: 16012
	16  -  MemoryUsage of job (MB)
	15416  -  ResidentSetSize of job (KB)
...
006 (2066.007.000) 2026-05-14 21:10:40 Image size of job updated: 16100
	16  -  MemoryUsage of job (MB)
	15416  -  ResidentSetSize of job (KB)
...
006 (2066.007.000) 2026-05-14 22:20:46 Image size of job updated: 16100
	16  -  MemoryUsage of job (MB)
	15452  -  ResidentSetSize of job (KB)
...
006 (2066.007.000) 2026-05-14 22:50:50 Image size of job updated: 16100
	16  -  MemoryUsage of job (MB)
	15464  -  ResidentSetSize of job (KB)
...
006 (2066.007.000) 2026-05-14 23:05:51 Image size of job updated: 16148
	16  -  MemoryUsage of job (MB)
	15464  -  ResidentSetSize of job (KB)
...
006 (2066.007.000) 2026-05-14 23:30:54 Image size of job updated: 16148
	16  -  MemoryUsage of job (MB)
	15476  -  ResidentSetSize of job (KB)
...
006 (2066.007.000) 2026-05-15 01:01:03 Image size of job updated: 16148
	16  -  MemoryUsage of job (MB)
	15772  -  ResidentSetSize of job (KB)
...
006 (2066.007.000) 2026-05-15 01:31:06 Image size of job updated: 16148
	16  -  MemoryUsage of job (MB)
	15788  -  ResidentSetSize of job (KB)
...
006 (2066.007.000) 2026-05-15 03:21:16 Image size of job updated: 16248
	16  -  MemoryUsage of job (MB)
	15788  -  ResidentSetSize of job (KB)
...
006 (2066.007.000) 2026-05-15 05:11:28 Image size of job updated: 16640
	16  -  MemoryUsage of job (MB)
	15788  -  ResidentSetSize of job (KB)
...
006 (2066.007.000) 2026-05-15 07:06:40 Image size of job updated: 16640
	16  -  MemoryUsage of job (MB)
	15908  -  ResidentSetSize of job (KB)
...
006 (2066.007.000) 2026-05-15 07:11:40 Image size of job updated: 16688
	16  -  MemoryUsage of job (MB)
	15908  -  ResidentSetSize of job (KB)
...
006 (2066.007.000) 2026-05-15 07:16:41 Image size of job updated: 16704
	16  -  MemoryUsage of job (MB)
	15908  -  ResidentSetSize of job (KB)
...
006 (2066.007.000) 2026-05-15 07:46:44 Image size of job updated: 16708
	16  -  MemoryUsage of job (MB)
	15908  -  ResidentSetSize of job (KB)
...
006 (2066.007.000) 2026-05-15 07:51:45 Image size of job updated: 16892
	16  -  MemoryUsage of job (MB)
	15908  -  ResidentSetSize of job (KB)
...
006 (2066.007.000) 2026-05-15 08:56:52 Image size of job updated: 17004
	16  -  MemoryUsage of job (MB)
	15908  -  ResidentSetSize of job (KB)
...
006 (2066.007.000) 2026-05-15 09:06:53 Image size of job updated: 17004
	16  -  MemoryUsage of job (MB)
	15984  -  ResidentSetSize of job (KB)
...
006 (2066.007.000) 2026-05-15 09:36:57 Image size of job updated: 17032
	16  -  MemoryUsage of job (MB)
	15984  -  ResidentSetSize of job (KB)
...
006 (2066.007.000) 2026-05-15 09:41:57 Image size of job updated: 17280
	16  -  MemoryUsage of job (MB)
	15984  -  ResidentSetSize of job (KB)
...
006 (2066.007.000) 2026-05-15 10:22:00 Image size of job updated: 17280
	16  -  MemoryUsage of job (MB)
	16024  -  ResidentSetSize of job (KB)
...
006 (2066.007.000) 2026-05-15 10:47:03 Image size of job updated: 17280
	16  -  MemoryUsage of job (MB)
	16040  -  ResidentSetSize of job (KB)
...
006 (2066.007.000) 2026-05-15 11:07:04 Image size of job updated: 17280
	16  -  MemoryUsage of job (MB)
	16052  -  ResidentSetSize of job (KB)
...
006 (2066.007.000) 2026-05-15 11:12:04 Image size of job updated: 17280
	16  -  MemoryUsage of job (MB)
	16056  -  ResidentSetSize of job (KB)
...
006 (2066.007.000) 2026-05-15 11:52:10 Image size of job updated: 17280
	16  -  MemoryUsage of job (MB)
	16080  -  ResidentSetSize of job (KB)
...
005 (2066.007.000) 2026-05-15 13:19:20 Job terminated.
	(1) Normal termination (return value 0)
		Usr 2 00:50:18, Sys 0 00:12:59  -  Run Remote Usage
		Usr 0 00:00:00, Sys 0 00:00:00  -  Run Local Usage
		Usr 2 00:50:18, Sys 0 00:12:59  -  Total Remote Usage
		Usr 0 00:00:00, Sys 0 00:00:00  -  Total Local Usage
	0  -  Run Bytes Sent By Job
	0  -  Run Bytes Received By Job
	0  -  Total Bytes Sent By Job
	0  -  Total Bytes Received By Job
	Partitionable Resources :    Usage  Request Allocated 
	   Cpus                 :     1.00        1         1 
	   Disk (KB)            :  4000        4000    342046 
	   Memory (MB)          :    16           4      3568 

	Job terminated of its own accord at 2026-05-15T11:19:20Z with exit-code 0.
...
