000 (2089.035.000) 2026-06-18 15:38:34 Job submitted from host: <192.135.33.172:9618?addrs=192.135.33.172-9618&alias=theosrv-01.ca.infn.it&noUDP&sock=schedd_1878_baf3>
...
001 (2089.035.000) 2026-06-18 15:38:50 Job executing on host: <192.135.33.172:9618?addrs=192.135.33.172-9618&alias=theosrv-01.ca.infn.it&noUDP&sock=startd_1878_baf3>
	SlotName: slot37@theosrv-01.ca.infn.it
	CondorScratchDir = "/var/lib/condor/execute/dir_1380000"
	Cpus = 1
	Disk = 342046
	Memory = 3568
...
006 (2089.035.000) 2026-06-18 15:38:59 Image size of job updated: 14836
	15  -  MemoryUsage of job (MB)
	14444  -  ResidentSetSize of job (KB)
...
006 (2089.035.000) 2026-06-18 15:44:00 Image size of job updated: 15436
	15  -  MemoryUsage of job (MB)
	14500  -  ResidentSetSize of job (KB)
...
006 (2089.035.000) 2026-06-18 15:49:01 Image size of job updated: 15436
	15  -  MemoryUsage of job (MB)
	14752  -  ResidentSetSize of job (KB)
...
006 (2089.035.000) 2026-06-18 15:54:01 Image size of job updated: 15436
	15  -  MemoryUsage of job (MB)
	14764  -  ResidentSetSize of job (KB)
...
006 (2089.035.000) 2026-06-18 16:09:02 Image size of job updated: 15436
	15  -  MemoryUsage of job (MB)
	14772  -  ResidentSetSize of job (KB)
...
006 (2089.035.000) 2026-06-18 16:24:03 Image size of job updated: 15456
	15  -  MemoryUsage of job (MB)
	14772  -  ResidentSetSize of job (KB)
...
006 (2089.035.000) 2026-06-18 16:54:07 Image size of job updated: 15456
	15  -  MemoryUsage of job (MB)
	14796  -  ResidentSetSize of job (KB)
...
006 (2089.035.000) 2026-06-18 17:09:08 Image size of job updated: 15740
	15  -  MemoryUsage of job (MB)
	14796  -  ResidentSetSize of job (KB)
...
006 (2089.035.000) 2026-06-18 17:29:10 Image size of job updated: 15740
	15  -  MemoryUsage of job (MB)
	14812  -  ResidentSetSize of job (KB)
...
006 (2089.035.000) 2026-06-18 17:34:10 Image size of job updated: 15740
	15  -  MemoryUsage of job (MB)
	14820  -  ResidentSetSize of job (KB)
...
006 (2089.035.000) 2026-06-18 18:34:17 Image size of job updated: 15740
	15  -  MemoryUsage of job (MB)
	15108  -  ResidentSetSize of job (KB)
...
006 (2089.035.000) 2026-06-19 00:54:57 Image size of job updated: 15748
	15  -  MemoryUsage of job (MB)
	15108  -  ResidentSetSize of job (KB)
...
006 (2089.035.000) 2026-06-19 01:09:58 Image size of job updated: 15760
	15  -  MemoryUsage of job (MB)
	15108  -  ResidentSetSize of job (KB)
...
006 (2089.035.000) 2026-06-19 01:19:59 Image size of job updated: 15764
	15  -  MemoryUsage of job (MB)
	15108  -  ResidentSetSize of job (KB)
...
006 (2089.035.000) 2026-06-19 01:55:03 Image size of job updated: 15776
	15  -  MemoryUsage of job (MB)
	15108  -  ResidentSetSize of job (KB)
...
006 (2089.035.000) 2026-06-19 02:00:04 Image size of job updated: 15788
	15  -  MemoryUsage of job (MB)
	15108  -  ResidentSetSize of job (KB)
...
006 (2089.035.000) 2026-06-19 02:25:07 Image size of job updated: 15824
	15  -  MemoryUsage of job (MB)
	15108  -  ResidentSetSize of job (KB)
...
006 (2089.035.000) 2026-06-19 02:30:07 Image size of job updated: 15824
	15  -  MemoryUsage of job (MB)
	15124  -  ResidentSetSize of job (KB)
...
006 (2089.035.000) 2026-06-19 03:15:12 Image size of job updated: 15844
	15  -  MemoryUsage of job (MB)
	15124  -  ResidentSetSize of job (KB)
...
006 (2089.035.000) 2026-06-19 04:05:17 Image size of job updated: 15844
	15  -  MemoryUsage of job (MB)
	15176  -  ResidentSetSize of job (KB)
...
006 (2089.035.000) 2026-06-19 04:25:18 Image size of job updated: 15844
	15  -  MemoryUsage of job (MB)
	15188  -  ResidentSetSize of job (KB)
...
006 (2089.035.000) 2026-06-19 05:00:22 Image size of job updated: 15884
	15  -  MemoryUsage of job (MB)
	15188  -  ResidentSetSize of job (KB)
...
006 (2089.035.000) 2026-06-19 05:30:25 Image size of job updated: 15884
	15  -  MemoryUsage of job (MB)
	15220  -  ResidentSetSize of job (KB)
...
006 (2089.035.000) 2026-06-19 05:50:27 Image size of job updated: 15916
	15  -  MemoryUsage of job (MB)
	15220  -  ResidentSetSize of job (KB)
...
006 (2089.035.000) 2026-06-19 06:05:28 Image size of job updated: 15916
	15  -  MemoryUsage of job (MB)
	15244  -  ResidentSetSize of job (KB)
...
006 (2089.035.000) 2026-06-19 06:25:31 Image size of job updated: 15932
	15  -  MemoryUsage of job (MB)
	15244  -  ResidentSetSize of job (KB)
...
006 (2089.035.000) 2026-06-19 06:35:32 Image size of job updated: 15932
	15  -  MemoryUsage of job (MB)
	15260  -  ResidentSetSize of job (KB)
...
006 (2089.035.000) 2026-06-19 06:40:32 Image size of job updated: 15940
	15  -  MemoryUsage of job (MB)
	15264  -  ResidentSetSize of job (KB)
...
006 (2089.035.000) 2026-06-19 06:50:33 Image size of job updated: 15952
	15  -  MemoryUsage of job (MB)
	15264  -  ResidentSetSize of job (KB)
...
006 (2089.035.000) 2026-06-19 07:10:35 Image size of job updated: 15956
	15  -  MemoryUsage of job (MB)
	15280  -  ResidentSetSize of job (KB)
...
006 (2089.035.000) 2026-06-19 07:15:36 Image size of job updated: 15956
	15  -  MemoryUsage of job (MB)
	15288  -  ResidentSetSize of job (KB)
...
006 (2089.035.000) 2026-06-19 07:20:37 Image size of job updated: 15968
	15  -  MemoryUsage of job (MB)
	15288  -  ResidentSetSize of job (KB)
...
006 (2089.035.000) 2026-06-19 07:35:38 Image size of job updated: 15976
	15  -  MemoryUsage of job (MB)
	15300  -  ResidentSetSize of job (KB)
...
006 (2089.035.000) 2026-06-19 07:45:38 Image size of job updated: 15984
	15  -  MemoryUsage of job (MB)
	15300  -  ResidentSetSize of job (KB)
...
006 (2089.035.000) 2026-06-19 08:05:41 Image size of job updated: 15984
	15  -  MemoryUsage of job (MB)
	15312  -  ResidentSetSize of job (KB)
...
006 (2089.035.000) 2026-06-19 08:20:42 Image size of job updated: 15984
	15  -  MemoryUsage of job (MB)
	15320  -  ResidentSetSize of job (KB)
...
006 (2089.035.000) 2026-06-19 08:25:43 Image size of job updated: 16004
	15  -  MemoryUsage of job (MB)
	15320  -  ResidentSetSize of job (KB)
...
006 (2089.035.000) 2026-06-19 08:40:44 Image size of job updated: 16004
	15  -  MemoryUsage of job (MB)
	15336  -  ResidentSetSize of job (KB)
...
006 (2089.035.000) 2026-06-19 08:50:45 Image size of job updated: 16016
	15  -  MemoryUsage of job (MB)
	15336  -  ResidentSetSize of job (KB)
...
006 (2089.035.000) 2026-06-19 09:05:47 Image size of job updated: 16020
	15  -  MemoryUsage of job (MB)
	15336  -  ResidentSetSize of job (KB)
...
006 (2089.035.000) 2026-06-19 09:20:48 Image size of job updated: 16152
	15  -  MemoryUsage of job (MB)
	15336  -  ResidentSetSize of job (KB)
...
006 (2089.035.000) 2026-06-19 09:35:50 Image size of job updated: 16292
	15  -  MemoryUsage of job (MB)
	15336  -  ResidentSetSize of job (KB)
...
006 (2089.035.000) 2026-06-19 10:00:53 Image size of job updated: 16292
	16  -  MemoryUsage of job (MB)
	15376  -  ResidentSetSize of job (KB)
...
006 (2089.035.000) 2026-06-19 10:05:54 Image size of job updated: 16292
	16  -  MemoryUsage of job (MB)
	15636  -  ResidentSetSize of job (KB)
...
006 (2089.035.000) 2026-06-19 11:11:01 Image size of job updated: 16292
	16  -  MemoryUsage of job (MB)
	15672  -  ResidentSetSize of job (KB)
...
006 (2089.035.000) 2026-06-19 11:56:05 Image size of job updated: 16376
	16  -  MemoryUsage of job (MB)
	15672  -  ResidentSetSize of job (KB)
...
006 (2089.035.000) 2026-06-19 12:31:10 Image size of job updated: 16652
	16  -  MemoryUsage of job (MB)
	15672  -  ResidentSetSize of job (KB)
...
006 (2089.035.000) 2026-06-19 15:31:27 Image size of job updated: 16748
	16  -  MemoryUsage of job (MB)
	15672  -  ResidentSetSize of job (KB)
...
006 (2089.035.000) 2026-06-19 18:16:44 Image size of job updated: 16748
	16  -  MemoryUsage of job (MB)
	15904  -  ResidentSetSize of job (KB)
...
006 (2089.035.000) 2026-06-20 02:47:37 Image size of job updated: 16748
	16  -  MemoryUsage of job (MB)
	15912  -  ResidentSetSize of job (KB)
...
006 (2089.035.000) 2026-06-20 02:57:38 Image size of job updated: 16748
	16  -  MemoryUsage of job (MB)
	15920  -  ResidentSetSize of job (KB)
...
006 (2089.035.000) 2026-06-20 03:12:40 Image size of job updated: 16748
	16  -  MemoryUsage of job (MB)
	15928  -  ResidentSetSize of job (KB)
...
006 (2089.035.000) 2026-06-20 03:27:41 Image size of job updated: 16748
	16  -  MemoryUsage of job (MB)
	15940  -  ResidentSetSize of job (KB)
...
006 (2089.035.000) 2026-06-20 03:47:43 Image size of job updated: 16748
	16  -  MemoryUsage of job (MB)
	15944  -  ResidentSetSize of job (KB)
...
006 (2089.035.000) 2026-06-20 03:57:43 Image size of job updated: 16748
	16  -  MemoryUsage of job (MB)
	15948  -  ResidentSetSize of job (KB)
...
006 (2089.035.000) 2026-06-20 04:02:44 Image size of job updated: 16748
	16  -  MemoryUsage of job (MB)
	15952  -  ResidentSetSize of job (KB)
...
006 (2089.035.000) 2026-06-20 04:17:46 Image size of job updated: 16748
	16  -  MemoryUsage of job (MB)
	15972  -  ResidentSetSize of job (KB)
...
006 (2089.035.000) 2026-06-20 04:52:49 Image size of job updated: 16748
	16  -  MemoryUsage of job (MB)
	15976  -  ResidentSetSize of job (KB)
...
006 (2089.035.000) 2026-06-20 05:02:50 Image size of job updated: 16748
	16  -  MemoryUsage of job (MB)
	15984  -  ResidentSetSize of job (KB)
...
006 (2089.035.000) 2026-06-20 05:17:52 Image size of job updated: 16748
	16  -  MemoryUsage of job (MB)
	15992  -  ResidentSetSize of job (KB)
...
006 (2089.035.000) 2026-06-20 05:32:53 Image size of job updated: 16748
	16  -  MemoryUsage of job (MB)
	16000  -  ResidentSetSize of job (KB)
...
006 (2089.035.000) 2026-06-20 05:47:55 Image size of job updated: 16748
	16  -  MemoryUsage of job (MB)
	16008  -  ResidentSetSize of job (KB)
...
006 (2089.035.000) 2026-06-20 06:02:57 Image size of job updated: 16748
	16  -  MemoryUsage of job (MB)
	16016  -  ResidentSetSize of job (KB)
...
006 (2089.035.000) 2026-06-20 06:17:58 Image size of job updated: 16748
	16  -  MemoryUsage of job (MB)
	16020  -  ResidentSetSize of job (KB)
...
006 (2089.035.000) 2026-06-20 06:38:00 Image size of job updated: 16748
	16  -  MemoryUsage of job (MB)
	16032  -  ResidentSetSize of job (KB)
...
006 (2089.035.000) 2026-06-20 06:58:02 Image size of job updated: 16748
	16  -  MemoryUsage of job (MB)
	16208  -  ResidentSetSize of job (KB)
...
005 (2089.035.000) 2026-06-20 12:01:58 Job terminated.
	(1) Normal termination (return value 0)
		Usr 1 20:02:52, Sys 0 00:09:00  -  Run Remote Usage
		Usr 0 00:00:00, Sys 0 00:00:00  -  Run Local Usage
		Usr 1 20:02:52, Sys 0 00:09:00  -  Total Remote Usage
		Usr 0 00:00:00, Sys 0 00:00:00  -  Total Local Usage
	0  -  Run Bytes Sent By Job
	0  -  Run Bytes Received By Job
	0  -  Total Bytes Sent By Job
	0  -  Total Bytes Received By Job
	Partitionable Resources :    Usage  Request Allocated 
	   Cpus                 :     0.99        1         1 
	   Disk (KB)            :  4000        4000    342046 
	   Memory (MB)          :    16           4      3568 

	Job terminated of its own accord at 2026-06-20T10:01:58Z with exit-code 0.
...
