000 (2090.013.000) 2026-06-19 17:01:18 Job submitted from host: <192.135.33.172:9618?addrs=192.135.33.172-9618&alias=theosrv-01.ca.infn.it&noUDP&sock=schedd_1878_baf3>
...
001 (2090.013.000) 2026-06-20 11:45:32 Job executing on host: <192.135.33.172:9618?addrs=192.135.33.172-9618&alias=theosrv-01.ca.infn.it&noUDP&sock=startd_1878_baf3>
	SlotName: slot28@theosrv-01.ca.infn.it
	CondorScratchDir = "/var/lib/condor/execute/dir_1583055"
	Cpus = 1
	Disk = 342046
	Memory = 3568
...
006 (2090.013.000) 2026-06-20 11:45:40 Image size of job updated: 11608
	11  -  MemoryUsage of job (MB)
	11080  -  ResidentSetSize of job (KB)
...
006 (2090.013.000) 2026-06-20 11:50:40 Image size of job updated: 11608
	11  -  MemoryUsage of job (MB)
	11180  -  ResidentSetSize of job (KB)
...
006 (2090.013.000) 2026-06-20 11:55:41 Image size of job updated: 11688
	12  -  MemoryUsage of job (MB)
	11344  -  ResidentSetSize of job (KB)
...
006 (2090.013.000) 2026-06-20 12:05:42 Image size of job updated: 11956
	12  -  MemoryUsage of job (MB)
	11444  -  ResidentSetSize of job (KB)
...
006 (2090.013.000) 2026-06-20 14:30:56 Image size of job updated: 12208
	12  -  MemoryUsage of job (MB)
	11444  -  ResidentSetSize of job (KB)
...
006 (2090.013.000) 2026-06-20 14:35:56 Image size of job updated: 12208
	12  -  MemoryUsage of job (MB)
	11532  -  ResidentSetSize of job (KB)
...
006 (2090.013.000) 2026-06-20 14:50:58 Image size of job updated: 12216
	12  -  MemoryUsage of job (MB)
	11532  -  ResidentSetSize of job (KB)
...
006 (2090.013.000) 2026-06-20 15:46:03 Image size of job updated: 12248
	12  -  MemoryUsage of job (MB)
	11532  -  ResidentSetSize of job (KB)
...
006 (2090.013.000) 2026-06-20 17:11:12 Image size of job updated: 12248
	12  -  MemoryUsage of job (MB)
	11620  -  ResidentSetSize of job (KB)
...
006 (2090.013.000) 2026-06-20 19:11:26 Image size of job updated: 12248
	12  -  MemoryUsage of job (MB)
	11684  -  ResidentSetSize of job (KB)
...
006 (2090.013.000) 2026-06-20 21:11:40 Image size of job updated: 12248
	12  -  MemoryUsage of job (MB)
	11752  -  ResidentSetSize of job (KB)
...
006 (2090.013.000) 2026-06-20 22:01:45 Image size of job updated: 12248
	12  -  MemoryUsage of job (MB)
	11780  -  ResidentSetSize of job (KB)
...
006 (2090.013.000) 2026-06-20 22:51:51 Image size of job updated: 12312
	12  -  MemoryUsage of job (MB)
	11780  -  ResidentSetSize of job (KB)
...
006 (2090.013.000) 2026-06-20 23:16:52 Image size of job updated: 12500
	12  -  MemoryUsage of job (MB)
	11780  -  ResidentSetSize of job (KB)
...
006 (2090.013.000) 2026-06-21 02:27:13 Image size of job updated: 12500
	12  -  MemoryUsage of job (MB)
	11932  -  ResidentSetSize of job (KB)
...
006 (2090.013.000) 2026-06-21 02:52:15 Image size of job updated: 12620
	12  -  MemoryUsage of job (MB)
	11932  -  ResidentSetSize of job (KB)
...
006 (2090.013.000) 2026-06-21 04:32:27 Image size of job updated: 12620
	12  -  MemoryUsage of job (MB)
	12000  -  ResidentSetSize of job (KB)
...
006 (2090.013.000) 2026-06-21 04:47:29 Image size of job updated: 12688
	12  -  MemoryUsage of job (MB)
	12000  -  ResidentSetSize of job (KB)
...
006 (2090.013.000) 2026-06-21 05:07:30 Image size of job updated: 12784
	12  -  MemoryUsage of job (MB)
	12000  -  ResidentSetSize of job (KB)
...
006 (2090.013.000) 2026-06-21 05:17:32 Image size of job updated: 12784
	12  -  MemoryUsage of job (MB)
	12024  -  ResidentSetSize of job (KB)
...
006 (2090.013.000) 2026-06-21 06:02:36 Image size of job updated: 12784
	12  -  MemoryUsage of job (MB)
	12048  -  ResidentSetSize of job (KB)
...
006 (2090.013.000) 2026-06-21 06:12:37 Image size of job updated: 12784
	12  -  MemoryUsage of job (MB)
	12060  -  ResidentSetSize of job (KB)
...
006 (2090.013.000) 2026-06-21 08:12:49 Image size of job updated: 12800
	12  -  MemoryUsage of job (MB)
	12060  -  ResidentSetSize of job (KB)
...
006 (2090.013.000) 2026-06-21 08:52:54 Image size of job updated: 12820
	12  -  MemoryUsage of job (MB)
	12060  -  ResidentSetSize of job (KB)
...
006 (2090.013.000) 2026-06-21 09:12:56 Image size of job updated: 12820
	12  -  MemoryUsage of job (MB)
	12160  -  ResidentSetSize of job (KB)
...
006 (2090.013.000) 2026-06-21 09:58:01 Image size of job updated: 12856
	12  -  MemoryUsage of job (MB)
	12160  -  ResidentSetSize of job (KB)
...
006 (2090.013.000) 2026-06-21 10:33:05 Image size of job updated: 12856
	12  -  MemoryUsage of job (MB)
	12200  -  ResidentSetSize of job (KB)
...
006 (2090.013.000) 2026-06-21 10:53:06 Image size of job updated: 12888
	12  -  MemoryUsage of job (MB)
	12212  -  ResidentSetSize of job (KB)
...
006 (2090.013.000) 2026-06-21 11:03:07 Image size of job updated: 13152
	12  -  MemoryUsage of job (MB)
	12212  -  ResidentSetSize of job (KB)
...
006 (2090.013.000) 2026-06-21 11:38:12 Image size of job updated: 13152
	13  -  MemoryUsage of job (MB)
	12492  -  ResidentSetSize of job (KB)
...
006 (2090.013.000) 2026-06-21 13:38:26 Image size of job updated: 13320
	13  -  MemoryUsage of job (MB)
	12492  -  ResidentSetSize of job (KB)
...
006 (2090.013.000) 2026-06-21 13:43:26 Image size of job updated: 13328
	13  -  MemoryUsage of job (MB)
	12492  -  ResidentSetSize of job (KB)
...
006 (2090.013.000) 2026-06-21 14:13:29 Image size of job updated: 13328
	13  -  MemoryUsage of job (MB)
	12580  -  ResidentSetSize of job (KB)
...
006 (2090.013.000) 2026-06-21 14:18:29 Image size of job updated: 13352
	13  -  MemoryUsage of job (MB)
	12580  -  ResidentSetSize of job (KB)
...
006 (2090.013.000) 2026-06-21 14:38:32 Image size of job updated: 13364
	13  -  MemoryUsage of job (MB)
	12580  -  ResidentSetSize of job (KB)
...
006 (2090.013.000) 2026-06-21 14:48:33 Image size of job updated: 13796
	13  -  MemoryUsage of job (MB)
	12580  -  ResidentSetSize of job (KB)
...
006 (2090.013.000) 2026-06-21 15:48:39 Image size of job updated: 13796
	13  -  MemoryUsage of job (MB)
	12644  -  ResidentSetSize of job (KB)
...
006 (2090.013.000) 2026-06-21 16:08:42 Image size of job updated: 13796
	13  -  MemoryUsage of job (MB)
	12924  -  ResidentSetSize of job (KB)
...
006 (2090.013.000) 2026-06-21 17:43:51 Image size of job updated: 13796
	13  -  MemoryUsage of job (MB)
	12972  -  ResidentSetSize of job (KB)
...
006 (2090.013.000) 2026-06-22 02:29:48 Image size of job updated: 13796
	13  -  MemoryUsage of job (MB)
	13056  -  ResidentSetSize of job (KB)
...
005 (2090.013.000) 2026-06-22 04:24:01 Job terminated.
	(1) Normal termination (return value 0)
		Usr 1 16:16:50, Sys 0 00:10:32  -  Run Remote Usage
		Usr 0 00:00:00, Sys 0 00:00:00  -  Run Local Usage
		Usr 1 16:16:50, Sys 0 00:10:32  -  Total Remote Usage
		Usr 0 00:00:00, Sys 0 00:00:00  -  Total Local Usage
	0  -  Run Bytes Sent By Job
	0  -  Run Bytes Received By Job
	0  -  Total Bytes Sent By Job
	0  -  Total Bytes Received By Job
	Partitionable Resources :    Usage  Request Allocated 
	   Cpus                 :     0.99        1         1 
	   Disk (KB)            :  4000        4000    342046 
	   Memory (MB)          :    13           4      3568 

	Job terminated of its own accord at 2026-06-22T02:24:01Z with exit-code 0.
...
