000 (2089.020.000) 2026-06-18 15:38:34 Job submitted from host: <192.135.33.172:9618?addrs=192.135.33.172-9618&alias=theosrv-01.ca.infn.it&noUDP&sock=schedd_1878_baf3>
...
001 (2089.020.000) 2026-06-18 15:38:50 Job executing on host: <192.135.33.172:9618?addrs=192.135.33.172-9618&alias=theosrv-01.ca.infn.it&noUDP&sock=startd_1878_baf3>
	SlotName: slot22@theosrv-01.ca.infn.it
	CondorScratchDir = "/var/lib/condor/execute/dir_1379985"
	Cpus = 1
	Disk = 342046
	Memory = 3568
...
006 (2089.020.000) 2026-06-18 15:38:59 Image size of job updated: 14880
	15  -  MemoryUsage of job (MB)
	14348  -  ResidentSetSize of job (KB)
...
006 (2089.020.000) 2026-06-18 15:44:00 Image size of job updated: 14880
	15  -  MemoryUsage of job (MB)
	14416  -  ResidentSetSize of job (KB)
...
006 (2089.020.000) 2026-06-18 15:49:01 Image size of job updated: 15348
	15  -  MemoryUsage of job (MB)
	14416  -  ResidentSetSize of job (KB)
...
006 (2089.020.000) 2026-06-18 15:54:01 Image size of job updated: 15348
	15  -  MemoryUsage of job (MB)
	14428  -  ResidentSetSize of job (KB)
...
006 (2089.020.000) 2026-06-18 15:59:01 Image size of job updated: 15352
	15  -  MemoryUsage of job (MB)
	14428  -  ResidentSetSize of job (KB)
...
006 (2089.020.000) 2026-06-18 16:09:02 Image size of job updated: 15352
	15  -  MemoryUsage of job (MB)
	14436  -  ResidentSetSize of job (KB)
...
006 (2089.020.000) 2026-06-18 16:24:04 Image size of job updated: 15352
	15  -  MemoryUsage of job (MB)
	14696  -  ResidentSetSize of job (KB)
...
006 (2089.020.000) 2026-06-18 16:34:05 Image size of job updated: 15352
	15  -  MemoryUsage of job (MB)
	14948  -  ResidentSetSize of job (KB)
...
006 (2089.020.000) 2026-06-18 16:59:07 Image size of job updated: 15392
	15  -  MemoryUsage of job (MB)
	14948  -  ResidentSetSize of job (KB)
...
006 (2089.020.000) 2026-06-18 17:34:11 Image size of job updated: 15408
	15  -  MemoryUsage of job (MB)
	14948  -  ResidentSetSize of job (KB)
...
006 (2089.020.000) 2026-06-18 18:34:17 Image size of job updated: 15436
	15  -  MemoryUsage of job (MB)
	14948  -  ResidentSetSize of job (KB)
...
006 (2089.020.000) 2026-06-18 19:34:22 Image size of job updated: 15480
	15  -  MemoryUsage of job (MB)
	14948  -  ResidentSetSize of job (KB)
...
006 (2089.020.000) 2026-06-18 20:19:27 Image size of job updated: 15480
	15  -  MemoryUsage of job (MB)
	15076  -  ResidentSetSize of job (KB)
...
006 (2089.020.000) 2026-06-18 22:24:40 Image size of job updated: 15568
	15  -  MemoryUsage of job (MB)
	15076  -  ResidentSetSize of job (KB)
...
006 (2089.020.000) 2026-06-18 22:29:41 Image size of job updated: 15592
	15  -  MemoryUsage of job (MB)
	15076  -  ResidentSetSize of job (KB)
...
006 (2089.020.000) 2026-06-18 23:29:47 Image size of job updated: 15616
	15  -  MemoryUsage of job (MB)
	15076  -  ResidentSetSize of job (KB)
...
006 (2089.020.000) 2026-06-19 02:20:06 Image size of job updated: 15700
	15  -  MemoryUsage of job (MB)
	15076  -  ResidentSetSize of job (KB)
...
006 (2089.020.000) 2026-06-19 03:05:10 Image size of job updated: 15732
	16  -  MemoryUsage of job (MB)
	15476  -  ResidentSetSize of job (KB)
...
006 (2089.020.000) 2026-06-19 03:25:12 Image size of job updated: 15740
	16  -  MemoryUsage of job (MB)
	15476  -  ResidentSetSize of job (KB)
...
006 (2089.020.000) 2026-06-19 04:35:20 Image size of job updated: 15784
	16  -  MemoryUsage of job (MB)
	15476  -  ResidentSetSize of job (KB)
...
006 (2089.020.000) 2026-06-19 05:50:27 Image size of job updated: 15820
	16  -  MemoryUsage of job (MB)
	15476  -  ResidentSetSize of job (KB)
...
006 (2089.020.000) 2026-06-19 05:55:28 Image size of job updated: 15828
	16  -  MemoryUsage of job (MB)
	15476  -  ResidentSetSize of job (KB)
...
006 (2089.020.000) 2026-06-19 06:25:31 Image size of job updated: 15844
	16  -  MemoryUsage of job (MB)
	15476  -  ResidentSetSize of job (KB)
...
006 (2089.020.000) 2026-06-19 06:30:32 Image size of job updated: 15848
	16  -  MemoryUsage of job (MB)
	15476  -  ResidentSetSize of job (KB)
...
006 (2089.020.000) 2026-06-19 06:55:33 Image size of job updated: 16108
	16  -  MemoryUsage of job (MB)
	15476  -  ResidentSetSize of job (KB)
...
006 (2089.020.000) 2026-06-19 07:35:38 Image size of job updated: 16140
	16  -  MemoryUsage of job (MB)
	15476  -  ResidentSetSize of job (KB)
...
006 (2089.020.000) 2026-06-19 08:40:44 Image size of job updated: 16172
	16  -  MemoryUsage of job (MB)
	15476  -  ResidentSetSize of job (KB)
...
006 (2089.020.000) 2026-06-19 11:05:58 Image size of job updated: 16260
	16  -  MemoryUsage of job (MB)
	15476  -  ResidentSetSize of job (KB)
...
006 (2089.020.000) 2026-06-19 12:21:07 Image size of job updated: 16300
	16  -  MemoryUsage of job (MB)
	16236  -  ResidentSetSize of job (KB)
...
006 (2089.020.000) 2026-06-19 15:21:25 Image size of job updated: 16488
	16  -  MemoryUsage of job (MB)
	16236  -  ResidentSetSize of job (KB)
...
005 (2089.020.000) 2026-06-20 11:55:43 Job terminated.
	(1) Normal termination (return value 0)
		Usr 1 19:56:39, Sys 0 00:08:57  -  Run Remote Usage
		Usr 0 00:00:00, Sys 0 00:00:00  -  Run Local Usage
		Usr 1 19:56:39, Sys 0 00:08:57  -  Total Remote Usage
		Usr 0 00:00:00, Sys 0 00:00:00  -  Total Local Usage
	0  -  Run Bytes Sent By Job
	0  -  Run Bytes Received By Job
	0  -  Total Bytes Sent By Job
	0  -  Total Bytes Received By Job
	Partitionable Resources :    Usage  Request Allocated 
	   Cpus                 :     1.00        1         1 
	   Disk (KB)            :  4000        4000    342046 
	   Memory (MB)          :    16           4      3568 

	Job terminated of its own accord at 2026-06-20T09:55:43Z with exit-code 0.
...
