000 (2066.051.000) 2026-05-13 12:01:46 Job submitted from host: <192.135.33.172:9618?addrs=192.135.33.172-9618&alias=theosrv-01.ca.infn.it&noUDP&sock=schedd_1878_baf3>
...
001 (2066.051.000) 2026-05-13 12:02:06 Job executing on host: <192.135.33.172:9618?addrs=192.135.33.172-9618&alias=theosrv-01.ca.infn.it&noUDP&sock=startd_1878_baf3>
	SlotName: slot52@theosrv-01.ca.infn.it
	CondorScratchDir = "/var/lib/condor/execute/dir_482020"
	Cpus = 1
	Disk = 342046
	Memory = 3568
...
006 (2066.051.000) 2026-05-13 12:02:14 Image size of job updated: 14932
	15  -  MemoryUsage of job (MB)
	14408  -  ResidentSetSize of job (KB)
...
006 (2066.051.000) 2026-05-13 12:07:14 Image size of job updated: 15148
	15  -  MemoryUsage of job (MB)
	14472  -  ResidentSetSize of job (KB)
...
006 (2066.051.000) 2026-05-13 12:12:14 Image size of job updated: 15152
	15  -  MemoryUsage of job (MB)
	14724  -  ResidentSetSize of job (KB)
...
006 (2066.051.000) 2026-05-13 12:32:16 Image size of job updated: 15168
	15  -  MemoryUsage of job (MB)
	14724  -  ResidentSetSize of job (KB)
...
006 (2066.051.000) 2026-05-13 13:02:19 Image size of job updated: 15172
	15  -  MemoryUsage of job (MB)
	14724  -  ResidentSetSize of job (KB)
...
006 (2066.051.000) 2026-05-13 13:07:20 Image size of job updated: 15180
	15  -  MemoryUsage of job (MB)
	14724  -  ResidentSetSize of job (KB)
...
006 (2066.051.000) 2026-05-13 13:12:20 Image size of job updated: 15180
	15  -  MemoryUsage of job (MB)
	14752  -  ResidentSetSize of job (KB)
...
006 (2066.051.000) 2026-05-13 13:27:22 Image size of job updated: 15188
	15  -  MemoryUsage of job (MB)
	14752  -  ResidentSetSize of job (KB)
...
006 (2066.051.000) 2026-05-13 13:32:22 Image size of job updated: 15192
	15  -  MemoryUsage of job (MB)
	14752  -  ResidentSetSize of job (KB)
...
006 (2066.051.000) 2026-05-13 13:52:24 Image size of job updated: 15200
	15  -  MemoryUsage of job (MB)
	14752  -  ResidentSetSize of job (KB)
...
006 (2066.051.000) 2026-05-13 13:57:25 Image size of job updated: 15200
	15  -  MemoryUsage of job (MB)
	14776  -  ResidentSetSize of job (KB)
...
006 (2066.051.000) 2026-05-13 14:02:25 Image size of job updated: 15204
	15  -  MemoryUsage of job (MB)
	14776  -  ResidentSetSize of job (KB)
...
006 (2066.051.000) 2026-05-13 14:17:26 Image size of job updated: 15212
	15  -  MemoryUsage of job (MB)
	14776  -  ResidentSetSize of job (KB)
...
006 (2066.051.000) 2026-05-13 14:32:28 Image size of job updated: 15216
	15  -  MemoryUsage of job (MB)
	14776  -  ResidentSetSize of job (KB)
...
006 (2066.051.000) 2026-05-13 14:42:29 Image size of job updated: 15224
	15  -  MemoryUsage of job (MB)
	14776  -  ResidentSetSize of job (KB)
...
006 (2066.051.000) 2026-05-13 14:52:30 Image size of job updated: 15480
	15  -  MemoryUsage of job (MB)
	14776  -  ResidentSetSize of job (KB)
...
006 (2066.051.000) 2026-05-13 15:32:34 Image size of job updated: 15480
	15  -  MemoryUsage of job (MB)
	14820  -  ResidentSetSize of job (KB)
...
006 (2066.051.000) 2026-05-13 15:37:35 Image size of job updated: 15500
	15  -  MemoryUsage of job (MB)
	14828  -  ResidentSetSize of job (KB)
...
006 (2066.051.000) 2026-05-13 15:52:36 Image size of job updated: 15504
	15  -  MemoryUsage of job (MB)
	14828  -  ResidentSetSize of job (KB)
...
006 (2066.051.000) 2026-05-13 16:02:36 Image size of job updated: 15520
	15  -  MemoryUsage of job (MB)
	14828  -  ResidentSetSize of job (KB)
...
006 (2066.051.000) 2026-05-13 16:12:38 Image size of job updated: 15520
	15  -  MemoryUsage of job (MB)
	14840  -  ResidentSetSize of job (KB)
...
006 (2066.051.000) 2026-05-13 17:17:45 Image size of job updated: 15520
	15  -  MemoryUsage of job (MB)
	14872  -  ResidentSetSize of job (KB)
...
006 (2066.051.000) 2026-05-13 18:42:53 Image size of job updated: 15520
	15  -  MemoryUsage of job (MB)
	14912  -  ResidentSetSize of job (KB)
...
006 (2066.051.000) 2026-05-13 19:58:01 Image size of job updated: 15520
	15  -  MemoryUsage of job (MB)
	14956  -  ResidentSetSize of job (KB)
...
006 (2066.051.000) 2026-05-13 20:43:06 Image size of job updated: 15520
	15  -  MemoryUsage of job (MB)
	15224  -  ResidentSetSize of job (KB)
...
006 (2066.051.000) 2026-05-13 23:13:22 Image size of job updated: 15552
	15  -  MemoryUsage of job (MB)
	15224  -  ResidentSetSize of job (KB)
...
006 (2066.051.000) 2026-05-14 00:48:32 Image size of job updated: 15768
	15  -  MemoryUsage of job (MB)
	15224  -  ResidentSetSize of job (KB)
...
006 (2066.051.000) 2026-05-14 05:08:59 Image size of job updated: 15896
	15  -  MemoryUsage of job (MB)
	15224  -  ResidentSetSize of job (KB)
...
006 (2066.051.000) 2026-05-14 06:44:08 Image size of job updated: 15940
	15  -  MemoryUsage of job (MB)
	15224  -  ResidentSetSize of job (KB)
...
006 (2066.051.000) 2026-05-14 06:54:10 Image size of job updated: 15940
	15  -  MemoryUsage of job (MB)
	15268  -  ResidentSetSize of job (KB)
...
006 (2066.051.000) 2026-05-14 07:54:16 Image size of job updated: 15976
	15  -  MemoryUsage of job (MB)
	15268  -  ResidentSetSize of job (KB)
...
006 (2066.051.000) 2026-05-14 08:19:18 Image size of job updated: 15976
	15  -  MemoryUsage of job (MB)
	15312  -  ResidentSetSize of job (KB)
...
006 (2066.051.000) 2026-05-14 08:34:20 Image size of job updated: 16252
	15  -  MemoryUsage of job (MB)
	15312  -  ResidentSetSize of job (KB)
...
006 (2066.051.000) 2026-05-14 09:24:25 Image size of job updated: 16252
	15  -  MemoryUsage of job (MB)
	15344  -  ResidentSetSize of job (KB)
...
006 (2066.051.000) 2026-05-14 11:44:39 Image size of job updated: 16252
	16  -  MemoryUsage of job (MB)
	15408  -  ResidentSetSize of job (KB)
...
006 (2066.051.000) 2026-05-14 12:24:44 Image size of job updated: 16252
	16  -  MemoryUsage of job (MB)
	15428  -  ResidentSetSize of job (KB)
...
006 (2066.051.000) 2026-05-14 13:14:49 Image size of job updated: 16252
	16  -  MemoryUsage of job (MB)
	15456  -  ResidentSetSize of job (KB)
...
006 (2066.051.000) 2026-05-14 14:29:55 Image size of job updated: 16252
	16  -  MemoryUsage of job (MB)
	15492  -  ResidentSetSize of job (KB)
...
006 (2066.051.000) 2026-05-14 15:50:04 Image size of job updated: 16252
	16  -  MemoryUsage of job (MB)
	15528  -  ResidentSetSize of job (KB)
...
006 (2066.051.000) 2026-05-14 16:15:06 Image size of job updated: 16252
	16  -  MemoryUsage of job (MB)
	15540  -  ResidentSetSize of job (KB)
...
006 (2066.051.000) 2026-05-14 16:40:09 Image size of job updated: 16252
	16  -  MemoryUsage of job (MB)
	15552  -  ResidentSetSize of job (KB)
...
006 (2066.051.000) 2026-05-14 17:05:11 Image size of job updated: 16252
	16  -  MemoryUsage of job (MB)
	15568  -  ResidentSetSize of job (KB)
...
006 (2066.051.000) 2026-05-14 17:45:15 Image size of job updated: 16264
	16  -  MemoryUsage of job (MB)
	15568  -  ResidentSetSize of job (KB)
...
006 (2066.051.000) 2026-05-14 18:15:19 Image size of job updated: 16276
	16  -  MemoryUsage of job (MB)
	15568  -  ResidentSetSize of job (KB)
...
006 (2066.051.000) 2026-05-14 18:25:19 Image size of job updated: 16276
	16  -  MemoryUsage of job (MB)
	15708  -  ResidentSetSize of job (KB)
...
006 (2066.051.000) 2026-05-14 21:35:39 Image size of job updated: 16372
	16  -  MemoryUsage of job (MB)
	15708  -  ResidentSetSize of job (KB)
...
006 (2066.051.000) 2026-05-14 22:10:42 Image size of job updated: 16372
	16  -  MemoryUsage of job (MB)
	15712  -  ResidentSetSize of job (KB)
...
006 (2066.051.000) 2026-05-14 22:45:46 Image size of job updated: 16372
	16  -  MemoryUsage of job (MB)
	15728  -  ResidentSetSize of job (KB)
...
006 (2066.051.000) 2026-05-14 22:55:48 Image size of job updated: 16416
	16  -  MemoryUsage of job (MB)
	15728  -  ResidentSetSize of job (KB)
...
006 (2066.051.000) 2026-05-14 23:55:53 Image size of job updated: 16440
	16  -  MemoryUsage of job (MB)
	15728  -  ResidentSetSize of job (KB)
...
006 (2066.051.000) 2026-05-15 01:56:08 Image size of job updated: 16440
	16  -  MemoryUsage of job (MB)
	15824  -  ResidentSetSize of job (KB)
...
006 (2066.051.000) 2026-05-15 02:11:09 Image size of job updated: 16440
	16  -  MemoryUsage of job (MB)
	15852  -  ResidentSetSize of job (KB)
...
006 (2066.051.000) 2026-05-15 03:06:15 Image size of job updated: 16532
	16  -  MemoryUsage of job (MB)
	15852  -  ResidentSetSize of job (KB)
...
006 (2066.051.000) 2026-05-15 03:26:17 Image size of job updated: 16532
	16  -  MemoryUsage of job (MB)
	16124  -  ResidentSetSize of job (KB)
...
006 (2066.051.000) 2026-05-15 03:56:20 Image size of job updated: 16560
	16  -  MemoryUsage of job (MB)
	16124  -  ResidentSetSize of job (KB)
...
006 (2066.051.000) 2026-05-15 04:56:25 Image size of job updated: 16584
	16  -  MemoryUsage of job (MB)
	16124  -  ResidentSetSize of job (KB)
...
006 (2066.051.000) 2026-05-15 05:06:27 Image size of job updated: 16592
	16  -  MemoryUsage of job (MB)
	16124  -  ResidentSetSize of job (KB)
...
005 (2066.051.000) 2026-05-15 06:49:51 Job terminated.
	(1) Normal termination (return value 0)
		Usr 1 18:24:15, Sys 0 00:11:07  -  Run Remote Usage
		Usr 0 00:00:00, Sys 0 00:00:00  -  Run Local Usage
		Usr 1 18:24:15, Sys 0 00:11:07  -  Total Remote Usage
		Usr 0 00:00:00, Sys 0 00:00:00  -  Total Local Usage
	0  -  Run Bytes Sent By Job
	0  -  Run Bytes Received By Job
	0  -  Total Bytes Sent By Job
	0  -  Total Bytes Received By Job
	Partitionable Resources :    Usage  Request Allocated 
	   Cpus                 :     0.90        1         1 
	   Disk (KB)            :  4000        4000    342046 
	   Memory (MB)          :    16           4      3568 

	Job terminated of its own accord at 2026-05-15T04:49:51Z with exit-code 0.
...
