000 (2089.025.000) 2026-06-18 15:38:34 Job submitted from host: <192.135.33.172:9618?addrs=192.135.33.172-9618&alias=theosrv-01.ca.infn.it&noUDP&sock=schedd_1878_baf3>
...
001 (2089.025.000) 2026-06-18 15:38:50 Job executing on host: <192.135.33.172:9618?addrs=192.135.33.172-9618&alias=theosrv-01.ca.infn.it&noUDP&sock=startd_1878_baf3>
	SlotName: slot27@theosrv-01.ca.infn.it
	CondorScratchDir = "/var/lib/condor/execute/dir_1379990"
	Cpus = 1
	Disk = 342046
	Memory = 3568
...
006 (2089.025.000) 2026-06-18 15:38:59 Image size of job updated: 14668
	15  -  MemoryUsage of job (MB)
	14424  -  ResidentSetSize of job (KB)
...
006 (2089.025.000) 2026-06-18 15:44:00 Image size of job updated: 15408
	15  -  MemoryUsage of job (MB)
	14480  -  ResidentSetSize of job (KB)
...
006 (2089.025.000) 2026-06-18 15:49:01 Image size of job updated: 15416
	15  -  MemoryUsage of job (MB)
	14736  -  ResidentSetSize of job (KB)
...
006 (2089.025.000) 2026-06-18 16:09:02 Image size of job updated: 15432
	15  -  MemoryUsage of job (MB)
	14736  -  ResidentSetSize of job (KB)
...
006 (2089.025.000) 2026-06-18 16:34:05 Image size of job updated: 15432
	15  -  MemoryUsage of job (MB)
	14760  -  ResidentSetSize of job (KB)
...
006 (2089.025.000) 2026-06-18 16:49:06 Image size of job updated: 15432
	15  -  MemoryUsage of job (MB)
	14768  -  ResidentSetSize of job (KB)
...
006 (2089.025.000) 2026-06-18 17:04:07 Image size of job updated: 15432
	15  -  MemoryUsage of job (MB)
	14776  -  ResidentSetSize of job (KB)
...
006 (2089.025.000) 2026-06-18 17:19:09 Image size of job updated: 15460
	15  -  MemoryUsage of job (MB)
	14784  -  ResidentSetSize of job (KB)
...
006 (2089.025.000) 2026-06-18 17:49:12 Image size of job updated: 15460
	15  -  MemoryUsage of job (MB)
	14804  -  ResidentSetSize of job (KB)
...
006 (2089.025.000) 2026-06-18 17:54:12 Image size of job updated: 15748
	15  -  MemoryUsage of job (MB)
	14804  -  ResidentSetSize of job (KB)
...
006 (2089.025.000) 2026-06-18 18:39:17 Image size of job updated: 15748
	15  -  MemoryUsage of job (MB)
	14832  -  ResidentSetSize of job (KB)
...
006 (2089.025.000) 2026-06-18 19:24:22 Image size of job updated: 15748
	15  -  MemoryUsage of job (MB)
	14856  -  ResidentSetSize of job (KB)
...
006 (2089.025.000) 2026-06-18 19:39:23 Image size of job updated: 15748
	15  -  MemoryUsage of job (MB)
	14864  -  ResidentSetSize of job (KB)
...
006 (2089.025.000) 2026-06-18 19:44:24 Image size of job updated: 15748
	15  -  MemoryUsage of job (MB)
	14868  -  ResidentSetSize of job (KB)
...
006 (2089.025.000) 2026-06-19 00:09:54 Image size of job updated: 15748
	15  -  MemoryUsage of job (MB)
	15024  -  ResidentSetSize of job (KB)
...
006 (2089.025.000) 2026-06-19 00:19:55 Image size of job updated: 15748
	15  -  MemoryUsage of job (MB)
	15028  -  ResidentSetSize of job (KB)
...
006 (2089.025.000) 2026-06-19 00:59:59 Image size of job updated: 15748
	15  -  MemoryUsage of job (MB)
	15052  -  ResidentSetSize of job (KB)
...
006 (2089.025.000) 2026-06-19 01:45:03 Image size of job updated: 15748
	15  -  MemoryUsage of job (MB)
	15080  -  ResidentSetSize of job (KB)
...
006 (2089.025.000) 2026-06-19 02:20:07 Image size of job updated: 15748
	15  -  MemoryUsage of job (MB)
	15096  -  ResidentSetSize of job (KB)
...
006 (2089.025.000) 2026-06-19 02:40:09 Image size of job updated: 15784
	15  -  MemoryUsage of job (MB)
	15108  -  ResidentSetSize of job (KB)
...
006 (2089.025.000) 2026-06-19 02:55:11 Image size of job updated: 15796
	15  -  MemoryUsage of job (MB)
	15108  -  ResidentSetSize of job (KB)
...
006 (2089.025.000) 2026-06-19 03:55:16 Image size of job updated: 15828
	15  -  MemoryUsage of job (MB)
	15108  -  ResidentSetSize of job (KB)
...
006 (2089.025.000) 2026-06-19 04:20:19 Image size of job updated: 15828
	15  -  MemoryUsage of job (MB)
	15160  -  ResidentSetSize of job (KB)
...
006 (2089.025.000) 2026-06-19 04:40:21 Image size of job updated: 15856
	15  -  MemoryUsage of job (MB)
	15160  -  ResidentSetSize of job (KB)
...
006 (2089.025.000) 2026-06-19 04:50:23 Image size of job updated: 15856
	15  -  MemoryUsage of job (MB)
	15180  -  ResidentSetSize of job (KB)
...
006 (2089.025.000) 2026-06-19 07:05:38 Image size of job updated: 15932
	15  -  MemoryUsage of job (MB)
	15180  -  ResidentSetSize of job (KB)
...
006 (2089.025.000) 2026-06-19 07:30:40 Image size of job updated: 16036
	15  -  MemoryUsage of job (MB)
	15180  -  ResidentSetSize of job (KB)
...
006 (2089.025.000) 2026-06-19 07:50:43 Image size of job updated: 16036
	15  -  MemoryUsage of job (MB)
	15280  -  ResidentSetSize of job (KB)
...
006 (2089.025.000) 2026-06-19 08:15:45 Image size of job updated: 16036
	15  -  MemoryUsage of job (MB)
	15296  -  ResidentSetSize of job (KB)
...
006 (2089.025.000) 2026-06-19 08:25:47 Image size of job updated: 16036
	16  -  MemoryUsage of job (MB)
	15560  -  ResidentSetSize of job (KB)
...
006 (2089.025.000) 2026-06-19 10:26:00 Image size of job updated: 16044
	16  -  MemoryUsage of job (MB)
	15560  -  ResidentSetSize of job (KB)
...
006 (2089.025.000) 2026-06-19 10:41:02 Image size of job updated: 16312
	16  -  MemoryUsage of job (MB)
	15560  -  ResidentSetSize of job (KB)
...
006 (2089.025.000) 2026-06-19 11:26:06 Image size of job updated: 16312
	16  -  MemoryUsage of job (MB)
	15656  -  ResidentSetSize of job (KB)
...
006 (2089.025.000) 2026-06-19 11:56:08 Image size of job updated: 16312
	16  -  MemoryUsage of job (MB)
	15672  -  ResidentSetSize of job (KB)
...
006 (2089.025.000) 2026-06-19 12:26:12 Image size of job updated: 16312
	16  -  MemoryUsage of job (MB)
	15688  -  ResidentSetSize of job (KB)
...
006 (2089.025.000) 2026-06-19 13:31:19 Image size of job updated: 16312
	16  -  MemoryUsage of job (MB)
	15728  -  ResidentSetSize of job (KB)
...
006 (2089.025.000) 2026-06-19 14:26:24 Image size of job updated: 16432
	16  -  MemoryUsage of job (MB)
	15728  -  ResidentSetSize of job (KB)
...
006 (2089.025.000) 2026-06-19 15:56:34 Image size of job updated: 16480
	16  -  MemoryUsage of job (MB)
	15728  -  ResidentSetSize of job (KB)
...
006 (2089.025.000) 2026-06-19 16:01:34 Image size of job updated: 16484
	16  -  MemoryUsage of job (MB)
	15728  -  ResidentSetSize of job (KB)
...
006 (2089.025.000) 2026-06-19 21:47:12 Image size of job updated: 16484
	16  -  MemoryUsage of job (MB)
	15732  -  ResidentSetSize of job (KB)
...
006 (2089.025.000) 2026-06-19 21:52:12 Image size of job updated: 16484
	16  -  MemoryUsage of job (MB)
	15736  -  ResidentSetSize of job (KB)
...
006 (2089.025.000) 2026-06-19 22:02:13 Image size of job updated: 16484
	16  -  MemoryUsage of job (MB)
	15740  -  ResidentSetSize of job (KB)
...
006 (2089.025.000) 2026-06-19 22:07:13 Image size of job updated: 16484
	16  -  MemoryUsage of job (MB)
	15744  -  ResidentSetSize of job (KB)
...
006 (2089.025.000) 2026-06-19 22:17:14 Image size of job updated: 16484
	16  -  MemoryUsage of job (MB)
	15748  -  ResidentSetSize of job (KB)
...
006 (2089.025.000) 2026-06-19 22:22:15 Image size of job updated: 16484
	16  -  MemoryUsage of job (MB)
	15752  -  ResidentSetSize of job (KB)
...
006 (2089.025.000) 2026-06-19 22:32:16 Image size of job updated: 16484
	16  -  MemoryUsage of job (MB)
	15756  -  ResidentSetSize of job (KB)
...
006 (2089.025.000) 2026-06-19 22:37:17 Image size of job updated: 16484
	16  -  MemoryUsage of job (MB)
	15760  -  ResidentSetSize of job (KB)
...
006 (2089.025.000) 2026-06-19 22:47:17 Image size of job updated: 16484
	16  -  MemoryUsage of job (MB)
	15764  -  ResidentSetSize of job (KB)
...
006 (2089.025.000) 2026-06-19 22:57:18 Image size of job updated: 16484
	16  -  MemoryUsage of job (MB)
	15768  -  ResidentSetSize of job (KB)
...
006 (2089.025.000) 2026-06-19 23:02:18 Image size of job updated: 16484
	16  -  MemoryUsage of job (MB)
	15772  -  ResidentSetSize of job (KB)
...
006 (2089.025.000) 2026-06-19 23:12:20 Image size of job updated: 16484
	16  -  MemoryUsage of job (MB)
	15776  -  ResidentSetSize of job (KB)
...
006 (2089.025.000) 2026-06-19 23:27:22 Image size of job updated: 16484
	16  -  MemoryUsage of job (MB)
	15784  -  ResidentSetSize of job (KB)
...
006 (2089.025.000) 2026-06-19 23:37:23 Image size of job updated: 16484
	16  -  MemoryUsage of job (MB)
	15788  -  ResidentSetSize of job (KB)
...
006 (2089.025.000) 2026-06-19 23:42:24 Image size of job updated: 16484
	16  -  MemoryUsage of job (MB)
	15792  -  ResidentSetSize of job (KB)
...
006 (2089.025.000) 2026-06-19 23:52:24 Image size of job updated: 16484
	16  -  MemoryUsage of job (MB)
	15796  -  ResidentSetSize of job (KB)
...
006 (2089.025.000) 2026-06-19 23:57:25 Image size of job updated: 16484
	16  -  MemoryUsage of job (MB)
	15800  -  ResidentSetSize of job (KB)
...
006 (2089.025.000) 2026-06-20 00:07:25 Image size of job updated: 16484
	16  -  MemoryUsage of job (MB)
	15804  -  ResidentSetSize of job (KB)
...
006 (2089.025.000) 2026-06-20 00:17:27 Image size of job updated: 16484
	16  -  MemoryUsage of job (MB)
	15808  -  ResidentSetSize of job (KB)
...
006 (2089.025.000) 2026-06-20 00:22:27 Image size of job updated: 16484
	16  -  MemoryUsage of job (MB)
	15812  -  ResidentSetSize of job (KB)
...
006 (2089.025.000) 2026-06-20 00:27:28 Image size of job updated: 16484
	16  -  MemoryUsage of job (MB)
	15816  -  ResidentSetSize of job (KB)
...
006 (2089.025.000) 2026-06-20 00:37:29 Image size of job updated: 16484
	16  -  MemoryUsage of job (MB)
	15820  -  ResidentSetSize of job (KB)
...
006 (2089.025.000) 2026-06-20 00:42:29 Image size of job updated: 16484
	16  -  MemoryUsage of job (MB)
	15824  -  ResidentSetSize of job (KB)
...
006 (2089.025.000) 2026-06-20 00:57:30 Image size of job updated: 16484
	16  -  MemoryUsage of job (MB)
	15828  -  ResidentSetSize of job (KB)
...
006 (2089.025.000) 2026-06-20 01:07:32 Image size of job updated: 16484
	16  -  MemoryUsage of job (MB)
	15836  -  ResidentSetSize of job (KB)
...
006 (2089.025.000) 2026-06-20 01:22:34 Image size of job updated: 16484
	16  -  MemoryUsage of job (MB)
	15844  -  ResidentSetSize of job (KB)
...
006 (2089.025.000) 2026-06-20 01:32:34 Image size of job updated: 16484
	16  -  MemoryUsage of job (MB)
	15848  -  ResidentSetSize of job (KB)
...
006 (2089.025.000) 2026-06-20 01:42:35 Image size of job updated: 16484
	16  -  MemoryUsage of job (MB)
	15852  -  ResidentSetSize of job (KB)
...
006 (2089.025.000) 2026-06-20 01:47:35 Image size of job updated: 16484
	16  -  MemoryUsage of job (MB)
	15856  -  ResidentSetSize of job (KB)
...
006 (2089.025.000) 2026-06-20 02:12:39 Image size of job updated: 16484
	16  -  MemoryUsage of job (MB)
	15868  -  ResidentSetSize of job (KB)
...
006 (2089.025.000) 2026-06-20 02:17:39 Image size of job updated: 16484
	16  -  MemoryUsage of job (MB)
	15872  -  ResidentSetSize of job (KB)
...
006 (2089.025.000) 2026-06-20 02:27:40 Image size of job updated: 16484
	16  -  MemoryUsage of job (MB)
	15876  -  ResidentSetSize of job (KB)
...
006 (2089.025.000) 2026-06-20 02:32:40 Image size of job updated: 16484
	16  -  MemoryUsage of job (MB)
	15880  -  ResidentSetSize of job (KB)
...
006 (2089.025.000) 2026-06-20 02:42:41 Image size of job updated: 16484
	16  -  MemoryUsage of job (MB)
	15884  -  ResidentSetSize of job (KB)
...
006 (2089.025.000) 2026-06-20 02:52:42 Image size of job updated: 16484
	16  -  MemoryUsage of job (MB)
	15888  -  ResidentSetSize of job (KB)
...
006 (2089.025.000) 2026-06-20 02:57:43 Image size of job updated: 16484
	16  -  MemoryUsage of job (MB)
	15892  -  ResidentSetSize of job (KB)
...
006 (2089.025.000) 2026-06-20 03:07:44 Image size of job updated: 16484
	16  -  MemoryUsage of job (MB)
	15896  -  ResidentSetSize of job (KB)
...
006 (2089.025.000) 2026-06-20 03:12:44 Image size of job updated: 16484
	16  -  MemoryUsage of job (MB)
	15900  -  ResidentSetSize of job (KB)
...
006 (2089.025.000) 2026-06-20 03:42:47 Image size of job updated: 16484
	16  -  MemoryUsage of job (MB)
	15916  -  ResidentSetSize of job (KB)
...
006 (2089.025.000) 2026-06-20 03:52:49 Image size of job updated: 16484
	16  -  MemoryUsage of job (MB)
	15920  -  ResidentSetSize of job (KB)
...
006 (2089.025.000) 2026-06-20 04:02:50 Image size of job updated: 16484
	16  -  MemoryUsage of job (MB)
	15924  -  ResidentSetSize of job (KB)
...
006 (2089.025.000) 2026-06-20 04:07:51 Image size of job updated: 16484
	16  -  MemoryUsage of job (MB)
	15928  -  ResidentSetSize of job (KB)
...
006 (2089.025.000) 2026-06-20 04:17:51 Image size of job updated: 16484
	16  -  MemoryUsage of job (MB)
	15932  -  ResidentSetSize of job (KB)
...
006 (2089.025.000) 2026-06-20 04:27:52 Image size of job updated: 16484
	16  -  MemoryUsage of job (MB)
	15936  -  ResidentSetSize of job (KB)
...
006 (2089.025.000) 2026-06-20 04:32:52 Image size of job updated: 16484
	16  -  MemoryUsage of job (MB)
	15940  -  ResidentSetSize of job (KB)
...
006 (2089.025.000) 2026-06-20 04:47:54 Image size of job updated: 16484
	16  -  MemoryUsage of job (MB)
	15948  -  ResidentSetSize of job (KB)
...
006 (2089.025.000) 2026-06-20 04:57:56 Image size of job updated: 16484
	16  -  MemoryUsage of job (MB)
	15952  -  ResidentSetSize of job (KB)
...
006 (2089.025.000) 2026-06-20 05:02:56 Image size of job updated: 16484
	16  -  MemoryUsage of job (MB)
	15956  -  ResidentSetSize of job (KB)
...
006 (2089.025.000) 2026-06-20 05:12:57 Image size of job updated: 16484
	16  -  MemoryUsage of job (MB)
	15960  -  ResidentSetSize of job (KB)
...
006 (2089.025.000) 2026-06-20 05:17:57 Image size of job updated: 16484
	16  -  MemoryUsage of job (MB)
	15968  -  ResidentSetSize of job (KB)
...
006 (2089.025.000) 2026-06-20 05:32:59 Image size of job updated: 16484
	16  -  MemoryUsage of job (MB)
	15972  -  ResidentSetSize of job (KB)
...
006 (2089.025.000) 2026-06-20 05:43:00 Image size of job updated: 16484
	16  -  MemoryUsage of job (MB)
	15976  -  ResidentSetSize of job (KB)
...
006 (2089.025.000) 2026-06-20 05:48:01 Image size of job updated: 16484
	16  -  MemoryUsage of job (MB)
	15980  -  ResidentSetSize of job (KB)
...
006 (2089.025.000) 2026-06-20 05:58:02 Image size of job updated: 16484
	16  -  MemoryUsage of job (MB)
	15984  -  ResidentSetSize of job (KB)
...
006 (2089.025.000) 2026-06-20 06:03:03 Image size of job updated: 16484
	16  -  MemoryUsage of job (MB)
	15988  -  ResidentSetSize of job (KB)
...
006 (2089.025.000) 2026-06-20 06:18:05 Image size of job updated: 16484
	16  -  MemoryUsage of job (MB)
	15992  -  ResidentSetSize of job (KB)
...
006 (2089.025.000) 2026-06-20 06:23:05 Image size of job updated: 16484
	16  -  MemoryUsage of job (MB)
	15996  -  ResidentSetSize of job (KB)
...
006 (2089.025.000) 2026-06-20 06:33:06 Image size of job updated: 16484
	16  -  MemoryUsage of job (MB)
	16000  -  ResidentSetSize of job (KB)
...
006 (2089.025.000) 2026-06-20 06:38:07 Image size of job updated: 16484
	16  -  MemoryUsage of job (MB)
	16004  -  ResidentSetSize of job (KB)
...
006 (2089.025.000) 2026-06-20 06:48:08 Image size of job updated: 16484
	16  -  MemoryUsage of job (MB)
	16008  -  ResidentSetSize of job (KB)
...
006 (2089.025.000) 2026-06-20 06:53:09 Image size of job updated: 16484
	16  -  MemoryUsage of job (MB)
	16012  -  ResidentSetSize of job (KB)
...
006 (2089.025.000) 2026-06-20 07:03:09 Image size of job updated: 16484
	16  -  MemoryUsage of job (MB)
	16016  -  ResidentSetSize of job (KB)
...
006 (2089.025.000) 2026-06-20 07:28:12 Image size of job updated: 16484
	16  -  MemoryUsage of job (MB)
	16028  -  ResidentSetSize of job (KB)
...
006 (2089.025.000) 2026-06-20 07:33:12 Image size of job updated: 16484
	16  -  MemoryUsage of job (MB)
	16032  -  ResidentSetSize of job (KB)
...
006 (2089.025.000) 2026-06-20 07:38:13 Image size of job updated: 16484
	16  -  MemoryUsage of job (MB)
	16040  -  ResidentSetSize of job (KB)
...
006 (2089.025.000) 2026-06-20 07:53:14 Image size of job updated: 16484
	16  -  MemoryUsage of job (MB)
	16044  -  ResidentSetSize of job (KB)
...
006 (2089.025.000) 2026-06-20 08:03:15 Image size of job updated: 16484
	16  -  MemoryUsage of job (MB)
	16048  -  ResidentSetSize of job (KB)
...
006 (2089.025.000) 2026-06-20 08:08:15 Image size of job updated: 16484
	16  -  MemoryUsage of job (MB)
	16052  -  ResidentSetSize of job (KB)
...
006 (2089.025.000) 2026-06-20 08:23:17 Image size of job updated: 16484
	16  -  MemoryUsage of job (MB)
	16060  -  ResidentSetSize of job (KB)
...
006 (2089.025.000) 2026-06-20 08:48:20 Image size of job updated: 16484
	16  -  MemoryUsage of job (MB)
	16072  -  ResidentSetSize of job (KB)
...
006 (2089.025.000) 2026-06-20 08:53:20 Image size of job updated: 16492
	16  -  MemoryUsage of job (MB)
	16072  -  ResidentSetSize of job (KB)
...
006 (2089.025.000) 2026-06-20 08:58:20 Image size of job updated: 16492
	16  -  MemoryUsage of job (MB)
	16076  -  ResidentSetSize of job (KB)
...
006 (2089.025.000) 2026-06-20 09:03:21 Image size of job updated: 16588
	16  -  MemoryUsage of job (MB)
	16076  -  ResidentSetSize of job (KB)
...
006 (2089.025.000) 2026-06-20 09:08:22 Image size of job updated: 16588
	16  -  MemoryUsage of job (MB)
	16080  -  ResidentSetSize of job (KB)
...
006 (2089.025.000) 2026-06-20 09:13:22 Image size of job updated: 16588
	16  -  MemoryUsage of job (MB)
	16084  -  ResidentSetSize of job (KB)
...
006 (2089.025.000) 2026-06-20 09:28:24 Image size of job updated: 16588
	16  -  MemoryUsage of job (MB)
	16092  -  ResidentSetSize of job (KB)
...
006 (2089.025.000) 2026-06-20 09:38:25 Image size of job updated: 16588
	16  -  MemoryUsage of job (MB)
	16096  -  ResidentSetSize of job (KB)
...
006 (2089.025.000) 2026-06-20 09:43:25 Image size of job updated: 16588
	16  -  MemoryUsage of job (MB)
	16100  -  ResidentSetSize of job (KB)
...
006 (2089.025.000) 2026-06-20 09:58:27 Image size of job updated: 16588
	16  -  MemoryUsage of job (MB)
	16120  -  ResidentSetSize of job (KB)
...
006 (2089.025.000) 2026-06-20 10:23:30 Image size of job updated: 16588
	16  -  MemoryUsage of job (MB)
	16128  -  ResidentSetSize of job (KB)
...
006 (2089.025.000) 2026-06-20 10:43:32 Image size of job updated: 16588
	16  -  MemoryUsage of job (MB)
	16132  -  ResidentSetSize of job (KB)
...
006 (2089.025.000) 2026-06-20 10:58:33 Image size of job updated: 16588
	16  -  MemoryUsage of job (MB)
	16136  -  ResidentSetSize of job (KB)
...
006 (2089.025.000) 2026-06-20 11:03:34 Image size of job updated: 16588
	16  -  MemoryUsage of job (MB)
	16140  -  ResidentSetSize of job (KB)
...
006 (2089.025.000) 2026-06-20 11:13:35 Image size of job updated: 16588
	16  -  MemoryUsage of job (MB)
	16144  -  ResidentSetSize of job (KB)
...
006 (2089.025.000) 2026-06-20 11:18:36 Image size of job updated: 16588
	16  -  MemoryUsage of job (MB)
	16148  -  ResidentSetSize of job (KB)
...
006 (2089.025.000) 2026-06-20 11:28:36 Image size of job updated: 16588
	16  -  MemoryUsage of job (MB)
	16152  -  ResidentSetSize of job (KB)
...
006 (2089.025.000) 2026-06-20 11:33:37 Image size of job updated: 16588
	16  -  MemoryUsage of job (MB)
	16156  -  ResidentSetSize of job (KB)
...
006 (2089.025.000) 2026-06-20 11:48:38 Image size of job updated: 16588
	16  -  MemoryUsage of job (MB)
	16164  -  ResidentSetSize of job (KB)
...
005 (2089.025.000) 2026-06-20 11:58:00 Job terminated.
	(1) Normal termination (return value 0)
		Usr 1 19:59:05, Sys 0 00:08:58  -  Run Remote Usage
		Usr 0 00:00:00, Sys 0 00:00:00  -  Run Local Usage
		Usr 1 19:59:05, Sys 0 00:08:58  -  Total Remote Usage
		Usr 0 00:00:00, Sys 0 00:00:00  -  Total Local Usage
	0  -  Run Bytes Sent By Job
	0  -  Run Bytes Received By Job
	0  -  Total Bytes Sent By Job
	0  -  Total Bytes Received By Job
	Partitionable Resources :    Usage  Request Allocated 
	   Cpus                 :     0.96        1         1 
	   Disk (KB)            :  4000        4000    342046 
	   Memory (MB)          :    16           4      3568 

	Job terminated of its own accord at 2026-06-20T09:58:00Z with exit-code 0.
...
