000 (2089.040.000) 2026-06-18 15:38:34 Job submitted from host: <192.135.33.172:9618?addrs=192.135.33.172-9618&alias=theosrv-01.ca.infn.it&noUDP&sock=schedd_1878_baf3>
...
001 (2089.040.000) 2026-06-18 15:38:50 Job executing on host: <192.135.33.172:9618?addrs=192.135.33.172-9618&alias=theosrv-01.ca.infn.it&noUDP&sock=startd_1878_baf3>
	SlotName: slot42@theosrv-01.ca.infn.it
	CondorScratchDir = "/var/lib/condor/execute/dir_1380005"
	Cpus = 1
	Disk = 342046
	Memory = 3568
...
006 (2089.040.000) 2026-06-18 15:38:58 Image size of job updated: 12468
	12  -  MemoryUsage of job (MB)
	12100  -  ResidentSetSize of job (KB)
...
006 (2089.040.000) 2026-06-18 15:43:59 Image size of job updated: 12892
	12  -  MemoryUsage of job (MB)
	12200  -  ResidentSetSize of job (KB)
...
006 (2089.040.000) 2026-06-18 15:54:00 Image size of job updated: 12892
	12  -  MemoryUsage of job (MB)
	12212  -  ResidentSetSize of job (KB)
...
006 (2089.040.000) 2026-06-18 16:09:01 Image size of job updated: 12892
	12  -  MemoryUsage of job (MB)
	12220  -  ResidentSetSize of job (KB)
...
006 (2089.040.000) 2026-06-18 16:14:01 Image size of job updated: 12900
	12  -  MemoryUsage of job (MB)
	12220  -  ResidentSetSize of job (KB)
...
006 (2089.040.000) 2026-06-18 16:19:02 Image size of job updated: 12976
	12  -  MemoryUsage of job (MB)
	12220  -  ResidentSetSize of job (KB)
...
006 (2089.040.000) 2026-06-18 16:24:03 Image size of job updated: 12976
	12  -  MemoryUsage of job (MB)
	12228  -  ResidentSetSize of job (KB)
...
006 (2089.040.000) 2026-06-18 16:39:05 Image size of job updated: 12976
	12  -  MemoryUsage of job (MB)
	12236  -  ResidentSetSize of job (KB)
...
006 (2089.040.000) 2026-06-18 16:44:05 Image size of job updated: 12976
	13  -  MemoryUsage of job (MB)
	12492  -  ResidentSetSize of job (KB)
...
006 (2089.040.000) 2026-06-18 17:09:07 Image size of job updated: 13016
	13  -  MemoryUsage of job (MB)
	12492  -  ResidentSetSize of job (KB)
...
006 (2089.040.000) 2026-06-18 19:19:20 Image size of job updated: 13016
	13  -  MemoryUsage of job (MB)
	12588  -  ResidentSetSize of job (KB)
...
006 (2089.040.000) 2026-06-18 19:39:22 Image size of job updated: 13020
	13  -  MemoryUsage of job (MB)
	12588  -  ResidentSetSize of job (KB)
...
006 (2089.040.000) 2026-06-18 19:44:23 Image size of job updated: 13020
	13  -  MemoryUsage of job (MB)
	12596  -  ResidentSetSize of job (KB)
...
006 (2089.040.000) 2026-06-18 19:49:23 Image size of job updated: 13024
	13  -  MemoryUsage of job (MB)
	12596  -  ResidentSetSize of job (KB)
...
006 (2089.040.000) 2026-06-18 19:59:25 Image size of job updated: 13028
	13  -  MemoryUsage of job (MB)
	12596  -  ResidentSetSize of job (KB)
...
006 (2089.040.000) 2026-06-18 20:04:25 Image size of job updated: 13036
	13  -  MemoryUsage of job (MB)
	12596  -  ResidentSetSize of job (KB)
...
006 (2089.040.000) 2026-06-18 20:09:25 Image size of job updated: 13292
	13  -  MemoryUsage of job (MB)
	12596  -  ResidentSetSize of job (KB)
...
006 (2089.040.000) 2026-06-18 20:14:26 Image size of job updated: 13292
	13  -  MemoryUsage of job (MB)
	12620  -  ResidentSetSize of job (KB)
...
006 (2089.040.000) 2026-06-18 20:29:28 Image size of job updated: 13292
	13  -  MemoryUsage of job (MB)
	12624  -  ResidentSetSize of job (KB)
...
006 (2089.040.000) 2026-06-18 21:24:34 Image size of job updated: 13292
	13  -  MemoryUsage of job (MB)
	12652  -  ResidentSetSize of job (KB)
...
006 (2089.040.000) 2026-06-18 21:39:36 Image size of job updated: 13292
	13  -  MemoryUsage of job (MB)
	12660  -  ResidentSetSize of job (KB)
...
006 (2089.040.000) 2026-06-18 21:44:36 Image size of job updated: 13292
	13  -  MemoryUsage of job (MB)
	12668  -  ResidentSetSize of job (KB)
...
006 (2089.040.000) 2026-06-18 22:04:38 Image size of job updated: 13292
	13  -  MemoryUsage of job (MB)
	12676  -  ResidentSetSize of job (KB)
...
006 (2089.040.000) 2026-06-18 22:34:41 Image size of job updated: 13292
	13  -  MemoryUsage of job (MB)
	12692  -  ResidentSetSize of job (KB)
...
006 (2089.040.000) 2026-06-18 23:04:44 Image size of job updated: 13292
	13  -  MemoryUsage of job (MB)
	12708  -  ResidentSetSize of job (KB)
...
006 (2089.040.000) 2026-06-19 00:34:53 Image size of job updated: 13292
	13  -  MemoryUsage of job (MB)
	12760  -  ResidentSetSize of job (KB)
...
006 (2089.040.000) 2026-06-19 00:39:54 Image size of job updated: 13292
	13  -  MemoryUsage of job (MB)
	12764  -  ResidentSetSize of job (KB)
...
006 (2089.040.000) 2026-06-19 00:59:56 Image size of job updated: 13704
	13  -  MemoryUsage of job (MB)
	12764  -  ResidentSetSize of job (KB)
...
006 (2089.040.000) 2026-06-19 01:24:58 Image size of job updated: 13704
	13  -  MemoryUsage of job (MB)
	12788  -  ResidentSetSize of job (KB)
...
006 (2089.040.000) 2026-06-19 02:50:07 Image size of job updated: 13704
	13  -  MemoryUsage of job (MB)
	12836  -  ResidentSetSize of job (KB)
...
006 (2089.040.000) 2026-06-19 03:20:10 Image size of job updated: 13704
	13  -  MemoryUsage of job (MB)
	12852  -  ResidentSetSize of job (KB)
...
006 (2089.040.000) 2026-06-19 04:05:15 Image size of job updated: 13704
	13  -  MemoryUsage of job (MB)
	12876  -  ResidentSetSize of job (KB)
...
006 (2089.040.000) 2026-06-19 04:50:20 Image size of job updated: 13704
	13  -  MemoryUsage of job (MB)
	12900  -  ResidentSetSize of job (KB)
...
006 (2089.040.000) 2026-06-19 05:10:21 Image size of job updated: 13704
	13  -  MemoryUsage of job (MB)
	12912  -  ResidentSetSize of job (KB)
...
006 (2089.040.000) 2026-06-19 06:30:30 Image size of job updated: 13704
	13  -  MemoryUsage of job (MB)
	12956  -  ResidentSetSize of job (KB)
...
006 (2089.040.000) 2026-06-19 06:55:31 Image size of job updated: 13704
	13  -  MemoryUsage of job (MB)
	12972  -  ResidentSetSize of job (KB)
...
006 (2089.040.000) 2026-06-19 07:40:36 Image size of job updated: 13704
	13  -  MemoryUsage of job (MB)
	12996  -  ResidentSetSize of job (KB)
...
006 (2089.040.000) 2026-06-19 08:10:40 Image size of job updated: 13708
	13  -  MemoryUsage of job (MB)
	12996  -  ResidentSetSize of job (KB)
...
006 (2089.040.000) 2026-06-19 09:10:44 Image size of job updated: 13708
	13  -  MemoryUsage of job (MB)
	13292  -  ResidentSetSize of job (KB)
...
006 (2089.040.000) 2026-06-19 09:25:45 Image size of job updated: 13732
	13  -  MemoryUsage of job (MB)
	13292  -  ResidentSetSize of job (KB)
...
006 (2089.040.000) 2026-06-19 09:45:48 Image size of job updated: 13736
	13  -  MemoryUsage of job (MB)
	13292  -  ResidentSetSize of job (KB)
...
006 (2089.040.000) 2026-06-19 10:25:52 Image size of job updated: 13764
	13  -  MemoryUsage of job (MB)
	13292  -  ResidentSetSize of job (KB)
...
006 (2089.040.000) 2026-06-19 11:10:56 Image size of job updated: 13880
	13  -  MemoryUsage of job (MB)
	13292  -  ResidentSetSize of job (KB)
...
006 (2089.040.000) 2026-06-19 12:21:05 Image size of job updated: 13916
	13  -  MemoryUsage of job (MB)
	13292  -  ResidentSetSize of job (KB)
...
006 (2089.040.000) 2026-06-19 12:31:06 Image size of job updated: 13924
	13  -  MemoryUsage of job (MB)
	13292  -  ResidentSetSize of job (KB)
...
006 (2089.040.000) 2026-06-19 12:51:08 Image size of job updated: 14092
	13  -  MemoryUsage of job (MB)
	13292  -  ResidentSetSize of job (KB)
...
006 (2089.040.000) 2026-06-19 16:36:31 Image size of job updated: 14092
	14  -  MemoryUsage of job (MB)
	13548  -  ResidentSetSize of job (KB)
...
006 (2089.040.000) 2026-06-20 00:47:24 Image size of job updated: 14092
	14  -  MemoryUsage of job (MB)
	13552  -  ResidentSetSize of job (KB)
...
006 (2089.040.000) 2026-06-20 01:12:25 Image size of job updated: 14092
	14  -  MemoryUsage of job (MB)
	13556  -  ResidentSetSize of job (KB)
...
006 (2089.040.000) 2026-06-20 01:17:26 Image size of job updated: 14092
	14  -  MemoryUsage of job (MB)
	13564  -  ResidentSetSize of job (KB)
...
006 (2089.040.000) 2026-06-20 01:22:27 Image size of job updated: 14092
	14  -  MemoryUsage of job (MB)
	13568  -  ResidentSetSize of job (KB)
...
006 (2089.040.000) 2026-06-20 01:32:28 Image size of job updated: 14092
	14  -  MemoryUsage of job (MB)
	13572  -  ResidentSetSize of job (KB)
...
006 (2089.040.000) 2026-06-20 01:37:29 Image size of job updated: 14092
	14  -  MemoryUsage of job (MB)
	13576  -  ResidentSetSize of job (KB)
...
006 (2089.040.000) 2026-06-20 01:47:29 Image size of job updated: 14092
	14  -  MemoryUsage of job (MB)
	13580  -  ResidentSetSize of job (KB)
...
006 (2089.040.000) 2026-06-20 01:57:30 Image size of job updated: 14092
	14  -  MemoryUsage of job (MB)
	13584  -  ResidentSetSize of job (KB)
...
006 (2089.040.000) 2026-06-20 02:02:30 Image size of job updated: 14092
	14  -  MemoryUsage of job (MB)
	13588  -  ResidentSetSize of job (KB)
...
006 (2089.040.000) 2026-06-20 02:07:31 Image size of job updated: 14092
	14  -  MemoryUsage of job (MB)
	13592  -  ResidentSetSize of job (KB)
...
006 (2089.040.000) 2026-06-20 02:27:34 Image size of job updated: 14092
	14  -  MemoryUsage of job (MB)
	13600  -  ResidentSetSize of job (KB)
...
006 (2089.040.000) 2026-06-20 02:52:35 Image size of job updated: 14092
	14  -  MemoryUsage of job (MB)
	13608  -  ResidentSetSize of job (KB)
...
006 (2089.040.000) 2026-06-20 02:57:36 Image size of job updated: 14092
	14  -  MemoryUsage of job (MB)
	13612  -  ResidentSetSize of job (KB)
...
006 (2089.040.000) 2026-06-20 03:07:37 Image size of job updated: 14092
	14  -  MemoryUsage of job (MB)
	13620  -  ResidentSetSize of job (KB)
...
006 (2089.040.000) 2026-06-20 03:12:38 Image size of job updated: 14092
	14  -  MemoryUsage of job (MB)
	13624  -  ResidentSetSize of job (KB)
...
006 (2089.040.000) 2026-06-20 03:27:39 Image size of job updated: 14092
	14  -  MemoryUsage of job (MB)
	13628  -  ResidentSetSize of job (KB)
...
006 (2089.040.000) 2026-06-20 03:32:40 Image size of job updated: 14092
	14  -  MemoryUsage of job (MB)
	13632  -  ResidentSetSize of job (KB)
...
006 (2089.040.000) 2026-06-20 03:52:42 Image size of job updated: 14092
	14  -  MemoryUsage of job (MB)
	13640  -  ResidentSetSize of job (KB)
...
006 (2089.040.000) 2026-06-20 03:57:42 Image size of job updated: 14092
	14  -  MemoryUsage of job (MB)
	13644  -  ResidentSetSize of job (KB)
...
006 (2089.040.000) 2026-06-20 04:12:44 Image size of job updated: 14160
	14  -  MemoryUsage of job (MB)
	13644  -  ResidentSetSize of job (KB)
...
006 (2089.040.000) 2026-06-20 04:22:46 Image size of job updated: 14160
	14  -  MemoryUsage of job (MB)
	13656  -  ResidentSetSize of job (KB)
...
006 (2089.040.000) 2026-06-20 04:32:46 Image size of job updated: 14160
	14  -  MemoryUsage of job (MB)
	13664  -  ResidentSetSize of job (KB)
...
006 (2089.040.000) 2026-06-20 04:52:48 Image size of job updated: 14160
	14  -  MemoryUsage of job (MB)
	13668  -  ResidentSetSize of job (KB)
...
006 (2089.040.000) 2026-06-20 04:57:49 Image size of job updated: 14160
	14  -  MemoryUsage of job (MB)
	13672  -  ResidentSetSize of job (KB)
...
006 (2089.040.000) 2026-06-20 05:02:49 Image size of job updated: 14160
	14  -  MemoryUsage of job (MB)
	13680  -  ResidentSetSize of job (KB)
...
006 (2089.040.000) 2026-06-20 05:17:51 Image size of job updated: 14160
	14  -  MemoryUsage of job (MB)
	13688  -  ResidentSetSize of job (KB)
...
006 (2089.040.000) 2026-06-20 05:37:52 Image size of job updated: 14160
	14  -  MemoryUsage of job (MB)
	13692  -  ResidentSetSize of job (KB)
...
006 (2089.040.000) 2026-06-20 05:47:54 Image size of job updated: 14160
	14  -  MemoryUsage of job (MB)
	13704  -  ResidentSetSize of job (KB)
...
006 (2089.040.000) 2026-06-20 06:12:56 Image size of job updated: 14160
	14  -  MemoryUsage of job (MB)
	13712  -  ResidentSetSize of job (KB)
...
006 (2089.040.000) 2026-06-20 06:17:57 Image size of job updated: 14160
	14  -  MemoryUsage of job (MB)
	13720  -  ResidentSetSize of job (KB)
...
006 (2089.040.000) 2026-06-20 06:32:58 Image size of job updated: 14160
	14  -  MemoryUsage of job (MB)
	13736  -  ResidentSetSize of job (KB)
...
006 (2089.040.000) 2026-06-20 07:03:01 Image size of job updated: 14160
	14  -  MemoryUsage of job (MB)
	13740  -  ResidentSetSize of job (KB)
...
006 (2089.040.000) 2026-06-20 07:23:04 Image size of job updated: 14160
	14  -  MemoryUsage of job (MB)
	13748  -  ResidentSetSize of job (KB)
...
006 (2089.040.000) 2026-06-20 07:33:04 Image size of job updated: 14160
	14  -  MemoryUsage of job (MB)
	13752  -  ResidentSetSize of job (KB)
...
006 (2089.040.000) 2026-06-20 07:38:05 Image size of job updated: 14160
	14  -  MemoryUsage of job (MB)
	13756  -  ResidentSetSize of job (KB)
...
006 (2089.040.000) 2026-06-20 07:48:06 Image size of job updated: 14160
	14  -  MemoryUsage of job (MB)
	13760  -  ResidentSetSize of job (KB)
...
006 (2089.040.000) 2026-06-20 07:53:07 Image size of job updated: 14160
	14  -  MemoryUsage of job (MB)
	13764  -  ResidentSetSize of job (KB)
...
006 (2089.040.000) 2026-06-20 08:03:08 Image size of job updated: 14160
	14  -  MemoryUsage of job (MB)
	13768  -  ResidentSetSize of job (KB)
...
006 (2089.040.000) 2026-06-20 08:08:08 Image size of job updated: 14160
	14  -  MemoryUsage of job (MB)
	13772  -  ResidentSetSize of job (KB)
...
006 (2089.040.000) 2026-06-20 08:18:09 Image size of job updated: 14160
	14  -  MemoryUsage of job (MB)
	13776  -  ResidentSetSize of job (KB)
...
006 (2089.040.000) 2026-06-20 08:23:09 Image size of job updated: 14160
	14  -  MemoryUsage of job (MB)
	13780  -  ResidentSetSize of job (KB)
...
006 (2089.040.000) 2026-06-20 08:33:11 Image size of job updated: 14160
	14  -  MemoryUsage of job (MB)
	13784  -  ResidentSetSize of job (KB)
...
006 (2089.040.000) 2026-06-20 08:38:11 Image size of job updated: 14204
	14  -  MemoryUsage of job (MB)
	13784  -  ResidentSetSize of job (KB)
...
006 (2089.040.000) 2026-06-20 08:43:12 Image size of job updated: 14204
	14  -  MemoryUsage of job (MB)
	13800  -  ResidentSetSize of job (KB)
...
006 (2089.040.000) 2026-06-20 08:58:13 Image size of job updated: 14204
	14  -  MemoryUsage of job (MB)
	13808  -  ResidentSetSize of job (KB)
...
006 (2089.040.000) 2026-06-20 09:13:14 Image size of job updated: 14204
	14  -  MemoryUsage of job (MB)
	13816  -  ResidentSetSize of job (KB)
...
006 (2089.040.000) 2026-06-20 09:28:16 Image size of job updated: 14204
	14  -  MemoryUsage of job (MB)
	13824  -  ResidentSetSize of job (KB)
...
006 (2089.040.000) 2026-06-20 09:43:18 Image size of job updated: 14204
	14  -  MemoryUsage of job (MB)
	13832  -  ResidentSetSize of job (KB)
...
006 (2089.040.000) 2026-06-20 10:03:19 Image size of job updated: 14204
	14  -  MemoryUsage of job (MB)
	13840  -  ResidentSetSize of job (KB)
...
006 (2089.040.000) 2026-06-20 10:13:21 Image size of job updated: 14264
	14  -  MemoryUsage of job (MB)
	13848  -  ResidentSetSize of job (KB)
...
006 (2089.040.000) 2026-06-20 10:33:23 Image size of job updated: 14264
	14  -  MemoryUsage of job (MB)
	13856  -  ResidentSetSize of job (KB)
...
006 (2089.040.000) 2026-06-20 10:48:24 Image size of job updated: 14264
	14  -  MemoryUsage of job (MB)
	13864  -  ResidentSetSize of job (KB)
...
006 (2089.040.000) 2026-06-20 11:03:25 Image size of job updated: 14264
	14  -  MemoryUsage of job (MB)
	13872  -  ResidentSetSize of job (KB)
...
006 (2089.040.000) 2026-06-20 11:18:27 Image size of job updated: 14264
	14  -  MemoryUsage of job (MB)
	13880  -  ResidentSetSize of job (KB)
...
006 (2089.040.000) 2026-06-20 11:28:28 Image size of job updated: 14264
	14  -  MemoryUsage of job (MB)
	13884  -  ResidentSetSize of job (KB)
...
006 (2089.040.000) 2026-06-20 11:33:29 Image size of job updated: 14264
	14  -  MemoryUsage of job (MB)
	13892  -  ResidentSetSize of job (KB)
...
006 (2089.040.000) 2026-06-20 11:48:31 Image size of job updated: 14264
	14  -  MemoryUsage of job (MB)
	13896  -  ResidentSetSize of job (KB)
...
006 (2089.040.000) 2026-06-20 11:53:31 Image size of job updated: 14408
	14  -  MemoryUsage of job (MB)
	13896  -  ResidentSetSize of job (KB)
...
006 (2089.040.000) 2026-06-20 12:08:33 Image size of job updated: 14416
	14  -  MemoryUsage of job (MB)
	13904  -  ResidentSetSize of job (KB)
...
005 (2089.040.000) 2026-06-20 12:20:10 Job terminated.
	(1) Normal termination (return value 0)
		Usr 1 20:21:04, Sys 0 00:09:01  -  Run Remote Usage
		Usr 0 00:00:00, Sys 0 00:00:00  -  Run Local Usage
		Usr 1 20:21:04, Sys 0 00:09:01  -  Total Remote Usage
		Usr 0 00:00:00, Sys 0 00:00:00  -  Total Local Usage
	0  -  Run Bytes Sent By Job
	0  -  Run Bytes Received By Job
	0  -  Total Bytes Sent By Job
	0  -  Total Bytes Received By Job
	Partitionable Resources :    Usage  Request Allocated 
	   Cpus                 :     0.99        1         1 
	   Disk (KB)            :  4000        4000    342046 
	   Memory (MB)          :    14           4      3568 

	Job terminated of its own accord at 2026-06-20T10:20:10Z with exit-code 0.
...
