000 (2090.031.000) 2026-06-19 17:01:18 Job submitted from host: <192.135.33.172:9618?addrs=192.135.33.172-9618&alias=theosrv-01.ca.infn.it&noUDP&sock=schedd_1878_baf3>
...
001 (2090.031.000) 2026-06-20 12:00:33 Job executing on host: <192.135.33.172:9618?addrs=192.135.33.172-9618&alias=theosrv-01.ca.infn.it&noUDP&sock=startd_1878_baf3>
	SlotName: slot21@theosrv-01.ca.infn.it
	CondorScratchDir = "/var/lib/condor/execute/dir_1584317"
	Cpus = 1
	Disk = 342046
	Memory = 3568
...
006 (2090.031.000) 2026-06-20 12:00:41 Image size of job updated: 11344
	11  -  MemoryUsage of job (MB)
	11088  -  ResidentSetSize of job (KB)
...
006 (2090.031.000) 2026-06-20 12:05:41 Image size of job updated: 11772
	12  -  MemoryUsage of job (MB)
	11440  -  ResidentSetSize of job (KB)
...
006 (2090.031.000) 2026-06-20 12:10:41 Image size of job updated: 11956
	12  -  MemoryUsage of job (MB)
	11440  -  ResidentSetSize of job (KB)
...
006 (2090.031.000) 2026-06-20 12:30:44 Image size of job updated: 11976
	12  -  MemoryUsage of job (MB)
	11440  -  ResidentSetSize of job (KB)
...
006 (2090.031.000) 2026-06-20 15:11:00 Image size of job updated: 11980
	12  -  MemoryUsage of job (MB)
	11440  -  ResidentSetSize of job (KB)
...
006 (2090.031.000) 2026-06-20 15:31:02 Image size of job updated: 12016
	12  -  MemoryUsage of job (MB)
	11440  -  ResidentSetSize of job (KB)
...
006 (2090.031.000) 2026-06-20 15:56:06 Image size of job updated: 12040
	12  -  MemoryUsage of job (MB)
	11440  -  ResidentSetSize of job (KB)
...
006 (2090.031.000) 2026-06-20 16:01:06 Image size of job updated: 12040
	12  -  MemoryUsage of job (MB)
	11584  -  ResidentSetSize of job (KB)
...
006 (2090.031.000) 2026-06-20 16:11:08 Image size of job updated: 12108
	12  -  MemoryUsage of job (MB)
	11584  -  ResidentSetSize of job (KB)
...
006 (2090.031.000) 2026-06-20 16:26:09 Image size of job updated: 12284
	12  -  MemoryUsage of job (MB)
	11584  -  ResidentSetSize of job (KB)
...
006 (2090.031.000) 2026-06-20 17:21:14 Image size of job updated: 12284
	12  -  MemoryUsage of job (MB)
	11632  -  ResidentSetSize of job (KB)
...
006 (2090.031.000) 2026-06-20 19:01:24 Image size of job updated: 12284
	12  -  MemoryUsage of job (MB)
	11688  -  ResidentSetSize of job (KB)
...
006 (2090.031.000) 2026-06-20 20:56:36 Image size of job updated: 12284
	12  -  MemoryUsage of job (MB)
	11752  -  ResidentSetSize of job (KB)
...
006 (2090.031.000) 2026-06-20 21:21:39 Image size of job updated: 12284
	12  -  MemoryUsage of job (MB)
	11768  -  ResidentSetSize of job (KB)
...
006 (2090.031.000) 2026-06-20 21:56:42 Image size of job updated: 12296
	12  -  MemoryUsage of job (MB)
	11768  -  ResidentSetSize of job (KB)
...
006 (2090.031.000) 2026-06-20 23:26:51 Image size of job updated: 12296
	12  -  MemoryUsage of job (MB)
	11832  -  ResidentSetSize of job (KB)
...
006 (2090.031.000) 2026-06-21 00:06:55 Image size of job updated: 12324
	12  -  MemoryUsage of job (MB)
	11832  -  ResidentSetSize of job (KB)
...
006 (2090.031.000) 2026-06-21 00:57:00 Image size of job updated: 12324
	12  -  MemoryUsage of job (MB)
	11888  -  ResidentSetSize of job (KB)
...
006 (2090.031.000) 2026-06-21 01:32:04 Image size of job updated: 12328
	12  -  MemoryUsage of job (MB)
	11888  -  ResidentSetSize of job (KB)
...
006 (2090.031.000) 2026-06-21 01:42:05 Image size of job updated: 12332
	12  -  MemoryUsage of job (MB)
	11888  -  ResidentSetSize of job (KB)
...
006 (2090.031.000) 2026-06-21 01:52:06 Image size of job updated: 12340
	12  -  MemoryUsage of job (MB)
	11888  -  ResidentSetSize of job (KB)
...
006 (2090.031.000) 2026-06-21 02:07:07 Image size of job updated: 12344
	12  -  MemoryUsage of job (MB)
	11888  -  ResidentSetSize of job (KB)
...
006 (2090.031.000) 2026-06-21 02:12:08 Image size of job updated: 12352
	12  -  MemoryUsage of job (MB)
	11888  -  ResidentSetSize of job (KB)
...
006 (2090.031.000) 2026-06-21 02:22:09 Image size of job updated: 12356
	12  -  MemoryUsage of job (MB)
	11888  -  ResidentSetSize of job (KB)
...
006 (2090.031.000) 2026-06-21 02:27:10 Image size of job updated: 12360
	12  -  MemoryUsage of job (MB)
	11888  -  ResidentSetSize of job (KB)
...
006 (2090.031.000) 2026-06-21 02:52:11 Image size of job updated: 12372
	12  -  MemoryUsage of job (MB)
	11888  -  ResidentSetSize of job (KB)
...
006 (2090.031.000) 2026-06-21 03:07:13 Image size of job updated: 12380
	12  -  MemoryUsage of job (MB)
	11888  -  ResidentSetSize of job (KB)
...
006 (2090.031.000) 2026-06-21 03:17:15 Image size of job updated: 12384
	12  -  MemoryUsage of job (MB)
	11888  -  ResidentSetSize of job (KB)
...
006 (2090.031.000) 2026-06-21 03:27:15 Image size of job updated: 12388
	12  -  MemoryUsage of job (MB)
	11888  -  ResidentSetSize of job (KB)
...
006 (2090.031.000) 2026-06-21 03:32:16 Image size of job updated: 12400
	12  -  MemoryUsage of job (MB)
	11888  -  ResidentSetSize of job (KB)
...
006 (2090.031.000) 2026-06-21 03:42:16 Image size of job updated: 12488
	12  -  MemoryUsage of job (MB)
	11888  -  ResidentSetSize of job (KB)
...
006 (2090.031.000) 2026-06-21 03:47:17 Image size of job updated: 12488
	12  -  MemoryUsage of job (MB)
	11980  -  ResidentSetSize of job (KB)
...
006 (2090.031.000) 2026-06-21 03:57:18 Image size of job updated: 12488
	12  -  MemoryUsage of job (MB)
	11988  -  ResidentSetSize of job (KB)
...
006 (2090.031.000) 2026-06-21 04:12:20 Image size of job updated: 12504
	12  -  MemoryUsage of job (MB)
	11996  -  ResidentSetSize of job (KB)
...
006 (2090.031.000) 2026-06-21 04:42:22 Image size of job updated: 12504
	13  -  MemoryUsage of job (MB)
	12432  -  ResidentSetSize of job (KB)
...
006 (2090.031.000) 2026-06-21 04:52:23 Image size of job updated: 12528
	13  -  MemoryUsage of job (MB)
	12432  -  ResidentSetSize of job (KB)
...
006 (2090.031.000) 2026-06-21 05:32:28 Image size of job updated: 12716
	13  -  MemoryUsage of job (MB)
	12432  -  ResidentSetSize of job (KB)
...
006 (2090.031.000) 2026-06-21 05:47:30 Image size of job updated: 12728
	13  -  MemoryUsage of job (MB)
	12432  -  ResidentSetSize of job (KB)
...
006 (2090.031.000) 2026-06-21 06:17:34 Image size of job updated: 12744
	13  -  MemoryUsage of job (MB)
	12432  -  ResidentSetSize of job (KB)
...
006 (2090.031.000) 2026-06-21 07:32:41 Image size of job updated: 12784
	13  -  MemoryUsage of job (MB)
	12432  -  ResidentSetSize of job (KB)
...
006 (2090.031.000) 2026-06-21 07:42:43 Image size of job updated: 12788
	13  -  MemoryUsage of job (MB)
	12432  -  ResidentSetSize of job (KB)
...
006 (2090.031.000) 2026-06-21 07:47:43 Image size of job updated: 13044
	13  -  MemoryUsage of job (MB)
	12432  -  ResidentSetSize of job (KB)
...
006 (2090.031.000) 2026-06-21 08:52:50 Image size of job updated: 13084
	13  -  MemoryUsage of job (MB)
	12432  -  ResidentSetSize of job (KB)
...
006 (2090.031.000) 2026-06-21 12:13:10 Image size of job updated: 13084
	13  -  MemoryUsage of job (MB)
	12524  -  ResidentSetSize of job (KB)
...
006 (2090.031.000) 2026-06-21 13:13:17 Image size of job updated: 13084
	13  -  MemoryUsage of job (MB)
	12564  -  ResidentSetSize of job (KB)
...
006 (2090.031.000) 2026-06-21 13:53:21 Image size of job updated: 13088
	13  -  MemoryUsage of job (MB)
	12564  -  ResidentSetSize of job (KB)
...
006 (2090.031.000) 2026-06-21 14:03:23 Image size of job updated: 13360
	13  -  MemoryUsage of job (MB)
	12564  -  ResidentSetSize of job (KB)
...
006 (2090.031.000) 2026-06-21 14:13:23 Image size of job updated: 13608
	13  -  MemoryUsage of job (MB)
	12564  -  ResidentSetSize of job (KB)
...
006 (2090.031.000) 2026-06-21 14:23:25 Image size of job updated: 13612
	13  -  MemoryUsage of job (MB)
	12564  -  ResidentSetSize of job (KB)
...
006 (2090.031.000) 2026-06-21 14:38:27 Image size of job updated: 13612
	13  -  MemoryUsage of job (MB)
	12612  -  ResidentSetSize of job (KB)
...
006 (2090.031.000) 2026-06-21 15:48:34 Image size of job updated: 13672
	13  -  MemoryUsage of job (MB)
	12612  -  ResidentSetSize of job (KB)
...
006 (2090.031.000) 2026-06-21 16:03:36 Image size of job updated: 13672
	13  -  MemoryUsage of job (MB)
	12660  -  ResidentSetSize of job (KB)
...
006 (2090.031.000) 2026-06-21 16:48:40 Image size of job updated: 13672
	13  -  MemoryUsage of job (MB)
	12944  -  ResidentSetSize of job (KB)
...
006 (2090.031.000) 2026-06-21 17:28:44 Image size of job updated: 13736
	13  -  MemoryUsage of job (MB)
	12944  -  ResidentSetSize of job (KB)
...
006 (2090.031.000) 2026-06-22 04:14:49 Image size of job updated: 13736
	13  -  MemoryUsage of job (MB)
	13132  -  ResidentSetSize of job (KB)
...
005 (2090.031.000) 2026-06-22 04:28:03 Job terminated.
	(1) Normal termination (return value 0)
		Usr 1 16:05:50, Sys 0 00:10:35  -  Run Remote Usage
		Usr 0 00:00:00, Sys 0 00:00:00  -  Run Local Usage
		Usr 1 16:05:50, Sys 0 00:10:35  -  Total Remote Usage
		Usr 0 00:00:00, Sys 0 00:00:00  -  Total Local Usage
	0  -  Run Bytes Sent By Job
	0  -  Run Bytes Received By Job
	0  -  Total Bytes Sent By Job
	0  -  Total Bytes Received By Job
	Partitionable Resources :    Usage  Request Allocated 
	   Cpus                 :     1.00        1         1 
	   Disk (KB)            :  4000        4000    342046 
	   Memory (MB)          :    13           4      3568 

	Job terminated of its own accord at 2026-06-22T02:28:03Z with exit-code 0.
...
