000 (2089.037.000) 2026-06-18 15:38:34 Job submitted from host: <192.135.33.172:9618?addrs=192.135.33.172-9618&alias=theosrv-01.ca.infn.it&noUDP&sock=schedd_1878_baf3>
...
001 (2089.037.000) 2026-06-18 15:38:50 Job executing on host: <192.135.33.172:9618?addrs=192.135.33.172-9618&alias=theosrv-01.ca.infn.it&noUDP&sock=startd_1878_baf3>
	SlotName: slot39@theosrv-01.ca.infn.it
	CondorScratchDir = "/var/lib/condor/execute/dir_1380002"
	Cpus = 1
	Disk = 342046
	Memory = 3568
...
006 (2089.037.000) 2026-06-18 15:38:58 Image size of job updated: 11392
	11  -  MemoryUsage of job (MB)
	11092  -  ResidentSetSize of job (KB)
...
006 (2089.037.000) 2026-06-18 15:43:59 Image size of job updated: 12116
	11  -  MemoryUsage of job (MB)
	11188  -  ResidentSetSize of job (KB)
...
006 (2089.037.000) 2026-06-18 15:54:00 Image size of job updated: 12116
	11  -  MemoryUsage of job (MB)
	11204  -  ResidentSetSize of job (KB)
...
006 (2089.037.000) 2026-06-18 16:09:01 Image size of job updated: 12116
	11  -  MemoryUsage of job (MB)
	11212  -  ResidentSetSize of job (KB)
...
006 (2089.037.000) 2026-06-18 16:24:03 Image size of job updated: 12116
	11  -  MemoryUsage of job (MB)
	11220  -  ResidentSetSize of job (KB)
...
006 (2089.037.000) 2026-06-18 16:39:05 Image size of job updated: 12116
	11  -  MemoryUsage of job (MB)
	11228  -  ResidentSetSize of job (KB)
...
006 (2089.037.000) 2026-06-18 16:54:06 Image size of job updated: 12116
	11  -  MemoryUsage of job (MB)
	11236  -  ResidentSetSize of job (KB)
...
006 (2089.037.000) 2026-06-18 17:09:07 Image size of job updated: 12116
	11  -  MemoryUsage of job (MB)
	11244  -  ResidentSetSize of job (KB)
...
006 (2089.037.000) 2026-06-18 17:24:09 Image size of job updated: 12116
	11  -  MemoryUsage of job (MB)
	11252  -  ResidentSetSize of job (KB)
...
006 (2089.037.000) 2026-06-18 17:34:10 Image size of job updated: 12116
	11  -  MemoryUsage of job (MB)
	11256  -  ResidentSetSize of job (KB)
...
006 (2089.037.000) 2026-06-18 17:39:10 Image size of job updated: 12184
	11  -  MemoryUsage of job (MB)
	11260  -  ResidentSetSize of job (KB)
...
006 (2089.037.000) 2026-06-18 17:49:11 Image size of job updated: 12184
	12  -  MemoryUsage of job (MB)
	11520  -  ResidentSetSize of job (KB)
...
006 (2089.037.000) 2026-06-18 17:54:11 Image size of job updated: 12192
	12  -  MemoryUsage of job (MB)
	11520  -  ResidentSetSize of job (KB)
...
006 (2089.037.000) 2026-06-18 18:24:15 Image size of job updated: 12208
	12  -  MemoryUsage of job (MB)
	11520  -  ResidentSetSize of job (KB)
...
006 (2089.037.000) 2026-06-18 19:19:20 Image size of job updated: 12500
	12  -  MemoryUsage of job (MB)
	11520  -  ResidentSetSize of job (KB)
...
006 (2089.037.000) 2026-06-18 21:29:33 Image size of job updated: 12500
	12  -  MemoryUsage of job (MB)
	11652  -  ResidentSetSize of job (KB)
...
006 (2089.037.000) 2026-06-18 22:04:36 Image size of job updated: 12500
	12  -  MemoryUsage of job (MB)
	11668  -  ResidentSetSize of job (KB)
...
006 (2089.037.000) 2026-06-18 22:34:40 Image size of job updated: 12500
	12  -  MemoryUsage of job (MB)
	11684  -  ResidentSetSize of job (KB)
...
006 (2089.037.000) 2026-06-19 04:10:15 Image size of job updated: 12540
	12  -  MemoryUsage of job (MB)
	11684  -  ResidentSetSize of job (KB)
...
006 (2089.037.000) 2026-06-19 04:50:20 Image size of job updated: 12556
	12  -  MemoryUsage of job (MB)
	11684  -  ResidentSetSize of job (KB)
...
006 (2089.037.000) 2026-06-19 05:00:20 Image size of job updated: 12556
	12  -  MemoryUsage of job (MB)
	11896  -  ResidentSetSize of job (KB)
...
006 (2089.037.000) 2026-06-19 05:25:24 Image size of job updated: 12580
	12  -  MemoryUsage of job (MB)
	11896  -  ResidentSetSize of job (KB)
...
006 (2089.037.000) 2026-06-19 05:45:25 Image size of job updated: 12580
	12  -  MemoryUsage of job (MB)
	11920  -  ResidentSetSize of job (KB)
...
006 (2089.037.000) 2026-06-19 06:45:32 Image size of job updated: 12580
	12  -  MemoryUsage of job (MB)
	11960  -  ResidentSetSize of job (KB)
...
006 (2089.037.000) 2026-06-19 07:15:35 Image size of job updated: 12648
	12  -  MemoryUsage of job (MB)
	11960  -  ResidentSetSize of job (KB)
...
006 (2089.037.000) 2026-06-19 07:40:38 Image size of job updated: 12656
	12  -  MemoryUsage of job (MB)
	11960  -  ResidentSetSize of job (KB)
...
006 (2089.037.000) 2026-06-19 07:45:38 Image size of job updated: 12664
	12  -  MemoryUsage of job (MB)
	11992  -  ResidentSetSize of job (KB)
...
006 (2089.037.000) 2026-06-19 07:50:39 Image size of job updated: 12916
	12  -  MemoryUsage of job (MB)
	11992  -  ResidentSetSize of job (KB)
...
006 (2089.037.000) 2026-06-19 07:55:40 Image size of job updated: 12916
	12  -  MemoryUsage of job (MB)
	12000  -  ResidentSetSize of job (KB)
...
006 (2089.037.000) 2026-06-19 08:50:45 Image size of job updated: 12916
	12  -  MemoryUsage of job (MB)
	12024  -  ResidentSetSize of job (KB)
...
006 (2089.037.000) 2026-06-19 09:10:47 Image size of job updated: 12916
	12  -  MemoryUsage of job (MB)
	12040  -  ResidentSetSize of job (KB)
...
006 (2089.037.000) 2026-06-19 10:10:53 Image size of job updated: 12916
	12  -  MemoryUsage of job (MB)
	12072  -  ResidentSetSize of job (KB)
...
006 (2089.037.000) 2026-06-19 10:20:54 Image size of job updated: 12916
	12  -  MemoryUsage of job (MB)
	12076  -  ResidentSetSize of job (KB)
...
006 (2089.037.000) 2026-06-19 10:55:58 Image size of job updated: 12916
	12  -  MemoryUsage of job (MB)
	12096  -  ResidentSetSize of job (KB)
...
006 (2089.037.000) 2026-06-19 12:26:07 Image size of job updated: 12916
	12  -  MemoryUsage of job (MB)
	12156  -  ResidentSetSize of job (KB)
...
006 (2089.037.000) 2026-06-19 12:31:08 Image size of job updated: 13072
	12  -  MemoryUsage of job (MB)
	12156  -  ResidentSetSize of job (KB)
...
006 (2089.037.000) 2026-06-19 13:31:15 Image size of job updated: 13072
	12  -  MemoryUsage of job (MB)
	12184  -  ResidentSetSize of job (KB)
...
006 (2089.037.000) 2026-06-19 14:26:20 Image size of job updated: 13072
	12  -  MemoryUsage of job (MB)
	12212  -  ResidentSetSize of job (KB)
...
006 (2089.037.000) 2026-06-19 14:31:21 Image size of job updated: 13072
	12  -  MemoryUsage of job (MB)
	12216  -  ResidentSetSize of job (KB)
...
006 (2089.037.000) 2026-06-19 15:06:25 Image size of job updated: 13072
	12  -  MemoryUsage of job (MB)
	12232  -  ResidentSetSize of job (KB)
...
006 (2089.037.000) 2026-06-19 15:21:26 Image size of job updated: 13072
	12  -  MemoryUsage of job (MB)
	12244  -  ResidentSetSize of job (KB)
...
006 (2089.037.000) 2026-06-19 15:31:26 Image size of job updated: 13072
	12  -  MemoryUsage of job (MB)
	12248  -  ResidentSetSize of job (KB)
...
006 (2089.037.000) 2026-06-19 15:56:30 Image size of job updated: 13188
	13  -  MemoryUsage of job (MB)
	12516  -  ResidentSetSize of job (KB)
...
006 (2089.037.000) 2026-06-19 16:01:30 Image size of job updated: 13188
	13  -  MemoryUsage of job (MB)
	12520  -  ResidentSetSize of job (KB)
...
006 (2089.037.000) 2026-06-19 16:41:34 Image size of job updated: 13216
	13  -  MemoryUsage of job (MB)
	12520  -  ResidentSetSize of job (KB)
...
006 (2089.037.000) 2026-06-20 00:37:25 Image size of job updated: 13216
	13  -  MemoryUsage of job (MB)
	12536  -  ResidentSetSize of job (KB)
...
006 (2089.037.000) 2026-06-20 00:52:27 Image size of job updated: 13216
	13  -  MemoryUsage of job (MB)
	12544  -  ResidentSetSize of job (KB)
...
006 (2089.037.000) 2026-06-20 01:07:28 Image size of job updated: 13216
	13  -  MemoryUsage of job (MB)
	12552  -  ResidentSetSize of job (KB)
...
006 (2089.037.000) 2026-06-20 01:22:30 Image size of job updated: 13216
	13  -  MemoryUsage of job (MB)
	12560  -  ResidentSetSize of job (KB)
...
006 (2089.037.000) 2026-06-20 01:37:32 Image size of job updated: 13216
	13  -  MemoryUsage of job (MB)
	12568  -  ResidentSetSize of job (KB)
...
006 (2089.037.000) 2026-06-20 01:42:32 Image size of job updated: 13216
	13  -  MemoryUsage of job (MB)
	12572  -  ResidentSetSize of job (KB)
...
006 (2089.037.000) 2026-06-20 02:02:33 Image size of job updated: 13216
	13  -  MemoryUsage of job (MB)
	12576  -  ResidentSetSize of job (KB)
...
006 (2089.037.000) 2026-06-20 02:12:35 Image size of job updated: 13216
	13  -  MemoryUsage of job (MB)
	12584  -  ResidentSetSize of job (KB)
...
006 (2089.037.000) 2026-06-20 02:27:37 Image size of job updated: 13216
	13  -  MemoryUsage of job (MB)
	12592  -  ResidentSetSize of job (KB)
...
006 (2089.037.000) 2026-06-20 02:42:38 Image size of job updated: 13216
	13  -  MemoryUsage of job (MB)
	12600  -  ResidentSetSize of job (KB)
...
006 (2089.037.000) 2026-06-20 02:57:39 Image size of job updated: 13216
	13  -  MemoryUsage of job (MB)
	12608  -  ResidentSetSize of job (KB)
...
006 (2089.037.000) 2026-06-20 03:17:42 Image size of job updated: 13216
	13  -  MemoryUsage of job (MB)
	12620  -  ResidentSetSize of job (KB)
...
006 (2089.037.000) 2026-06-20 03:27:42 Image size of job updated: 13216
	13  -  MemoryUsage of job (MB)
	12628  -  ResidentSetSize of job (KB)
...
006 (2089.037.000) 2026-06-20 03:42:43 Image size of job updated: 13216
	13  -  MemoryUsage of job (MB)
	12632  -  ResidentSetSize of job (KB)
...
006 (2089.037.000) 2026-06-20 04:02:46 Image size of job updated: 13216
	13  -  MemoryUsage of job (MB)
	12640  -  ResidentSetSize of job (KB)
...
006 (2089.037.000) 2026-06-20 04:12:47 Image size of job updated: 13216
	13  -  MemoryUsage of job (MB)
	12644  -  ResidentSetSize of job (KB)
...
006 (2089.037.000) 2026-06-20 04:17:48 Image size of job updated: 13216
	13  -  MemoryUsage of job (MB)
	12648  -  ResidentSetSize of job (KB)
...
006 (2089.037.000) 2026-06-20 04:27:49 Image size of job updated: 13216
	13  -  MemoryUsage of job (MB)
	12652  -  ResidentSetSize of job (KB)
...
006 (2089.037.000) 2026-06-20 04:37:50 Image size of job updated: 13216
	13  -  MemoryUsage of job (MB)
	12656  -  ResidentSetSize of job (KB)
...
006 (2089.037.000) 2026-06-20 04:57:52 Image size of job updated: 13216
	13  -  MemoryUsage of job (MB)
	12664  -  ResidentSetSize of job (KB)
...
006 (2089.037.000) 2026-06-20 05:02:52 Image size of job updated: 13216
	13  -  MemoryUsage of job (MB)
	12672  -  ResidentSetSize of job (KB)
...
006 (2089.037.000) 2026-06-20 05:37:55 Image size of job updated: 13216
	13  -  MemoryUsage of job (MB)
	12688  -  ResidentSetSize of job (KB)
...
006 (2089.037.000) 2026-06-20 05:52:57 Image size of job updated: 13216
	13  -  MemoryUsage of job (MB)
	12696  -  ResidentSetSize of job (KB)
...
006 (2089.037.000) 2026-06-20 06:02:59 Image size of job updated: 13216
	13  -  MemoryUsage of job (MB)
	12700  -  ResidentSetSize of job (KB)
...
006 (2089.037.000) 2026-06-20 06:07:59 Image size of job updated: 13216
	13  -  MemoryUsage of job (MB)
	12704  -  ResidentSetSize of job (KB)
...
006 (2089.037.000) 2026-06-20 06:38:02 Image size of job updated: 13216
	13  -  MemoryUsage of job (MB)
	12720  -  ResidentSetSize of job (KB)
...
006 (2089.037.000) 2026-06-20 06:53:04 Image size of job updated: 13216
	13  -  MemoryUsage of job (MB)
	12724  -  ResidentSetSize of job (KB)
...
006 (2089.037.000) 2026-06-20 07:13:06 Image size of job updated: 13216
	13  -  MemoryUsage of job (MB)
	12736  -  ResidentSetSize of job (KB)
...
006 (2089.037.000) 2026-06-20 07:33:08 Image size of job updated: 13216
	13  -  MemoryUsage of job (MB)
	12744  -  ResidentSetSize of job (KB)
...
006 (2089.037.000) 2026-06-20 07:43:10 Image size of job updated: 13216
	13  -  MemoryUsage of job (MB)
	12752  -  ResidentSetSize of job (KB)
...
006 (2089.037.000) 2026-06-20 07:53:11 Image size of job updated: 13216
	13  -  MemoryUsage of job (MB)
	12756  -  ResidentSetSize of job (KB)
...
006 (2089.037.000) 2026-06-20 08:08:12 Image size of job updated: 13216
	13  -  MemoryUsage of job (MB)
	12764  -  ResidentSetSize of job (KB)
...
006 (2089.037.000) 2026-06-20 08:18:13 Image size of job updated: 13216
	13  -  MemoryUsage of job (MB)
	12772  -  ResidentSetSize of job (KB)
...
006 (2089.037.000) 2026-06-20 08:33:15 Image size of job updated: 13216
	13  -  MemoryUsage of job (MB)
	12780  -  ResidentSetSize of job (KB)
...
006 (2089.037.000) 2026-06-20 08:48:17 Image size of job updated: 13216
	13  -  MemoryUsage of job (MB)
	12796  -  ResidentSetSize of job (KB)
...
006 (2089.037.000) 2026-06-20 09:33:21 Image size of job updated: 13216
	13  -  MemoryUsage of job (MB)
	12808  -  ResidentSetSize of job (KB)
...
006 (2089.037.000) 2026-06-20 09:43:22 Image size of job updated: 13216
	13  -  MemoryUsage of job (MB)
	12812  -  ResidentSetSize of job (KB)
...
006 (2089.037.000) 2026-06-20 09:53:23 Image size of job updated: 13216
	13  -  MemoryUsage of job (MB)
	12816  -  ResidentSetSize of job (KB)
...
006 (2089.037.000) 2026-06-20 09:58:23 Image size of job updated: 13216
	13  -  MemoryUsage of job (MB)
	12820  -  ResidentSetSize of job (KB)
...
006 (2089.037.000) 2026-06-20 10:08:24 Image size of job updated: 13216
	13  -  MemoryUsage of job (MB)
	12824  -  ResidentSetSize of job (KB)
...
006 (2089.037.000) 2026-06-20 10:13:25 Image size of job updated: 13216
	13  -  MemoryUsage of job (MB)
	12828  -  ResidentSetSize of job (KB)
...
006 (2089.037.000) 2026-06-20 10:23:26 Image size of job updated: 13216
	13  -  MemoryUsage of job (MB)
	12832  -  ResidentSetSize of job (KB)
...
006 (2089.037.000) 2026-06-20 10:28:27 Image size of job updated: 13216
	13  -  MemoryUsage of job (MB)
	12836  -  ResidentSetSize of job (KB)
...
006 (2089.037.000) 2026-06-20 10:43:28 Image size of job updated: 13216
	13  -  MemoryUsage of job (MB)
	12844  -  ResidentSetSize of job (KB)
...
006 (2089.037.000) 2026-06-20 10:53:28 Image size of job updated: 13216
	13  -  MemoryUsage of job (MB)
	12848  -  ResidentSetSize of job (KB)
...
006 (2089.037.000) 2026-06-20 10:58:29 Image size of job updated: 13216
	13  -  MemoryUsage of job (MB)
	12852  -  ResidentSetSize of job (KB)
...
006 (2089.037.000) 2026-06-20 11:08:30 Image size of job updated: 13216
	13  -  MemoryUsage of job (MB)
	12856  -  ResidentSetSize of job (KB)
...
006 (2089.037.000) 2026-06-20 11:18:32 Image size of job updated: 13216
	13  -  MemoryUsage of job (MB)
	12860  -  ResidentSetSize of job (KB)
...
006 (2089.037.000) 2026-06-20 11:28:33 Image size of job updated: 13216
	13  -  MemoryUsage of job (MB)
	12864  -  ResidentSetSize of job (KB)
...
006 (2089.037.000) 2026-06-20 11:33:34 Image size of job updated: 13216
	13  -  MemoryUsage of job (MB)
	12868  -  ResidentSetSize of job (KB)
...
006 (2089.037.000) 2026-06-20 11:43:34 Image size of job updated: 13216
	13  -  MemoryUsage of job (MB)
	12876  -  ResidentSetSize of job (KB)
...
006 (2089.037.000) 2026-06-20 11:53:35 Image size of job updated: 13388
	13  -  MemoryUsage of job (MB)
	13036  -  ResidentSetSize of job (KB)
...
005 (2089.037.000) 2026-06-20 12:08:43 Job terminated.
	(1) Normal termination (return value 0)
		Usr 1 20:09:59, Sys 0 00:08:51  -  Run Remote Usage
		Usr 0 00:00:00, Sys 0 00:00:00  -  Run Local Usage
		Usr 1 20:09:59, Sys 0 00:08:51  -  Total Remote Usage
		Usr 0 00:00:00, Sys 0 00:00:00  -  Total Local Usage
	0  -  Run Bytes Sent By Job
	0  -  Run Bytes Received By Job
	0  -  Total Bytes Sent By Job
	0  -  Total Bytes Received By Job
	Partitionable Resources :    Usage  Request Allocated 
	   Cpus                 :     0.99        1         1 
	   Disk (KB)            :  4000        4000    342046 
	   Memory (MB)          :    13           4      3568 

	Job terminated of its own accord at 2026-06-20T10:08:43Z with exit-code 0.
...
